0.364798	2147150098.00	lr
0.564827	2147134821.00	
1.156789	2147134821.00	r
1.156899	2147134821.00	l
1.186881	2147134821.00	rr
1.186976	2147134821.00	lr
1.566892	2147134821.00	
1.786811	2147134821.00	r
1.816752	2147134821.00	l
1.947874	2147134821.00	rr
2.136882	2147134821.00	lr
2.567828	2147134821.00	
2.786864	2147134821.00	r
2.816909	2147134821.00	l
2.946677	2147134821.00	rr
3.136864	2147134821.00	lr
3.566721	2147134821.00	
3.786822	2147134821.00	r
3.817931	2147134821.00	l
3.946843	2147134821.00	rr
4.137921	2147134821.00	lr
4.566752	2147134821.00	
4.798096	2147134821.00	r
4.816715	2147134821.00	l
4.946704	2147134821.00	rr
5.136745	2147134821.00	lr
5.566751	2147134821.00	
5.797866	2147134821.00	r
5.816789	2147134821.00	l
5.946795	2147134821.00	rr
6.14671	2147134821.00	lr
6.566705	2147134821.00	
6.797373	2147134821.00	r
6.816692	2147134821.00	l
6.946781	2147134821.00	rr
7.146662	2147134821.00	lr
7.566813	2147134821.00	
7.797794	2147134821.00	r
7.816664	2147134821.00	l
7.946746	2147134821.00	rr
8.146643	2147134821.00	lr
8.566781	2147134821.00	
8.79738	2147134821.00	r
8.816708	2147134821.00	l
8.956848	2147134821.00	rr
9.146742	2147134821.00	lr
9.566712	2147134821.00	
9.796634	2147134821.00	r
9.816751	2147134821.00	l
9.956748	2147134821.00	rr
10.146683	2147134821.00	lr
10.576802	2147134821.00	
10.796675	2147134821.00	r
10.816751	2147134821.00	l
10.956742	2147134821.00	rr
11.146672	2147134821.00	lr
11.576827	2147134821.00	
11.796631	2147134821.00	r
11.816755	2147134821.00	l
11.95678	2147134821.00	rr
12.146732	2147134821.00	lr
12.576725	2147134821.00	
12.798952	2147134821.00	r
12.819799	2147134821.00	l
12.958807	2147134821.00	rr
13.150248	2147134821.00	lr
13.578688	2147134821.00	
13.799702	2147134821.00	r
13.828688	2147134821.00	l
13.958795	2147134821.00	rr
14.148755	2147134821.00	lr
14.578921	2147134821.00	
14.798652	2147134821.00	r
14.828745	2147134821.00	l
14.958781	2147134821.00	rr
15.158758	2147134821.00	lr
15.578842	2147134821.00	
15.798718	2147134821.00	r
15.828727	2147134821.00	l
15.958835	2147134821.00	rr
16.158781	2147134821.00	lr
16.578896	2147134821.00	
16.80878	2147134821.00	r
16.828773	2147134821.00	l
16.968843	2147134821.00	rr
17.15872	2147134821.00	lr
17.578932	2147134821.00	
17.808665	2147134821.00	r
17.828787	2147134821.00	l
17.968898	2147134821.00	rr
18.158795	2147134821.00	lr
18.578965	2147134821.00	
18.808727	2147134821.00	r
18.828865	2147134821.00	l
18.969733	2147134821.00	rr
19.158822	2147134821.00	lr
19.579005	2147134821.00	
19.808861	2147134821.00	r
19.828876	2147134821.00	l
19.96871	2147134821.00	rr
20.158796	2147134821.00	lr
20.579757	2147134821.00	
20.808885	2147134821.00	r
20.828804	2147134821.00	l
20.968799	2147134821.00	rr
21.158803	2147134821.00	lr
21.578715	2147134821.00	
21.808802	2147134821.00	r
21.828905	2147134821.00	l
21.968702	2147134821.00	rr
22.158801	2147134821.00	lr
22.578838	2147134821.00	
22.80884	2147134821.00	r
22.828843	2147134821.00	l
22.96873	2147134821.00	rr
23.158981	2147134821.00	lr
23.578749	2147134821.00	
23.808879	2147134821.00	r
23.829902	2147134821.00	l
23.96878	2147134821.00	rr
24.16017	2147134821.00	lr
24.588794	2147134821.00	
24.80997	2147134821.00	r
24.838701	2147134821.00	l
24.968759	2147134821.00	rr
25.168777	2147134821.00	lr
25.588734	2147134821.00	
25.809805	2147134821.00	r
25.838779	2147134821.00	l
25.968748	2147134821.00	rr
26.16867	2147134821.00	lr
26.588825	2147134821.00	
26.808754	2147134821.00	r
26.838684	2147134821.00	l
26.978867	2147134821.00	rr
27.168704	2147134821.00	lr
27.588846	2147134821.00	
27.818774	2147134821.00	r
27.838734	2147134821.00	l
27.978949	2147134821.00	rr
28.168782	2147134821.00	lr
28.588801	2147134821.00	
28.818717	2147134821.00	r
28.838773	2147134821.00	l
28.978905	2147134821.00	rr
29.168843	2147134821.00	lr
29.588814	2147134821.00	
29.818788	2147134821.00	r
29.838761	2147134821.00	l
29.979385	2147134821.00	rr
30.168806	2147134821.00	lr
30.588803	2147134821.00	
30.818775	2147134821.00	r
30.838793	2147134821.00	l
30.979812	2147134821.00	rr
31.168884	2147134821.00	lr
31.589542	2147134821.00	
31.818816	2147134821.00	r
31.838796	2147134821.00	l
31.978845	2147134821.00	rr
32.168893	2147134821.00	lr
32.588773	2147134821.00	
32.818818	2147134821.00	r
32.8394	2147134821.00	l
32.9789	2147134821.00	rr
33.16986	2147134821.00	lr
33.588663	2147134821.00	
33.819682	2147134821.00	r
33.838761	2147134821.00	l
33.978931	2147134821.00	rr
34.178812	2147134821.00	lr
34.598757	2147134821.00	
34.819554	2147134821.00	r
34.84866	2147134821.00	l
34.988748	2147134821.00	rr
35.178735	2147134821.00	lr
35.598752	2147134821.00	
35.818967	2147134821.00	r
35.848618	2147134821.00	l
35.988778	2147134821.00	rr
36.180352	2147134821.00	lr
36.598752	2147134821.00	
36.819626	2147134821.00	r
36.84863	2147134821.00	l
36.988739	2147134821.00	rr
37.178748	2147134821.00	lr
37.598669	2147134821.00	
37.82976	2147134821.00	r
37.848724	2147134821.00	l
37.988775	2147134821.00	rr
38.178774	2147134821.00	lr
38.598737	2147134821.00	
38.829604	2147134821.00	r
38.848705	2147134821.00	l
38.988847	2147134821.00	rr
39.178718	2147134821.00	lr
39.598779	2147134821.00	
39.829805	2147134821.00	r
39.84874	2147134821.00	l
39.988702	2147134821.00	rr
40.178618	2147134821.00	lr
40.598741	2147134821.00	
40.829974	2147134821.00	r
40.853824	2147134821.00	l
40.993648	2147134821.00	rr
41.183857	2147134821.00	lr
41.604199	2147134821.00	
41.823762	2147134821.00	r
41.853865	2147134821.00	l
41.993654	2147134821.00	rr
42.183878	2147134821.00	lr
42.604593	2147134821.00	
42.823868	2147134821.00	r
42.853866	2147134821.00	l
42.993759	2147134821.00	rr
43.183856	2147134821.00	lr
43.603653	2147134821.00	
43.82386	2147134821.00	r
43.853846	2147134821.00	l
43.993821	2147134821.00	rr
44.183817	2147134821.00	lr
44.60363	2147134821.00	
44.833892	2147134821.00	r
44.854238	2147134821.00	l
44.993789	2147134821.00	rr
45.183654	2147134821.00	lr
45.603677	2147134821.00	
45.834394	2147134821.00	r
45.853699	2147134821.00	l
45.993859	2147134821.00	rr
46.185165	2147134821.00	lr
46.603715	2147134821.00	
46.83365	2147134821.00	r
46.853625	2147134821.00	l
46.993823	2147134821.00	rr
47.183791	2147134821.00	lr
47.603855	2147134821.00	
47.833697	2147134821.00	r
47.853694	2147134821.00	l
47.993837	2147134821.00	rr
48.183776	2147134821.00	lr
48.603846	2147134821.00	
48.833815	2147134821.00	r
48.853792	2147134821.00	l
49.003875	2147134821.00	rr
49.183714	2147134821.00	lr
49.603934	2147134821.00	
49.833796	2147134821.00	r
49.853799	2147134821.00	l
50.00366	2147134821.00	rr
50.193935	2147134821.00	lr
50.613661	2147134821.00	
50.833916	2147134821.00	r
50.864652	2147134821.00	l
51.003824	2147134821.00	rr
51.193759	2147134821.00	lr
51.613736	2147134821.00	
51.834496	2147134821.00	r
51.863753	2147134821.00	l
52.00385	2147134821.00	rr
52.193646	2147134821.00	lr
52.613676	2147134821.00	
52.834764	2147134821.00	r
52.863767	2147134821.00	l
53.00383	2147134821.00	rr
53.19377	2147134821.00	lr
53.613716	2147134821.00	
53.835106	2147134821.00	r
53.863692	2147134821.00	l
54.003782	2147134821.00	rr
54.193635	2147134821.00	lr
54.613815	2147134821.00	
54.835218	2147134821.00	r
54.863669	2147134821.00	l
55.003781	2147134821.00	rr
55.193655	2147134821.00	lr
55.613738	2147134821.00	
55.843644	2147134821.00	r
55.863685	2147134821.00	l
56.003833	2147134821.00	rr
56.193738	2147134821.00	lr
56.613767	2147134821.00	
56.845033	2147134821.00	r
56.863622	2147134821.00	l
57.003865	2147134821.00	rr
57.193728	2147134821.00	lr
57.613737	2147134821.00	
57.843713	2147134821.00	r
57.863681	2147134821.00	l
58.003749	2147134821.00	rr
58.193648	2147134821.00	lr
58.613759	2147134821.00	
58.843654	2147134821.00	r
58.863798	2147134821.00	l
59.013914	2147134821.00	rr
59.193794	2147134821.00	lr
59.613723	2147134821.00	
59.843696	2147134821.00	r
59.863685	2147134821.00	l
60.01381	2147134821.00	rr
60.203745	2147134821.00	lr
60.613805	2147134821.00	
60.8437	2147134821.00	r
60.863825	2147134821.00	l
61.013886	2147134821.00	rr
61.203696	2147134821.00	lr
61.623891	2147134821.00	
61.843786	2147134821.00	r
61.863754	2147134821.00	l
62.01387	2147134821.00	rr
62.20376	2147134821.00	lr
62.62391	2147134821.00	
62.843805	2147134821.00	r
62.873795	2147134821.00	l
63.00978	2147134821.00	rr
63.199876	2147134821.00	lr
63.625779	2147134821.00	
63.845799	2147134821.00	r
63.875784	2147134821.00	l
64.015841	2147134821.00	rr
64.205691	2147134821.00	lr
64.625763	2147134821.00	
64.845711	2147134821.00	r
64.875915	2147134821.00	l
65.015839	2147134821.00	rr
65.205802	2147134821.00	lr
65.625861	2147134821.00	
65.845687	2147134821.00	r
65.875904	2147134821.00	l
66.016448	2147134821.00	rr
66.205852	2147134821.00	lr
66.625901	2147134821.00	
66.845814	2147134821.00	r
66.875882	2147134821.00	l
67.015767	2147134821.00	rr
67.205783	2147134821.00	lr
67.625854	2147134821.00	
67.855778	2147134821.00	r
67.875911	2147134821.00	l
68.025663	2147134821.00	rr
68.205813	2147134821.00	lr
68.626601	2147134821.00	
68.855813	2147134821.00	r
68.875927	2147134821.00	l
69.025705	2147134821.00	rr
69.205845	2147134821.00	lr
69.625709	2147134821.00	
69.855804	2147134821.00	r
69.87619	2147134821.00	l
70.025696	2147134821.00	rr
70.20707	2147134821.00	lr
70.625809	2147134821.00	
70.855704	2147134821.00	r
70.87582	2147134821.00	l
71.025872	2147134821.00	rr
71.215708	2147134821.00	lr
71.625774	2147134821.00	
71.855743	2147134821.00	r
71.875866	2147134821.00	l
72.025946	2147134821.00	rr
72.205806	2147134821.00	lr
72.625861	2147134821.00	
72.8557	2147134821.00	r
72.875805	2147134821.00	l
73.025954	2147134821.00	rr
73.215855	2147134821.00	lr
73.625917	2147134821.00	
73.855815	2147134821.00	r
73.875944	2147134821.00	l
74.027179	2147134821.00	rr
74.215821	2147134821.00	lr
74.636916	2147134821.00	
74.855775	2147134821.00	r
74.876035	2147134821.00	l
75.025681	2147134821.00	rr
75.216179	2147134821.00	lr
75.635782	2147134821.00	
75.866423	2147134821.00	r
75.885734	2147134821.00	l
76.03587	2147134821.00	rr
76.215643	2147134821.00	lr
76.635708	2147134821.00	
76.865629	2147134821.00	r
76.88578	2147134821.00	l
77.035791	2147134821.00	rr
77.215817	2147134821.00	lr
77.635779	2147134821.00	
77.865727	2147134821.00	r
77.885732	2147134821.00	l
78.035915	2147134821.00	rr
78.215745	2147134821.00	lr
78.635815	2147134821.00	
78.865804	2147134821.00	r
78.885884	2147134821.00	l
79.035766	2147134821.00	rr
79.215784	2147134821.00	lr
79.635622	2147134821.00	
79.865903	2147134821.00	r
79.908058	2147134821.00	l
80.037708	2147134821.00	rr
80.217872	2147134821.00	lr
80.637722	2147134821.00	
80.867858	2147134821.00	r
80.88787	2147134821.00	l
81.037696	2147134821.00	rr
81.218474	2147134821.00	lr
81.637687	2147134821.00	
81.868832	2147134821.00	r
81.887657	2147134821.00	l
82.037726	2147134821.00	rr
82.217677	2147134821.00	lr
82.637777	2147134821.00	
82.867743	2147134821.00	r
82.887753	2147134821.00	l
83.037829	2147134821.00	rr
83.227708	2147134821.00	lr
83.637827	2147134821.00	
83.867712	2147134821.00	r
83.887698	2147134821.00	l
84.037887	2147134821.00	rr
84.227718	2147134821.00	lr
84.637809	2147134821.00	
84.867752	2147134821.00	r
84.887752	2147134821.00	l
85.038576	2147134821.00	rr
85.227756	2147134821.00	lr
85.637868	2147134821.00	
85.867955	2147134821.00	r
85.887882	2147134821.00	l
86.037653	2147134821.00	rr
86.227924	2147134821.00	lr
86.647773	2147134821.00	
86.877883	2147134821.00	r
86.898301	2147134821.00	l
87.037821	2147134821.00	rr
87.228972	2147134821.00	lr
87.647808	2147134821.00	
87.868738	2147134821.00	r
87.897681	2147134821.00	l
88.0378	2147134821.00	rr
88.227661	2147134821.00	lr
88.647732	2147134821.00	
88.867769	2147134821.00	r
88.897783	2147134821.00	l
89.047806	2147134821.00	rr
89.22772	2147134821.00	lr
89.647842	2147134821.00	
89.877812	2147134821.00	r
89.897772	2147134821.00	l
90.048809	2147134821.00	rr
90.227732	2147134821.00	lr
90.648115	2147134821.00	
90.877816	2147134821.00	r
90.897829	2147134821.00	l
91.047677	2147134821.00	rr
91.228215	2147134821.00	lr
91.647729	2147134821.00	
91.878797	2147134821.00	r
91.897678	2147134821.00	l
92.047831	2147134821.00	rr
92.227677	2147134821.00	lr
92.647796	2147134821.00	
92.877686	2147134821.00	r
92.897778	2147134821.00	l
93.047804	2147134821.00	rr
93.237747	2147134821.00	lr
93.647807	2147134821.00	
93.877682	2147134821.00	r
93.897792	2147134821.00	l
94.047877	2147134821.00	rr
94.23774	2147134821.00	lr
94.647751	2147134821.00	
94.877714	2147134821.00	r
94.897771	2147134821.00	l
95.048813	2147134821.00	rr
95.237865	2147134821.00	lr
95.647934	2147134821.00	
95.877893	2147134821.00	r
95.897821	2147134821.00	l
96.057738	2147134821.00	rr
96.238374	2147134821.00	lr
96.647733	2147134821.00	
96.878958	2147134821.00	r
96.897754	2147134821.00	l
97.057861	2147134821.00	rr
97.237704	2147134821.00	lr
97.657757	2147134821.00	
97.877742	2147134821.00	r
97.907757	2147134821.00	l
98.05786	2147134821.00	rr
98.237704	2147134821.00	lr
98.65778	2147134821.00	
98.877779	2147134821.00	r
98.899711	2147134821.00	l
99.059838	2147134821.00	rr
99.239696	2147134821.00	lr
99.655745	2147134821.00	
99.88786	2147134821.00	r
99.907834	2147134821.00	l
100.057663	2147134821.00	rr
100.237932	2147134821.00	lr
100.657753	2147134821.00	
100.888905	2147134821.00	r
100.908962	2147134821.00	l
101.058731	2147134821.00	rr
101.239709	2147134821.00	lr
101.658816	2147134821.00	
101.881065	2147134821.00	r
101.903879	2147134821.00	l
102.053705	2147134821.00	rr
102.245756	2147134821.00	lr
102.657928	2147134821.00	
102.889711	2147134821.00	r
102.911785	2147134821.00	l
103.061899	2147134821.00	rr
103.241794	2147134821.00	lr
103.661857	2147134821.00	
103.891679	2147134821.00	r
103.911777	2147134821.00	l
104.061869	2147134821.00	rr
104.241785	2147134821.00	lr
104.661792	2147134821.00	
104.891841	2147134821.00	r
104.911747	2147134821.00	l
105.06295	2147134821.00	rr
105.241856	2147134821.00	lr
105.662165	2147134821.00	
105.891805	2147134821.00	r
105.911881	2147134821.00	l
106.061733	2147134821.00	rr
106.241906	2147134821.00	lr
106.661654	2147134821.00	
106.891949	2147134821.00	r
106.912661	2147134821.00	l
107.061839	2147134821.00	rr
107.241776	2147134821.00	lr
107.661715	2147134821.00	
107.891666	2147134821.00	r
107.911636	2147134821.00	l
108.061746	2147134821.00	rr
108.251705	2147134821.00	lr
108.66172	2147134821.00	
108.89176	2147134821.00	r
108.911657	2147134821.00	l
109.071904	2147134821.00	rr
109.251843	2147134821.00	lr
109.661795	2147134821.00	
109.891839	2147134821.00	r
109.911798	2147134821.00	l
110.062919	2147134821.00	rr
110.251748	2147134821.00	lr
110.66192	2147134821.00	
110.891729	2147134821.00	r
110.911858	2147134821.00	l
111.071785	2147134821.00	rr
111.251867	2147134821.00	lr
111.661664	2147134821.00	
111.89184	2147134821.00	r
111.911976	2147134821.00	l
112.0718	2147134821.00	rr
112.251613	2147134821.00	lr
112.67174	2147134821.00	
112.893112	2147134821.00	r
112.921671	2147134821.00	l
113.071899	2147134821.00	rr
113.251767	2147134821.00	lr
113.671804	2147134821.00	
113.891739	2147134821.00	r
113.921705	2147134821.00	l
114.072008	2147134821.00	rr
114.251838	2147134821.00	lr
114.671906	2147134821.00	
114.891821	2147134821.00	r
114.921741	2147134821.00	l
115.071766	2147134821.00	rr
115.251839	2147134821.00	lr
115.672225	2147134821.00	
115.901869	2147134821.00	r
115.921847	2147134821.00	l
116.071857	2147134821.00	rr
116.26221	2147134821.00	lr
116.671804	2147134821.00	
116.902218	2147134821.00	r
116.923287	2147134821.00	l
117.071818	2147134821.00	rr
117.261686	2147134821.00	lr
117.67177	2147134821.00	
117.901658	2147134821.00	r
117.921786	2147134821.00	l
118.071991	2147134821.00	rr
118.26173	2147134821.00	lr
118.671793	2147134821.00	
118.901651	2147134821.00	r
118.921776	2147134821.00	l
119.081902	2147134821.00	rr
119.261727	2147134821.00	lr
119.671983	2147134821.00	
119.901841	2147134821.00	r
119.921755	2147134821.00	l
120.081662	2147134821.00	rr
120.261806	2147134821.00	lr
120.672014	2147134821.00	
120.901869	2147134821.00	r
120.921879	2147134821.00	l
121.081806	2147134821.00	rr
121.261828	2147134821.00	lr
121.671813	2147134821.00	
121.901987	2147134821.00	r
121.923078	2147134821.00	l
122.081785	2147134821.00	rr
122.261658	2147134821.00	lr
122.671777	2147134821.00	
122.90166	2147134821.00	r
122.921784	2147134821.00	l
123.08182	2147134821.00	rr
123.261738	2147134821.00	lr
123.681835	2147134821.00	
123.901746	2147134821.00	r
123.931815	2147134821.00	l
124.082372	2147134821.00	rr
124.261773	2147134821.00	lr
124.681869	2147134821.00	
124.901747	2147134821.00	r
124.931772	2147134821.00	l
125.081673	2147134821.00	rr
125.26187	2147134821.00	lr
125.68211	2147134821.00	
125.901768	2147134821.00	r
125.931808	2147134821.00	l
126.08165	2147134821.00	rr
126.271991	2147134821.00	lr
126.68165	2147134821.00	
126.911811	2147134821.00	r
126.932151	2147134821.00	l
127.091729	2147134821.00	rr
127.27177	2147134821.00	lr
127.681794	2147134821.00	
127.912559	2147134821.00	r
127.931662	2147134821.00	l
128.091787	2147134821.00	rr
128.271816	2147134821.00	lr
128.681677	2147134821.00	
128.911636	2147134821.00	r
128.931744	2147134821.00	l
129.091801	2147134821.00	rr
129.271853	2147134821.00	lr
129.681748	2147134821.00	
129.911781	2147134821.00	r
129.931744	2147134821.00	l
130.091945	2147134821.00	rr
130.271929	2147134821.00	lr
130.681863	2147134821.00	
130.911799	2147134821.00	r
130.93177	2147134821.00	l
131.09173	2147134821.00	rr
131.271884	2147134821.00	lr
131.682369	2147134821.00	
131.911896	2147134821.00	r
131.931821	2147134821.00	l
132.091686	2147134821.00	rr
132.272172	2147134821.00	lr
132.681689	2147134821.00	
132.912377	2147134821.00	r
132.931675	2147134821.00	l
133.091862	2147134821.00	rr
133.271718	2147134821.00	lr
133.691841	2147134821.00	
133.911785	2147134821.00	r
133.941799	2147134821.00	l
134.091871	2147134821.00	rr
134.271878	2147134821.00	lr
134.69191	2147134821.00	
134.911754	2147134821.00	r
134.941819	2147134821.00	l
135.091682	2147134821.00	rr
135.281873	2147134821.00	lr
135.692246	2147134821.00	
135.911843	2147134821.00	r
135.941783	2147134821.00	l
136.101789	2147134821.00	rr
136.281954	2147134821.00	lr
136.691661	2147134821.00	
136.911968	2147134821.00	r
136.942945	2147134821.00	l
137.101799	2147134821.00	rr
137.281752	2147134821.00	lr
137.69179	2147134821.00	
137.921727	2147134821.00	r
137.941682	2147134821.00	l
138.101906	2147134821.00	rr
138.281782	2147134821.00	lr
138.693795	2147134821.00	
138.917897	2147134821.00	r
138.938607	2147134821.00	l
139.097721	2147134821.00	rr
139.277719	2147134821.00	lr
139.687737	2147134821.00	
139.91764	2147134821.00	r
139.937812	2147134821.00	l
140.097786	2147134821.00	rr
140.277766	2147134821.00	lr
140.697768	2147134821.00	
140.917678	2147134821.00	r
140.947763	2147134821.00	l
141.097956	2147134821.00	rr
141.277863	2147134821.00	lr
141.697801	2147134821.00	
141.917701	2147134821.00	r
141.947815	2147134821.00	l
142.107705	2147134821.00	rr
142.287857	2147134821.00	lr
142.698445	2147134821.00	
142.917829	2147134821.00	r
142.947904	2147134821.00	l
143.107728	2147134821.00	rr
143.288031	2147134821.00	lr
143.697754	2147134821.00	
143.928098	2147134821.00	r
143.94922	2147134821.00	l
144.107785	2147134821.00	rr
144.287701	2147134821.00	lr
144.697806	2147134821.00	
144.927771	2147134821.00	r
144.947762	2147134821.00	l
145.107872	2147134821.00	rr
145.287729	2147134821.00	lr
145.697866	2147134821.00	
145.927804	2147134821.00	r
145.947796	2147134821.00	l
146.108158	2147134821.00	rr
146.287768	2147134821.00	lr
146.69793	2147134821.00	
146.927856	2147134821.00	r
146.94789	2147134821.00	l
147.107684	2147134821.00	rr
147.287813	2147134821.00	lr
147.698852	2147134821.00	
147.927827	2147134821.00	r
147.947852	2147134821.00	l
148.107827	2147134821.00	rr
148.288899	2147134821.00	lr
148.697696	2147134821.00	
148.927749	2147134821.00	r
148.947753	2147134821.00	l
149.107791	2147134821.00	rr
149.287753	2147134821.00	lr
149.707854	2147134821.00	
149.927745	2147134821.00	r
149.947721	2147134821.00	l
150.107852	2147134821.00	rr
150.287723	2147134821.00	lr
150.707881	2147134821.00	
150.927812	2147134821.00	r
150.957821	2147134821.00	l
151.107671	2147134821.00	rr
151.297862	2147134821.00	lr
151.709244	2147134821.00	
151.927885	2147134821.00	r
151.957841	2147134821.00	l
152.117724	2147134821.00	rr
152.298956	2147134821.00	lr
152.707735	2147134821.00	
152.937669	2147134821.00	r
152.957655	2147134821.00	l
153.117856	2147134821.00	rr
153.297752	2147134821.00	lr
153.707745	2147134821.00	
153.93777	2147134821.00	r
153.957744	2147134821.00	l
154.117882	2147134821.00	rr
154.297725	2147134821.00	lr
154.707852	2147134821.00	
154.937754	2147134821.00	r
154.957713	2147134821.00	l
155.1184	2147134821.00	rr
155.297817	2147134821.00	lr
155.708412	2147134821.00	
155.937782	2147134821.00	r
155.957908	2147134821.00	l
156.117817	2147134821.00	rr
156.298743	2147134821.00	lr
156.707705	2147134821.00	
156.939164	2147134821.00	r
156.957719	2147134821.00	l
157.11785	2147134821.00	rr
157.299797	2147134821.00	lr
157.709836	2147134821.00	
157.941693	2147134821.00	r
157.964001	2147134821.00	l
158.119137	2147134821.00	rr
158.303626	2147134821.00	lr
158.713728	2147134821.00	
158.943734	2147134821.00	r
158.963706	2147134821.00	l
159.123796	2147134821.00	rr
159.303735	2147134821.00	lr
159.713825	2147134821.00	
159.935718	2147134821.00	r
159.965676	2147134821.00	l
160.1197	2147134821.00	rr
160.299911	2147134821.00	lr
160.709712	2147134821.00	
160.940865	2147134821.00	r
160.960904	2147134821.00	l
161.120825	2147134821.00	rr
161.300925	2147134821.00	lr
161.710727	2147134821.00	
161.941502	2147134821.00	r
161.960701	2147134821.00	l
162.120787	2147134821.00	rr
162.300765	2147134821.00	lr
162.710788	2147134821.00	
162.940656	2147134821.00	r
162.97079	2147134821.00	l
163.120858	2147134821.00	rr
163.310732	2147134821.00	lr
163.710861	2147134821.00	
163.940801	2147134821.00	r
163.970829	2147134821.00	l
164.13191	2147134821.00	rr
164.310876	2147134821.00	lr
164.710848	2147134821.00	
164.940804	2147134821.00	r
164.970822	2147134821.00	l
165.130773	2147134821.00	rr
165.310885	2147134821.00	lr
165.720681	2147134821.00	
165.940796	2147134821.00	r
165.9715	2147134821.00	l
166.13084	2147134821.00	rr
166.310758	2147134821.00	lr
166.720755	2147134821.00	
166.950658	2147134821.00	r
166.970695	2147134821.00	l
167.130903	2147134821.00	rr
167.310806	2147134821.00	lr
167.72081	2147134821.00	
167.950808	2147134821.00	r
167.970727	2147134821.00	l
168.131593	2147134821.00	rr
168.310778	2147134821.00	lr
168.721399	2147134821.00	
168.950892	2147134821.00	r
168.970813	2147134821.00	l
169.13072	2147134821.00	rr
169.311938	2147134821.00	lr
169.720813	2147134821.00	
169.950747	2147134821.00	r
169.970688	2147134821.00	l
170.130817	2147134821.00	rr
170.310695	2147134821.00	lr
170.720776	2147134821.00	
170.950745	2147134821.00	r
170.97072	2147134821.00	l
171.130817	2147134821.00	rr
171.310797	2147134821.00	lr
171.720776	2147134821.00	
171.950804	2147134821.00	r
171.970764	2147134821.00	l
172.13064	2147134821.00	rr
172.310769	2147134821.00	lr
172.721569	2147134821.00	
172.950859	2147134821.00	r
172.970884	2147134821.00	l
173.130812	2147134821.00	rr
173.311961	2147134821.00	lr
173.720785	2147134821.00	
173.950657	2147134821.00	r
173.970687	2147134821.00	l
174.130791	2147134821.00	rr
174.320739	2147134821.00	lr
174.720794	2147134821.00	
174.950716	2147134821.00	r
174.980853	2147134821.00	l
175.140712	2147134821.00	rr
175.320868	2147134821.00	lr
175.730924	2147134821.00	
175.95075	2147134821.00	r
175.980895	2147134821.00	l
176.140725	2147134821.00	rr
176.320904	2147134821.00	lr
176.73063	2147134821.00	
176.950826	2147134821.00	r
176.981086	2147134821.00	l
177.140743	2147134821.00	rr
177.322284	2147134821.00	lr
177.730767	2147134821.00	
177.96067	2147134821.00	r
177.980647	2147134821.00	l
178.140771	2147134821.00	rr
178.320782	2147134821.00	lr
178.730699	2147134821.00	
178.96073	2147134821.00	r
178.980723	2147134821.00	l
179.140915	2147134821.00	rr
179.320686	2147134821.00	lr
179.730814	2147134821.00	
179.960809	2147134821.00	r
179.980817	2147134821.00	l
180.140959	2147134821.00	rr
180.320839	2147134821.00	lr
180.730878	2147134821.00	
180.960711	2147134821.00	r
180.98085	2147134821.00	l
181.141824	2147134821.00	rr
181.320736	2147134821.00	lr
181.73082	2147134821.00	
181.96075	2147134821.00	r
181.980894	2147134821.00	l
182.140707	2147134821.00	rr
182.320874	2147134821.00	lr
182.730667	2147134821.00	
182.960879	2147134821.00	r
182.981849	2147134821.00	l
183.150748	2147134821.00	rr
183.330701	2147134821.00	lr
183.730772	2147134821.00	
183.960729	2147134821.00	r
183.980721	2147134821.00	l
184.150899	2147134821.00	rr
184.330793	2147134821.00	lr
184.730747	2147134821.00	
184.96086	2147134821.00	r
184.990701	2147134821.00	l
185.150874	2147134821.00	rr
185.330779	2147134821.00	lr
185.730791	2147134821.00	
185.960822	2147134821.00	r
185.990855	2147134821.00	l
186.152136	2147134821.00	rr
186.33074	2147134821.00	lr
186.740868	2147134821.00	
186.960907	2147134821.00	r
186.990829	2147134821.00	l
187.150741	2147134821.00	rr
187.330858	2147134821.00	lr
187.742252	2147134821.00	
187.960973	2147134821.00	r
187.990846	2147134821.00	l
188.150754	2147134821.00	rr
188.33181	2147134821.00	lr
188.740754	2147134821.00	
188.971847	2147134821.00	r
188.990752	2147134821.00	l
189.150883	2147134821.00	rr
189.330688	2147134821.00	lr
189.740731	2147134821.00	
189.970709	2147134821.00	r
189.990814	2147134821.00	l
190.150945	2147134821.00	rr
190.330841	2147134821.00	lr
190.740884	2147134821.00	
190.970776	2147134821.00	r
190.990741	2147134821.00	l
191.151221	2147134821.00	rr
191.330861	2147134821.00	lr
191.740858	2147134821.00	
191.970761	2147134821.00	r
191.990796	2147134821.00	l
192.150666	2147134821.00	rr
192.3308	2147134821.00	lr
192.740758	2147134821.00	
192.97088	2147134821.00	r
192.990908	2147134821.00	l
193.150714	2147134821.00	rr
193.341988	2147134821.00	lr
193.740715	2147134821.00	
193.971868	2147134821.00	r
193.99063	2147134821.00	l
194.160907	2147134821.00	rr
194.340759	2147134821.00	lr
194.740868	2147134821.00	
194.970722	2147134821.00	r
194.990805	2147134821.00	l
195.162246	2147134821.00	rr
195.340825	2147134821.00	lr
195.750881	2147134821.00	
195.970881	2147134821.00	r
196.000792	2147134821.00	l
196.160731	2147134821.00	rr
196.340969	2147134821.00	lr
196.750781	2147134821.00	
196.972156	2147134821.00	r
197.00065	2147134821.00	l
197.160797	2147134821.00	rr
197.340807	2147134821.00	lr
197.750842	2147134821.00	
197.980755	2147134821.00	r
198.00078	2147134821.00	l
198.161213	2147134821.00	rr
198.340864	2147134821.00	lr
198.750899	2147134821.00	
198.981844	2147134821.00	r
198.99419	2147134821.00	l
199.163961	2147134821.00	rr
199.339098	2147134821.00	lr
199.749763	2147134821.00	
199.981797	2147134821.00	r
200.003847	2147134821.00	l
200.165191	2147134821.00	rr
200.343741	2147134821.00	lr
200.754909	2147134821.00	
200.973918	2147134821.00	r
201.003851	2147134821.00	l
201.163917	2147134821.00	rr
201.344945	2147134821.00	lr
201.75374	2147134821.00	
201.984848	2147134821.00	r
202.003672	2147134821.00	l
202.163841	2147134821.00	rr
202.343689	2147134821.00	lr
202.75377	2147134821.00	
202.983748	2147134821.00	r
203.003686	2147134821.00	l
203.163967	2147134821.00	rr
203.343726	2147134821.00	lr
203.753787	2147134821.00	
203.983711	2147134821.00	r
204.003781	2147134821.00	l
204.163946	2147134821.00	rr
204.343731	2147134821.00	lr
204.75383	2147134821.00	
204.983721	2147134821.00	r
205.003805	2147134821.00	l
205.174543	2147134821.00	rr
205.353814	2147134821.00	lr
205.753815	2147134821.00	
205.983734	2147134821.00	r
206.003843	2147134821.00	l
206.173668	2147134821.00	rr
206.353835	2147134821.00	lr
206.754535	2147134821.00	
206.98388	2147134821.00	r
207.00385	2147134821.00	l
207.173742	2147134821.00	rr
207.354483	2147134821.00	lr
207.753777	2147134821.00	
207.983831	2147134821.00	r
208.004598	2147134821.00	l
208.173779	2147134821.00	rr
208.353683	2147134821.00	lr
208.753719	2147134821.00	
208.984861	2147134821.00	r
209.003768	2147134821.00	l
209.17385	2147134821.00	rr
209.353764	2147134821.00	lr
209.763769	2147134821.00	
209.983679	2147134821.00	r
210.013682	2147134821.00	l
210.173797	2147134821.00	rr
210.353762	2147134821.00	lr
210.763854	2147134821.00	
210.983659	2147134821.00	r
211.013699	2147134821.00	l
211.173895	2147134821.00	rr
211.353829	2147134821.00	lr
211.763961	2147134821.00	
211.983709	2147134821.00	r
212.013777	2147134821.00	l
212.174695	2147134821.00	rr
212.353778	2147134821.00	lr
212.763922	2147134821.00	
212.993744	2147134821.00	r
213.01382	2147134821.00	l
213.173715	2147134821.00	rr
213.353876	2147134821.00	lr
213.763759	2147134821.00	
213.993954	2147134821.00	r
214.015082	2147134821.00	l
214.18374	2147134821.00	rr
214.363756	2147134821.00	lr
214.767706	2147134821.00	
214.987917	2147134821.00	r
215.018061	2147134821.00	l
215.177714	2147134821.00	rr
215.357767	2147134821.00	lr
215.767752	2147134821.00	
215.987676	2147134821.00	r
216.017744	2147134821.00	l
216.177779	2147134821.00	rr
216.367753	2147134821.00	lr
216.767747	2147134821.00	
216.997708	2147134821.00	r
217.017713	2147134821.00	l
217.178107	2147134821.00	rr
217.367827	2147134821.00	lr
217.767915	2147134821.00	
217.997774	2147134821.00	r
218.017752	2147134821.00	l
218.187752	2147134821.00	rr
218.367787	2147134821.00	lr
218.767682	2147134821.00	
218.9979	2147134821.00	r
219.017879	2147134821.00	l
219.187821	2147134821.00	rr
219.357866	2147134821.00	lr
219.76783	2147134821.00	
219.997653	2147134821.00	r
220.017792	2147134821.00	l
220.187921	2147134821.00	rr
220.367798	2147134821.00	lr
220.767852	2147134821.00	
220.998768	2147134821.00	r
221.018868	2147134821.00	l
221.19024	2147134821.00	rr
221.368741	2147134821.00	lr
221.768862	2147134821.00	
221.998853	2147134821.00	r
222.01882	2147134821.00	l
222.188686	2147134821.00	rr
222.368945	2147134821.00	lr
222.768722	2147134821.00	
222.998883	2147134821.00	r
223.01891	2147134821.00	l
223.188705	2147134821.00	rr
223.368633	2147134821.00	lr
223.768704	2147134821.00	
223.998964	2147134821.00	r
224.019958	2147134821.00	l
224.188769	2147134821.00	rr
224.368725	2147134821.00	lr
224.768729	2147134821.00	
224.998675	2147134821.00	r
225.01862	2147134821.00	l
225.188855	2147134821.00	rr
225.368804	2147134821.00	lr
225.778831	2147134821.00	
225.998692	2147134821.00	r
226.028764	2147134821.00	l
226.188864	2147134821.00	rr
226.36871	2147134821.00	lr
226.7788	2147134821.00	
226.998701	2147134821.00	r
227.028739	2147134821.00	l
227.188692	2147134821.00	rr
227.368792	2147134821.00	lr
227.779108	2147134821.00	
227.998858	2147134821.00	r
228.028892	2147134821.00	l
228.188735	2147134821.00	rr
228.369031	2147134821.00	lr
228.778712	2147134821.00	
229.009753	2147134821.00	r
229.028728	2147134821.00	l
229.198884	2147134821.00	rr
229.368693	2147134821.00	lr
229.778735	2147134821.00	
230.008676	2147134821.00	r
230.028671	2147134821.00	l
230.198882	2147134821.00	rr
230.378794	2147134821.00	lr
230.778806	2147134821.00	
231.008709	2147134821.00	r
231.028728	2147134821.00	l
231.198745	2147134821.00	rr
231.378857	2147134821.00	lr
231.779264	2147134821.00	
232.008834	2147134821.00	r
232.028794	2147134821.00	l
232.198705	2147134821.00	rr
232.378824	2147134821.00	lr
232.778741	2147134821.00	
233.008939	2147134821.00	r
233.02936	2147134821.00	l
233.19873	2147134821.00	rr
233.37865	2147134821.00	lr
233.778743	2147134821.00	
234.008643	2147134821.00	r
234.028699	2147134821.00	l
234.198803	2147134821.00	rr
234.378771	2147134821.00	lr
234.77871	2147134821.00	
235.008716	2147134821.00	r
235.028819	2147134821.00	l
235.199233	2147134821.00	rr
235.378811	2147134821.00	lr
235.788808	2147134821.00	
236.008777	2147134821.00	r
236.038807	2147134821.00	l
236.198669	2147134821.00	rr
236.378833	2147134821.00	lr
236.789835	2147134821.00	
237.008814	2147134821.00	r
237.038859	2147134821.00	l
237.198765	2147134821.00	rr
237.379321	2147134821.00	lr
237.788773	2147134821.00	
238.009388	2147134821.00	r
238.038669	2147134821.00	l
238.208843	2147134821.00	rr
238.378775	2147134821.00	lr
238.788805	2147134821.00	
239.008734	2147134821.00	r
239.038708	2147134821.00	l
239.208859	2147134821.00	rr
239.378748	2147134821.00	lr
239.788869	2147134821.00	
240.018749	2147134821.00	r
240.038744	2147134821.00	l
240.209802	2147134821.00	rr
240.38876	2147134821.00	lr
240.788877	2147134821.00	
241.018873	2147134821.00	r
241.038895	2147134821.00	l
241.208727	2147134821.00	rr
241.388955	2147134821.00	lr
241.78876	2147134821.00	
242.018848	2147134821.00	r
242.03955	2147134821.00	l
242.208727	2147134821.00	rr
242.388784	2147134821.00	lr
242.78883	2147134821.00	
243.018751	2147134821.00	r
243.03875	2147134821.00	l
243.208873	2147134821.00	rr
243.388772	2147134821.00	lr
243.788866	2147134821.00	
244.0187	2147134821.00	r
244.038695	2147134821.00	l
244.209251	2147134821.00	rr
244.38887	2147134821.00	lr
244.788941	2147134821.00	
245.018794	2147134821.00	r
245.038904	2147134821.00	l
245.208728	2147134821.00	rr
245.388956	2147134821.00	lr
245.788673	2147134821.00	
246.018914	2147134821.00	r
246.039849	2147134821.00	l
246.218774	2147134821.00	rr
246.388781	2147134821.00	lr
246.788763	2147134821.00	
247.018716	2147134821.00	r
247.048723	2147134821.00	l
247.218786	2147134821.00	rr
247.388806	2147134821.00	lr
247.798789	2147134821.00	
248.018691	2147134821.00	r
248.048725	2147134821.00	l
248.218912	2147134821.00	rr
248.388823	2147134821.00	lr
248.798798	2147134821.00	
249.018707	2147134821.00	r
249.048768	2147134821.00	l
249.219887	2147134821.00	rr
249.392682	2147134821.00	lr
249.792821	2147134821.00	
250.024948	2147134821.00	r
250.046894	2147134821.00	l
250.219729	2147134821.00	rr
250.399824	2147134821.00	lr
250.79666	2147134821.00	
251.026941	2147134821.00	r
251.048044	2147134821.00	l
251.216816	2147134821.00	rr
251.395773	2147134821.00	lr
251.795881	2147134821.00	
252.025708	2147134821.00	r
252.045839	2147134821.00	l
252.225625	2147134821.00	rr
252.39576	2147134821.00	lr
252.795909	2147134821.00	
253.025836	2147134821.00	r
253.045911	2147134821.00	l
253.225706	2147134821.00	rr
253.395909	2147134821.00	lr
253.795719	2147134821.00	
254.025925	2147134821.00	r
254.046872	2147134821.00	l
254.225804	2147134821.00	rr
254.395747	2147134821.00	lr
254.805694	2147134821.00	
255.025694	2147134821.00	r
255.055725	2147134821.00	l
255.225841	2147134821.00	rr
255.395734	2147134821.00	lr
255.805772	2147134821.00	
256.025735	2147134821.00	r
256.055802	2147134821.00	l
256.225739	2147134821.00	rr
256.395845	2147134821.00	lr
256.805898	2147134821.00	
257.025791	2147134821.00	r
257.055752	2147134821.00	l
257.225804	2147134821.00	rr
257.405828	2147134821.00	lr
257.805765	2147134821.00	
258.035851	2147134821.00	r
258.056085	2147134821.00	l
258.225846	2147134821.00	rr
258.405649	2147134821.00	lr
258.805687	2147134821.00	
259.035695	2147134821.00	r
259.055695	2147134821.00	l
259.225751	2147134821.00	rr
259.405681	2147134821.00	lr
259.80587	2147134821.00	
260.035707	2147134821.00	r
260.055738	2147134821.00	l
260.22704	2147134821.00	rr
260.405735	2147134821.00	lr
260.80657	2147134821.00	
261.035795	2147134821.00	r
261.055965	2147134821.00	l
261.225759	2147134821.00	rr
261.405692	2147134821.00	lr
261.805675	2147134821.00	
262.036457	2147134821.00	r
262.055828	2147134821.00	l
262.235792	2147134821.00	rr
262.405662	2147134821.00	lr
262.805741	2147134821.00	
263.035702	2147134821.00	r
263.055806	2147134821.00	l
263.235903	2147134821.00	rr
263.405785	2147134821.00	lr
263.805794	2147134821.00	
264.035791	2147134821.00	r
264.055892	2147134821.00	l
264.235731	2147134821.00	rr
264.405805	2147134821.00	lr
264.805655	2147134821.00	
265.035894	2147134821.00	r
265.066609	2147134821.00	l
265.235755	2147134821.00	rr
265.415705	2147134821.00	lr
265.81577	2147134821.00	
266.045709	2147134821.00	r
266.06575	2147134821.00	l
266.23591	2147134821.00	rr
266.415661	2147134821.00	lr
266.815768	2147134821.00	
267.045681	2147134821.00	r
267.065722	2147134821.00	l
267.235877	2147134821.00	rr
267.415696	2147134821.00	lr
267.815855	2147134821.00	
268.045823	2147134821.00	r
268.065743	2147134821.00	l
268.237151	2147134821.00	rr
268.415888	2147134821.00	lr
268.816038	2147134821.00	
269.045767	2147134821.00	r
269.06583	2147134821.00	l
269.235784	2147134821.00	rr
269.416116	2147134821.00	lr
269.81577	2147134821.00	
270.045627	2147134821.00	r
270.065652	2147134821.00	l
270.245886	2147134821.00	rr
270.415705	2147134821.00	lr
270.815858	2147134821.00	
271.045791	2147134821.00	r
271.065831	2147134821.00	l
271.236893	2147134821.00	rr
271.415811	2147134821.00	lr
271.815927	2147134821.00	
272.045823	2147134821.00	r
272.06586	2147134821.00	l
272.235799	2147134821.00	rr
272.415868	2147134821.00	lr
272.815737	2147134821.00	
273.045887	2147134821.00	r
273.066159	2147134821.00	l
273.245726	2147134821.00	rr
273.415729	2147134821.00	lr
273.815719	2147134821.00	
274.046597	2147134821.00	r
274.065747	2147134821.00	l
274.245843	2147134821.00	rr
274.415806	2147134821.00	lr
274.815839	2147134821.00	
275.045754	2147134821.00	r
275.065786	2147134821.00	l
275.246114	2147134821.00	rr
275.415747	2147134821.00	lr
275.815774	2147134821.00	
276.045812	2147134821.00	r
276.075819	2147134821.00	l
276.245633	2147134821.00	rr
276.415897	2147134821.00	lr
276.82672	2147134821.00	
277.045764	2147134821.00	r
277.075921	2147134821.00	l
277.245806	2147134821.00	rr
277.427155	2147134821.00	lr
277.825666	2147134821.00	
278.055643	2147134821.00	r
278.075624	2147134821.00	l
278.245805	2147134821.00	rr
278.425691	2147134821.00	lr
278.825793	2147134821.00	
279.055677	2147134821.00	r
279.075676	2147134821.00	l
279.245891	2147134821.00	rr
279.425714	2147134821.00	lr
279.825748	2147134821.00	
280.055791	2147134821.00	r
280.075796	2147134821.00	l
280.24573	2147134821.00	rr
280.425754	2147134821.00	lr
280.825936	2147134821.00	
281.056791	2147134821.00	r
281.076781	2147134821.00	l
281.246691	2147134821.00	rr
281.426906	2147134821.00	lr
281.826747	2147134821.00	
282.056918	2147134821.00	r
282.077047	2147134821.00	l
282.25682	2147134821.00	rr
282.426726	2147134821.00	lr
282.826803	2147134821.00	
283.056829	2147134821.00	r
283.076732	2147134821.00	l
283.256856	2147134821.00	rr
283.42677	2147134821.00	lr
283.826764	2147134821.00	
284.056802	2147134821.00	r
284.076687	2147134821.00	l
284.257965	2147134821.00	rr
284.426776	2147134821.00	lr
284.826812	2147134821.00	
285.056862	2147134821.00	r
285.076756	2147134821.00	l
285.256861	2147134821.00	rr
285.436815	2147134821.00	lr
285.827343	2147134821.00	
286.056959	2147134821.00	r
286.076878	2147134821.00	l
286.256803	2147134821.00	rr
286.437414	2147134821.00	lr
286.826739	2147134821.00	
287.057112	2147134821.00	r
287.078155	2147134821.00	l
287.256898	2147134821.00	rr
287.436727	2147134821.00	lr
287.826697	2147134821.00	
288.056761	2147134821.00	r
288.086777	2147134821.00	l
288.256922	2147134821.00	rr
288.436752	2147134821.00	lr
288.836889	2147134821.00	
289.066767	2147134821.00	r
289.086747	2147134821.00	l
289.257754	2147134821.00	rr
289.436765	2147134821.00	lr
289.836944	2147134821.00	
290.066758	2147134821.00	r
290.086897	2147134821.00	l
290.256804	2147134821.00	rr
290.436831	2147134821.00	lr
290.836744	2147134821.00	
291.066801	2147134821.00	r
291.087199	2147134821.00	l
291.266854	2147134821.00	rr
291.436732	2147134821.00	lr
291.836733	2147134821.00	
292.06678	2147134821.00	r
292.086801	2147134821.00	l
292.266834	2147134821.00	rr
292.436751	2147134821.00	lr
292.836838	2147134821.00	
293.066784	2147134821.00	r
293.086812	2147134821.00	l
293.266729	2147134821.00	rr
293.436887	2147134821.00	lr
293.837534	2147134821.00	
294.066849	2147134821.00	r
294.08683	2147134821.00	l
294.266773	2147134821.00	rr
294.43754	2147134821.00	lr
294.836743	2147134821.00	
295.067813	2147134821.00	r
295.086689	2147134821.00	l
295.266821	2147134821.00	rr
295.446691	2147134821.00	lr
295.836813	2147134821.00	
296.066682	2147134821.00	r
296.086807	2147134821.00	l
296.266848	2147134821.00	rr
296.446729	2147134821.00	lr
296.84685	2147134821.00	
297.076709	2147134821.00	r
297.101445	2147134821.00	l
297.270816	2147134821.00	rr
297.440783	2147134821.00	lr
297.840757	2147134821.00	
298.07066	2147134821.00	r
298.090748	2147134821.00	l
298.27089	2147134821.00	rr
298.440761	2147134821.00	lr
298.840882	2147134821.00	
299.070752	2147134821.00	r
299.090724	2147134821.00	l
299.27064	2147134821.00	rr
299.450789	2147134821.00	lr
299.841598	2147134821.00	
300.070769	2147134821.00	r
300.090827	2147134821.00	l
300.270827	2147134821.00	rr
300.45174	2147134821.00	lr
300.850759	2147134821.00	
301.07095	2147134821.00	r
301.091867	2147134821.00	l
301.270757	2147134821.00	rr
301.450756	2147134821.00	lr
301.850814	2147134821.00	
302.08069	2147134821.00	r
302.100648	2147134821.00	l
302.280783	2147134821.00	rr
302.450769	2147134821.00	lr
302.850811	2147134821.00	
303.080808	2147134821.00	r
303.100783	2147134821.00	l
303.281369	2147134821.00	rr
