0.066038	2147150098.00	l
0.351594	2147150098.00	lr
0.751698	2147150098.00	rr
0.801698	2147150098.00	r
0.801785	2147150098.00	
1.061667	2147150098.00	l
1.281609	2147150098.00	lr
1.751892	2147150098.00	rr
1.803135	2147150098.00	r
1.803221	2147150098.00	
2.061996	2147150098.00	l
2.641692	2147150098.00	lr
2.801682	2147150098.00	
2.921677	2147150098.00	r
2.961712	6682.00	rr
3.06155	2147150098.00	l
3.281694	7210.00	lr
3.801624	2147150098.00	
3.93212	2147150098.00	r
3.961612	2147150098.00	rr
4.061642	2147150098.00	l
4.28158	2147150098.00	lr
4.8017	2147150098.00	
4.931662	2147150098.00	r
4.961719	2147150098.00	rr
5.071713	2147150098.00	l
5.291704	2147150098.00	lr
5.801753	2147150098.00	
5.931667	2147150098.00	r
5.961684	2147150098.00	rr
6.071796	2147150098.00	l
6.291697	2147150098.00	lr
6.811646	2147150098.00	
6.931687	2147150098.00	r
6.961707	2147150098.00	rr
7.073027	2147150098.00	l
7.291719	2147150098.00	lr
7.811584	2147150098.00	
7.931683	2147150098.00	r
7.961825	2147150098.00	rr
8.071574	2147150098.00	l
8.292594	2147150098.00	lr
8.811655	2147150098.00	
8.933055	2147150098.00	r
8.961675	2147150098.00	rr
9.071765	2147150098.00	l
9.291567	2147150098.00	lr
9.812327	2147150098.00	
9.931728	2147150098.00	r
9.961738	2147150098.00	rr
10.071855	2147150098.00	l
10.291796	2147150098.00	lr
10.81165	2147150098.00	
10.9317	2147150098.00	r
10.961727	2147150098.00	rr
11.071658	2147150098.00	l
11.293135	2147150098.00	lr
11.811699	2147150098.00	
11.931552	2147150098.00	r
11.971646	2147150098.00	rr
12.071691	2147150098.00	l
12.291745	2147150098.00	lr
12.812573	2147150098.00	
12.941689	2147150098.00	r
12.971655	2147150098.00	rr
13.071871	2147150098.00	l
13.291801	2147150098.00	lr
13.811674	2147150098.00	
13.941826	2147150098.00	r
13.971714	2147150098.00	rr
14.081568	2147150098.00	l
14.301883	2147150098.00	lr
14.811673	2147150098.00	
14.942167	2147150098.00	r
14.97162	2147150098.00	rr
15.081705	2147150098.00	l
15.301574	2147150098.00	lr
15.811675	2147150098.00	
15.941699	2147150098.00	r
15.971651	2147150098.00	rr
16.081733	2147150098.00	l
16.301654	2147150098.00	lr
16.822352	2147150098.00	
16.941798	2147150098.00	r
16.971652	2147150098.00	rr
17.081849	2147150098.00	l
17.301666	2147150098.00	lr
17.821674	2147150098.00	
17.941736	2147150098.00	r
17.971792	2147150098.00	rr
18.081633	2147150098.00	l
18.301803	2147150098.00	lr
18.821634	2147150098.00	
18.941885	2147150098.00	r
18.972872	2147150098.00	rr
19.081601	2147150098.00	l
19.301532	2147150098.00	lr
19.821782	2147150098.00	
19.941626	2147150098.00	r
19.971589	2147150098.00	rr
20.081621	2147150098.00	l
20.30164	2147150098.00	lr
20.821841	2147150098.00	
20.941749	2147150098.00	r
20.981667	2147150098.00	rr
21.081726	2147150098.00	l
21.301777	2147150098.00	lr
21.821566	2147150098.00	
21.94175	2147150098.00	r
21.981829	2147150098.00	rr
22.081588	2147150098.00	l
22.301822	2147150098.00	lr
22.821712	2147150098.00	
22.941901	2147150098.00	r
22.981822	2147150098.00	rr
23.091572	2147150098.00	l
23.302548	2147150098.00	lr
23.821681	2147150098.00	
23.953087	2147150098.00	r
23.981663	2147150098.00	rr
24.091629	2147150098.00	l
24.311592	2147150098.00	lr
24.82183	2147150098.00	
24.951672	2147150098.00	r
24.981596	2147150098.00	rr
25.091814	2147150098.00	l
25.311639	2147150098.00	lr
25.833033	2147150098.00	
25.951679	2147150098.00	r
25.981737	2147150098.00	rr
26.091914	2147150098.00	l
26.311785	2147150098.00	lr
26.831601	2147150098.00	
26.951746	2147150098.00	r
26.981811	2147150098.00	rr
27.091552	2147150098.00	l
27.311792	2147150098.00	lr
27.831614	2147150098.00	
27.95178	2147150098.00	r
27.981933	2147150098.00	rr
28.091627	2147150098.00	l
28.313167	2147150098.00	lr
28.83174	2147150098.00	
28.951603	2147150098.00	r
28.981635	2147150098.00	rr
29.091656	2147150098.00	l
29.311619	2147150098.00	lr
29.831864	2147150098.00	
29.95171	2147150098.00	r
29.99167	2147150098.00	rr
30.091678	2147150098.00	l
30.31173	2147150098.00	lr
30.831563	2147150098.00	
30.951655	2147150098.00	r
30.991712	2147150098.00	rr
31.092292	2147150098.00	l
31.311697	2147150098.00	lr
31.831658	2147150098.00	
31.961793	2147150098.00	r
31.993196	2147150098.00	rr
32.101723	2147150098.00	l
32.31163	2147150098.00	lr
32.831772	2147150098.00	
32.96156	2147150098.00	r
32.991583	2147150098.00	rr
33.1017	2147150098.00	l
33.32163	2147150098.00	lr
33.831658	2147150098.00	
33.96168	2147150098.00	r
33.991709	2147150098.00	rr
34.102589	2147150098.00	l
34.321809	2147150098.00	lr
34.841787	2147150098.00	
34.961712	2147150098.00	r
34.991744	2147150098.00	rr
35.101598	2147150098.00	l
35.32174	2147150098.00	lr
35.841836	2147150098.00	
35.961771	2147150098.00	r
35.992826	2147150098.00	rr
36.101607	2147150098.00	l
36.321593	2147150098.00	lr
36.8419	2147150098.00	
36.961552	2147150098.00	r
36.991587	2147150098.00	rr
37.101676	2147150098.00	l
37.32158	2147150098.00	lr
37.842215	2147150098.00	
37.961665	2147150098.00	r
37.991683	2147150098.00	rr
38.101823	2147150098.00	l
38.32176	2147150098.00	lr
38.841691	2147150098.00	
38.961786	2147150098.00	r
38.9918	2147150098.00	rr
39.101591	2147150098.00	l
39.32174	2147150098.00	lr
39.841734	2147150098.00	
39.962709	2147150098.00	r
39.991563	2147150098.00	rr
40.101746	2147150098.00	l
40.321603	2147150098.00	lr
40.841778	2147150098.00	
40.961615	2147150098.00	r
41.001735	2147150098.00	rr
41.101668	2147150098.00	l
41.321604	2147150098.00	lr
41.843053	2147150098.00	
41.961689	2147150098.00	r
42.001675	2147150098.00	rr
42.102022	2147150098.00	l
42.321804	2147150098.00	lr
42.851698	2147150098.00	
42.971668	2147150098.00	r
43.00182	2147150098.00	rr
43.101555	2147150098.00	l
43.33185	2147150098.00	lr
43.851676	2147150098.00	
43.971848	2147150098.00	r
44.001646	2147150098.00	rr
44.111667	2147150098.00	l
44.331627	2147150098.00	lr
44.851809	2147150098.00	
44.971655	2147150098.00	r
45.001677	2147150098.00	rr
45.111752	2147150098.00	l
45.331608	2147150098.00	lr
45.851812	2147150098.00	
45.971637	2147150098.00	r
46.001667	2147150098.00	rr
46.111806	2147150098.00	l
46.3317	2147150098.00	lr
46.852894	2147150098.00	
46.971699	2147150098.00	r
47.00173	2147150098.00	rr
47.111772	2147150098.00	l
47.331661	2147150098.00	lr
47.851593	2147150098.00	
47.97179	2147150098.00	r
48.011816	2147150098.00	rr
48.111572	2147150098.00	l
48.331722	2147150098.00	lr
48.851687	2147150098.00	
48.9718	2147150098.00	r
49.002857	2147150098.00	rr
49.111648	2147150098.00	l
49.331694	2147150098.00	lr
49.851777	2147150098.00	
49.971584	2147150098.00	r
50.001671	2147150098.00	rr
50.111723	2147150098.00	l
50.331695	2147150098.00	lr
50.851778	2147150098.00	
50.971703	2147150098.00	r
51.011747	2147150098.00	rr
51.111713	2147150098.00	l
51.341641	2147150098.00	lr
51.851642	2147150098.00	
51.971661	2147150098.00	r
52.011707	2147150098.00	rr
52.111687	2147150098.00	l
52.341731	2147150098.00	lr
52.851709	2147150098.00	
52.982173	2147150098.00	r
53.011595	2147150098.00	rr
53.111624	2147150098.00	l
53.341544	2147150098.00	lr
53.861838	2147150098.00	
53.981637	2147150098.00	r
54.011593	2147150098.00	rr
54.121723	2147150098.00	l
54.341656	2147150098.00	lr
54.861604	2147150098.00	
54.981774	2147150098.00	r
55.011731	2147150098.00	rr
55.121643	2147150098.00	l
55.341733	2147150098.00	lr
55.861675	2147150098.00	
55.982077	2147150098.00	r
56.011644	2147150098.00	rr
56.121751	2147150098.00	l
56.341555	2147150098.00	lr
56.861769	2147150098.00	
56.981557	2147150098.00	r
57.011655	2147150098.00	rr
57.121723	2147150098.00	l
57.3417	2147150098.00	lr
57.861853	2147150098.00	
57.98165	2147150098.00	r
58.011734	2147150098.00	rr
58.121795	2147150098.00	l
58.341636	2147150098.00	lr
58.861563	2147150098.00	
58.981689	2147150098.00	r
59.011798	2147150098.00	rr
59.121661	2147150098.00	l
59.341715	2147150098.00	lr
59.861661	2147150098.00	
59.981749	2147150098.00	r
60.022319	2147150098.00	rr
60.121665	2147150098.00	l
60.342898	2147150098.00	lr
60.861668	2147150098.00	
60.981571	2147150098.00	r
61.021597	2147150098.00	rr
61.121741	2147150098.00	l
61.341583	2147150098.00	lr
61.871769	2147150098.00	
61.991683	2147150098.00	r
62.021612	2147150098.00	rr
62.131775	2147150098.00	l
62.351714	2147150098.00	lr
62.871808	2147150098.00	
62.991652	2147150098.00	r
63.021697	2147150098.00	rr
63.131748	2147150098.00	l
63.351689	2147150098.00	lr
63.871592	2147150098.00	
63.991744	2147150098.00	r
64.021736	2147150098.00	rr
64.131923	2147150098.00	l
64.351665	2147150098.00	lr
64.871619	2147150098.00	
64.991772	2147150098.00	r
65.021833	2147150098.00	rr
65.131641	2147150098.00	l
65.351768	2147150098.00	lr
65.871651	2147150098.00	
65.991752	2147150098.00	r
66.022266	2147150098.00	rr
66.131583	2147150098.00	l
66.351552	2147150098.00	lr
66.871711	2147150098.00	
66.991623	2147150098.00	r
67.021678	2147150098.00	rr
67.131845	2147150098.00	l
67.351603	2147150098.00	lr
67.871805	2147150098.00	
67.991587	2147150098.00	r
68.021614	2147150098.00	rr
68.131927	2147150098.00	l
68.351666	2147150098.00	lr
68.871672	2147150098.00	
68.99166	2147150098.00	r
69.031759	2147150098.00	rr
69.132673	2147150098.00	l
69.351708	2147150098.00	lr
69.871686	2147150098.00	
69.9917	2147150098.00	r
70.031849	2147150098.00	rr
70.131716	2147150098.00	l
70.352245	2147150098.00	lr
70.871661	2147150098.00	
70.992858	2147150098.00	r
71.031559	2147150098.00	rr
71.131788	2147150098.00	l
71.351605	2147150098.00	lr
71.871682	2147150098.00	
72.001583	2147150098.00	r
72.031593	2147150098.00	rr
72.141748	2147150098.00	l
72.351671	2147150098.00	lr
72.882177	2147150098.00	
73.001648	2147150098.00	r
73.031725	2147150098.00	rr
73.141722	2147150098.00	l
73.361766	2147150098.00	lr
73.881604	2147150098.00	
74.001798	2147150098.00	r
74.031816	2147150098.00	rr
74.141659	2147150098.00	l
74.362011	2147150098.00	lr
74.881663	2147150098.00	
75.00268	2147150098.00	r
75.031661	2147150098.00	rr
75.141733	2147150098.00	l
75.361575	2147150098.00	lr
75.881779	2147150098.00	
76.001614	2147150098.00	r
76.031722	2147150098.00	rr
76.141768	2147150098.00	l
76.361718	2147150098.00	lr
76.882665	2147150098.00	
77.001595	2147150098.00	r
77.031768	2147150098.00	rr
77.141834	2147150098.00	l
77.361705	2147150098.00	lr
77.881702	2147150098.00	
78.001797	2147150098.00	r
78.041721	2147150098.00	rr
78.141558	2147150098.00	l
78.362607	2147150098.00	lr
78.881807	2147150098.00	
79.001546	2147150098.00	r
79.041657	2147150098.00	rr
79.141706	2147150098.00	l
79.361679	2147150098.00	lr
79.882276	2147150098.00	
80.001726	2147150098.00	r
80.04165	2147150098.00	rr
80.151818	2147150098.00	l
80.361703	2147150098.00	lr
80.891687	2147150098.00	
81.011778	2147150098.00	r
81.041781	2147150098.00	rr
81.151628	2147150098.00	l
81.371726	2147150098.00	lr
81.891747	2147150098.00	
82.011843	2147150098.00	r
82.042471	2147150098.00	rr
82.151721	2147150098.00	l
82.363006	2147150098.00	lr
82.891715	2147150098.00	
83.011562	2147150098.00	r
83.04165	2147150098.00	rr
83.151666	2147150098.00	l
83.371641	2147150098.00	lr
83.891733	2147150098.00	
84.011651	2147150098.00	r
84.041635	2147150098.00	rr
84.151704	2147150098.00	l
84.371651	2147150098.00	lr
84.89159	2147150098.00	
85.01174	2147150098.00	r
85.041746	2147150098.00	rr
85.152522	2147150098.00	l
85.371723	2147150098.00	lr
85.891648	2147150098.00	
86.011821	2147150098.00	r
86.042453	2147150098.00	rr
86.151628	2147150098.00	l
86.371637	2147150098.00	lr
86.891744	2147150098.00	
87.01158	2147150098.00	r
87.041743	2147150098.00	rr
87.151688	2147150098.00	l
87.371756	2147150098.00	lr
87.891669	2147150098.00	
88.011658	2147150098.00	r
88.04172	2147150098.00	rr
88.151564	2147150098.00	l
88.371796	2147150098.00	lr
88.891649	2147150098.00	
89.01174	2147150098.00	r
89.042059	2147150098.00	rr
89.151717	2147150098.00	l
89.373189	2147150098.00	lr
89.891774	2147150098.00	
90.02157	2147150098.00	r
90.051699	2147150098.00	rr
90.151669	2147150098.00	l
90.371704	2147150098.00	lr
90.891821	2147150098.00	
91.0216	2147150098.00	r
91.051633	2147150098.00	rr
91.161733	2147150098.00	l
91.371675	2147150098.00	lr
91.901526	2147150098.00	
92.021752	2147150098.00	r
92.051775	2147150098.00	rr
92.162115	2147150098.00	l
92.38178	2147150098.00	lr
92.901659	2147150098.00	
93.02176	2147150098.00	r
93.051764	2147150098.00	rr
93.161658	2147150098.00	l
93.382064	2147150098.00	lr
93.90169	2147150098.00	
94.022998	2147150098.00	r
94.051687	2147150098.00	rr
94.161666	2147150098.00	l
94.381632	2147150098.00	lr
94.901747	2147150098.00	
95.021612	2147150098.00	r
95.051718	2147150098.00	rr
95.16168	2147150098.00	l
95.381718	2147150098.00	lr
95.901537	2147150098.00	
96.02163	2147150098.00	r
96.051695	2147150098.00	rr
96.161906	2147150098.00	l
96.381694	2147150098.00	lr
96.901642	2147150098.00	
97.021707	2147150098.00	r
97.051724	2147150098.00	rr
97.161591	2147150098.00	l
97.381745	2147150098.00	lr
97.901649	2147150098.00	
98.022176	2147150098.00	r
98.06163	2147150098.00	rr
98.161688	2147150098.00	l
98.38168	2147150098.00	lr
98.901738	2147150098.00	
99.031618	2147150098.00	r
99.051754	2147150098.00	rr
99.161776	2147150098.00	l
99.381687	2147150098.00	lr
99.901623	2147150098.00	
100.031701	2147150098.00	r
100.061786	2147150098.00	rr
100.171569	2147150098.00	l
100.381708	2147150098.00	lr
100.901618	2147150098.00	
101.031777	2147150098.00	r
101.061754	2147150098.00	rr
101.171701	2147150098.00	l
101.392049	2147150098.00	lr
101.911737	2147150098.00	
102.032415	2147150098.00	r
102.061562	2147150098.00	rr
102.171688	2147150098.00	l
102.391661	2147150098.00	lr
102.911714	2147150098.00	
103.031648	2147150098.00	r
103.061657	2147150098.00	rr
103.171758	2147150098.00	l
103.391598	2147150098.00	lr
103.912207	2147150098.00	
104.03169	2147150098.00	r
104.061743	2147150098.00	rr
104.171704	2147150098.00	l
104.391736	2147150098.00	lr
104.911616	2147150098.00	
105.031769	2147150098.00	r
105.061662	2147150098.00	rr
105.172559	2147150098.00	l
105.391785	2147150098.00	lr
105.911569	2147150098.00	
106.031735	2147150098.00	r
106.061833	2147150098.00	rr
106.171684	2147150098.00	l
106.391805	2147150098.00	lr
106.911723	2147150098.00	
107.031943	2147150098.00	r
107.062978	2147150098.00	rr
107.171716	2147150098.00	l
107.391551	2147150098.00	lr
107.912743	2147150098.00	
108.03482	2147150098.00	r
108.065626	2147150098.00	rr
108.174632	2147150098.00	l
108.394611	2147150098.00	lr
108.914722	2147150098.00	
109.034661	2147150098.00	r
109.064574	2147150098.00	rr
109.174747	2147150098.00	l
109.39458	2147150098.00	lr
109.914723	2147150098.00	
110.034737	2147150098.00	r
110.074668	2147150098.00	rr
110.174687	2147150098.00	l
110.394628	2147150098.00	lr
110.915271	2147150098.00	
111.034737	2147150098.00	r
111.074707	2147150098.00	rr
111.184826	2147150098.00	l
111.39476	2147150098.00	lr
111.914616	2147150098.00	
112.044739	2147150098.00	r
112.074682	2147150098.00	rr
112.184679	2147150098.00	l
112.394823	2147150098.00	lr
112.924676	2147150098.00	
113.044758	2147150098.00	r
113.075157	2147150098.00	rr
113.184673	2147150098.00	l
113.395406	2147150098.00	lr
113.924764	2147150098.00	
114.044566	2147150098.00	r
114.074607	2147150098.00	rr
114.184612	2147150098.00	l
114.40457	2147150098.00	lr
114.924721	2147150098.00	
115.044623	2147150098.00	r
115.074722	2147150098.00	rr
115.184757	2147150098.00	l
115.404638	2147150098.00	lr
115.924574	2147150098.00	
116.044661	2147150098.00	r
116.074646	2147150098.00	rr
116.185584	2147150098.00	l
116.404749	2147150098.00	lr
116.924712	2147150098.00	
117.044803	2147150098.00	r
117.074858	2147150098.00	rr
117.184578	2147150098.00	l
117.405055	2147150098.00	lr
117.924736	2147150098.00	
118.045869	2147150098.00	r
118.074659	2147150098.00	rr
118.184728	2147150098.00	l
118.40462	2147150098.00	lr
118.925401	2147150098.00	
119.044695	2147150098.00	r
119.074767	2147150098.00	rr
119.184878	2147150098.00	l
119.404696	2147150098.00	lr
119.924662	2147150098.00	
120.054743	2147150098.00	r
120.084891	2147150098.00	rr
120.184636	2147150098.00	l
120.405651	2147150098.00	lr
120.934836	2147150098.00	
121.054573	2147150098.00	r
121.084667	2147150098.00	rr
121.194777	2147150098.00	l
121.404713	2147150098.00	lr
121.935065	2147150098.00	
122.054668	2147150098.00	r
122.084751	2147150098.00	rr
122.194833	2147150098.00	l
122.404759	2147150098.00	lr
122.934739	2147150098.00	
123.054758	2147150098.00	r
123.084688	2147150098.00	rr
123.194542	2147150098.00	l
123.404815	2147150098.00	lr
123.93467	2147150098.00	
124.054751	2147150098.00	r
124.084752	2147150098.00	rr
124.194598	2147150098.00	l
124.415595	2147150098.00	lr
124.934876	2147150098.00	
125.054554	2147150098.00	r
125.084587	2147150098.00	rr
125.194627	2147150098.00	l
125.41459	2147150098.00	lr
125.934782	2147150098.00	
126.054655	2147150098.00	r
126.084694	2147150098.00	rr
126.194693	2147150098.00	l
126.41472	2147150098.00	lr
126.934855	2147150098.00	
127.054669	2147150098.00	r
127.084714	2147150098.00	rr
127.194801	2147150098.00	l
127.414778	2147150098.00	lr
127.934648	2147150098.00	
128.054677	2147150098.00	r
128.084722	2147150098.00	rr
128.194557	2147150098.00	l
128.424736	2147150098.00	lr
128.944682	2147150098.00	
129.064789	2147150098.00	r
129.09541	2147150098.00	rr
129.194668	2147150098.00	l
129.4261	2147150098.00	lr
129.944753	2147150098.00	
130.054672	2147150098.00	r
130.09465	2147150098.00	rr
130.19466	2147150098.00	l
130.414659	2147150098.00	lr
130.944823	2147150098.00	
131.064653	2147150098.00	r
131.094719	2147150098.00	rr
131.20478	2147150098.00	l
131.424777	2147150098.00	lr
131.944812	2147150098.00	
132.064712	2147150098.00	r
132.094744	2147150098.00	rr
132.204749	2147150098.00	l
132.414745	2147150098.00	lr
132.945527	2147150098.00	
133.064605	2147150098.00	r
133.094617	2147150098.00	rr
133.204797	2147150098.00	l
133.414715	2147150098.00	lr
133.946129	2147150098.00	
134.064756	2147150098.00	r
134.094768	2147150098.00	rr
134.205117	2147150098.00	l
134.424704	2147150098.00	lr
134.944562	2147150098.00	
135.064804	2147150098.00	r
135.094744	2147150098.00	rr
135.20463	2147150098.00	l
135.42477	2147150098.00	lr
135.944696	2147150098.00	
136.065507	2147150098.00	r
136.094614	2147150098.00	rr
136.204691	2147150098.00	l
136.424643	2147150098.00	lr
136.944767	2147150098.00	
137.064691	2147150098.00	r
137.09471	2147150098.00	rr
137.204724	2147150098.00	l
137.424684	2147150098.00	lr
137.954592	2147150098.00	
138.064708	2147150098.00	r
138.094744	2147150098.00	rr
138.204872	2147150098.00	l
138.424763	2147150098.00	lr
138.954714	2147150098.00	
139.064781	2147150098.00	r
139.10474	2147150098.00	rr
139.204697	2147150098.00	l
139.424963	2147150098.00	lr
139.954782	2147150098.00	
140.074535	2147150098.00	r
140.104664	2147150098.00	rr
140.20463	2147150098.00	l
140.434656	2147150098.00	lr
140.955365	2147150098.00	
141.07463	2147150098.00	r
141.10465	2147150098.00	rr
141.204719	2147150098.00	l
141.434773	2147150098.00	lr
141.954632	2147150098.00	
142.074728	2147150098.00	r
142.10476	2147150098.00	rr
142.214566	2147150098.00	l
142.434915	2147150098.00	lr
142.954646	2147150098.00	
143.074808	2147150098.00	r
143.105323	2147150098.00	rr
143.214646	2147150098.00	l
143.435918	2147150098.00	lr
143.954689	2147150098.00	
144.07465	2147150098.00	r
144.104667	2147150098.00	rr
144.214717	2147150098.00	l
144.434689	2147150098.00	lr
144.954763	2147150098.00	
145.074693	2147150098.00	r
145.104736	2147150098.00	rr
145.214678	2147150098.00	l
145.434738	2147150098.00	lr
145.954621	2147150098.00	
146.074702	2147150098.00	r
146.104747	2147150098.00	rr
146.214586	2147150098.00	l
146.434821	2147150098.00	lr
146.964661	2147150098.00	
147.074825	2147150098.00	r
147.10571	2147150098.00	rr
147.214633	2147150098.00	l
147.436037	2147150098.00	lr
147.964758	2147150098.00	
148.084652	2147150098.00	r
148.104631	2147150098.00	rr
148.214655	2147150098.00	l
148.434551	2147150098.00	lr
148.964802	2147150098.00	
149.084668	2147150098.00	r
149.114722	2147150098.00	rr
149.214736	2147150098.00	l
149.434603	2147150098.00	lr
149.964589	2147150098.00	
150.084616	2147150098.00	r
150.114694	2147150098.00	rr
150.214849	2147150098.00	l
150.434702	2147150098.00	lr
150.968734	2147150098.00	
151.087671	2147150098.00	r
151.11775	2147150098.00	rr
151.217707	2147150098.00	l
151.437638	2147150098.00	lr
151.967577	2147150098.00	
152.087731	2147150098.00	r
152.11768	2147150098.00	rr
152.21756	2147150098.00	l
152.437705	2147150098.00	lr
152.967598	2147150098.00	
153.087777	2147150098.00	r
153.117716	2147150098.00	rr
153.227614	2147150098.00	l
153.437876	2147150098.00	lr
153.967639	2147150098.00	
154.088575	2147150098.00	r
154.117677	2147150098.00	rr
154.227714	2147150098.00	l
154.44765	2147150098.00	lr
154.967668	2147150098.00	
155.087624	2147150098.00	r
155.117709	2147150098.00	rr
155.227793	2147150098.00	l
155.447681	2147150098.00	lr
155.967739	2147150098.00	
156.087661	2147150098.00	r
156.117595	2147150098.00	rr
156.227825	2147150098.00	l
156.447647	2147150098.00	lr
156.967587	2147150098.00	
157.087681	2147150098.00	r
157.117771	2147150098.00	rr
157.228115	2147150098.00	l
157.447718	2147150098.00	lr
157.967627	2147150098.00	
158.087712	2147150098.00	r
158.117816	2147150098.00	rr
158.227696	2147150098.00	l
158.447851	2147150098.00	lr
158.969669	2147150098.00	
159.089687	2147150098.00	r
159.119772	2147150098.00	rr
159.22964	2147150098.00	l
159.449781	2147150098.00	lr
159.969696	2147150098.00	
160.089725	2147150098.00	r
160.120776	2147150098.00	rr
160.229704	2147150098.00	l
160.449573	2147150098.00	lr
160.969778	2147150098.00	
161.089625	2147150098.00	r
161.119705	2147150098.00	rr
161.229815	2147150098.00	l
161.449604	2147150098.00	lr
161.979556	2147150098.00	
162.099738	2147150098.00	r
162.129716	2147150098.00	rr
162.229941	2147150098.00	l
162.449777	2147150098.00	lr
162.979666	2147150098.00	
163.099709	2147150098.00	r
163.129924	2147150098.00	rr
163.239569	2147150098.00	l
163.449777	2147150098.00	lr
163.979773	2147150098.00	
164.10022	2147150098.00	r
164.129725	2147150098.00	rr
164.239717	2147150098.00	l
164.449535	2147150098.00	lr
164.979812	2147150098.00	
165.099653	2147150098.00	r
165.129722	2147150098.00	rr
165.239734	2147150098.00	l
165.449654	2147150098.00	lr
165.979831	2147150098.00	
166.099673	2147150098.00	r
166.129735	2147150098.00	rr
166.239803	2147150098.00	l
166.459718	2147150098.00	lr
166.97963	2147150098.00	
167.099696	2147150098.00	r
167.12976	2147150098.00	rr
167.239977	2147150098.00	l
167.459697	2147150098.00	lr
167.980554	2147150098.00	
168.10072	2147150098.00	r
168.130791	2147150098.00	rr
168.240601	2147150098.00	l
168.460763	2147150098.00	lr
168.98063	2147150098.00	
169.100761	2147150098.00	r
169.130925	2147150098.00	rr
169.24068	2147150098.00	l
169.461782	2147150098.00	lr
169.980647	2147150098.00	
170.100665	2147150098.00	r
170.130747	2147150098.00	rr
170.240694	2147150098.00	l
170.460697	2147150098.00	lr
170.980836	2147150098.00	
171.100704	2147150098.00	r
171.130785	2147150098.00	rr
171.240725	2147150098.00	l
171.46071	2147150098.00	lr
171.982072	2147150098.00	
172.110632	2147150098.00	r
172.140642	2147150098.00	rr
172.24108	2147150098.00	l
172.460656	2147150098.00	lr
172.99069	2147150098.00	
173.110682	2147150098.00	r
173.140696	2147150098.00	rr
173.240611	2147150098.00	l
173.460716	2147150098.00	lr
173.990642	2147150098.00	
174.110789	2147150098.00	r
174.141635	2147150098.00	rr
174.250669	2147150098.00	l
174.462063	2147150098.00	lr
174.990789	2147150098.00	
175.110581	2147150098.00	r
175.140569	2147150098.00	rr
175.250754	2147150098.00	l
175.460625	2147150098.00	lr
175.99074	2147150098.00	
176.110598	2147150098.00	r
176.140594	2147150098.00	rr
176.25077	2147150098.00	l
176.470663	2147150098.00	lr
176.991376	2147150098.00	
177.110677	2147150098.00	r
177.140677	2147150098.00	rr
177.251007	2147150098.00	l
177.470756	2147150098.00	lr
177.990663	2147150098.00	
178.110783	2147150098.00	r
178.140761	2147150098.00	rr
178.250569	2147150098.00	l
178.470826	2147150098.00	lr
178.990614	2147150098.00	
179.110804	2147150098.00	r
179.140658	2147150098.00	rr
179.250629	2147150098.00	l
179.470536	2147150098.00	lr
179.990724	2147150098.00	
180.120681	2147150098.00	r
180.140678	2147150098.00	rr
180.250686	2147150098.00	l
180.470653	2147150098.00	lr
180.990561	2147150098.00	
181.120633	2147150098.00	r
181.150779	2147150098.00	rr
181.250977	2147150098.00	l
181.470779	2147150098.00	lr
182.000637	2147150098.00	
182.120757	2147150098.00	r
182.150947	2147150098.00	rr
182.250674	2147150098.00	l
182.470837	2147150098.00	lr
183.000768	2147150098.00	
183.12131	2147150098.00	r
183.140655	2147150098.00	rr
183.250745	2147150098.00	l
183.47066	2147150098.00	lr
184.000734	2147150098.00	
184.120652	2147150098.00	r
184.150645	2147150098.00	rr
184.260735	2147150098.00	l
184.470606	2147150098.00	lr
185.000833	2147150098.00	
185.120658	2147150098.00	r
185.150668	2147150098.00	rr
185.260773	2147150098.00	l
185.470689	2147150098.00	lr
186.000587	2147150098.00	
186.12067	2147150098.00	r
186.150703	2147150098.00	rr
186.262035	2147150098.00	l
186.480719	2147150098.00	lr
187.000737	2147150098.00	
187.120734	2147150098.00	r
187.151175	2147150098.00	rr
187.260601	2147150098.00	l
187.482201	2147150098.00	lr
188.000721	2147150098.00	
188.131764	2147150098.00	r
188.150665	2147150098.00	rr
188.26069	2147150098.00	l
188.480563	2147150098.00	lr
189.000743	2147150098.00	
189.130699	2147150098.00	r
189.150608	2147150098.00	rr
189.260641	2147150098.00	l
189.480664	2147150098.00	lr
190.000675	2147150098.00	
190.13071	2147150098.00	r
190.150598	2147150098.00	rr
190.260711	2147150098.00	l
190.480605	2147150098.00	lr
191.000803	2147150098.00	
191.130659	2147150098.00	r
191.150608	2147150098.00	rr
191.260624	2147150098.00	l
191.480662	2147150098.00	lr
192.010701	2147150098.00	
192.130698	2147150098.00	r
192.150589	2147150098.00	rr
192.260698	2147150098.00	l
192.480654	2147150098.00	lr
193.010818	2147150098.00	
193.130655	2147150098.00	r
193.160687	2147150098.00	rr
193.270736	2147150098.00	l
193.480756	2147150098.00	lr
194.011766	2147150098.00	
194.130793	2147150098.00	r
194.160659	2147150098.00	rr
194.270782	2147150098.00	l
194.480774	2147150098.00	lr
195.010637	2147150098.00	
195.130769	2147150098.00	r
195.160744	2147150098.00	rr
195.271441	2147150098.00	l
195.480643	2147150098.00	lr
196.010644	2147150098.00	
196.13076	2147150098.00	r
196.160721	2147150098.00	rr
196.270602	2147150098.00	l
196.490735	2147150098.00	lr
197.010757	2147150098.00	
197.130958	2147150098.00	r
197.16052	2147150098.00	rr
197.270709	2147150098.00	l
197.490609	2147150098.00	lr
198.010768	2147150098.00	
198.130717	2147150098.00	r
198.16068	2147150098.00	rr
198.270715	2147150098.00	l
198.490734	2147150098.00	lr
199.012036	2147150098.00	
199.130728	2147150098.00	r
199.160766	2147150098.00	rr
199.271354	2147150098.00	l
199.490748	2147150098.00	lr
200.010724	2147150098.00	
200.140705	2147150098.00	r
200.160773	2147150098.00	rr
200.270598	2147150098.00	l
200.491379	2147150098.00	lr
201.01077	2147150098.00	
201.141757	2147150098.00	r
201.160672	2147150098.00	rr
201.27069	2147150098.00	l
201.490623	2147150098.00	lr
202.020839	2147150098.00	
202.140683	2147150098.00	r
202.17072	2147150098.00	rr
202.270688	2147150098.00	l
202.490618	2147150098.00	lr
203.021072	2147150098.00	
203.140674	2147150098.00	r
203.17068	2147150098.00	rr
203.270802	2147150098.00	l
203.490702	2147150098.00	lr
204.020602	2147150098.00	
204.140694	2147150098.00	r
204.170734	2147150098.00	rr
204.280561	2147150098.00	l
204.490756	2147150098.00	lr
205.02064	2147150098.00	
205.140903	2147150098.00	r
205.170525	2147150098.00	rr
205.280701	2147150098.00	l
205.500526	2147150098.00	lr
206.02075	2147150098.00	
206.140609	2147150098.00	r
206.170575	2147150098.00	rr
206.280758	2147150098.00	l
206.500719	2147150098.00	lr
207.020869	2147150098.00	
207.140667	2147150098.00	r
207.170753	2147150098.00	rr
207.280741	2147150098.00	l
207.500601	2147150098.00	lr
208.021638	2147150098.00	
208.140663	2147150098.00	r
208.170772	2147150098.00	rr
208.281193	2147150098.00	l
208.500683	2147150098.00	lr
209.030616	2147150098.00	
209.140694	2147150098.00	r
209.170783	2147150098.00	rr
209.28067	2147150098.00	l
209.500807	2147150098.00	lr
210.030699	2147150098.00	
210.152012	2147150098.00	r
210.170603	2147150098.00	rr
210.280664	2147150098.00	l
210.500632	2147150098.00	lr
211.030737	2147150098.00	
211.150625	2147150098.00	r
211.180691	2147150098.00	rr
211.280771	2147150098.00	l
211.500625	2147150098.00	lr
212.030564	2147150098.00	
212.150717	2147150098.00	r
212.180643	2147150098.00	rr
212.291016	2147150098.00	l
212.500813	2147150098.00	lr
213.030629	2147150098.00	
213.150788	2147150098.00	r
213.180677	2147150098.00	rr
213.290543	2147150098.00	l
213.500818	2147150098.00	lr
214.030612	2147150098.00	
214.150704	2147150098.00	r
214.181242	2147150098.00	rr
214.290651	2147150098.00	l
214.511893	2147150098.00	lr
215.030731	2147150098.00	
215.150548	2147150098.00	r
215.180632	2147150098.00	rr
215.290732	2147150098.00	l
215.510671	2147150098.00	lr
216.030719	2147150098.00	
216.15062	2147150098.00	r
216.180709	2147150098.00	rr
216.29068	2147150098.00	l
216.50073	2147150098.00	lr
217.030823	2147150098.00	
217.150668	2147150098.00	r
217.180748	2147150098.00	rr
217.290702	2147150098.00	l
217.510646	2147150098.00	lr
218.031495	2147150098.00	
218.150703	2147150098.00	r
218.180772	2147150098.00	rr
218.290825	2147150098.00	l
218.510682	2147150098.00	lr
219.030593	2147150098.00	
219.160662	2147150098.00	r
219.180701	2147150098.00	rr
219.292857	2147150098.00	l
219.512739	2147150098.00	lr
220.032561	2147150098.00	
220.152637	2147150098.00	r
220.182678	2147150098.00	rr
220.292528	2147150098.00	l
220.512839	2147150098.00	lr
221.03269	2147150098.00	
221.162848	2147150098.00	r
221.183102	2147150098.00	rr
221.292651	2147150098.00	l
221.514013	2147150098.00	lr
222.042742	2147150098.00	
222.162666	2147150098.00	r
222.182618	2147150098.00	rr
222.29277	2147150098.00	l
222.512709	2147150098.00	lr
223.042843	2147150098.00	
223.162612	2147150098.00	r
223.18263	2147150098.00	rr
223.292672	2147150098.00	l
223.512741	2147150098.00	lr
224.043914	2147150098.00	
224.162689	2147150098.00	r
224.182767	2147150098.00	rr
224.302967	2147150098.00	l
224.512635	2147150098.00	lr
225.042603	2147150098.00	
225.162744	2147150098.00	r
225.192694	2147150098.00	rr
225.302586	2147150098.00	l
225.512818	2147150098.00	lr
226.042726	2147150098.00	
226.16277	2147150098.00	r
226.194144	2147150098.00	rr
226.302676	2147150098.00	l
226.512596	2147150098.00	lr
227.042687	2147150098.00	
227.162535	2147150098.00	r
227.192594	2147150098.00	rr
227.302723	2147150098.00	l
227.512623	2147150098.00	lr
228.043898	2147150098.00	
228.163661	2147150098.00	r
228.193742	2147150098.00	rr
228.303747	2147150098.00	l
228.513634	2147150098.00	lr
229.04366	2147150098.00	
229.163737	2147150098.00	r
229.193839	2147150098.00	rr
229.303661	2147150098.00	l
229.523935	2147150098.00	lr
230.043714	2147150098.00	
230.173759	2147150098.00	r
230.194503	2147150098.00	rr
230.303609	2147150098.00	l
230.523754	2147150098.00	lr
231.043704	2147150098.00	
231.173661	2147150098.00	r
231.193617	2147150098.00	rr
231.303732	2147150098.00	l
231.52368	2147150098.00	lr
232.043818	2147150098.00	
232.173659	2147150098.00	r
232.193633	2147150098.00	rr
232.303758	2147150098.00	l
232.523768	2147150098.00	lr
233.054902	2147150098.00	
233.173749	2147150098.00	r
233.20371	2147150098.00	rr
233.313804	2147150098.00	l
233.52387	2147150098.00	lr
234.05364	2147150098.00	
234.173733	2147150098.00	r
234.203674	2147150098.00	rr
234.313602	2147150098.00	l
234.523886	2147150098.00	lr
235.053573	2147150098.00	
235.173747	2147150098.00	r
235.203839	2147150098.00	rr
235.313635	2147150098.00	l
235.523832	2147150098.00	lr
236.053702	2147150098.00	
236.174619	2147150098.00	r
236.203612	2147150098.00	rr
236.313719	2147150098.00	l
236.523632	2147150098.00	lr
237.053766	2147150098.00	
237.1736	2147150098.00	r
237.203608	2147150098.00	rr
237.313719	2147150098.00	l
237.533611	2147150098.00	lr
238.053822	2147150098.00	
238.173645	2147150098.00	r
238.203739	2147150098.00	rr
238.313718	2147150098.00	l
238.533734	2147150098.00	lr
239.053647	2147150098.00	
239.173701	2147150098.00	r
239.203766	2147150098.00	rr
239.313665	2147150098.00	l
239.53371	2147150098.00	lr
240.053673	2147150098.00	
240.173842	2147150098.00	r
240.203636	2147150098.00	rr
240.313733	2147150098.00	l
240.533594	2147150098.00	lr
241.053798	2147150098.00	
241.183607	2147150098.00	r
241.203729	2147150098.00	rr
241.313702	2147150098.00	l
241.53365	2147150098.00	lr
242.064852	2147150098.00	
242.18371	2147150098.00	r
242.21366	2147150098.00	rr
242.313806	2147150098.00	l
242.533744	2147150098.00	lr
243.063562	2147150098.00	
243.183689	2147150098.00	r
243.213787	2147150098.00	rr
243.323605	2147150098.00	l
243.533782	2147150098.00	lr
244.063666	2147150098.00	
244.183789	2147150098.00	r
244.215038	2147150098.00	rr
244.323732	2147150098.00	l
244.533639	2147150098.00	lr
245.063787	2147150098.00	
245.183634	2147150098.00	r
245.21356	2147150098.00	rr
245.323804	2147150098.00	l
245.533621	2147150098.00	lr
246.063713	2147150098.00	
246.183673	2147150098.00	r
246.213596	2147150098.00	rr
246.323829	2147150098.00	l
246.543703	2147150098.00	lr
247.063624	2147150098.00	
247.183716	2147150098.00	r
247.213646	2147150098.00	rr
247.324497	2147150098.00	l
247.543752	2147150098.00	lr
248.063722	2147150098.00	
248.183672	2147150098.00	r
248.213766	2147150098.00	rr
248.323783	2147150098.00	l
248.54433	2147150098.00	lr
249.063786	2147150098.00	
249.184951	2147150098.00	r
249.213625	2147150098.00	rr
249.323811	2147150098.00	l
249.54357	2147150098.00	lr
250.06379	2147150098.00	
250.193636	2147150098.00	r
250.213608	2147150098.00	rr
250.32385	2147150098.00	l
250.543624	2147150098.00	lr
251.064865	2147150098.00	
251.193637	2147150098.00	r
251.213624	2147150098.00	rr
251.323872	2147150098.00	l
251.543751	2147150098.00	lr
252.073599	2147150098.00	
252.193697	2147150098.00	r
252.213826	2147150098.00	rr
252.323714	2147150098.00	l
252.543881	2147150098.00	lr
253.073697	2147150098.00	
253.194764	2147150098.00	r
253.223643	2147150098.00	rr
253.333765	2147150098.00	l
253.543692	2147150098.00	lr
254.073815	2147150098.00	
254.193651	2147150098.00	r
254.223729	2147150098.00	rr
254.333837	2147150098.00	l
254.543654	2147150098.00	lr
255.073645	2147150098.00	
255.193794	2147150098.00	r
255.223884	2147150098.00	rr
255.333669	2147150098.00	l
255.543827	2147150098.00	lr
256.073679	2147150098.00	
256.194926	2147150098.00	r
256.223784	2147150098.00	rr
256.333624	2147150098.00	l
256.553597	2147150098.00	lr
257.073912	2147150098.00	
257.193714	2147150098.00	r
257.223784	2147150098.00	rr
257.333768	2147150098.00	l
257.553693	2147150098.00	lr
258.073581	2147150098.00	
258.203773	2147150098.00	r
258.223849	2147150098.00	rr
258.333639	2147150098.00	l
258.553854	2147150098.00	lr
259.073739	2147150098.00	
259.203535	2147150098.00	r
259.223768	2147150098.00	rr
259.333626	2147150098.00	l
259.553593	2147150098.00	lr
260.073725	2147150098.00	
260.203698	2147150098.00	r
260.223815	2147150098.00	rr
260.333774	2147150098.00	l
260.553692	2147150098.00	lr
261.084799	2147150098.00	
261.203602	2147150098.00	r
261.223837	2147150098.00	rr
261.333853	2147150098.00	l
261.553745	2147150098.00	lr
262.083672	2147150098.00	
262.203732	2147150098.00	r
262.233734	2147150098.00	rr
262.345094	2147150098.00	l
262.553802	2147150098.00	lr
263.083645	2147150098.00	
263.203726	2147150098.00	r
263.234667	2147150098.00	rr
263.343659	2147150098.00	l
263.55508	2147150098.00	lr
264.08369	2147150098.00	
264.203567	2147150098.00	r
264.23359	2147150098.00	rr
264.343765	2147150098.00	l
264.553662	2147150098.00	lr
265.083854	2147150098.00	
265.203685	2147150098.00	r
265.233676	2147150098.00	rr
265.34369	2147150098.00	l
265.563656	2147150098.00	lr
266.083546	2147150098.00	
266.203608	2147150098.00	r
266.233768	2147150098.00	rr
266.344507	2147150098.00	l
266.563698	2147150098.00	lr
267.083607	2147150098.00	
267.213817	2147150098.00	r
267.233695	2147150098.00	rr
267.343616	2147150098.00	l
267.563789	2147150098.00	lr
268.083743	2147150098.00	
268.213825	2147150098.00	r
268.23439	2147150098.00	rr
268.343626	2147150098.00	l
268.563553	2147150098.00	lr
269.093748	2147150098.00	
269.213585	2147150098.00	r
269.233601	2147150098.00	rr
269.343757	2147150098.00	l
269.563666	2147150098.00	lr
270.09387	2147150098.00	
270.213716	2147150098.00	r
270.233724	2147150098.00	rr
270.343787	2147150098.00	l
270.563725	2147150098.00	lr
271.093661	2147150098.00	
271.213715	2147150098.00	r
271.243699	2147150098.00	rr
271.35361	2147150098.00	l
271.563779	2147150098.00	lr
272.093616	2147150098.00	
272.213846	2147150098.00	r
272.245139	2147150098.00	rr
272.353688	2147150098.00	l
272.563564	2147150098.00	lr
273.093785	2147150098.00	
273.21367	2147150098.00	r
273.243677	2147150098.00	rr
273.353778	2147150098.00	l
273.563593	2147150098.00	lr
274.093812	2147150098.00	
274.213717	2147150098.00	r
274.243713	2147150098.00	rr
274.353705	2147150098.00	l
274.573724	2147150098.00	lr
275.093609	2147150098.00	
275.213746	2147150098.00	r
275.243642	2147150098.00	rr
275.354054	2147150098.00	l
275.573746	2147150098.00	lr
276.093635	2147150098.00	
276.223686	2147150098.00	r
276.243725	2147150098.00	rr
276.353582	2147150098.00	l
276.573736	2147150098.00	lr
277.093727	2147150098.00	
277.223826	2147150098.00	r
277.244628	2147150098.00	rr
277.353723	2147150098.00	l
277.573522	2147150098.00	lr
278.103683	2147150098.00	
278.223626	2147150098.00	r
278.243584	2147150098.00	rr
278.353745	2147150098.00	l
278.573667	2147150098.00	lr
279.103713	2147150098.00	
279.223811	2147150098.00	r
279.243687	2147150098.00	rr
279.353684	2147150098.00	l
279.573637	2147150098.00	lr
280.10474	2147150098.00	
280.223738	2147150098.00	r
280.253766	2147150098.00	rr
280.353801	2147150098.00	l
280.573704	2147150098.00	lr
281.103705	2147150098.00	
281.223832	2147150098.00	r
281.243853	2147150098.00	rr
281.363615	2147150098.00	l
281.573843	2147150098.00	lr
282.103641	2147150098.00	
282.224146	2147150098.00	r
282.253656	2147150098.00	rr
282.353719	2147150098.00	l
282.573665	2147150098.00	lr
283.103763	2147150098.00	
283.223608	2147150098.00	r
283.253633	2147150098.00	rr
283.363713	2147150098.00	l
283.573589	2147150098.00	lr
284.103917	2147150098.00	
284.223804	2147150098.00	r
284.25368	2147150098.00	rr
284.363806	2147150098.00	l
284.573717	2147150098.00	lr
285.103532	2147150098.00	
285.223662	2147150098.00	r
285.253765	2147150098.00	rr
285.363767	2147150098.00	l
285.583643	2147150098.00	lr
286.103653	2147150098.00	
286.223843	2147150098.00	r
286.253811	2147150098.00	rr
286.363615	2147150098.00	l
286.583732	2147150098.00	lr
287.113702	2147150098.00	
287.233866	2147150098.00	r
287.254839	2147150098.00	rr
287.363671	2147150098.00	l
287.585749	2147150098.00	lr
288.11472	2147150098.00	
288.234602	2147150098.00	r
288.254565	2147150098.00	rr
288.364654	2147150098.00	l
288.584656	2147150098.00	lr
289.114796	2147150098.00	
289.234702	2147150098.00	r
289.254671	2147150098.00	rr
289.364775	2147150098.00	l
289.584622	2147150098.00	lr
290.116121	2147150098.00	
290.234712	2147150098.00	r
290.254745	2147150098.00	rr
290.364858	2147150098.00	l
290.584796	2147150098.00	lr
291.114701	2147150098.00	
291.234784	2147150098.00	r
291.26474	2147150098.00	rr
291.364591	2147150098.00	l
291.584728	2147150098.00	lr
292.114711	2147150098.00	
292.23483	2147150098.00	r
292.264997	2147150098.00	rr
292.374646	2147150098.00	l
292.585737	2147150098.00	lr
293.114677	2147150098.00	
293.234574	2147150098.00	r
293.264653	2147150098.00	rr
293.374665	2147150098.00	l
293.584633	2147150098.00	lr
294.114714	2147150098.00	
294.234634	2147150098.00	r
294.264727	2147150098.00	rr
294.374745	2147150098.00	l
294.584698	2147150098.00	lr
295.125881	2147150098.00	
295.234689	2147150098.00	r
295.264638	2147150098.00	rr
295.374841	2147150098.00	l
295.59476	2147150098.00	lr
296.124536	2147150098.00	
296.244612	2147150098.00	r
296.264774	2147150098.00	rr
296.375278	2147150098.00	l
296.594692	2147150098.00	lr
297.12466	2147150098.00	
297.244874	2147150098.00	r
297.265663	2147150098.00	rr
297.374611	2147150098.00	l
297.594547	2147150098.00	lr
298.124689	2147150098.00	
298.244682	2147150098.00	r
298.264727	2147150098.00	rr
298.374764	2147150098.00	l
298.594697	2147150098.00	lr
299.126041	2147150098.00	
299.244616	2147150098.00	r
299.264635	2147150098.00	rr
299.374715	2147150098.00	l
299.594691	2147150098.00	lr
300.124606	2147150098.00	
300.244678	2147150098.00	r
300.264812	2147150098.00	rr
300.374584	2147150098.00	l
300.59476	2147150098.00	lr
301.124663	2147150098.00	
301.244779	2147150098.00	r
301.264752	2147150098.00	rr
301.374632	2147150098.00	l
301.595175	2147150098.00	lr
302.124748	2147150098.00	
302.245424	2147150098.00	r
302.264519	2147150098.00	rr
302.37467	2147150098.00	l
302.594534	2147150098.00	lr
303.124783	2147150098.00	
303.244569	2147150098.00	r
303.274661	2147150098.00	rr
303.384706	2147150098.00	l
