0.012323	2147150098.00	
0.312062	2147150098.00	l
0.502205	2147150098.00	lr
0.593183	2147150098.00	rr
0.812175	2147150098.00	r
1.01213	2147150098.00	
1.282122	2147150098.00	l
1.502857	2147150098.00	lr
1.592212	2147150098.00	rr
1.812702	2147150098.00	r
2.012138	2147150098.00	
2.622153	2147150098.00	l
2.902077	2147150098.00	rr
2.902171	2147150098.00	lr
2.912206	2147150098.00	r
3.012213	2147150098.00	
3.282106	2147150098.00	l
3.502085	7114.00	lr
3.763403	2147150098.00	rr
3.912165	2147150098.00	r
4.012317	2147150098.00	
4.282311	2147150098.00	l
4.502193	2147150098.00	lr
4.772181	2147150098.00	rr
4.912258	2147150098.00	r
5.012044	2147150098.00	
5.282219	2147150098.00	l
5.502158	2147150098.00	lr
5.772199	2147150098.00	rr
5.913273	2147150098.00	r
6.013061	2147150098.00	
6.284301	2147150098.00	l
6.505258	2147150098.00	lr
6.770073	2147150098.00	rr
6.911167	2147150098.00	r
7.021331	2147150098.00	
7.281282	2147150098.00	l
7.511145	2147150098.00	lr
7.7711	2147150098.00	rr
7.911289	2147150098.00	r
8.021204	2147150098.00	
8.281257	2147150098.00	l
8.511242	2147150098.00	lr
8.77116	2147150098.00	rr
8.911728	2147150098.00	r
9.021247	2147150098.00	
9.291185	2147150098.00	l
9.511289	2147150098.00	lr
9.771239	2147150098.00	rr
9.911144	2147150098.00	r
10.021286	2147150098.00	
10.291176	2147150098.00	l
10.512069	2147150098.00	lr
10.771227	2147150098.00	rr
10.911141	2147150098.00	r
11.02131	2147150098.00	
11.291159	2147150098.00	l
11.511106	2147150098.00	lr
11.772623	2147150098.00	rr
11.921202	2147150098.00	r
12.021312	2147150098.00	
12.291315	2147150098.00	l
12.511222	2147150098.00	lr
12.771101	2147150098.00	rr
12.921356	2147150098.00	r
13.021223	2147150098.00	
13.291141	2147150098.00	l
13.511298	2147150098.00	lr
13.781221	2147150098.00	rr
13.921264	2147150098.00	r
14.021215	2147150098.00	
14.291077	2147150098.00	l
14.511054	2147150098.00	lr
14.78124	2147150098.00	rr
14.921262	2147150098.00	r
15.031193	2147150098.00	
15.291121	2147150098.00	l
15.511214	2147150098.00	lr
15.781161	2147150098.00	rr
15.921218	2147150098.00	r
16.031504	2147150098.00	
16.291236	2147150098.00	l
16.521206	2147150098.00	lr
16.781141	2147150098.00	rr
16.921299	2147150098.00	r
17.031094	2147150098.00	
17.292476	2147150098.00	l
17.521319	2147150098.00	lr
17.781146	2147150098.00	rr
17.921174	2147150098.00	r
18.031215	2147150098.00	
18.291052	2147150098.00	l
18.521432	2147150098.00	lr
18.781198	2147150098.00	rr
18.921225	2147150098.00	r
19.031224	2147150098.00	
19.301148	2147150098.00	l
19.521163	2147150098.00	lr
19.781314	2147150098.00	rr
19.921201	2147150098.00	r
20.031176	2147150098.00	
20.301139	2147150098.00	l
20.521167	2147150098.00	lr
20.781082	2147150098.00	rr
20.921308	2147150098.00	r
21.031382	2147150098.00	
21.301259	2147150098.00	l
21.521331	2147150098.00	lr
21.785779	2147150098.00	rr
21.927142	2147150098.00	r
22.037172	2147150098.00	
22.297236	2147150098.00	l
22.527158	2147150098.00	lr
22.788179	2147150098.00	rr
22.927255	2147150098.00	r
23.037336	2147150098.00	
23.30723	2147150098.00	l
23.527172	2147150098.00	lr
23.787057	2147150098.00	rr
23.927292	2147150098.00	r
24.038633	2147150098.00	
24.307499	2147150098.00	l
24.527155	2147150098.00	lr
24.797107	2147150098.00	rr
24.927428	2147150098.00	r
25.037208	2147150098.00	
25.307113	2147150098.00	l
25.527315	2147150098.00	lr
25.797176	2147150098.00	rr
25.927113	2147150098.00	r
26.037114	2147150098.00	
26.307186	2147150098.00	l
26.528435	2147150098.00	lr
26.797267	2147150098.00	rr
26.937217	2147150098.00	r
27.037266	2147150098.00	
27.307113	2147150098.00	l
27.527136	2147150098.00	lr
27.78923	2147150098.00	rr
27.929193	2147150098.00	r
28.039211	2147150098.00	
28.311183	2147150098.00	l
28.53318	2147150098.00	lr
28.793281	2147150098.00	rr
28.937233	2147150098.00	r
29.047122	2147150098.00	
29.31122	2147150098.00	l
29.531065	2147150098.00	lr
29.802619	2147150098.00	rr
29.931135	2147150098.00	r
30.041258	2147150098.00	
30.311237	2147150098.00	l
30.531241	2147150098.00	lr
30.801163	2147150098.00	rr
30.941219	2147150098.00	r
31.041022	2147150098.00	
31.311358	2147150098.00	l
31.531277	2147150098.00	lr
31.801161	2147150098.00	rr
31.941926	2147150098.00	r
32.041144	2147150098.00	
32.311066	2147150098.00	l
32.531349	2147150098.00	lr
32.801242	2147150098.00	rr
32.94106	2147150098.00	r
33.0512	2147150098.00	
33.311112	2147150098.00	l
33.531055	2147150098.00	lr
33.801487	2147150098.00	rr
33.941127	2147150098.00	r
34.051202	2147150098.00	
34.31126	2147150098.00	l
34.541142	2147150098.00	lr
34.801105	2147150098.00	rr
34.941157	2147150098.00	r
35.051901	2147150098.00	
35.311282	2147150098.00	l
35.541213	2147150098.00	lr
35.808253	2147150098.00	rr
35.937155	2147150098.00	r
36.047338	2147150098.00	
36.317354	2147150098.00	l
36.537175	2147150098.00	lr
36.807179	2147150098.00	rr
36.94731	2147150098.00	r
37.047094	2147150098.00	
37.31711	2147150098.00	l
37.537226	2147150098.00	lr
37.807142	2147150098.00	rr
37.947173	2147150098.00	r
38.057192	2147150098.00	
38.317289	2147150098.00	l
38.538316	2147150098.00	lr
38.807305	2147150098.00	rr
38.947211	2147150098.00	r
39.057305	2147150098.00	
39.31726	2147150098.00	l
39.537109	2147150098.00	lr
39.807112	2147150098.00	rr
39.9472	2147150098.00	r
40.057274	2147150098.00	
40.317252	2147150098.00	l
40.537148	2147150098.00	lr
40.807152	2147150098.00	rr
40.94727	2147150098.00	r
41.057068	2147150098.00	
41.317367	2147150098.00	l
41.547203	2147150098.00	lr
41.807203	2147150098.00	rr
41.947399	2147150098.00	r
42.057126	2147150098.00	
42.327148	2147150098.00	l
42.547239	2147150098.00	lr
42.807171	2147150098.00	rr
42.947129	2147150098.00	r
43.057254	2147150098.00	
43.327206	2147150098.00	l
43.547125	2147150098.00	lr
43.807357	2147150098.00	rr
43.947201	2147150098.00	r
44.057271	2147150098.00	
44.327176	2147150098.00	l
44.547112	2147150098.00	lr
44.807035	2147150098.00	rr
44.947231	2147150098.00	r
45.057692	2147150098.00	
45.327234	2147150098.00	l
45.547212	2147150098.00	lr
45.81717	2147150098.00	rr
45.947305	2147150098.00	r
46.057108	2147150098.00	
46.328192	2147150098.00	l
46.547279	2147150098.00	lr
46.81716	2147150098.00	rr
46.948275	2147150098.00	r
47.057165	2147150098.00	
47.327116	2147150098.00	l
47.547923	2147150098.00	lr
47.817269	2147150098.00	rr
47.957205	2147150098.00	r
48.067187	2147150098.00	
48.32715	2147150098.00	l
48.547081	2147150098.00	lr
48.817242	2147150098.00	rr
48.957261	2147150098.00	r
49.067542	2147150098.00	
49.3273	2147150098.00	l
49.54722	2147150098.00	lr
49.817231	2147150098.00	rr
49.957251	2147150098.00	r
50.067039	2147150098.00	
50.327728	2147150098.00	l
50.547225	2147150098.00	lr
50.817343	2147150098.00	rr
50.958597	2147150098.00	r
51.067154	2147150098.00	
51.327066	2147150098.00	l
51.55759	2147150098.00	lr
51.817402	2147150098.00	rr
51.957048	2147150098.00	r
52.067255	2147150098.00	
52.337111	2147150098.00	l
52.557118	2147150098.00	lr
52.817585	2147150098.00	rr
52.957181	2147150098.00	r
53.067197	2147150098.00	
53.337282	2147150098.00	l
53.557123	2147150098.00	lr
53.817193	2147150098.00	rr
53.957256	2147150098.00	r
54.068139	2147150098.00	
54.337315	2147150098.00	l
54.557243	2147150098.00	lr
54.817305	2147150098.00	rr
54.95793	2147150098.00	r
55.06719	2147150098.00	
55.337107	2147150098.00	l
55.557992	2147150098.00	lr
55.827241	2147150098.00	rr
55.967205	2147150098.00	r
56.06725	2147150098.00	
56.337203	2147150098.00	l
56.557183	2147150098.00	lr
56.827156	2147150098.00	rr
56.967238	2147150098.00	r
57.078386	2147150098.00	
57.337346	2147150098.00	l
57.557214	2147150098.00	lr
57.827172	2147150098.00	rr
57.967378	2147150098.00	r
58.077188	2147150098.00	
58.337176	2147150098.00	l
58.557336	2147150098.00	lr
58.8273	2147150098.00	rr
58.967112	2147150098.00	r
59.077284	2147150098.00	
59.337179	2147150098.00	l
59.557083	2147150098.00	lr
59.828364	2147150098.00	rr
59.967202	2147150098.00	r
60.077274	2147150098.00	
60.337207	2147150098.00	l
60.557163	2147150098.00	lr
60.827114	2147150098.00	rr
60.967359	2147150098.00	r
61.077121	2147150098.00	
61.337094	2147150098.00	l
61.557241	2147150098.00	lr
61.82718	2147150098.00	rr
61.967169	2147150098.00	r
62.077158	2147150098.00	
62.347223	2147150098.00	l
62.568634	2147150098.00	lr
62.827226	2147150098.00	rr
62.967201	2147150098.00	r
63.07725	2147150098.00	
63.347212	2147150098.00	l
63.567109	2147150098.00	lr
63.827087	2147150098.00	rr
63.96716	2147150098.00	r
64.077343	2147150098.00	
64.347288	2147150098.00	l
64.567138	2147150098.00	lr
64.82716	2147150098.00	rr
64.977358	2147150098.00	r
65.077097	2147150098.00	
65.347052	2147150098.00	l
65.567195	2147150098.00	lr
65.827189	2147150098.00	rr
65.977098	2147150098.00	r
66.077197	2147150098.00	
66.347053	2147150098.00	l
66.567319	2147150098.00	lr
66.837197	2147150098.00	rr
66.977198	2147150098.00	r
67.087283	2147150098.00	
67.347108	2147150098.00	l
67.567049	2147150098.00	lr
67.838106	2147150098.00	rr
67.977135	2147150098.00	r
68.087228	2147150098.00	
68.347187	2147150098.00	l
68.567098	2147150098.00	lr
68.837095	2147150098.00	rr
68.977193	2147150098.00	r
69.087054	2147150098.00	
69.347395	2147150098.00	l
69.577245	2147150098.00	lr
69.837121	2147150098.00	rr
69.977362	2147150098.00	r
70.087197	2147150098.00	
70.347049	2147150098.00	l
70.577212	2147150098.00	lr
70.837157	2147150098.00	rr
70.97709	2147150098.00	r
71.087182	2147150098.00	
71.357118	2147150098.00	l
71.577344	2147150098.00	lr
71.837167	2147150098.00	rr
71.977149	2147150098.00	r
72.087182	2147150098.00	
72.357206	2147150098.00	l
72.577065	2147150098.00	lr
72.837374	2147150098.00	rr
72.977133	2147150098.00	r
73.08723	2147150098.00	
73.357241	2147150098.00	l
73.577179	2147150098.00	lr
73.837097	2147150098.00	rr
73.97722	2147150098.00	r
74.087233	2147150098.00	
74.357241	2147150098.00	l
74.577182	2147150098.00	lr
74.847104	2147150098.00	rr
74.987235	2147150098.00	r
75.087034	2147150098.00	
75.357298	2147150098.00	l
75.577162	2147150098.00	lr
75.847127	2147150098.00	rr
75.987491	2147150098.00	r
76.097148	2147150098.00	
76.357192	2147150098.00	l
76.577215	2147150098.00	lr
76.847218	2147150098.00	rr
76.987191	2147150098.00	r
77.09722	2147150098.00	
77.357084	2147150098.00	l
77.578319	2147150098.00	lr
77.847341	2147150098.00	rr
77.987163	2147150098.00	r
78.097267	2147150098.00	
78.357231	2147150098.00	l
78.587128	2147150098.00	lr
78.847151	2147150098.00	rr
78.98722	2147150098.00	r
79.097309	2147150098.00	
79.357309	2147150098.00	l
79.587142	2147150098.00	lr
79.847105	2147150098.00	rr
79.98719	2147150098.00	r
80.098418	2147150098.00	
80.367309	2147150098.00	l
80.587149	2147150098.00	lr
80.847218	2147150098.00	rr
80.987286	2147150098.00	r
81.097129	2147150098.00	
81.367025	2147150098.00	l
81.587285	2147150098.00	lr
81.847155	2147150098.00	rr
81.987148	2147150098.00	r
82.097118	2147150098.00	
82.367078	2147150098.00	l
82.587085	2147150098.00	lr
82.847265	2147150098.00	rr
82.997235	2147150098.00	r
83.097251	2147150098.00	
83.3673	2147150098.00	l
83.587131	2147150098.00	lr
83.847087	2147150098.00	rr
83.997284	2147150098.00	r
84.097146	2147150098.00	
84.367276	2147150098.00	l
84.587175	2147150098.00	lr
84.857202	2147150098.00	rr
84.997373	2147150098.00	r
85.097161	2147150098.00	
85.367059	2147150098.00	l
85.587265	2147150098.00	lr
85.857201	2147150098.00	rr
85.997145	2147150098.00	r
86.107155	2147150098.00	
86.367201	2147150098.00	l
86.587733	2147150098.00	lr
86.857251	2147150098.00	rr
86.997159	2147150098.00	r
87.107242	2147150098.00	
87.367214	2147150098.00	l
87.597064	2147150098.00	lr
87.857028	2147150098.00	rr
87.997249	2147150098.00	r
88.107369	2147150098.00	
88.367305	2147150098.00	l
88.5972	2147150098.00	lr
88.857099	2147150098.00	rr
88.997233	2147150098.00	r
89.107177	2147150098.00	
89.367263	2147150098.00	l
89.597256	2147150098.00	lr
89.857225	2147150098.00	rr
89.99733	2147150098.00	r
90.107179	2147150098.00	
90.377076	2147150098.00	l
90.597306	2147150098.00	lr
90.857153	2147150098.00	rr
91.007186	2147150098.00	r
91.107221	2147150098.00	
91.377195	2147150098.00	l
91.598092	2147150098.00	lr
91.857238	2147150098.00	rr
92.007138	2147150098.00	r
92.107214	2147150098.00	
92.377181	2147150098.00	l
92.597196	2147150098.00	lr
92.857073	2147150098.00	rr
93.007286	2147150098.00	r
93.108049	2147150098.00	
93.377316	2147150098.00	l
93.59715	2147150098.00	lr
93.867116	2147150098.00	rr
94.007391	2147150098.00	r
94.107052	2147150098.00	
94.378436	2147150098.00	l
94.59728	2147150098.00	lr
94.867163	2147150098.00	rr
95.008682	2147150098.00	r
95.11727	2147150098.00	
95.377164	2147150098.00	l
95.597264	2147150098.00	lr
95.867246	2147150098.00	rr
96.007167	2147150098.00	r
96.117287	2147150098.00	
96.377193	2147150098.00	l
96.597456	2147150098.00	lr
96.867236	2147150098.00	rr
97.007126	2147150098.00	r
97.117328	2147150098.00	
97.377188	2147150098.00	l
97.597129	2147150098.00	lr
97.867514	2147150098.00	rr
98.00722	2147150098.00	r
98.117338	2147150098.00	
98.377156	2147150098.00	l
98.607183	2147150098.00	lr
98.867141	2147150098.00	rr
99.007129	2147150098.00	r
99.117368	2147150098.00	
99.377185	2147150098.00	l
99.607224	2147150098.00	lr
99.867162	2147150098.00	rr
100.007189	2147150098.00	r
100.118752	2147150098.00	
100.38735	2147150098.00	l
100.607272	2147150098.00	lr
100.867187	2147150098.00	rr
101.017576	2147150098.00	r
101.117215	2147150098.00	
101.387139	2147150098.00	l
101.607326	2147150098.00	lr
101.867219	2147150098.00	rr
102.017231	2147150098.00	r
102.11724	2147150098.00	
102.387174	2147150098.00	l
102.608355	2147150098.00	lr
102.877232	2147150098.00	rr
103.017271	2147150098.00	r
103.127224	2147150098.00	
103.387189	2147150098.00	l
103.607172	2147150098.00	lr
103.87717	2147150098.00	rr
104.017333	2147150098.00	r
104.12704	2147150098.00	
104.387729	2147150098.00	l
104.607295	2147150098.00	lr
104.877173	2147150098.00	rr
105.018549	2147150098.00	r
105.127168	2147150098.00	
105.387062	2147150098.00	l
105.617871	2147150098.00	lr
105.877224	2147150098.00	rr
106.017242	2147150098.00	r
106.127277	2147150098.00	
106.387224	2147150098.00	l
106.617238	2147150098.00	lr
106.87775	2147150098.00	rr
107.01729	2147150098.00	r
107.127267	2147150098.00	
107.387253	2147150098.00	l
107.617287	2147150098.00	lr
107.877084	2147150098.00	rr
108.017229	2147150098.00	r
108.128332	2147150098.00	
108.387208	2147150098.00	l
108.617239	2147150098.00	lr
108.877176	2147150098.00	rr
109.017358	2147150098.00	r
109.127071	2147150098.00	
109.397075	2147150098.00	l
109.617418	2147150098.00	lr
109.877261	2147150098.00	rr
110.027158	2147150098.00	r
110.127205	2147150098.00	
110.397121	2147150098.00	l
110.617134	2147150098.00	lr
110.887571	2147150098.00	rr
111.027238	2147150098.00	r
111.127212	2147150098.00	
111.397276	2147150098.00	l
111.617188	2147150098.00	lr
111.887049	2147150098.00	rr
112.027185	2147150098.00	r
112.127298	2147150098.00	
112.397193	2147150098.00	l
112.617113	2147150098.00	lr
112.887064	2147150098.00	rr
113.02725	2147150098.00	r
113.13706	2147150098.00	
113.397352	2147150098.00	l
113.617284	2147150098.00	lr
113.887143	2147150098.00	rr
114.02777	2147150098.00	r
114.137204	2147150098.00	
114.398073	2147150098.00	l
114.61816	2147150098.00	lr
114.888255	2147150098.00	rr
115.02807	2147150098.00	r
115.138141	2147150098.00	
115.398194	2147150098.00	l
115.61828	2147150098.00	lr
115.888292	2147150098.00	rr
116.028093	2147150098.00	r
116.138263	2147150098.00	
116.398095	2147150098.00	l
116.629574	2147150098.00	lr
116.888269	2147150098.00	rr
117.028201	2147150098.00	r
117.138175	2147150098.00	
117.408149	2147150098.00	l
117.628067	2147150098.00	lr
117.888668	2147150098.00	rr
118.02818	2147150098.00	r
118.13818	2147150098.00	
118.408276	2147150098.00	l
118.62809	2147150098.00	lr
118.888171	2147150098.00	rr
119.028173	2147150098.00	r
119.139104	2147150098.00	
119.408321	2147150098.00	l
119.628137	2147150098.00	lr
119.888092	2147150098.00	rr
120.028224	2147150098.00	r
120.138047	2147150098.00	
120.409426	2147150098.00	l
120.628177	2147150098.00	lr
120.88814	2147150098.00	rr
121.038143	2147150098.00	r
121.138172	2147150098.00	
121.408176	2147150098.00	l
121.629403	2147150098.00	lr
121.888214	2147150098.00	rr
122.038229	2147150098.00	r
122.138301	2147150098.00	
122.408198	2147150098.00	l
122.628094	2147150098.00	lr
122.898074	2147150098.00	rr
123.038162	2147150098.00	r
123.148504	2147150098.00	
123.408282	2147150098.00	l
123.628146	2147150098.00	lr
123.898117	2147150098.00	rr
124.03819	2147150098.00	r
124.148034	2147150098.00	
124.409008	2147150098.00	l
124.63832	2147150098.00	lr
124.898142	2147150098.00	rr
125.039526	2147150098.00	r
125.148163	2147150098.00	
125.418072	2147150098.00	l
125.638765	2147150098.00	lr
125.898266	2147150098.00	rr
126.038169	2147150098.00	r
126.148181	2147150098.00	
126.408211	2147150098.00	l
126.638028	2147150098.00	lr
126.898324	2147150098.00	rr
127.038116	2147150098.00	r
127.148188	2147150098.00	
127.418122	2147150098.00	l
127.638168	2147150098.00	lr
127.898109	2147150098.00	rr
128.038165	2147150098.00	r
128.148991	2147150098.00	
128.418249	2147150098.00	l
128.638227	2147150098.00	lr
128.898141	2147150098.00	rr
129.048306	2147150098.00	r
129.148145	2147150098.00	
129.418053	2147150098.00	l
129.638304	2147150098.00	lr
129.898267	2147150098.00	rr
130.048162	2147150098.00	r
130.148156	2147150098.00	
130.418244	2147150098.00	l
130.641298	2147150098.00	lr
130.901224	2147150098.00	rr
131.041157	2147150098.00	r
131.151257	2147150098.00	
131.413216	2147150098.00	l
131.643244	2147150098.00	lr
131.901347	2147150098.00	rr
132.051109	2147150098.00	r
132.151193	2147150098.00	
132.421272	2147150098.00	l
132.641108	2147150098.00	lr
132.901069	2147150098.00	rr
133.051222	2147150098.00	r
133.152027	2147150098.00	
133.421247	2147150098.00	l
133.641144	2147150098.00	lr
133.91113	2147150098.00	rr
134.051202	2147150098.00	r
134.151162	2147150098.00	
134.422089	2147150098.00	l
134.641284	2147150098.00	lr
134.911246	2147150098.00	rr
135.051074	2147150098.00	r
135.151204	2147150098.00	
135.421168	2147150098.00	l
135.641283	2147150098.00	lr
135.911333	2147150098.00	rr
136.051116	2147150098.00	r
136.161236	2147150098.00	
136.421144	2147150098.00	l
136.641658	2147150098.00	lr
136.911428	2147150098.00	rr
137.051068	2147150098.00	r
137.161147	2147150098.00	
137.421194	2147150098.00	l
137.641117	2147150098.00	lr
137.912268	2147150098.00	rr
138.051109	2147150098.00	r
138.161339	2147150098.00	
138.421174	2147150098.00	l
138.641111	2147150098.00	lr
138.911228	2147150098.00	rr
139.051294	2147150098.00	r
139.161122	2147150098.00	
139.431222	2147150098.00	l
139.651252	2147150098.00	lr
139.911296	2147150098.00	rr
140.051249	2147150098.00	r
140.161172	2147150098.00	
140.431039	2147150098.00	l
140.651301	2147150098.00	lr
140.911231	2147150098.00	rr
141.062595	2147150098.00	r
141.161089	2147150098.00	
141.431056	2147150098.00	l
141.651469	2147150098.00	lr
141.91138	2147150098.00	rr
142.061178	2147150098.00	r
142.161193	2147150098.00	
142.431246	2147150098.00	l
142.65115	2147150098.00	lr
142.911453	2147150098.00	rr
143.061185	2147150098.00	r
143.161182	2147150098.00	
143.431172	2147150098.00	l
143.651126	2147150098.00	lr
143.911246	2147150098.00	rr
144.06121	2147150098.00	r
144.161311	2147150098.00	
144.431302	2147150098.00	l
144.651165	2147150098.00	lr
144.921145	2147150098.00	rr
145.061205	2147150098.00	r
145.171149	2147150098.00	
145.431513	2147150098.00	l
145.651191	2147150098.00	lr
145.921139	2147150098.00	rr
146.0613	2147150098.00	r
146.161142	2147150098.00	
146.431079	2147150098.00	l
146.651297	2147150098.00	lr
146.921226	2147150098.00	rr
147.061172	2147150098.00	r
147.171191	2147150098.00	
147.431189	2147150098.00	l
147.651588	2147150098.00	lr
147.921219	2147150098.00	rr
148.061086	2147150098.00	r
148.171251	2147150098.00	
148.441133	2147150098.00	l
148.651109	2147150098.00	lr
148.921144	2147150098.00	rr
149.061124	2147150098.00	r
149.171227	2147150098.00	
149.441269	2147150098.00	l
149.65122	2147150098.00	lr
149.921097	2147150098.00	rr
150.07118	2147150098.00	r
150.171068	2147150098.00	
150.441296	2147150098.00	l
150.661255	2147150098.00	lr
150.921197	2147150098.00	rr
151.071964	2147150098.00	r
151.171133	2147150098.00	
151.441117	2147150098.00	l
151.661321	2147150098.00	lr
151.921258	2147150098.00	rr
152.071109	2147150098.00	r
152.171254	2147150098.00	
152.441099	2147150098.00	l
152.661131	2147150098.00	lr
152.921327	2147150098.00	rr
153.071156	2147150098.00	r
153.171173	2147150098.00	
153.441249	2147150098.00	l
153.661103	2147150098.00	lr
153.931095	2147150098.00	rr
154.071182	2147150098.00	r
154.171349	2147150098.00	
154.441253	2147150098.00	l
154.66119	2147150098.00	lr
154.931095	2147150098.00	rr
155.071227	2147150098.00	r
155.181108	2147150098.00	
155.441451	2147150098.00	l
155.661226	2147150098.00	lr
155.931227	2147150098.00	rr
156.071784	2147150098.00	r
156.181068	2147150098.00	
156.441117	2147150098.00	l
156.661293	2147150098.00	lr
156.931304	2147150098.00	rr
157.071109	2147150098.00	r
157.181259	2147150098.00	
157.451221	2147150098.00	l
157.672683	2147150098.00	lr
157.931337	2147150098.00	rr
158.0712	2147150098.00	r
158.181168	2147150098.00	
158.451208	2147150098.00	l
158.671031	2147150098.00	lr
158.931893	2147150098.00	rr
159.081207	2147150098.00	r
159.181211	2147150098.00	
159.451163	2147150098.00	l
159.671121	2147150098.00	lr
159.931091	2147150098.00	rr
160.081241	2147150098.00	r
160.18128	2147150098.00	
160.451269	2147150098.00	l
160.671137	2147150098.00	lr
160.931121	2147150098.00	rr
161.081251	2147150098.00	r
161.182272	2147150098.00	
161.451287	2147150098.00	l
161.671259	2147150098.00	lr
161.941244	2147150098.00	rr
162.081218	2147150098.00	r
162.181097	2147150098.00	
162.452528	2147150098.00	l
162.671198	2147150098.00	lr
162.941242	2147150098.00	rr
163.082641	2147150098.00	r
163.18114	2147150098.00	
163.451154	2147150098.00	l
163.671345	2147150098.00	lr
163.941231	2147150098.00	rr
164.081178	2147150098.00	r
164.181234	2147150098.00	
164.451099	2147150098.00	l
164.671743	2147150098.00	lr
164.9413	2147150098.00	rr
165.081105	2147150098.00	r
165.191213	2147150098.00	
165.451148	2147150098.00	l
165.671086	2147150098.00	lr
165.941663	2147150098.00	rr
166.08122	2147150098.00	r
166.191242	2147150098.00	
166.461132	2147150098.00	l
166.6811	2147150098.00	lr
166.941106	2147150098.00	rr
167.081207	2147150098.00	r
167.191278	2147150098.00	
167.461291	2147150098.00	l
167.68119	2147150098.00	lr
167.945942	2147150098.00	rr
168.085128	2147150098.00	r
168.185266	2147150098.00	
168.455169	2147150098.00	l
168.682202	2147150098.00	lr
168.942134	2147150098.00	rr
169.083144	2147150098.00	r
169.193093	2147150098.00	
169.463087	2147150098.00	l
169.678331	2147150098.00	lr
169.94515	2147150098.00	rr
170.08728	2147150098.00	r
170.189126	2147150098.00	
170.460104	2147150098.00	l
170.679193	2147150098.00	lr
170.949179	2147150098.00	rr
171.090646	2147150098.00	r
171.189126	2147150098.00	
171.459062	2147150098.00	l
171.679323	2147150098.00	lr
171.949286	2147150098.00	rr
172.089052	2147150098.00	r
172.199262	2147150098.00	
172.45908	2147150098.00	l
172.680636	2147150098.00	lr
172.949498	2147150098.00	rr
173.08911	2147150098.00	r
173.199254	2147150098.00	
173.469286	2147150098.00	l
173.679131	2147150098.00	lr
173.949105	2147150098.00	rr
174.089299	2147150098.00	r
174.1991	2147150098.00	
174.470334	2147150098.00	l
174.685142	2147150098.00	lr
174.955529	2147150098.00	rr
175.095201	2147150098.00	r
175.195216	2147150098.00	
175.465209	2147150098.00	l
175.685202	2147150098.00	lr
175.955131	2147150098.00	rr
176.095156	2147150098.00	r
176.206144	2147150098.00	
176.465329	2147150098.00	l
176.689067	2147150098.00	lr
176.949141	2147150098.00	rr
177.099146	2147150098.00	r
177.199295	2147150098.00	
177.469277	2147150098.00	l
177.689207	2147150098.00	lr
177.95907	2147150098.00	rr
178.099193	2147150098.00	r
178.200203	2147150098.00	
178.46928	2147150098.00	l
178.689152	2147150098.00	lr
178.959121	2147150098.00	rr
179.099337	2147150098.00	r
179.199054	2147150098.00	
179.470586	2147150098.00	l
179.689314	2147150098.00	lr
179.959148	2147150098.00	rr
180.100206	2147150098.00	r
180.199236	2147150098.00	
180.46919	2147150098.00	l
180.689344	2147150098.00	lr
180.959282	2147150098.00	rr
181.099117	2147150098.00	r
181.209344	2147150098.00	
181.470071	2147150098.00	l
181.690278	2147150098.00	lr
181.960189	2147150098.00	rr
182.10013	2147150098.00	r
182.210259	2147150098.00	
182.470096	2147150098.00	l
182.691561	2147150098.00	lr
182.960342	2147150098.00	rr
183.100116	2147150098.00	r
183.210305	2147150098.00	
183.470209	2147150098.00	l
183.690056	2147150098.00	lr
183.960072	2147150098.00	rr
184.10014	2147150098.00	r
184.210478	2147150098.00	
184.480216	2147150098.00	l
184.700186	2147150098.00	lr
184.960208	2147150098.00	rr
185.100285	2147150098.00	r
185.210141	2147150098.00	
185.480795	2147150098.00	l
185.700163	2147150098.00	lr
185.960104	2147150098.00	rr
186.111063	2147150098.00	r
186.210201	2147150098.00	
186.480083	2147150098.00	l
186.700338	2147150098.00	lr
186.960185	2147150098.00	rr
187.110169	2147150098.00	r
187.210243	2147150098.00	
187.480112	2147150098.00	l
187.701108	2147150098.00	lr
187.970305	2147150098.00	rr
188.110238	2147150098.00	r
188.210376	2147150098.00	
188.480169	2147150098.00	l
188.70021	2147150098.00	lr
188.970136	2147150098.00	rr
189.110334	2147150098.00	r
189.221427	2147150098.00	
189.480255	2147150098.00	l
189.700165	2147150098.00	lr
189.970222	2147150098.00	rr
190.110817	2147150098.00	r
190.220129	2147150098.00	
190.480044	2147150098.00	l
190.7002	2147150098.00	lr
190.970259	2147150098.00	rr
191.110209	2147150098.00	r
191.220134	2147150098.00	
191.480189	2147150098.00	l
191.700828	2147150098.00	lr
191.970343	2147150098.00	rr
192.110243	2147150098.00	r
192.220182	2147150098.00	
192.490174	2147150098.00	l
192.700159	2147150098.00	lr
192.971122	2147150098.00	rr
193.110231	2147150098.00	r
193.220246	2147150098.00	
193.490201	2147150098.00	l
193.710248	2147150098.00	lr
193.970039	2147150098.00	rr
194.110122	2147150098.00	r
194.220246	2147150098.00	
194.480314	2147150098.00	l
194.710258	2147150098.00	lr
194.970181	2147150098.00	rr
195.110258	2147150098.00	r
195.220117	2147150098.00	
195.490962	2147150098.00	l
195.710293	2147150098.00	lr
195.980225	2147150098.00	rr
196.111597	2147150098.00	r
196.220179	2147150098.00	
196.49022	2147150098.00	l
196.711603	2147150098.00	lr
196.980911	2147150098.00	rr
197.120172	2147150098.00	r
197.220188	2147150098.00	
197.49016	2147150098.00	l
197.710274	2147150098.00	lr
197.980059	2147150098.00	rr
198.120252	2147150098.00	r
198.22026	2147150098.00	
198.490162	2147150098.00	l
198.710198	2147150098.00	lr
198.98019	2147150098.00	rr
199.12023	2147150098.00	r
199.231288	2147150098.00	
199.490251	2147150098.00	l
199.71016	2147150098.00	lr
199.980194	2147150098.00	rr
200.120261	2147150098.00	r
200.230157	2147150098.00	
200.49101	2147150098.00	l
200.710238	2147150098.00	lr
200.980164	2147150098.00	rr
201.120685	2147150098.00	r
201.230121	2147150098.00	
201.490123	2147150098.00	l
201.710276	2147150098.00	lr
201.980218	2147150098.00	rr
202.120158	2147150098.00	r
202.230114	2147150098.00	
202.490089	2147150098.00	l
202.710122	2147150098.00	lr
202.980446	2147150098.00	rr
203.120088	2147150098.00	r
203.230318	2147150098.00	
203.500151	2147150098.00	l
203.72013	2147150098.00	lr
203.980122	2147150098.00	rr
204.120201	2147150098.00	r
204.230019	2147150098.00	
204.500376	2147150098.00	l
204.72024	2147150098.00	lr
204.980154	2147150098.00	rr
205.120228	2147150098.00	r
205.230197	2147150098.00	
205.500156	2147150098.00	l
205.720194	2147150098.00	lr
205.99023	2147150098.00	rr
206.130057	2147150098.00	r
206.230125	2147150098.00	
206.500063	2147150098.00	l
206.720493	2147150098.00	lr
206.990278	2147150098.00	rr
207.130099	2147150098.00	r
207.230174	2147150098.00	
207.500156	2147150098.00	l
207.720147	2147150098.00	lr
207.990124	2147150098.00	rr
208.130164	2147150098.00	r
208.240415	2147150098.00	
208.500324	2147150098.00	l
208.720141	2147150098.00	lr
208.990126	2147150098.00	rr
209.13028	2147150098.00	r
209.241375	2147150098.00	
209.510259	2147150098.00	l
209.720139	2147150098.00	lr
209.990192	2147150098.00	rr
210.130228	2147150098.00	r
210.240153	2147150098.00	
210.511361	2147150098.00	l
210.720188	2147150098.00	lr
210.990238	2147150098.00	rr
211.130515	2147150098.00	r
211.240073	2147150098.00	
211.510033	2147150098.00	l
211.72021	2147150098.00	lr
211.990239	2147150098.00	rr
212.13004	2147150098.00	r
212.240156	2147150098.00	
212.510088	2147150098.00	l
212.720339	2147150098.00	lr
212.990306	2147150098.00	rr
213.130042	2147150098.00	r
213.240244	2147150098.00	
213.510204	2147150098.00	l
213.73127	2147150098.00	lr
213.99031	2147150098.00	rr
214.130189	2147150098.00	r
214.240194	2147150098.00	
214.510219	2147150098.00	l
214.730177	2147150098.00	lr
215.000801	2147150098.00	rr
215.130142	2147150098.00	r
215.240323	2147150098.00	
215.510214	2147150098.00	l
215.730187	2147150098.00	lr
216.000096	2147150098.00	rr
216.13026	2147150098.00	r
216.240113	2147150098.00	
216.510355	2147150098.00	l
216.730223	2147150098.00	lr
217.000178	2147150098.00	rr
217.1404	2147150098.00	r
217.250107	2147150098.00	
217.51017	2147150098.00	l
217.730281	2147150098.00	lr
218.000145	2147150098.00	rr
218.140086	2147150098.00	r
218.250202	2147150098.00	
218.510157	2147150098.00	l
218.730323	2147150098.00	lr
219.000197	2147150098.00	rr
219.140141	2147150098.00	r
219.250235	2147150098.00	
219.510142	2147150098.00	l
219.731575	2147150098.00	lr
220.01037	2147150098.00	rr
220.140124	2147150098.00	r
220.250188	2147150098.00	
220.510252	2147150098.00	l
220.730119	2147150098.00	lr
221.010089	2147150098.00	rr
221.140197	2147150098.00	r
221.250953	2147150098.00	
221.520267	2147150098.00	l
221.740179	2147150098.00	lr
222.010154	2147150098.00	rr
222.140276	2147150098.00	r
222.250078	2147150098.00	
222.521001	2147150098.00	l
222.73028	2147150098.00	lr
223.010259	2147150098.00	rr
223.140909	2147150098.00	r
223.250107	2147150098.00	
223.520124	2147150098.00	l
223.740292	2147150098.00	lr
224.01025	2147150098.00	rr
224.140127	2147150098.00	r
224.2502	2147150098.00	
224.520247	2147150098.00	l
224.740132	2147150098.00	lr
225.010347	2147150098.00	rr
225.150119	2147150098.00	r
225.250258	2147150098.00	
225.520247	2147150098.00	l
225.740138	2147150098.00	lr
226.010146	2147150098.00	rr
226.150149	2147150098.00	r
226.250308	2147150098.00	
226.520155	2147150098.00	l
226.740207	2147150098.00	lr
227.010192	2147150098.00	rr
227.150319	2147150098.00	r
227.260026	2147150098.00	
227.52054	2147150098.00	l
227.740231	2147150098.00	lr
228.010121	2147150098.00	rr
228.150062	2147150098.00	r
228.260127	2147150098.00	
228.520042	2147150098.00	l
228.740358	2147150098.00	lr
229.010272	2147150098.00	rr
229.150144	2147150098.00	r
229.260235	2147150098.00	
229.52023	2147150098.00	l
229.740098	2147150098.00	lr
230.010356	2147150098.00	rr
230.150181	2147150098.00	r
230.260315	2147150098.00	
230.520279	2147150098.00	l
230.740057	2147150098.00	lr
231.020092	2147150098.00	rr
231.15017	2147150098.00	r
231.260785	2147150098.00	
231.530261	2147150098.00	l
231.740201	2147150098.00	lr
232.020124	2147150098.00	rr
232.150268	2147150098.00	r
232.260105	2147150098.00	
232.530733	2147150098.00	l
232.750169	2147150098.00	lr
233.02019	2147150098.00	rr
233.150227	2147150098.00	r
233.260192	2147150098.00	
233.530131	2147150098.00	l
233.750194	2147150098.00	lr
234.020259	2147150098.00	rr
234.151515	2147150098.00	r
234.260098	2147150098.00	
234.531183	2147150098.00	l
234.751209	2147150098.00	lr
235.021198	2147150098.00	rr
235.151177	2147150098.00	r
235.261202	2147150098.00	
235.531108	2147150098.00	l
235.752008	2147150098.00	lr
236.021239	2147150098.00	rr
236.161209	2147150098.00	r
236.261293	2147150098.00	
236.531174	2147150098.00	l
236.751189	2147150098.00	lr
237.022511	2147150098.00	rr
237.161216	2147150098.00	r
237.261289	2147150098.00	
237.531224	2147150098.00	l
237.751156	2147150098.00	lr
238.021163	2147150098.00	rr
238.161231	2147150098.00	r
238.272421	2147150098.00	
238.531243	2147150098.00	l
238.751232	2147150098.00	lr
239.021193	2147150098.00	rr
239.161265	2147150098.00	r
239.271082	2147150098.00	
239.531083	2147150098.00	l
239.751325	2147150098.00	lr
240.021283	2147150098.00	rr
240.161079	2147150098.00	r
240.271155	2147150098.00	
240.541088	2147150098.00	l
240.751503	2147150098.00	lr
241.021271	2147150098.00	rr
241.16113	2147150098.00	r
241.271189	2147150098.00	
241.541223	2147150098.00	l
241.751103	2147150098.00	lr
242.022302	2147150098.00	rr
242.161241	2147150098.00	r
242.271319	2147150098.00	
242.54122	2147150098.00	l
242.761165	2147150098.00	lr
243.031068	2147150098.00	rr
243.161174	2147150098.00	r
243.272182	2147150098.00	
243.541267	2147150098.00	l
243.761247	2147150098.00	lr
244.031146	2147150098.00	rr
244.161332	2147150098.00	r
244.271076	2147150098.00	
244.542452	2147150098.00	l
244.761191	2147150098.00	lr
245.031202	2147150098.00	rr
245.171129	2147150098.00	r
245.271127	2147150098.00	
245.541092	2147150098.00	l
245.761382	2147150098.00	lr
246.031176	2147150098.00	rr
246.171186	2147150098.00	r
246.271197	2147150098.00	
246.54113	2147150098.00	l
246.761139	2147150098.00	lr
247.032434	2147150098.00	rr
247.171129	2147150098.00	r
247.271235	2147150098.00	
247.541233	2147150098.00	l
247.761188	2147150098.00	lr
248.031114	2147150098.00	rr
248.171236	2147150098.00	r
248.282256	2147150098.00	
248.5413	2147150098.00	l
248.761222	2147150098.00	lr
249.03114	2147150098.00	rr
249.171321	2147150098.00	r
249.281044	2147150098.00	
249.542184	2147150098.00	l
249.761292	2147150098.00	lr
250.031117	2147150098.00	rr
250.172282	2147150098.00	r
250.281089	2147150098.00	
250.541049	2147150098.00	l
250.761286	2147150098.00	lr
251.031174	2147150098.00	rr
251.171022	2147150098.00	r
251.281188	2147150098.00	
251.551206	2147150098.00	l
251.761284	2147150098.00	lr
252.031205	2147150098.00	rr
252.171049	2147150098.00	r
252.281158	2147150098.00	
252.551217	2147150098.00	l
252.771081	2147150098.00	lr
253.041773	2147150098.00	rr
253.171102	2147150098.00	r
253.281257	2147150098.00	
253.551127	2147150098.00	l
253.771177	2147150098.00	lr
254.041054	2147150098.00	rr
254.171102	2147150098.00	r
254.281254	2147150098.00	
254.551308	2147150098.00	l
254.771165	2147150098.00	lr
255.041166	2147150098.00	rr
255.181295	2147150098.00	r
255.281085	2147150098.00	
255.551773	2147150098.00	l
255.771279	2147150098.00	lr
256.04122	2147150098.00	rr
256.182024	2147150098.00	r
256.291181	2147150098.00	
256.551174	2147150098.00	l
256.771281	2147150098.00	lr
257.041264	2147150098.00	rr
257.181149	2147150098.00	r
257.291191	2147150098.00	
257.551141	2147150098.00	l
257.771124	2147150098.00	lr
258.041259	2147150098.00	rr
258.181088	2147150098.00	r
258.291195	2147150098.00	
258.551249	2147150098.00	l
258.771183	2147150098.00	lr
259.041073	2147150098.00	rr
259.181185	2147150098.00	r
259.291274	2147150098.00	
259.561264	2147150098.00	l
259.77122	2147150098.00	lr
260.041157	2147150098.00	rr
260.181197	2147150098.00	r
260.292316	2147150098.00	
260.561296	2147150098.00	l
260.771227	2147150098.00	lr
261.04119	2147150098.00	rr
261.191324	2147150098.00	r
261.291061	2147150098.00	
261.561108	2147150098.00	l
261.771225	2147150098.00	lr
262.051206	2147150098.00	rr
262.181093	2147150098.00	r
262.291216	2147150098.00	
262.561165	2147150098.00	l
262.782517	2147150098.00	lr
263.051428	2147150098.00	rr
263.191085	2147150098.00	r
263.291173	2147150098.00	
263.561183	2147150098.00	l
263.781185	2147150098.00	lr
264.05107	2147150098.00	rr
264.191157	2147150098.00	r
264.291276	2147150098.00	
264.56123	2147150098.00	l
264.781224	2147150098.00	lr
265.051184	2147150098.00	rr
265.191299	2147150098.00	r
265.29104	2147150098.00	
265.562089	2147150098.00	l
265.781186	2147150098.00	lr
266.051251	2147150098.00	rr
266.191171	2147150098.00	r
266.301189	2147150098.00	
266.561065	2147150098.00	l
266.781242	2147150098.00	lr
267.051309	2147150098.00	rr
267.191171	2147150098.00	r
267.301199	2147150098.00	
267.561227	2147150098.00	l
267.781079	2147150098.00	lr
268.051247	2147150098.00	rr
268.191198	2147150098.00	r
268.301288	2147150098.00	
268.561121	2147150098.00	l
268.781195	2147150098.00	lr
269.051049	2147150098.00	rr
269.191182	2147150098.00	r
269.301303	2147150098.00	
269.571319	2147150098.00	l
269.781233	2147150098.00	lr
270.061184	2147150098.00	rr
270.191282	2147150098.00	r
270.301111	2147150098.00	
270.571694	2147150098.00	l
270.781216	2147150098.00	lr
271.061214	2147150098.00	rr
271.191262	2147150098.00	r
271.301235	2147150098.00	
271.571102	2147150098.00	l
271.791206	2147150098.00	lr
272.061286	2147150098.00	rr
272.191111	2147150098.00	r
272.301303	2147150098.00	
272.571176	2147150098.00	l
272.7926	2147150098.00	lr
273.061684	2147150098.00	rr
273.201168	2147150098.00	r
273.301387	2147150098.00	
273.571248	2147150098.00	l
273.791169	2147150098.00	lr
274.06105	2147150098.00	rr
274.201205	2147150098.00	r
274.311271	2147150098.00	
274.57128	2147150098.00	l
274.791227	2147150098.00	lr
275.061068	2147150098.00	rr
275.201307	2147150098.00	r
275.312676	2147150098.00	
275.571257	2147150098.00	l
275.791222	2147150098.00	lr
276.061204	2147150098.00	rr
276.201395	2147150098.00	r
276.311187	2147150098.00	
276.571166	2147150098.00	l
276.791315	2147150098.00	lr
277.061267	2147150098.00	rr
277.201205	2147150098.00	r
277.311177	2147150098.00	
277.57112	2147150098.00	l
277.791031	2147150098.00	lr
278.06122	2147150098.00	rr
278.201277	2147150098.00	r
278.311184	2147150098.00	
278.571147	2147150098.00	l
278.791058	2147150098.00	lr
279.062024	2147150098.00	rr
279.201298	2147150098.00	r
279.311342	2147150098.00	
279.581157	2147150098.00	l
279.79109	2147150098.00	lr
280.071133	2147150098.00	rr
280.201262	2147150098.00	r
280.312454	2147150098.00	
280.571256	2147150098.00	l
280.791135	2147150098.00	lr
281.071109	2147150098.00	rr
281.201407	2147150098.00	r
281.311207	2147150098.00	
281.581071	2147150098.00	l
281.801269	2147150098.00	lr
282.071162	2147150098.00	rr
282.202751	2147150098.00	r
282.311218	2147150098.00	
282.581123	2147150098.00	l
282.801764	2147150098.00	lr
283.071205	2147150098.00	rr
283.211064	2147150098.00	r
283.311208	2147150098.00	
283.581205	2147150098.00	l
283.801229	2147150098.00	lr
284.071328	2147150098.00	rr
284.211077	2147150098.00	r
284.321163	2147150098.00	
284.581185	2147150098.00	l
284.801256	2147150098.00	lr
285.071087	2147150098.00	rr
285.211175	2147150098.00	r
285.321615	2147150098.00	
285.581176	2147150098.00	l
285.801206	2147150098.00	lr
286.071128	2147150098.00	rr
286.21124	2147150098.00	r
286.321174	2147150098.00	
286.58203	2147150098.00	l
286.801359	2147150098.00	lr
287.071196	2147150098.00	rr
287.212395	2147150098.00	r
287.321084	2147150098.00	
287.58119	2147150098.00	l
287.801399	2147150098.00	lr
288.081362	2147150098.00	rr
288.211143	2147150098.00	r
288.321258	2147150098.00	
288.59121	2147150098.00	l
288.801241	2147150098.00	lr
289.081173	2147150098.00	rr
289.211175	2147150098.00	r
289.32257	2147150098.00	
289.591379	2147150098.00	l
289.801302	2147150098.00	lr
290.081236	2147150098.00	rr
290.211977	2147150098.00	r
290.321123	2147150098.00	
290.59118	2147150098.00	l
290.801429	2147150098.00	lr
291.077056	2147150098.00	rr
291.217183	2147150098.00	r
291.328336	2147150098.00	
291.587201	2147150098.00	l
291.80728	2147150098.00	lr
292.087159	2147150098.00	rr
292.21815	2147150098.00	r
292.327155	2147150098.00	
292.587085	2147150098.00	l
292.80727	2147150098.00	lr
293.087336	2147150098.00	rr
293.217129	2147150098.00	r
293.327232	2147150098.00	
293.597208	2147150098.00	l
293.807081	2147150098.00	lr
294.087699	2147150098.00	rr
294.217219	2147150098.00	r
294.327185	2147150098.00	
294.588147	2147150098.00	l
294.808057	2147150098.00	lr
295.088116	2147150098.00	rr
295.2181	2147150098.00	r
295.328216	2147150098.00	
295.59829	2147150098.00	l
295.808098	2147150098.00	lr
296.088062	2147150098.00	rr
296.218245	2147150098.00	r
296.329481	2147150098.00	
296.598289	2147150098.00	l
296.808145	2147150098.00	lr
297.088143	2147150098.00	rr
297.218318	2147150098.00	r
297.328204	2147150098.00	
297.598131	2147150098.00	l
297.808296	2147150098.00	lr
298.088249	2147150098.00	rr
298.228184	2147150098.00	r
298.328148	2147150098.00	
298.59817	2147150098.00	l
298.818077	2147150098.00	lr
299.08835	2147150098.00	rr
299.228228	2147150098.00	r
299.328264	2147150098.00	
299.598246	2147150098.00	l
299.818058	2147150098.00	lr
300.088159	2147150098.00	rr
300.228271	2147150098.00	r
300.338796	2147150098.00	
300.598387	2147150098.00	l
300.818257	2147150098.00	lr
301.08807	2147150098.00	rr
301.228182	2147150098.00	r
301.338101	2147150098.00	
301.598773	2147150098.00	l
301.818161	2147150098.00	lr
302.088194	2147150098.00	rr
302.229592	2147150098.00	r
302.338223	2147150098.00	
302.598173	2147150098.00	l
302.818342	2147150098.00	lr
303.088263	2147150098.00	rr
303.228198	2147150098.00	r
303.338184	2147150098.00	
