0.352131	2147150098.00	l
0.432072	2147150098.00	lr
0.701977	2147150098.00	rr
0.842095	2147150098.00	r
0.952457	2147150098.00	
1.222142	2147150098.00	l
1.432131	2147150098.00	lr
1.711976	2147150098.00	rr
1.842129	2147150098.00	r
1.952047	2147150098.00	
2.672033	2147150098.00	l
2.702089	2147150098.00	lr
2.952018	2147150098.00	
2.95211	2147150098.00	rr
2.962015	2147150098.00	r
3.222036	2147150098.00	l
3.432083	5381.00	lr
3.912056	2147150098.00	rr
3.952068	2147150098.00	
3.962099	2147150098.00	r
4.222055	2147150098.00	l
4.432751	2147150098.00	lr
4.922112	2147150098.00	rr
4.952096	2147150098.00	
4.962169	2147150098.00	r
5.222053	2147150098.00	l
5.442029	2147150098.00	lr
5.922167	2147150098.00	rr
5.96215	2147150098.00	
5.96224	2147150098.00	r
6.222055	2147150098.00	l
6.442099	2147150098.00	lr
6.922117	2147150098.00	rr
6.95315	2147150098.00	
6.961901	2147150098.00	r
7.222161	2147150098.00	l
7.442062	2147150098.00	lr
7.921957	2147150098.00	rr
7.962039	2147150098.00	
7.962129	2147150098.00	r
8.222054	2147150098.00	l
8.442156	2147150098.00	lr
8.922062	2147150098.00	rr
8.962129	2147150098.00	
8.962219	2147150098.00	r
9.222012	2147150098.00	l
9.443245	2147150098.00	lr
9.9221	2147150098.00	rr
9.962189	2147150098.00	
9.962279	2147150098.00	r
10.22203	2147150098.00	l
10.441999	2147150098.00	lr
10.92213	2147150098.00	rr
10.963512	2147150098.00	
10.972104	2147150098.00	r
11.232863	2147150098.00	l
11.442148	2147150098.00	lr
11.932038	2147150098.00	rr
11.962047	2147150098.00	
11.972219	2147150098.00	r
12.231971	2147150098.00	l
12.441937	2147150098.00	lr
12.932047	2147150098.00	rr
12.962155	2147150098.00	
12.972299	2147150098.00	r
13.232204	2147150098.00	l
13.45205	2147150098.00	lr
13.93333	2147150098.00	rr
13.962005	2147150098.00	
13.972141	2147150098.00	r
14.233294	2147150098.00	l
14.452147	2147150098.00	lr
14.931964	2147150098.00	rr
14.962068	2147150098.00	
14.972215	2147150098.00	r
15.232019	2147150098.00	l
15.453081	2147150098.00	lr
15.932117	2147150098.00	rr
15.962054	2147150098.00	
15.972198	2147150098.00	r
16.232067	2147150098.00	l
16.453579	2147150098.00	lr
16.932133	2147150098.00	rr
16.972223	2147150098.00	
16.972326	2147150098.00	r
17.232149	2147150098.00	l
17.452067	2147150098.00	lr
17.932125	2147150098.00	rr
17.972342	2147150098.00	
17.972432	2147150098.00	r
18.232151	2147150098.00	l
18.452058	2147150098.00	lr
18.932945	2147150098.00	rr
18.972086	2147150098.00	
18.972176	2147150098.00	r
19.232446	2147150098.00	l
19.452067	2147150098.00	lr
19.932016	2147150098.00	rr
19.972045	2147150098.00	
19.981975	2147150098.00	r
20.241945	2147150098.00	l
20.452132	2147150098.00	lr
20.941958	2147150098.00	rr
20.972216	2147150098.00	
20.982137	2147150098.00	r
21.241951	2147150098.00	l
21.452199	2147150098.00	lr
21.942039	2147150098.00	rr
21.972127	2147150098.00	
21.982081	2147150098.00	r
22.242042	2147150098.00	l
22.462029	2147150098.00	lr
22.942233	2147150098.00	rr
22.972732	2147150098.00	
22.98343	2147150098.00	r
23.242333	2147150098.00	l
23.46211	2147150098.00	lr
23.941945	2147150098.00	rr
23.981976	2147150098.00	
23.982067	2147150098.00	r
24.241949	2147150098.00	l
24.462223	2147150098.00	lr
24.942053	2147150098.00	rr
24.982074	2147150098.00	
24.982166	2147150098.00	r
25.241969	2147150098.00	l
25.46324	2147150098.00	lr
25.942134	2147150098.00	rr
25.982139	2147150098.00	
25.98223	2147150098.00	r
26.242103	2147150098.00	l
26.462064	2147150098.00	lr
26.942116	2147150098.00	rr
26.982185	2147150098.00	
26.982276	2147150098.00	r
27.242086	2147150098.00	l
27.462034	2147150098.00	lr
27.942002	2147150098.00	rr
27.982001	2147150098.00	
27.982092	2147150098.00	r
28.24191	2147150098.00	l
28.462183	2147150098.00	lr
28.942077	2147150098.00	rr
28.982115	2147150098.00	
28.982207	2147150098.00	r
29.252072	2147150098.00	l
29.46193	2147150098.00	lr
29.952077	2147150098.00	rr
29.982078	2147150098.00	
29.992221	2147150098.00	r
30.252092	2147150098.00	l
30.462042	2147150098.00	lr
30.952237	2147150098.00	rr
30.983051	2147150098.00	
30.991999	2147150098.00	r
31.252189	2147150098.00	l
31.472244	2147150098.00	lr
31.952074	2147150098.00	rr
31.98204	2147150098.00	
31.992064	2147150098.00	r
32.251976	2147150098.00	l
32.472233	2147150098.00	lr
32.952053	2147150098.00	rr
32.992163	2147150098.00	
32.992253	2147150098.00	r
33.252049	2147150098.00	l
33.473591	2147150098.00	lr
33.952176	2147150098.00	rr
33.992158	2147150098.00	
33.992263	2147150098.00	r
34.252151	2147150098.00	l
34.472109	2147150098.00	lr
34.952134	2147150098.00	rr
34.992138	2147150098.00	
34.992229	2147150098.00	r
35.252074	2147150098.00	l
35.472149	2147150098.00	lr
35.962226	2147150098.00	rr
35.993487	2147150098.00	
35.993577	2147150098.00	r
36.252197	2147150098.00	l
36.472152	2147150098.00	lr
36.96206	2147150098.00	rr
36.992086	2147150098.00	
36.992177	2147150098.00	r
37.263493	2147150098.00	l
37.472242	2147150098.00	lr
37.962119	2147150098.00	rr
37.992141	2147150098.00	
37.992232	2147150098.00	r
38.262115	2147150098.00	l
38.473556	2147150098.00	lr
38.952092	2147150098.00	rr
38.992096	2147150098.00	
38.992186	2147150098.00	r
39.252174	2147150098.00	l
39.471977	2147150098.00	lr
39.952127	2147150098.00	rr
39.992193	2147150098.00	
39.992284	2147150098.00	r
40.262148	2147150098.00	l
40.472234	2147150098.00	lr
40.962992	2147150098.00	rr
41.002041	2147150098.00	r
41.002129	2147150098.00	
41.26291	2147150098.00	l
41.472234	2147150098.00	lr
41.962059	2147150098.00	rr
42.002015	2147150098.00	r
42.002103	2147150098.00	
42.262014	2147150098.00	l
42.482068	2147150098.00	lr
42.962113	2147150098.00	rr
43.002205	2147150098.00	r
43.002293	2147150098.00	
43.262102	2147150098.00	l
43.482103	2147150098.00	lr
43.962169	2147150098.00	rr
44.002284	2147150098.00	r
44.002371	2147150098.00	
44.262126	2147150098.00	l
44.482053	2147150098.00	lr
44.963314	2147150098.00	rr
45.001992	2147150098.00	
45.002082	2147150098.00	r
45.263281	2147150098.00	l
45.48212	2147150098.00	lr
45.961963	2147150098.00	rr
46.00199	2147150098.00	
46.002081	2147150098.00	r
46.261954	2147150098.00	l
46.482252	2147150098.00	lr
46.962118	2147150098.00	rr
47.002047	2147150098.00	
47.002137	2147150098.00	r
47.27209	2147150098.00	l
47.481991	2147150098.00	lr
47.972259	2147150098.00	rr
48.002146	2147150098.00	
48.002238	2147150098.00	r
48.272185	2147150098.00	l
48.482085	2147150098.00	lr
48.972503	2147150098.00	rr
49.001999	2147150098.00	r
49.011991	2147150098.00	
49.272529	2147150098.00	l
49.482096	2147150098.00	lr
49.971954	2147150098.00	rr
50.002045	2147150098.00	r
50.012047	2147150098.00	
50.271976	2147150098.00	l
50.483193	2147150098.00	lr
50.973127	2147150098.00	rr
51.00305	2147150098.00	r
51.013052	2147150098.00	
51.273132	2147150098.00	l
51.492966	2147150098.00	lr
51.973169	2147150098.00	rr
52.013108	2147150098.00	r
52.01321	2147150098.00	
52.273147	2147150098.00	l
52.493013	2147150098.00	lr
52.973198	2147150098.00	rr
53.014127	2147150098.00	r
53.014215	2147150098.00	
53.273242	2147150098.00	l
53.493026	2147150098.00	lr
53.973055	2147150098.00	rr
54.013001	2147150098.00	
54.013092	2147150098.00	r
54.272978	2147150098.00	l
54.493208	2147150098.00	lr
54.973039	2147150098.00	rr
55.013099	2147150098.00	
55.01319	2147150098.00	r
55.272964	2147150098.00	l
55.493487	2147150098.00	lr
55.973054	2147150098.00	rr
56.013128	2147150098.00	
56.013219	2147150098.00	r
56.273078	2147150098.00	l
56.49298	2147150098.00	lr
56.973155	2147150098.00	rr
57.013083	2147150098.00	
57.013175	2147150098.00	r
57.273164	2147150098.00	l
57.493052	2147150098.00	lr
57.973084	2147150098.00	rr
58.013138	2147150098.00	
58.013229	2147150098.00	r
58.283148	2147150098.00	l
58.493029	2147150098.00	lr
58.973828	2147150098.00	rr
59.013039	2147150098.00	
59.01313	2147150098.00	r
59.284344	2147150098.00	l
59.493101	2147150098.00	lr
59.973055	2147150098.00	rr
60.013089	2147150098.00	
60.02311	2147150098.00	r
60.283071	2147150098.00	l
60.492935	2147150098.00	lr
60.983055	2147150098.00	rr
61.023139	2147150098.00	
61.02323	2147150098.00	r
61.283081	2147150098.00	l
61.503002	2147150098.00	lr
61.984163	2147150098.00	rr
62.023024	2147150098.00	
62.023122	2147150098.00	r
62.284513	2147150098.00	l
62.503152	2147150098.00	lr
62.983108	2147150098.00	rr
63.023073	2147150098.00	
63.02317	2147150098.00	r
63.283084	2147150098.00	l
63.504025	2147150098.00	lr
63.983121	2147150098.00	rr
64.023194	2147150098.00	
64.023285	2147150098.00	r
64.283037	2147150098.00	l
64.503084	2147150098.00	lr
64.983209	2147150098.00	rr
65.023174	2147150098.00	
65.023265	2147150098.00	r
65.283156	2147150098.00	l
65.502999	2147150098.00	lr
65.983597	2147150098.00	rr
66.023042	2147150098.00	
66.023139	2147150098.00	r
66.283285	2147150098.00	l
66.503138	2147150098.00	lr
66.983078	2147150098.00	rr
67.02299	2147150098.00	
67.023081	2147150098.00	r
67.29308	2147150098.00	l
67.503368	2147150098.00	lr
67.983056	2147150098.00	rr
68.023132	2147150098.00	
68.023224	2147150098.00	r
68.293024	2147150098.00	l
68.512929	2147150098.00	lr
68.983176	2147150098.00	rr
69.023067	2147150098.00	
69.033226	2147150098.00	r
69.2931	2147150098.00	l
69.513016	2147150098.00	lr
69.993234	2147150098.00	rr
70.03292	2147150098.00	
70.034341	2147150098.00	r
70.29315	2147150098.00	l
70.513136	2147150098.00	lr
70.993016	2147150098.00	rr
71.032965	2147150098.00	
71.033056	2147150098.00	r
71.29298	2147150098.00	l
71.513151	2147150098.00	lr
71.992955	2147150098.00	rr
72.033044	2147150098.00	
72.033136	2147150098.00	r
72.292984	2147150098.00	l
72.513406	2147150098.00	lr
72.993076	2147150098.00	rr
73.033052	2147150098.00	
73.033143	2147150098.00	r
73.293136	2147150098.00	l
73.512975	2147150098.00	lr
73.993127	2147150098.00	rr
74.033208	2147150098.00	
74.033299	2147150098.00	r
74.293098	2147150098.00	l
74.513039	2147150098.00	lr
74.993176	2147150098.00	rr
75.033752	2147150098.00	
75.033843	2147150098.00	r
75.293148	2147150098.00	l
75.513112	2147150098.00	lr
75.99438	2147150098.00	rr
76.032944	2147150098.00	r
76.033033	2147150098.00	
76.294351	2147150098.00	l
76.513118	2147150098.00	lr
76.992991	2147150098.00	rr
77.033023	2147150098.00	r
77.033112	2147150098.00	
77.302963	2147150098.00	l
77.513605	2147150098.00	lr
77.9931	2147150098.00	rr
78.033044	2147150098.00	r
78.033132	2147150098.00	
78.303037	2147150098.00	l
78.513041	2147150098.00	lr
78.993037	2147150098.00	rr
79.033113	2147150098.00	r
79.043121	2147150098.00	
79.303087	2147150098.00	l
79.523137	2147150098.00	lr
80.003134	2147150098.00	rr
80.043013	2147150098.00	
80.043109	2147150098.00	r
80.303242	2147150098.00	l
80.523144	2147150098.00	lr
81.003097	2147150098.00	rr
81.043013	2147150098.00	
81.043109	2147150098.00	r
81.302971	2147150098.00	l
81.5242	2147150098.00	lr
82.003168	2147150098.00	rr
82.043076	2147150098.00	
82.043173	2147150098.00	r
82.303166	2147150098.00	l
82.52299	2147150098.00	lr
83.003548	2147150098.00	rr
83.042933	2147150098.00	
83.043024	2147150098.00	r
83.303929	2147150098.00	l
83.523162	2147150098.00	lr
84.003115	2147150098.00	rr
84.043041	2147150098.00	r
84.043136	2147150098.00	
84.303099	2147150098.00	l
84.522953	2147150098.00	lr
85.003083	2147150098.00	rr
85.043179	2147150098.00	r
85.043266	2147150098.00	
85.303204	2147150098.00	l
85.523069	2147150098.00	lr
86.002924	2147150098.00	rr
86.043025	2147150098.00	r
86.04312	2147150098.00	
86.303993	2147150098.00	l
86.523083	2147150098.00	lr
87.003095	2147150098.00	rr
87.042992	2147150098.00	r
87.04308	2147150098.00	
87.313038	2147150098.00	l
87.523141	2147150098.00	lr
88.003049	2147150098.00	rr
88.043076	2147150098.00	r
88.053042	2147150098.00	
88.313112	2147150098.00	l
88.532952	2147150098.00	lr
89.013159	2147150098.00	rr
89.053085	2147150098.00	
89.053176	2147150098.00	r
89.313143	2147150098.00	l
89.523042	2147150098.00	lr
90.013212	2147150098.00	rr
90.052924	2147150098.00	
90.053014	2147150098.00	r
90.313251	2147150098.00	l
90.523135	2147150098.00	lr
91.012959	2147150098.00	rr
91.05304	2147150098.00	
91.053131	2147150098.00	r
91.313068	2147150098.00	l
91.533129	2147150098.00	lr
92.013058	2147150098.00	rr
92.053144	2147150098.00	
92.053235	2147150098.00	r
92.31302	2147150098.00	l
92.532928	2147150098.00	lr
93.013137	2147150098.00	rr
93.05307	2147150098.00	r
93.053159	2147150098.00	
93.313113	2147150098.00	l
93.533104	2147150098.00	lr
94.013146	2147150098.00	rr
94.054264	2147150098.00	r
94.054352	2147150098.00	
94.313117	2147150098.00	l
94.533083	2147150098.00	lr
95.013019	2147150098.00	rr
95.052957	2147150098.00	r
95.053045	2147150098.00	
95.313026	2147150098.00	l
95.533138	2147150098.00	lr
96.013031	2147150098.00	rr
96.053014	2147150098.00	r
96.063056	2147150098.00	
96.32308	2147150098.00	l
96.533713	2147150098.00	lr
97.013143	2147150098.00	rr
97.053123	2147150098.00	
97.063204	2147150098.00	r
97.323062	2147150098.00	l
97.533026	2147150098.00	lr
98.013159	2147150098.00	rr
98.06313	2147150098.00	
98.063221	2147150098.00	r
98.323193	2147150098.00	l
98.543107	2147150098.00	lr
99.023147	2147150098.00	rr
99.064105	2147150098.00	
99.064196	2147150098.00	r
99.323094	2147150098.00	l
99.543171	2147150098.00	lr
100.02302	2147150098.00	rr
100.062971	2147150098.00	
100.063151	2147150098.00	r
100.324437	2147150098.00	l
100.543144	2147150098.00	lr
101.023095	2147150098.00	rr
101.063179	2147150098.00	r
101.063267	2147150098.00	
101.323079	2147150098.00	l
101.543419	2147150098.00	lr
102.023106	2147150098.00	rr
102.063196	2147150098.00	r
102.063284	2147150098.00	
102.32314	2147150098.00	l
102.552972	2147150098.00	lr
103.023152	2147150098.00	rr
103.064247	2147150098.00	r
103.064334	2147150098.00	
103.323295	2147150098.00	l
103.543082	2147150098.00	lr
104.02308	2147150098.00	rr
104.063164	2147150098.00	r
104.063252	2147150098.00	
104.323004	2147150098.00	l
104.553151	2147150098.00	lr
105.023105	2147150098.00	rr
105.063188	2147150098.00	r
105.063276	2147150098.00	
105.32297	2147150098.00	l
105.553044	2147150098.00	lr
106.023034	2147150098.00	rr
106.063238	2147150098.00	r
106.073148	2147150098.00	
106.323136	2147150098.00	l
106.543001	2147150098.00	lr
107.023256	2147150098.00	rr
107.072942	2147150098.00	r
107.07303	2147150098.00	
107.333129	2147150098.00	l
107.54318	2147150098.00	lr
108.023044	2147150098.00	rr
108.072986	2147150098.00	r
108.073074	2147150098.00	
108.333012	2147150098.00	l
108.553099	2147150098.00	lr
109.023099	2147150098.00	rr
109.073051	2147150098.00	r
109.073139	2147150098.00	
109.333035	2147150098.00	l
109.553932	2147150098.00	lr
110.033095	2147150098.00	rr
110.07313	2147150098.00	r
110.073217	2147150098.00	
110.333009	2147150098.00	l
110.552953	2147150098.00	lr
111.034067	2147150098.00	rr
111.074083	2147150098.00	r
111.074172	2147150098.00	
111.334037	2147150098.00	l
111.554069	2147150098.00	lr
112.034191	2147150098.00	rr
112.075239	2147150098.00	r
112.075327	2147150098.00	
112.334097	2147150098.00	l
112.554054	2147150098.00	lr
113.033946	2147150098.00	rr
113.073983	2147150098.00	r
113.074071	2147150098.00	
113.333911	2147150098.00	l
113.554103	2147150098.00	lr
114.034066	2147150098.00	rr
114.074153	2147150098.00	r
114.074241	2147150098.00	
114.333964	2147150098.00	l
114.554918	2147150098.00	lr
115.034118	2147150098.00	rr
115.074185	2147150098.00	r
115.074273	2147150098.00	
115.334017	2147150098.00	l
115.564089	2147150098.00	lr
116.0342	2147150098.00	rr
116.075288	2147150098.00	r
116.083902	2147150098.00	
116.34432	2147150098.00	l
116.564159	2147150098.00	lr
117.03404	2147150098.00	rr
117.084017	2147150098.00	r
117.084105	2147150098.00	
117.343984	2147150098.00	l
117.56421	2147150098.00	lr
118.034071	2147150098.00	rr
118.084021	2147150098.00	r
118.084108	2147150098.00	
118.343983	2147150098.00	l
118.564239	2147150098.00	lr
119.034058	2147150098.00	rr
119.084154	2147150098.00	r
119.084242	2147150098.00	
119.344151	2147150098.00	l
119.564065	2147150098.00	lr
120.04405	2147150098.00	rr
120.084201	2147150098.00	r
120.084289	2147150098.00	
120.344111	2147150098.00	l
120.564165	2147150098.00	lr
121.044166	2147150098.00	rr
121.08393	2147150098.00	r
121.084018	2147150098.00	
121.344101	2147150098.00	l
121.564189	2147150098.00	lr
122.044028	2147150098.00	rr
122.08408	2147150098.00	r
122.084167	2147150098.00	
122.345382	2147150098.00	l
122.564149	2147150098.00	lr
123.043966	2147150098.00	rr
123.08412	2147150098.00	r
123.084207	2147150098.00	
123.344071	2147150098.00	l
123.564334	2147150098.00	lr
124.044037	2147150098.00	rr
124.084183	2147150098.00	r
124.08427	2147150098.00	
124.344081	2147150098.00	l
124.574056	2147150098.00	lr
125.044144	2147150098.00	rr
125.084685	2147150098.00	r
125.084787	2147150098.00	
125.354181	2147150098.00	l
125.574099	2147150098.00	lr
126.045456	2147150098.00	rr
126.084048	2147150098.00	r
126.094032	2147150098.00	
126.354018	2147150098.00	l
126.574182	2147150098.00	lr
127.05404	2147150098.00	rr
127.086934	2147150098.00	r
127.087022	2147150098.00	
127.347692	2147150098.00	l
127.577135	2147150098.00	lr
128.047009	2147150098.00	rr
128.086985	2147150098.00	r
128.097009	2147150098.00	
128.356986	2147150098.00	l
128.577135	2147150098.00	lr
129.046972	2147150098.00	rr
129.087017	2147150098.00	r
129.097146	2147150098.00	
129.357108	2147150098.00	l
129.577025	2147150098.00	lr
130.047017	2147150098.00	rr
130.097088	2147150098.00	r
130.097175	2147150098.00	
130.357104	2147150098.00	l
130.577022	2147150098.00	lr
131.04712	2147150098.00	rr
131.097176	2147150098.00	r
131.097263	2147150098.00	
131.357149	2147150098.00	l
131.577077	2147150098.00	lr
132.047175	2147150098.00	rr
132.096957	2147150098.00	r
132.097045	2147150098.00	
132.357114	2147150098.00	l
132.57713	2147150098.00	lr
133.056934	2147150098.00	rr
133.09699	2147150098.00	r
133.097078	2147150098.00	
133.357997	2147150098.00	l
133.577073	2147150098.00	lr
134.057036	2147150098.00	rr
134.097106	2147150098.00	r
134.097194	2147150098.00	
134.366988	2147150098.00	l
134.577529	2147150098.00	lr
135.057135	2147150098.00	rr
135.097061	2147150098.00	r
135.097164	2147150098.00	
135.367065	2147150098.00	l
135.577007	2147150098.00	lr
136.057035	2147150098.00	rr
136.0971	2147150098.00	r
136.097188	2147150098.00	
136.367183	2147150098.00	l
136.58702	2147150098.00	lr
137.057103	2147150098.00	rr
137.097814	2147150098.00	r
137.106931	2147150098.00	
137.367231	2147150098.00	l
137.587112	2147150098.00	lr
138.058164	2147150098.00	rr
138.096962	2147150098.00	r
138.107031	2147150098.00	
138.367915	2147150098.00	l
138.587135	2147150098.00	lr
139.057078	2147150098.00	rr
139.096966	2147150098.00	r
139.107052	2147150098.00	
139.367069	2147150098.00	l
139.587168	2147150098.00	lr
140.057096	2147150098.00	rr
140.097173	2147150098.00	r
140.107108	2147150098.00	
140.366975	2147150098.00	l
140.586962	2147150098.00	lr
141.067106	2147150098.00	rr
141.107128	2147150098.00	r
141.107216	2147150098.00	
141.367052	2147150098.00	l
141.586946	2147150098.00	lr
142.057175	2147150098.00	rr
142.10717	2147150098.00	r
142.107258	2147150098.00	
142.367159	2147150098.00	l
142.587107	2147150098.00	lr
143.067216	2147150098.00	rr
143.107591	2147150098.00	r
143.107679	2147150098.00	
143.367121	2147150098.00	l
143.587108	2147150098.00	lr
144.068134	2147150098.00	rr
144.106947	2147150098.00	r
144.107035	2147150098.00	
144.368102	2147150098.00	l
144.587147	2147150098.00	lr
145.067085	2147150098.00	rr
145.107073	2147150098.00	r
145.107166	2147150098.00	
145.366981	2147150098.00	l
145.587331	2147150098.00	lr
146.06713	2147150098.00	rr
146.107102	2147150098.00	r
146.10719	2147150098.00	
146.377103	2147150098.00	l
146.586972	2147150098.00	lr
147.067072	2147150098.00	rr
147.107161	2147150098.00	r
147.117109	2147150098.00	
147.377135	2147150098.00	l
147.597084	2147150098.00	lr
148.067142	2147150098.00	rr
148.107867	2147150098.00	r
148.116926	2147150098.00	
148.37711	2147150098.00	l
148.597053	2147150098.00	lr
149.068056	2147150098.00	rr
149.107049	2147150098.00	r
149.116967	2147150098.00	
149.378549	2147150098.00	l
149.597106	2147150098.00	lr
150.067067	2147150098.00	rr
150.117112	2147150098.00	r
150.117201	2147150098.00	
150.376972	2147150098.00	l
150.597344	2147150098.00	lr
151.06711	2147150098.00	rr
151.117173	2147150098.00	r
151.117261	2147150098.00	
151.377089	2147150098.00	l
151.597019	2147150098.00	lr
152.077143	2147150098.00	rr
152.117119	2147150098.00	r
152.117207	2147150098.00	
152.377036	2147150098.00	l
152.596962	2147150098.00	lr
153.077094	2147150098.00	rr
153.117439	2147150098.00	r
153.117527	2147150098.00	
153.377166	2147150098.00	l
153.597094	2147150098.00	lr
154.078218	2147150098.00	rr
154.116975	2147150098.00	r
154.117063	2147150098.00	
154.378239	2147150098.00	l
154.597112	2147150098.00	lr
155.077081	2147150098.00	rr
155.117003	2147150098.00	r
155.117091	2147150098.00	
155.377016	2147150098.00	l
155.597244	2147150098.00	lr
156.077127	2147150098.00	rr
156.117156	2147150098.00	r
156.127129	2147150098.00	
156.387138	2147150098.00	l
156.597055	2147150098.00	lr
157.077091	2147150098.00	rr
157.117088	2147150098.00	r
157.127075	2147150098.00	
157.387124	2147150098.00	l
157.607003	2147150098.00	lr
158.077128	2147150098.00	rr
158.117678	2147150098.00	r
158.128459	2147150098.00	
158.387238	2147150098.00	l
158.607148	2147150098.00	lr
159.078101	2147150098.00	rr
159.116932	2147150098.00	r
159.126939	2147150098.00	
159.388255	2147150098.00	l
159.607164	2147150098.00	lr
160.076975	2147150098.00	rr
160.126976	2147150098.00	r
160.127085	2147150098.00	
160.38699	2147150098.00	l
160.607137	2147150098.00	lr
161.087103	2147150098.00	rr
161.127018	2147150098.00	r
161.127112	2147150098.00	
161.386999	2147150098.00	l
161.606966	2147150098.00	lr
162.087166	2147150098.00	rr
162.127216	2147150098.00	r
162.127304	2147150098.00	
162.387094	2147150098.00	l
162.607116	2147150098.00	lr
163.087939	2147150098.00	rr
163.12702	2147150098.00	r
163.127114	2147150098.00	
163.387415	2147150098.00	l
163.607176	2147150098.00	lr
164.086997	2147150098.00	rr
164.127039	2147150098.00	r
164.127133	2147150098.00	
164.387078	2147150098.00	l
164.60719	2147150098.00	lr
165.087038	2147150098.00	rr
165.127137	2147150098.00	r
165.127225	2147150098.00	
165.396998	2147150098.00	l
165.608262	2147150098.00	lr
166.087071	2147150098.00	rr
166.127133	2147150098.00	r
166.13712	2147150098.00	
166.39704	2147150098.00	l
166.617064	2147150098.00	lr
167.087073	2147150098.00	rr
167.127114	2147150098.00	r
167.137119	2147150098.00	
167.397087	2147150098.00	l
167.617085	2147150098.00	lr
168.087176	2147150098.00	rr
168.128113	2147150098.00	r
168.13695	2147150098.00	
168.397195	2147150098.00	l
168.617159	2147150098.00	lr
169.086958	2147150098.00	rr
169.13698	2147150098.00	r
169.137068	2147150098.00	
169.398471	2147150098.00	l
169.617166	2147150098.00	lr
170.097014	2147150098.00	rr
170.137074	2147150098.00	r
170.137161	2147150098.00	
170.397075	2147150098.00	l
170.617138	2147150098.00	lr
171.0981	2147150098.00	rr
171.138071	2147150098.00	r
171.138159	2147150098.00	
171.398044	2147150098.00	l
171.619263	2147150098.00	lr
172.088107	2147150098.00	rr
172.138117	2147150098.00	r
172.138206	2147150098.00	
172.398111	2147150098.00	l
172.618076	2147150098.00	lr
173.098133	2147150098.00	rr
173.138204	2147150098.00	r
173.138291	2147150098.00	
173.398158	2147150098.00	l
173.618025	2147150098.00	lr
174.098165	2147150098.00	rr
174.138046	2147150098.00	r
174.138134	2147150098.00	
174.398121	2147150098.00	l
174.618029	2147150098.00	lr
175.098053	2147150098.00	rr
175.138117	2147150098.00	r
175.148097	2147150098.00	
175.408004	2147150098.00	l
175.61812	2147150098.00	lr
176.098015	2147150098.00	rr
176.138056	2147150098.00	r
176.148027	2147150098.00	
176.407992	2147150098.00	l
176.619158	2147150098.00	lr
177.09802	2147150098.00	rr
177.13806	2147150098.00	r
177.148073	2147150098.00	
177.408077	2147150098.00	l
177.628064	2147150098.00	lr
178.098114	2147150098.00	rr
178.148502	2147150098.00	r
178.148589	2147150098.00	
178.408155	2147150098.00	l
178.628032	2147150098.00	lr
179.098593	2147150098.00	rr
179.147973	2147150098.00	r
179.14806	2147150098.00	
179.408558	2147150098.00	l
179.62812	2147150098.00	lr
180.09793	2147150098.00	rr
180.148055	2147150098.00	r
180.148143	2147150098.00	
180.408061	2147150098.00	l
180.628134	2147150098.00	lr
181.098039	2147150098.00	rr
181.148094	2147150098.00	r
181.148182	2147150098.00	
181.408092	2147150098.00	l
181.628058	2147150098.00	lr
182.098109	2147150098.00	rr
182.148121	2147150098.00	r
182.148209	2147150098.00	
182.408119	2147150098.00	l
182.627999	2147150098.00	lr
183.108242	2147150098.00	rr
183.147914	2147150098.00	r
183.148002	2147150098.00	
183.408155	2147150098.00	l
183.628154	2147150098.00	lr
184.107937	2147150098.00	rr
184.147996	2147150098.00	r
184.148084	2147150098.00	
184.418005	2147150098.00	l
184.638128	2147150098.00	lr
185.108097	2147150098.00	rr
185.148044	2147150098.00	r
185.158028	2147150098.00	
185.418091	2147150098.00	l
185.638746	2147150098.00	lr
186.108147	2147150098.00	rr
186.148029	2147150098.00	r
186.158081	2147150098.00	
186.41805	2147150098.00	l
186.638057	2147150098.00	lr
187.108136	2147150098.00	rr
187.148198	2147150098.00	r
187.158291	2147150098.00	
187.418161	2147150098.00	l
187.638091	2147150098.00	lr
188.108151	2147150098.00	rr
188.148913	2147150098.00	r
188.158095	2147150098.00	
188.418163	2147150098.00	l
188.638028	2147150098.00	lr
189.109406	2147150098.00	rr
189.157987	2147150098.00	r
189.158158	2147150098.00	
189.419338	2147150098.00	l
189.638107	2147150098.00	lr
190.108104	2147150098.00	rr
190.158125	2147150098.00	r
190.158213	2147150098.00	
190.418046	2147150098.00	l
190.63822	2147150098.00	lr
191.108048	2147150098.00	rr
191.158218	2147150098.00	r
191.158306	2147150098.00	
191.418097	2147150098.00	l
191.638001	2147150098.00	lr
192.118091	2147150098.00	rr
192.158194	2147150098.00	r
192.158282	2147150098.00	
192.418178	2147150098.00	l
192.63809	2147150098.00	lr
193.11815	2147150098.00	rr
193.159664	2147150098.00	r
193.159751	2147150098.00	
193.418239	2147150098.00	l
193.638099	2147150098.00	lr
194.118001	2147150098.00	rr
194.158185	2147150098.00	r
194.168087	2147150098.00	
194.417983	2147150098.00	l
194.648099	2147150098.00	lr
195.118092	2147150098.00	rr
195.158201	2147150098.00	r
195.168127	2147150098.00	
195.428072	2147150098.00	l
195.649032	2147150098.00	lr
196.118075	2147150098.00	rr
196.158232	2147150098.00	r
196.168157	2147150098.00	
196.428008	2147150098.00	l
196.647963	2147150098.00	lr
197.118104	2147150098.00	rr
197.158274	2147150098.00	r
197.168207	2147150098.00	
197.428163	2147150098.00	l
197.648131	2147150098.00	lr
198.119327	2147150098.00	rr
198.168073	2147150098.00	r
198.16816	2147150098.00	
198.429302	2147150098.00	l
198.64814	2147150098.00	lr
199.118044	2147150098.00	rr
199.168115	2147150098.00	r
199.168203	2147150098.00	
199.428016	2147150098.00	l
199.648189	2147150098.00	lr
200.128065	2147150098.00	rr
200.168099	2147150098.00	r
200.168187	2147150098.00	
200.428032	2147150098.00	l
200.647933	2147150098.00	lr
201.128134	2147150098.00	rr
201.168192	2147150098.00	r
201.16828	2147150098.00	
201.428083	2147150098.00	l
201.648057	2147150098.00	lr
202.130064	2147150098.00	rr
202.170088	2147150098.00	r
202.170178	2147150098.00	
202.432041	2147150098.00	l
202.652017	2147150098.00	lr
203.123084	2147150098.00	rr
203.173133	2147150098.00	r
203.173221	2147150098.00	
203.432111	2147150098.00	l
203.662019	2147150098.00	lr
204.132225	2147150098.00	rr
204.172745	2147150098.00	r
204.172832	2147150098.00	
204.432075	2147150098.00	l
204.662039	2147150098.00	lr
205.132057	2147150098.00	rr
205.172015	2147150098.00	r
205.172106	2147150098.00	
205.431945	2147150098.00	l
205.66209	2147150098.00	lr
206.132105	2147150098.00	rr
206.172064	2147150098.00	r
206.172152	2147150098.00	
206.432039	2147150098.00	l
206.662222	2147150098.00	lr
207.132037	2147150098.00	rr
207.172131	2147150098.00	r
207.182108	2147150098.00	
207.442002	2147150098.00	l
207.662001	2147150098.00	lr
208.132081	2147150098.00	rr
208.172105	2147150098.00	r
208.182108	2147150098.00	
208.442178	2147150098.00	l
208.662065	2147150098.00	lr
209.132215	2147150098.00	rr
209.171922	2147150098.00	r
209.182044	2147150098.00	
209.442276	2147150098.00	l
209.66205	2147150098.00	lr
210.131965	2147150098.00	rr
210.171974	2147150098.00	r
210.181966	2147150098.00	
210.442027	2147150098.00	l
210.662223	2147150098.00	lr
211.132079	2147150098.00	rr
211.172127	2147150098.00	r
211.182103	2147150098.00	
211.442063	2147150098.00	l
211.661998	2147150098.00	lr
212.132165	2147150098.00	rr
212.172058	2147150098.00	r
212.182076	2147150098.00	
212.442075	2147150098.00	l
212.66208	2147150098.00	lr
213.142168	2147150098.00	rr
213.182379	2147150098.00	r
213.182467	2147150098.00	
213.442202	2147150098.00	l
213.662004	2147150098.00	lr
214.142613	2147150098.00	rr
214.181935	2147150098.00	r
214.182023	2147150098.00	
214.442428	2147150098.00	l
214.672056	2147150098.00	lr
215.142067	2147150098.00	rr
215.181992	2147150098.00	r
215.182081	2147150098.00	
215.442039	2147150098.00	l
215.662174	2147150098.00	lr
216.142131	2147150098.00	rr
216.18215	2147150098.00	r
216.182261	2147150098.00	
216.452026	2147150098.00	l
216.671954	2147150098.00	lr
217.142049	2147150098.00	rr
217.182161	2147150098.00	r
217.192165	2147150098.00	
217.452111	2147150098.00	l
217.672073	2147150098.00	lr
218.142247	2147150098.00	rr
218.181954	2147150098.00	r
218.191965	2147150098.00	
218.453181	2147150098.00	l
218.672137	2147150098.00	lr
219.141958	2147150098.00	rr
219.18209	2147150098.00	r
219.192074	2147150098.00	
219.452038	2147150098.00	l
219.672129	2147150098.00	lr
220.142065	2147150098.00	rr
220.182163	2147150098.00	r
220.192171	2147150098.00	
220.452011	2147150098.00	l
220.671961	2147150098.00	lr
221.142114	2147150098.00	rr
221.192222	2147150098.00	r
221.192311	2147150098.00	
221.452179	2147150098.00	l
221.672088	2147150098.00	lr
222.152218	2147150098.00	rr
222.192472	2147150098.00	r
222.192559	2147150098.00	
222.452281	2147150098.00	l
222.67209	2147150098.00	lr
223.152578	2147150098.00	rr
223.192067	2147150098.00	r
223.192155	2147150098.00	
223.452918	2147150098.00	l
223.67217	2147150098.00	lr
224.152017	2147150098.00	rr
224.192127	2147150098.00	r
224.192215	2147150098.00	
224.45213	2147150098.00	l
224.673319	2147150098.00	lr
225.152073	2147150098.00	rr
225.192139	2147150098.00	r
225.192227	2147150098.00	
225.462052	2147150098.00	l
225.672058	2147150098.00	lr
226.152096	2147150098.00	rr
226.192142	2147150098.00	r
226.202109	2147150098.00	
226.462192	2147150098.00	l
226.682117	2147150098.00	lr
227.152192	2147150098.00	rr
227.193399	2147150098.00	r
227.201905	2147150098.00	
227.462233	2147150098.00	l
227.682102	2147150098.00	lr
228.152155	2147150098.00	rr
228.192091	2147150098.00	r
228.202086	2147150098.00	
228.462019	2147150098.00	l
228.682146	2147150098.00	lr
229.15207	2147150098.00	rr
229.192027	2147150098.00	r
229.20202	2147150098.00	
229.462121	2147150098.00	l
229.682034	2147150098.00	lr
230.152126	2147150098.00	rr
230.202085	2147150098.00	r
230.202173	2147150098.00	
230.462019	2147150098.00	l
230.682037	2147150098.00	lr
231.153157	2147150098.00	rr
231.203182	2147150098.00	r
231.20327	2147150098.00	
231.463131	2147150098.00	l
231.683096	2147150098.00	lr
232.153166	2147150098.00	rr
232.204029	2147150098.00	r
232.204117	2147150098.00	
232.463146	2147150098.00	l
232.683019	2147150098.00	lr
233.163053	2147150098.00	rr
233.202932	2147150098.00	r
233.20302	2147150098.00	
233.463978	2147150098.00	l
233.683097	2147150098.00	lr
234.162952	2147150098.00	rr
234.203006	2147150098.00	r
234.203099	2147150098.00	
234.473076	2147150098.00	l
234.683802	2147150098.00	lr
235.163069	2147150098.00	rr
235.2031	2147150098.00	r
235.203188	2147150098.00	
235.473027	2147150098.00	l
235.683001	2147150098.00	lr
236.163154	2147150098.00	rr
236.203119	2147150098.00	r
236.213239	2147150098.00	
236.473099	2147150098.00	l
236.6831	2147150098.00	lr
237.163158	2147150098.00	rr
237.20428	2147150098.00	r
237.212982	2147150098.00	
237.473337	2147150098.00	l
237.693186	2147150098.00	lr
238.163059	2147150098.00	rr
238.203073	2147150098.00	r
238.213072	2147150098.00	
238.473084	2147150098.00	l
238.693745	2147150098.00	lr
239.163106	2147150098.00	rr
239.20312	2147150098.00	r
239.213125	2147150098.00	
239.473126	2147150098.00	l
239.693054	2147150098.00	lr
240.16312	2147150098.00	rr
240.203149	2147150098.00	r
240.213151	2147150098.00	
240.473106	2147150098.00	l
240.692966	2147150098.00	lr
241.163099	2147150098.00	rr
241.213328	2147150098.00	r
241.213416	2147150098.00	
241.473134	2147150098.00	l
241.693128	2147150098.00	lr
242.16298	2147150098.00	rr
242.213024	2147150098.00	r
242.213111	2147150098.00	
242.473038	2147150098.00	l
242.693114	2147150098.00	lr
243.162989	2147150098.00	rr
243.213043	2147150098.00	r
243.213132	2147150098.00	
243.473024	2147150098.00	l
243.693245	2147150098.00	lr
244.172998	2147150098.00	rr
244.213071	2147150098.00	r
244.213159	2147150098.00	
244.472971	2147150098.00	l
244.694506	2147150098.00	lr
245.173166	2147150098.00	rr
245.213137	2147150098.00	r
245.213225	2147150098.00	
245.483158	2147150098.00	l
245.693026	2147150098.00	lr
246.173122	2147150098.00	rr
246.2132	2147150098.00	r
246.22321	2147150098.00	
246.483189	2147150098.00	l
246.703048	2147150098.00	lr
247.173192	2147150098.00	rr
247.214413	2147150098.00	r
247.222982	2147150098.00	
247.48381	2147150098.00	l
247.703081	2147150098.00	lr
248.17302	2147150098.00	rr
248.213081	2147150098.00	r
248.223091	2147150098.00	
248.483004	2147150098.00	l
248.702969	2147150098.00	lr
249.173144	2147150098.00	rr
249.213198	2147150098.00	r
249.22317	2147150098.00	
249.483115	2147150098.00	l
249.703002	2147150098.00	lr
250.173368	2147150098.00	rr
250.223014	2147150098.00	r
250.223102	2147150098.00	
250.483643	2147150098.00	l
250.703148	2147150098.00	lr
251.172956	2147150098.00	rr
251.222976	2147150098.00	r
251.223065	2147150098.00	
251.483018	2147150098.00	l
251.703129	2147150098.00	lr
252.172972	2147150098.00	rr
252.223002	2147150098.00	r
252.223091	2147150098.00	
252.48306	2147150098.00	l
252.703639	2147150098.00	lr
253.18306	2147150098.00	rr
253.223079	2147150098.00	r
253.223167	2147150098.00	
253.493059	2147150098.00	l
253.702978	2147150098.00	lr
254.183034	2147150098.00	rr
254.223106	2147150098.00	r
254.23308	2147150098.00	
254.483164	2147150098.00	l
254.703065	2147150098.00	lr
255.183062	2147150098.00	rr
255.223135	2147150098.00	r
255.223222	2147150098.00	
255.493135	2147150098.00	l
255.703057	2147150098.00	lr
256.183122	2147150098.00	rr
256.223531	2147150098.00	r
256.234334	2147150098.00	
256.493193	2147150098.00	l
256.713115	2147150098.00	lr
257.183029	2147150098.00	rr
257.222933	2147150098.00	r
257.233033	2147150098.00	
257.492995	2147150098.00	l
257.713214	2147150098.00	lr
258.182959	2147150098.00	rr
258.223025	2147150098.00	r
258.233029	2147150098.00	
258.492932	2147150098.00	l
258.713238	2147150098.00	lr
259.183106	2147150098.00	rr
259.222986	2147150098.00	r
259.232991	2147150098.00	
259.493027	2147150098.00	l
259.714205	2147150098.00	lr
260.183018	2147150098.00	rr
260.23306	2147150098.00	r
260.233148	2147150098.00	
260.493049	2147150098.00	l
260.71306	2147150098.00	lr
261.183068	2147150098.00	rr
261.233119	2147150098.00	r
261.233206	2147150098.00	
261.49313	2147150098.00	l
261.712952	2147150098.00	lr
262.193191	2147150098.00	rr
262.23312	2147150098.00	r
262.23321	2147150098.00	
262.493076	2147150098.00	l
262.713014	2147150098.00	lr
263.19312	2147150098.00	rr
263.234291	2147150098.00	r
263.234392	2147150098.00	
263.50313	2147150098.00	l
263.713085	2147150098.00	lr
264.193032	2147150098.00	rr
264.232956	2147150098.00	r
264.233044	2147150098.00	
264.503027	2147150098.00	l
264.713123	2147150098.00	lr
265.192996	2147150098.00	rr
265.233057	2147150098.00	r
265.243055	2147150098.00	
265.503104	2147150098.00	l
265.722942	2147150098.00	lr
266.193115	2147150098.00	rr
266.233172	2147150098.00	r
266.243185	2147150098.00	
266.503076	2147150098.00	l
266.72304	2147150098.00	lr
267.193086	2147150098.00	rr
267.233159	2147150098.00	r
267.243181	2147150098.00	
267.5031	2147150098.00	l
267.723015	2147150098.00	lr
268.193193	2147150098.00	rr
268.233054	2147150098.00	r
268.243071	2147150098.00	
268.503578	2147150098.00	l
268.723103	2147150098.00	lr
269.192941	2147150098.00	rr
269.243001	2147150098.00	r
269.243089	2147150098.00	
269.503041	2147150098.00	l
269.723209	2147150098.00	lr
270.193036	2147150098.00	rr
270.243049	2147150098.00	r
270.243137	2147150098.00	
270.503091	2147150098.00	l
270.724153	2147150098.00	lr
271.193148	2147150098.00	rr
271.243174	2147150098.00	r
271.243263	2147150098.00	
271.503073	2147150098.00	l
271.723056	2147150098.00	lr
272.203082	2147150098.00	rr
272.243165	2147150098.00	r
272.243253	2147150098.00	
272.503046	2147150098.00	l
272.723035	2147150098.00	lr
273.203143	2147150098.00	rr
273.24372	2147150098.00	r
273.243821	2147150098.00	
273.513233	2147150098.00	l
273.73302	2147150098.00	lr
274.203941	2147150098.00	rr
274.243066	2147150098.00	r
274.243153	2147150098.00	
274.514436	2147150098.00	l
274.733142	2147150098.00	lr
275.203006	2147150098.00	rr
275.243105	2147150098.00	r
275.25318	2147150098.00	
275.513051	2147150098.00	l
275.734319	2147150098.00	lr
276.203069	2147150098.00	rr
276.24315	2147150098.00	r
276.253277	2147150098.00	
276.513051	2147150098.00	l
276.733099	2147150098.00	lr
277.203185	2147150098.00	rr
277.243237	2147150098.00	r
277.253939	2147150098.00	
277.513131	2147150098.00	l
277.733033	2147150098.00	lr
278.203602	2147150098.00	rr
278.253025	2147150098.00	r
278.253112	2147150098.00	
278.514035	2147150098.00	l
278.733096	2147150098.00	lr
279.203032	2147150098.00	rr
279.253177	2147150098.00	r
279.253265	2147150098.00	
279.513009	2147150098.00	l
279.733175	2147150098.00	lr
280.211148	2147150098.00	rr
280.251176	2147150098.00	r
280.251264	2147150098.00	
280.521022	2147150098.00	l
280.731044	2147150098.00	lr
281.211161	2147150098.00	rr
281.251204	2147150098.00	r
281.261115	2147150098.00	
281.521154	2147150098.00	l
281.741049	2147150098.00	lr
282.210928	2147150098.00	rr
282.251098	2147150098.00	r
282.261044	2147150098.00	
282.520925	2147150098.00	l
282.74121	2147150098.00	lr
283.211098	2147150098.00	rr
283.251114	2147150098.00	r
283.261037	2147150098.00	
283.521022	2147150098.00	l
283.741029	2147150098.00	lr
284.211106	2147150098.00	rr
284.251097	2147150098.00	r
284.261024	2147150098.00	
284.520968	2147150098.00	l
284.74107	2147150098.00	lr
285.211043	2147150098.00	rr
285.261054	2147150098.00	r
285.261142	2147150098.00	
285.520948	2147150098.00	l
285.741501	2147150098.00	lr
286.211065	2147150098.00	rr
286.261179	2147150098.00	r
286.261266	2147150098.00	
286.521155	2147150098.00	l
286.740978	2147150098.00	lr
287.211202	2147150098.00	rr
287.261133	2147150098.00	r
287.26122	2147150098.00	
287.521091	2147150098.00	l
287.741092	2147150098.00	lr
288.211661	2147150098.00	rr
288.260992	2147150098.00	r
288.26108	2147150098.00	
288.522158	2147150098.00	l
288.741062	2147150098.00	lr
289.211069	2147150098.00	rr
289.26105	2147150098.00	r
289.261137	2147150098.00	
289.530995	2147150098.00	l
289.741138	2147150098.00	lr
290.211114	2147150098.00	rr
290.261034	2147150098.00	r
290.261121	2147150098.00	
290.531074	2147150098.00	l
290.751015	2147150098.00	lr
291.22204	2147150098.00	rr
291.262167	2147150098.00	r
291.262254	2147150098.00	
291.532053	2147150098.00	l
291.752082	2147150098.00	lr
292.222096	2147150098.00	rr
292.262079	2147150098.00	r
292.272135	2147150098.00	
292.532065	2147150098.00	l
292.752055	2147150098.00	lr
293.222222	2147150098.00	rr
293.262684	2147150098.00	r
293.273453	2147150098.00	
293.532188	2147150098.00	l
293.752185	2147150098.00	lr
294.222047	2147150098.00	rr
294.262936	2147150098.00	r
294.272939	2147150098.00	
294.533777	2147150098.00	l
294.755047	2147150098.00	lr
295.225515	2147150098.00	rr
295.267305	2147150098.00	r
295.267393	2147150098.00	
295.537136	2147150098.00	l
295.757017	2147150098.00	lr
296.227385	2147150098.00	rr
296.266989	2147150098.00	r
296.267076	2147150098.00	
296.537437	2147150098.00	l
296.757113	2147150098.00	lr
297.227045	2147150098.00	rr
297.266999	2147150098.00	r
297.276992	2147150098.00	
297.538438	2147150098.00	l
297.757191	2147150098.00	lr
298.226974	2147150098.00	rr
298.267061	2147150098.00	r
298.277061	2147150098.00	
298.536957	2147150098.00	l
298.757224	2147150098.00	lr
299.227011	2147150098.00	rr
299.267066	2147150098.00	r
299.277073	2147150098.00	
299.536997	2147150098.00	l
299.758339	2147150098.00	lr
300.227016	2147150098.00	rr
300.267109	2147150098.00	r
300.27712	2147150098.00	
300.537021	2147150098.00	l
300.75708	2147150098.00	lr
301.227153	2147150098.00	rr
301.277595	2147150098.00	r
301.277683	2147150098.00	
301.537154	2147150098.00	l
301.757152	2147150098.00	lr
302.228512	2147150098.00	rr
302.276938	2147150098.00	r
302.277024	2147150098.00	
302.536967	2147150098.00	l
302.757134	2147150098.00	lr
303.236982	2147150098.00	rr
303.277065	2147150098.00	r
303.277153	2147150098.00	
