0.645327	2147134821.00	
0.915325	2147134821.00	l
0.925303	2147134821.00	r
0.945378	2147134821.00	rr
0.945471	2147134821.00	lr
1.645391	2147134821.00	
1.915344	2147134821.00	l
1.925279	2147134821.00	r
1.945427	2147134821.00	rr
1.945519	2147134821.00	lr
2.655316	2147134821.00	
2.925246	2147134821.00	l
2.925336	2147134821.00	r
2.955337	687.00	rr
2.955409	907.00	lr
3.655381	2147134821.00	
3.925383	2147134821.00	l
3.925474	2147134821.00	r
3.955409	2147134821.00	rr
3.955502	2147134821.00	lr
4.655455	2147134821.00	
4.925359	2147134821.00	l
4.935363	2147134821.00	r
4.955428	2147134821.00	rr
4.95552	2147134821.00	lr
5.65588	2147134821.00	
5.925374	2147134821.00	l
5.935454	2147134821.00	r
5.956445	2147134821.00	rr
5.956536	2147134821.00	lr
6.655271	2147134821.00	
6.926007	2147134821.00	l
6.93518	2147134821.00	r
6.955266	2147134821.00	rr
6.955358	2147134821.00	lr
7.655328	2147134821.00	
7.935206	2147134821.00	l
7.935296	2147134821.00	r
7.95531	2147134821.00	rr
7.955403	2147134821.00	lr
8.65538	2147134821.00	
8.935296	2147134821.00	l
8.935386	2147134821.00	r
8.955368	2147134821.00	rr
8.955461	2147134821.00	lr
9.655374	2147134821.00	
9.935281	2147134821.00	r
9.935372	2147134821.00	l
9.955367	2147134821.00	rr
9.965347	2147134821.00	lr
10.655376	2147134821.00	
10.935444	2147134821.00	l
10.935535	2147134821.00	r
10.955362	2147134821.00	rr
10.965368	2147134821.00	lr
11.665254	2147134821.00	
11.936018	2147134821.00	l
11.936108	2147134821.00	r
11.965169	2147134821.00	rr
11.965262	2147134821.00	lr
12.665295	2147134821.00	
12.93516	2147134821.00	l
12.935251	2147134821.00	r
12.965237	2147134821.00	lr
12.965331	2147134821.00	rr
13.665244	2147134821.00	
13.935184	2147134821.00	l
13.935286	2147134821.00	r
13.965246	2147134821.00	rr
13.965339	2147134821.00	lr
14.665241	2147134821.00	
14.935264	2147134821.00	l
14.945303	2147134821.00	r
14.965345	2147134821.00	rr
14.965439	2147134821.00	lr
15.665372	2147134821.00	
15.935359	2147134821.00	l
15.945362	2147134821.00	r
15.965272	2147134821.00	rr
15.965366	2147134821.00	lr
16.665368	2147134821.00	
16.935389	2147134821.00	l
16.94526	2147134821.00	r
16.965339	2147134821.00	rr
16.965432	2147134821.00	lr
17.66535	2147134821.00	
17.945306	2147134821.00	l
17.945396	2147134821.00	r
17.965368	2147134821.00	rr
17.965461	2147134821.00	lr
18.665436	2147134821.00	
18.945495	2147134821.00	r
18.945585	2147134821.00	l
18.965464	2147134821.00	rr
18.965557	2147134821.00	lr
19.665165	2147134821.00	
19.946317	2147134821.00	r
19.946408	2147134821.00	l
19.965258	2147134821.00	rr
19.975252	2147134821.00	lr
20.665198	2147134821.00	
20.945243	2147134821.00	l
20.945333	2147134821.00	r
20.965318	2147134821.00	rr
20.975317	2147134821.00	lr
21.675252	2147134821.00	
21.945287	2147134821.00	l
21.945378	2147134821.00	r
21.975299	2147134821.00	lr
21.975392	2147134821.00	rr
22.675236	2147134821.00	
22.945278	2147134821.00	l
22.945368	2147134821.00	r
22.975359	2147134821.00	rr
22.975452	2147134821.00	lr
23.675382	2147134821.00	
23.945422	2147134821.00	l
23.945512	2147134821.00	r
23.975274	2147134821.00	rr
23.975367	2147134821.00	lr
24.675365	2147134821.00	
24.945398	2147134821.00	l
24.945489	2147134821.00	r
24.975322	2147134821.00	rr
24.975416	2147134821.00	lr
25.675428	2147134821.00	
25.945538	2147134821.00	l
25.955345	2147134821.00	r
25.975568	2147134821.00	rr
25.975661	2147134821.00	lr
26.675213	2147134821.00	
26.956022	2147134821.00	l
26.956113	2147134821.00	r
26.975237	2147134821.00	rr
26.975329	2147134821.00	lr
27.675251	2147134821.00	
27.955218	2147134821.00	r
27.955309	2147134821.00	l
27.975256	2147134821.00	rr
27.97535	2147134821.00	lr
28.675375	2147134821.00	
28.955201	2147134821.00	r
28.955292	2147134821.00	l
28.975242	2147134821.00	rr
28.975349	2147134821.00	lr
29.675408	2147134821.00	
29.955292	2147134821.00	r
29.955383	2147134821.00	l
29.975288	2147134821.00	rr
29.985306	2147134821.00	lr
30.685369	2147134821.00	
30.9553	2147134821.00	l
30.955391	2147134821.00	r
30.985419	2147134821.00	lr
30.985513	2147134821.00	rr
31.675497	2147134821.00	
31.955442	2147134821.00	l
31.955534	2147134821.00	r
31.985438	2147134821.00	lr
31.985532	2147134821.00	rr
32.685274	2147134821.00	
32.955391	2147134821.00	l
32.955481	2147134821.00	r
32.986774	2147134821.00	lr
32.986867	2147134821.00	rr
33.685233	2147134821.00	
33.955283	2147134821.00	l
33.955374	2147134821.00	r
33.985265	2147134821.00	lr
33.985358	2147134821.00	rr
34.685295	2147134821.00	
34.955232	2147134821.00	l
34.965219	2147134821.00	r
34.985263	2147134821.00	rr
34.985356	2147134821.00	lr
35.685428	2147134821.00	
35.955379	2147134821.00	l
35.96538	2147134821.00	r
35.985403	2147134821.00	rr
35.985498	2147134821.00	lr
36.68545	2147134821.00	
36.965295	2147134821.00	l
36.965388	2147134821.00	r
36.985332	2147134821.00	rr
36.985426	2147134821.00	lr
37.685589	2147134821.00	
37.965382	2147134821.00	r
37.965474	2147134821.00	l
37.985766	2147134821.00	rr
37.985865	2147134821.00	lr
38.685172	2147134821.00	
38.965698	2147134821.00	l
38.965791	2147134821.00	r
38.986859	2147134821.00	rr
38.995241	2147134821.00	lr
39.685299	2147134821.00	
39.96525	2147134821.00	l
39.965344	2147134821.00	r
39.995227	2147134821.00	lr
39.995323	2147134821.00	rr
40.685421	2147134821.00	
40.965405	2147134821.00	l
40.965499	2147134821.00	r
40.995335	2147134821.00	rr
40.995429	2147134821.00	lr
41.6954	2147134821.00	
41.965461	2147134821.00	l
41.965553	2147134821.00	r
41.995461	2147134821.00	lr
41.995554	2147134821.00	rr
42.696681	2147134821.00	
42.96541	2147134821.00	l
42.965502	2147134821.00	r
42.996681	2147134821.00	rr
42.996774	2147134821.00	lr
43.695302	2147134821.00	
43.965181	2147134821.00	l
43.966826	2147134821.00	r
43.995295	2147134821.00	rr
43.995401	2147134821.00	lr
44.695211	2147134821.00	
44.965272	2147134821.00	l
44.975259	2147134821.00	r
44.995266	2147134821.00	rr
44.995373	2147134821.00	lr
45.695268	2147134821.00	
45.975322	2147134821.00	r
45.975413	2147134821.00	l
45.99531	2147134821.00	rr
45.995405	2147134821.00	lr
46.695423	2147134821.00	
46.975356	2147134821.00	l
46.975448	2147134821.00	r
46.995312	2147134821.00	rr
46.995406	2147134821.00	lr
47.695469	2147134821.00	
47.975354	2147134821.00	l
47.975445	2147134821.00	r
47.995366	2147134821.00	rr
48.005449	2147134821.00	lr
48.695149	2147134821.00	
48.97589	2147134821.00	l
48.97598	2147134821.00	r
48.995295	2147134821.00	lr
49.005294	2147134821.00	rr
49.695344	2147134821.00	
49.97531	2147134821.00	l
49.975401	2147134821.00	r
50.005305	2147134821.00	rr
50.005398	2147134821.00	lr
50.705378	2147134821.00	
50.975358	2147134821.00	l
50.975448	2147134821.00	r
51.00535	2147134821.00	lr
51.005443	2147134821.00	rr
51.705456	2147134821.00	
51.975428	2147134821.00	l
51.97552	2147134821.00	r
52.005422	2147134821.00	lr
52.005516	2147134821.00	rr
52.705292	2147134821.00	
52.976102	2147134821.00	l
52.976193	2147134821.00	r
53.005294	2147134821.00	rr
53.005387	2147134821.00	lr
53.705311	2147134821.00	
53.975244	2147134821.00	l
53.985225	2147134821.00	r
54.005222	2147134821.00	rr
54.005316	2147134821.00	lr
54.70533	2147134821.00	
54.985228	2147134821.00	r
54.98532	2147134821.00	l
55.005253	2147134821.00	rr
55.005347	2147134821.00	lr
55.705384	2147134821.00	
55.985256	2147134821.00	r
55.985347	2147134821.00	l
56.005288	2147134821.00	rr
56.005382	2147134821.00	lr
56.705398	2147134821.00	
56.985445	2147134821.00	l
56.985537	2147134821.00	r
57.005443	2147134821.00	rr
57.015466	2147134821.00	lr
57.70666	2147134821.00	
57.985488	2147134821.00	l
57.985578	2147134821.00	r
58.016792	2147134821.00	lr
58.016885	2147134821.00	rr
58.705178	2147134821.00	
58.986742	2147134821.00	r
58.986833	2147134821.00	l
59.015325	2147134821.00	rr
59.015419	2147134821.00	lr
59.705277	2147134821.00	
59.985197	2147134821.00	l
59.985288	2147134821.00	r
60.015302	2147134821.00	lr
60.015395	2147134821.00	rr
60.715231	2147134821.00	
60.985309	2147134821.00	l
60.985414	2147134821.00	r
61.015257	2147134821.00	lr
61.015351	2147134821.00	rr
61.715374	2147134821.00	
61.985313	2147134821.00	l
61.985404	2147134821.00	r
62.015296	2147134821.00	rr
62.01539	2147134821.00	lr
62.715407	2147134821.00	
62.985256	2147134821.00	l
62.985347	2147134821.00	r
63.015385	2147134821.00	rr
63.015479	2147134821.00	lr
63.71538	2147134821.00	
63.995339	2147134821.00	r
63.995438	2147134821.00	l
64.015373	2147134821.00	rr
64.015468	2147134821.00	lr
64.715363	2147134821.00	
64.995433	2147134821.00	r
64.995525	2147134821.00	l
65.015483	2147134821.00	lr
65.015577	2147134821.00	rr
65.715229	2147134821.00	
65.99629	2147134821.00	l
65.996381	2147134821.00	r
66.015207	2147134821.00	lr
66.025199	2147134821.00	rr
66.715299	2147134821.00	
66.99532	2147134821.00	l
66.995412	2147134821.00	r
67.025314	2147134821.00	lr
67.025408	2147134821.00	rr
67.715228	2147134821.00	
67.995214	2147134821.00	l
67.995305	2147134821.00	r
68.025346	2147134821.00	rr
68.025439	2147134821.00	lr
68.71534	2147134821.00	
68.99531	2147134821.00	l
68.995401	2147134821.00	r
69.025301	2147134821.00	lr
69.025395	2147134821.00	rr
69.725325	2147134821.00	
69.995294	2147134821.00	l
69.995385	2147134821.00	r
70.02542	2147134821.00	lr
70.025514	2147134821.00	rr
70.72546	2147134821.00	
70.995276	2147134821.00	l
70.995368	2147134821.00	r
71.025417	2147134821.00	rr
71.025512	2147134821.00	lr
71.725379	2147134821.00	
71.995433	2147134821.00	l
71.995524	2147134821.00	r
72.025413	2147134821.00	rr
72.025508	2147134821.00	lr
72.726664	2147134821.00	
73.005979	2147134821.00	r
73.00607	2147134821.00	l
73.025252	2147134821.00	rr
73.025344	2147134821.00	lr
73.725237	2147134821.00	
73.995248	2147134821.00	l
74.005243	2147134821.00	r
74.025238	2147134821.00	rr
74.025333	2147134821.00	lr
74.725279	2147134821.00	
75.005317	2147134821.00	l
75.005415	2147134821.00	r
75.02535	2147134821.00	lr
75.025444	2147134821.00	rr
75.725385	2147134821.00	
76.005297	2147134821.00	l
76.005396	2147134821.00	r
76.025322	2147134821.00	lr
76.025421	2147134821.00	rr
76.725271	2147134821.00	
77.005295	2147134821.00	l
77.005393	2147134821.00	r
77.035295	2147134821.00	rr
77.035388	2147134821.00	lr
77.735464	2147134821.00	
78.005432	2147134821.00	l
78.005523	2147134821.00	r
78.035422	2147134821.00	lr
78.035517	2147134821.00	rr
78.736779	2147134821.00	
79.005625	2147134821.00	l
79.005716	2147134821.00	r
79.035178	2147134821.00	lr
79.035287	2147134821.00	rr
79.735214	2147134821.00	
80.005254	2147134821.00	l
80.005351	2147134821.00	r
80.035254	2147134821.00	rr
80.035348	2147134821.00	lr
80.735243	2147134821.00	
81.005258	2147134821.00	l
81.005355	2147134821.00	r
81.035307	2147134821.00	rr
81.035401	2147134821.00	lr
81.735263	2147134821.00	
82.005263	2147134821.00	r
82.01524	2147134821.00	l
82.035296	2147134821.00	rr
82.035391	2147134821.00	lr
82.735332	2147134821.00	
83.005317	2147134821.00	l
83.015315	2147134821.00	r
83.035366	2147134821.00	rr
83.035461	2147134821.00	lr
83.735347	2147134821.00	
84.005411	2147134821.00	l
84.015266	2147134821.00	r
84.035451	2147134821.00	lr
84.035546	2147134821.00	rr
84.735437	2147134821.00	
85.01542	2147134821.00	l
85.015513	2147134821.00	r
85.035475	2147134821.00	lr
85.035568	2147134821.00	rr
85.735252	2147134821.00	
86.016522	2147134821.00	l
86.016613	2147134821.00	r
86.045307	2147134821.00	lr
86.045408	2147134821.00	rr
86.745337	2147134821.00	
87.01531	2147134821.00	l
87.015401	2147134821.00	r
87.045413	2147134821.00	lr
87.045507	2147134821.00	rr
87.746342	2147134821.00	
88.01842	2147134821.00	r
88.018513	2147134821.00	l
88.040571	2147134821.00	lr
88.040664	2147134821.00	rr
88.740868	2147134821.00	
89.010423	2147134821.00	l
89.010514	2147134821.00	r
89.042495	2147134821.00	rr
89.042589	2147134821.00	lr
89.743408	2147134821.00	
90.012582	2147134821.00	l
90.023331	2147134821.00	r
90.042297	2147134821.00	rr
90.04239	2147134821.00	lr
90.742378	2147134821.00	
91.022256	2147134821.00	r
91.022346	2147134821.00	l
91.042313	2147134821.00	rr
91.042406	2147134821.00	lr
91.742349	2147134821.00	
92.022202	2147134821.00	l
92.022293	2147134821.00	r
92.042308	2147134821.00	rr
92.042402	2147134821.00	lr
92.742444	2147134821.00	
93.022339	2147134821.00	l
93.022443	2147134821.00	r
93.052297	2147134821.00	lr
93.05239	2147134821.00	rr
93.752414	2147134821.00	
94.022319	2147134821.00	l
94.022411	2147134821.00	r
94.05238	2147134821.00	rr
94.052474	2147134821.00	lr
94.752666	2147134821.00	
95.022424	2147134821.00	l
95.022515	2147134821.00	r
95.052975	2147134821.00	rr
95.053076	2147134821.00	lr
95.7522	2147134821.00	
96.022388	2147134821.00	l
96.022479	2147134821.00	r
96.053574	2147134821.00	lr
96.053667	2147134821.00	rr
96.752305	2147134821.00	
97.023577	2147134821.00	l
97.023668	2147134821.00	r
97.05226	2147134821.00	lr
97.052354	2147134821.00	rr
97.752322	2147134821.00	
98.022183	2147134821.00	l
98.032283	2147134821.00	r
98.0523	2147134821.00	rr
98.052396	2147134821.00	lr
98.752313	2147134821.00	
99.022241	2147134821.00	l
99.0322	2147134821.00	r
99.052297	2147134821.00	rr
99.052391	2147134821.00	lr
99.752379	2147134821.00	
100.032268	2147134821.00	l
100.032359	2147134821.00	r
100.052292	2147134821.00	rr
100.052385	2147134821.00	lr
100.752371	2147134821.00	
101.032338	2147134821.00	l
101.032429	2147134821.00	r
101.052292	2147134821.00	rr
101.052386	2147134821.00	lr
101.752332	2147134821.00	
102.03239	2147134821.00	l
102.032481	2147134821.00	r
102.052372	2147134821.00	lr
102.062438	2147134821.00	rr
102.752926	2147134821.00	
103.032383	2147134821.00	l
103.032475	2147134821.00	r
103.052596	2147134821.00	lr
103.063346	2147134821.00	rr
103.762223	2147134821.00	
104.032491	2147134821.00	l
104.032582	2147134821.00	r
104.062277	2147134821.00	lr
104.063918	2147134821.00	rr
104.762179	2147134821.00	
105.033421	2147134821.00	l
105.033513	2147134821.00	r
105.062214	2147134821.00	lr
105.062308	2147134821.00	rr
105.76226	2147134821.00	
106.032304	2147134821.00	l
106.032395	2147134821.00	r
106.062307	2147134821.00	lr
106.062401	2147134821.00	rr
106.762223	2147134821.00	
107.032315	2147134821.00	l
107.042408	2147134821.00	r
107.062291	2147134821.00	rr
107.062385	2147134821.00	lr
107.762332	2147134821.00	
108.032259	2147134821.00	l
108.042383	2147134821.00	r
108.062312	2147134821.00	rr
108.062405	2147134821.00	lr
108.762257	2147134821.00	
109.042438	2147134821.00	r
109.042528	2147134821.00	l
109.062333	2147134821.00	rr
109.062427	2147134821.00	lr
109.762307	2147134821.00	
110.042424	2147134821.00	l
110.042516	2147134821.00	r
110.062307	2147134821.00	rr
110.062401	2147134821.00	lr
110.762296	2147134821.00	
111.042363	2147134821.00	l
111.042455	2147134821.00	r
111.062414	2147134821.00	lr
111.072346	2147134821.00	rr
111.762353	2147134821.00	
112.042512	2147134821.00	l
112.042603	2147134821.00	r
112.062443	2147134821.00	lr
112.072419	2147134821.00	rr
112.772453	2147134821.00	
113.04242	2147134821.00	l
113.042511	2147134821.00	r
113.072981	2147134821.00	rr
113.073074	2147134821.00	lr
113.772199	2147134821.00	
114.042312	2147134821.00	l
114.042402	2147134821.00	r
114.072196	2147134821.00	lr
114.072289	2147134821.00	rr
114.772326	2147134821.00	
115.042289	2147134821.00	l
115.042379	2147134821.00	r
115.072279	2147134821.00	lr
115.072373	2147134821.00	rr
115.7723	2147134821.00	
116.042326	2147134821.00	l
116.042417	2147134821.00	r
116.072297	2147134821.00	rr
116.072391	2147134821.00	lr
116.772413	2147134821.00	
117.04238	2147134821.00	l
117.042471	2147134821.00	r
117.072319	2147134821.00	rr
117.072412	2147134821.00	lr
117.772326	2147134821.00	
118.052347	2147134821.00	l
118.052438	2147134821.00	r
118.072375	2147134821.00	rr
118.072469	2147134821.00	lr
118.772446	2147134821.00	
119.042296	2147134821.00	l
119.052451	2147134821.00	r
119.072484	2147134821.00	rr
119.072578	2147134821.00	lr
119.773721	2147134821.00	
120.052651	2147134821.00	l
120.052741	2147134821.00	r
120.072167	2147134821.00	rr
120.073808	2147134821.00	lr
120.772284	2147134821.00	
121.052938	2147134821.00	l
121.053029	2147134821.00	r
121.072302	2147134821.00	lr
121.072396	2147134821.00	rr
121.782314	2147134821.00	
122.053183	2147134821.00	l
122.053273	2147134821.00	r
122.072232	2147134821.00	lr
122.082259	2147134821.00	rr
122.782275	2147134821.00	
123.05226	2147134821.00	l
123.05235	2147134821.00	r
123.072317	2147134821.00	lr
123.07241	2147134821.00	rr
123.782305	2147134821.00	
124.052264	2147134821.00	l
124.052355	2147134821.00	r
124.072221	2147134821.00	lr
124.082298	2147134821.00	rr
124.782356	2147134821.00	
125.052272	2147134821.00	l
125.052364	2147134821.00	r
125.082344	2147134821.00	rr
125.082438	2147134821.00	lr
125.782397	2147134821.00	
126.052309	2147134821.00	l
126.0524	2147134821.00	r
126.082248	2147134821.00	rr
126.082342	2147134821.00	lr
126.782344	2147134821.00	
127.052295	2147134821.00	l
127.062273	2147134821.00	r
127.082256	2147134821.00	rr
127.08235	2147134821.00	lr
127.782322	2147134821.00	
128.052222	2147134821.00	l
128.062304	2147134821.00	r
128.082323	2147134821.00	rr
128.082416	2147134821.00	lr
128.782367	2147134821.00	
129.062273	2147134821.00	l
129.062365	2147134821.00	r
129.082347	2147134821.00	lr
129.082441	2147134821.00	rr
129.782332	2147134821.00	
130.062256	2147134821.00	l
130.062346	2147134821.00	r
130.08236	2147134821.00	lr
130.082454	2147134821.00	rr
130.78242	2147134821.00	
131.062313	2147134821.00	l
131.062404	2147134821.00	r
131.082416	2147134821.00	rr
131.092346	2147134821.00	lr
131.782441	2147134821.00	
132.062424	2147134821.00	l
132.062515	2147134821.00	r
132.082361	2147134821.00	rr
132.092427	2147134821.00	lr
132.792293	2147134821.00	
133.062512	2147134821.00	l
133.062603	2147134821.00	r
133.083665	2147134821.00	lr
133.092285	2147134821.00	rr
133.792315	2147134821.00	
134.062313	2147134821.00	l
134.062404	2147134821.00	r
134.082234	2147134821.00	rr
134.092247	2147134821.00	lr
134.792325	2147134821.00	
135.062276	2147134821.00	l
135.062367	2147134821.00	r
135.092358	2147134821.00	rr
135.092452	2147134821.00	lr
135.792306	2147134821.00	
136.062267	2147134821.00	l
136.072322	2147134821.00	r
136.092368	2147134821.00	rr
136.092462	2147134821.00	lr
136.792394	2147134821.00	
137.062267	2147134821.00	l
137.072389	2147134821.00	r
137.092371	2147134821.00	rr
137.092466	2147134821.00	lr
137.792447	2147134821.00	
138.062303	2147134821.00	l
138.072416	2147134821.00	r
138.092418	2147134821.00	lr
138.092512	2147134821.00	rr
138.792441	2147134821.00	
139.072346	2147134821.00	l
139.072437	2147134821.00	r
139.092378	2147134821.00	lr
139.092471	2147134821.00	rr
139.792369	2147134821.00	
140.072412	2147134821.00	l
140.072504	2147134821.00	r
140.092432	2147134821.00	lr
140.092526	2147134821.00	rr
140.802422	2147134821.00	
141.07244	2147134821.00	l
141.072531	2147134821.00	r
141.092341	2147134821.00	lr
141.102482	2147134821.00	rr
141.803668	2147134821.00	
142.072377	2147134821.00	l
142.072468	2147134821.00	r
142.092788	2147134821.00	lr
142.103536	2147134821.00	rr
142.802174	2147134821.00	
143.072348	2147134821.00	l
143.072438	2147134821.00	r
143.103608	2147134821.00	lr
143.103701	2147134821.00	rr
143.80215	2147134821.00	
144.072426	2147134821.00	l
144.072516	2147134821.00	r
144.103029	2147134821.00	lr
144.103123	2147134821.00	rr
144.802205	2147134821.00	
145.072357	2147134821.00	l
145.082543	2147134821.00	r
145.103605	2147134821.00	lr
145.103698	2147134821.00	rr
145.802234	2147134821.00	
146.072442	2147134821.00	l
146.072533	2147134821.00	r
146.103721	2147134821.00	lr
146.103814	2147134821.00	rr
146.80226	2147134821.00	
147.073425	2147134821.00	l
147.08228	2147134821.00	r
147.102311	2147134821.00	lr
147.102405	2147134821.00	rr
147.802336	2147134821.00	
148.072341	2147134821.00	l
148.082261	2147134821.00	r
148.102299	2147134821.00	lr
148.102393	2147134821.00	rr
148.802426	2147134821.00	
149.072391	2147134821.00	l
149.082409	2147134821.00	r
149.102374	2147134821.00	lr
149.102468	2147134821.00	rr
149.802194	2147134821.00	
150.082641	2147134821.00	l
150.082731	2147134821.00	r
150.103769	2147134821.00	lr
150.103863	2147134821.00	rr
150.802337	2147134821.00	
151.083577	2147134821.00	l
151.083668	2147134821.00	r
151.102324	2147134821.00	lr
151.102418	2147134821.00	rr
151.81222	2147134821.00	
152.082232	2147134821.00	l
152.082322	2147134821.00	r
152.112297	2147134821.00	lr
152.11239	2147134821.00	rr
152.812236	2147134821.00	
153.08233	2147134821.00	l
153.082421	2147134821.00	r
153.11228	2147134821.00	rr
153.112374	2147134821.00	lr
153.812246	2147134821.00	
154.082308	2147134821.00	l
154.0824	2147134821.00	r
154.112328	2147134821.00	rr
154.112421	2147134821.00	lr
154.812422	2147134821.00	
155.082361	2147134821.00	l
155.082454	2147134821.00	r
155.11234	2147134821.00	lr
155.112434	2147134821.00	rr
155.812385	2147134821.00	
156.082404	2147134821.00	l
156.092318	2147134821.00	r
156.112351	2147134821.00	rr
156.112444	2147134821.00	lr
156.812802	2147134821.00	
157.082369	2147134821.00	l
157.092368	2147134821.00	r
157.113278	2147134821.00	rr
157.11337	2147134821.00	lr
157.81231	2147134821.00	
158.083664	2147134821.00	l
158.092159	2147134821.00	r
158.112205	2147134821.00	lr
158.112298	2147134821.00	rr
158.822268	2147134821.00	
159.0922	2147134821.00	l
159.092291	2147134821.00	r
159.112317	2147134821.00	lr
159.11241	2147134821.00	rr
159.822274	2147134821.00	
160.092222	2147134821.00	l
160.092313	2147134821.00	r
160.112289	2147134821.00	lr
160.112382	2147134821.00	rr
160.822341	2147134821.00	
161.092322	2147134821.00	l
161.092414	2147134821.00	r
161.112348	2147134821.00	lr
161.122359	2147134821.00	rr
161.822418	2147134821.00	
162.092327	2147134821.00	l
162.092418	2147134821.00	r
162.122471	2147134821.00	lr
162.122564	2147134821.00	rr
162.823676	2147134821.00	
163.092581	2147134821.00	l
163.092672	2147134821.00	r
163.122245	2147134821.00	lr
163.122338	2147134821.00	rr
163.822334	2147134821.00	
164.092303	2147134821.00	l
164.092394	2147134821.00	r
164.122376	2147134821.00	lr
164.122469	2147134821.00	rr
164.822277	2147134821.00	
165.092356	2147134821.00	l
165.092447	2147134821.00	r
165.12234	2147134821.00	lr
165.122434	2147134821.00	rr
165.822384	2147134821.00	
166.092354	2147134821.00	l
166.102351	2147134821.00	r
166.122344	2147134821.00	lr
166.122438	2147134821.00	rr
166.822379	2147134821.00	
167.092393	2147134821.00	l
167.102394	2147134821.00	r
167.122327	2147134821.00	rr
167.122421	2147134821.00	lr
167.82243	2147134821.00	
168.102447	2147134821.00	l
168.102539	2147134821.00	r
168.122476	2147134821.00	lr
168.122568	2147134821.00	rr
168.832249	2147134821.00	
169.102716	2147134821.00	l
169.102807	2147134821.00	r
169.122274	2147134821.00	lr
169.123908	2147134821.00	rr
169.832206	2147134821.00	
170.102317	2147134821.00	l
170.102408	2147134821.00	r
170.122331	2147134821.00	lr
170.132294	2147134821.00	rr
170.832327	2147134821.00	
171.10232	2147134821.00	l
171.102411	2147134821.00	r
171.122273	2147134821.00	lr
171.132319	2147134821.00	rr
171.832371	2147134821.00	
172.102374	2147134821.00	l
172.10247	2147134821.00	r
172.132424	2147134821.00	lr
172.132519	2147134821.00	rr
172.83237	2147134821.00	
173.102414	2147134821.00	l
173.10251	2147134821.00	r
173.132326	2147134821.00	lr
173.132421	2147134821.00	rr
173.833792	2147134821.00	
174.099233	2147134821.00	l
174.109194	2147134821.00	r
174.12935	2147134821.00	lr
174.129442	2147134821.00	rr
174.83934	2147134821.00	
175.109284	2147134821.00	l
175.109375	2147134821.00	r
175.12934	2147134821.00	lr
175.139402	2147134821.00	rr
175.839383	2147134821.00	
176.109313	2147134821.00	l
176.109405	2147134821.00	r
176.129399	2147134821.00	rr
176.139383	2147134821.00	lr
176.839401	2147134821.00	
177.109287	2147134821.00	l
177.109378	2147134821.00	r
177.139352	2147134821.00	rr
177.139445	2147134821.00	lr
177.839472	2147134821.00	
178.109449	2147134821.00	l
178.10954	2147134821.00	r
178.139447	2147134821.00	lr
178.13954	2147134821.00	rr
178.839369	2147134821.00	
179.109748	2147134821.00	l
179.109841	2147134821.00	r
179.139386	2147134821.00	rr
179.139479	2147134821.00	lr
179.839265	2147134821.00	
180.109291	2147134821.00	l
180.109382	2147134821.00	r
180.139308	2147134821.00	rr
180.139401	2147134821.00	lr
180.839322	2147134821.00	
181.109234	2147134821.00	l
181.109326	2147134821.00	r
181.139316	2147134821.00	rr
181.13941	2147134821.00	lr
181.839261	2147134821.00	
182.109314	2147134821.00	l
182.119275	2147134821.00	r
182.139245	2147134821.00	lr
182.139339	2147134821.00	rr
182.83932	2147134821.00	
183.119262	2147134821.00	l
183.119353	2147134821.00	r
183.139375	2147134821.00	lr
183.139468	2147134821.00	rr
183.849432	2147134821.00	
184.119313	2147134821.00	l
184.119403	2147134821.00	r
184.139431	2147134821.00	lr
184.139524	2147134821.00	rr
184.850215	2147134821.00	
185.119344	2147134821.00	l
185.119436	2147134821.00	r
185.140034	2147134821.00	rr
185.140127	2147134821.00	lr
185.849224	2147134821.00	
186.119652	2147134821.00	l
186.119743	2147134821.00	r
186.140797	2147134821.00	lr
186.140889	2147134821.00	rr
186.849271	2147134821.00	
187.120751	2147134821.00	l
187.120842	2147134821.00	r
187.139224	2147134821.00	lr
187.14932	2147134821.00	rr
187.849223	2147134821.00	
188.119276	2147134821.00	l
188.119367	2147134821.00	r
188.14926	2147134821.00	rr
188.149376	2147134821.00	lr
188.849239	2147134821.00	
189.119292	2147134821.00	l
189.119383	2147134821.00	r
189.149352	2147134821.00	rr
189.149446	2147134821.00	lr
189.849396	2147134821.00	
190.119293	2147134821.00	l
190.119384	2147134821.00	r
190.149254	2147134821.00	rr
190.149347	2147134821.00	lr
190.849314	2147134821.00	
191.119414	2147134821.00	l
191.129294	2147134821.00	r
191.149365	2147134821.00	lr
191.149458	2147134821.00	rr
191.849463	2147134821.00	
192.11935	2147134821.00	l
192.129359	2147134821.00	r
192.173658	2147134821.00	lr
192.173753	2147134821.00	rr
192.859293	2147134821.00	
193.130006	2147134821.00	l
193.130096	2147134821.00	r
193.149304	2147134821.00	lr
193.149418	2147134821.00	rr
193.859224	2147134821.00	
194.130799	2147134821.00	l
194.130891	2147134821.00	r
194.149188	2147134821.00	lr
194.149281	2147134821.00	rr
194.859236	2147134821.00	
195.129254	2147134821.00	l
195.129351	2147134821.00	r
195.149266	2147134821.00	lr
195.149365	2147134821.00	rr
195.859251	2147134821.00	
196.129301	2147134821.00	l
196.139295	2147134821.00	r
196.149336	2147134821.00	lr
196.149449	2147134821.00	rr
196.859398	2147134821.00	
197.129396	2147134821.00	l
197.129571	2147134821.00	r
197.149382	2147134821.00	rr
197.159382	2147134821.00	lr
197.859417	2147134821.00	
198.129499	2147134821.00	l
198.139373	2147134821.00	r
198.159352	2147134821.00	rr
198.159447	2147134821.00	lr
198.859304	2147134821.00	
199.12944	2147134821.00	l
199.129531	2147134821.00	r
199.159318	2147134821.00	rr
199.159412	2147134821.00	lr
199.859436	2147134821.00	
200.129423	2147134821.00	l
200.13931	2147134821.00	r
200.15944	2147134821.00	lr
200.159533	2147134821.00	rr
200.86051	2147134821.00	
201.129475	2147134821.00	l
201.139822	2147134821.00	r
201.15916	2147134821.00	lr
201.159253	2147134821.00	rr
201.859289	2147134821.00	
202.130175	2147134821.00	l
202.139201	2147134821.00	r
202.159205	2147134821.00	lr
202.159298	2147134821.00	rr
202.859323	2147134821.00	
203.129407	2147134821.00	l
203.139276	2147134821.00	r
203.159348	2147134821.00	rr
203.15944	2147134821.00	lr
203.869305	2147134821.00	
204.139247	2147134821.00	l
204.139338	2147134821.00	r
204.159254	2147134821.00	lr
204.159347	2147134821.00	rr
204.869396	2147134821.00	
205.13938	2147134821.00	l
205.139471	2147134821.00	r
205.159299	2147134821.00	lr
205.159392	2147134821.00	rr
205.869373	2147134821.00	
206.139402	2147134821.00	l
206.139493	2147134821.00	r
206.159346	2147134821.00	rr
206.16934	2147134821.00	lr
206.870137	2147134821.00	
207.139352	2147134821.00	l
207.139443	2147134821.00	r
207.159832	2147134821.00	rr
207.170561	2147134821.00	lr
207.869281	2147134821.00	
208.139214	2147134821.00	l
208.139304	2147134821.00	r
208.169278	2147134821.00	rr
208.169372	2147134821.00	lr
208.869223	2147134821.00	
209.139292	2147134821.00	l
209.139383	2147134821.00	r
209.169196	2147134821.00	lr
209.169289	2147134821.00	rr
209.869326	2147134821.00	
210.139331	2147134821.00	l
210.14932	2147134821.00	r
210.166657	2147134821.00	lr
210.166752	2147134821.00	rr
210.876422	2147134821.00	
211.146344	2147134821.00	l
211.146437	2147134821.00	r
211.166437	2147134821.00	lr
211.166531	2147134821.00	rr
211.877531	2147134821.00	
212.14652	2147134821.00	l
212.14661	2147134821.00	r
212.16751	2147134821.00	lr
212.167603	2147134821.00	rr
212.876325	2147134821.00	
213.146254	2147134821.00	l
213.146347	2147134821.00	r
213.166229	2147134821.00	lr
213.176315	2147134821.00	rr
213.876258	2147134821.00	
214.146314	2147134821.00	l
214.146406	2147134821.00	r
214.166318	2147134821.00	lr
214.176268	2147134821.00	rr
214.876351	2147134821.00	
215.146341	2147134821.00	l
215.146431	2147134821.00	r
215.176283	2147134821.00	rr
215.176377	2147134821.00	lr
215.876452	2147134821.00	
216.146389	2147134821.00	l
216.156325	2147134821.00	r
216.176394	2147134821.00	rr
216.176493	2147134821.00	lr
216.876387	2147134821.00	
217.146407	2147134821.00	l
217.1564	2147134821.00	r
217.190171	2147134821.00	rr
217.190266	2147134821.00	lr
217.881411	2147134821.00	
218.151345	2147134821.00	l
218.151436	2147134821.00	r
218.171419	2147134821.00	lr
218.181398	2147134821.00	rr
218.881365	2147134821.00	
219.151294	2147134821.00	l
219.151384	2147134821.00	r
219.181422	2147134821.00	lr
219.181515	2147134821.00	rr
219.882172	2147134821.00	
220.151444	2147134821.00	l
220.151535	2147134821.00	r
220.182631	2147134821.00	lr
220.182725	2147134821.00	rr
220.881184	2147134821.00	
221.152604	2147134821.00	l
221.152695	2147134821.00	r
221.181287	2147134821.00	lr
221.181381	2147134821.00	rr
221.88129	2147134821.00	
222.15124	2147134821.00	l
222.161316	2147134821.00	r
222.181218	2147134821.00	lr
222.181312	2147134821.00	rr
222.881338	2147134821.00	
223.151238	2147134821.00	l
223.161226	2147134821.00	r
223.181346	2147134821.00	lr
223.181439	2147134821.00	rr
223.881298	2147134821.00	
224.161298	2147134821.00	l
224.161389	2147134821.00	r
224.181294	2147134821.00	rr
224.181388	2147134821.00	lr
224.891368	2147134821.00	
225.161335	2147134821.00	l
225.161438	2147134821.00	r
225.181377	2147134821.00	rr
225.18147	2147134821.00	lr
225.891328	2147134821.00	
226.161279	2147134821.00	l
226.16137	2147134821.00	r
226.18134	2147134821.00	rr
226.181434	2147134821.00	lr
226.891419	2147134821.00	
227.161427	2147134821.00	l
227.161518	2147134821.00	r
227.181403	2147134821.00	lr
227.191401	2147134821.00	rr
227.892094	2147134821.00	
228.161369	2147134821.00	l
228.16146	2147134821.00	r
228.192378	2147134821.00	lr
228.192471	2147134821.00	rr
228.891219	2147134821.00	
229.162714	2147134821.00	l
229.162805	2147134821.00	r
229.191288	2147134821.00	lr
229.191381	2147134821.00	rr
229.891312	2147134821.00	
230.161215	2147134821.00	l
230.161307	2147134821.00	r
230.191285	2147134821.00	lr
230.191379	2147134821.00	rr
230.891242	2147134821.00	
231.161288	2147134821.00	l
231.171246	2147134821.00	r
231.191366	2147134821.00	lr
231.191459	2147134821.00	rr
231.891292	2147134821.00	
232.161213	2147134821.00	l
232.17123	2147134821.00	r
232.191392	2147134821.00	lr
232.191485	2147134821.00	rr
232.891395	2147134821.00	
233.161409	2147134821.00	l
233.171408	2147134821.00	r
233.191461	2147134821.00	lr
233.191554	2147134821.00	rr
233.892611	2147134821.00	
234.171859	2147134821.00	l
234.171961	2147134821.00	r
234.191239	2147134821.00	lr
234.191332	2147134821.00	rr
234.901305	2147134821.00	
235.172273	2147134821.00	l
235.172363	2147134821.00	r
235.191209	2147134821.00	lr
235.191302	2147134821.00	rr
235.901203	2147134821.00	
236.171247	2147134821.00	l
236.171362	2147134821.00	r
236.191193	2147134821.00	lr
236.191286	2147134821.00	rr
236.901257	2147134821.00	
237.171343	2147134821.00	l
237.171458	2147134821.00	r
237.191363	2147134821.00	lr
237.201307	2147134821.00	rr
237.901327	2147134821.00	
238.171436	2147134821.00	l
238.17155	2147134821.00	r
238.191439	2147134821.00	lr
238.201371	2147134821.00	rr
238.902585	2147134821.00	
239.171717	2147134821.00	l
239.171832	2147134821.00	r
239.201194	2147134821.00	lr
239.201287	2147134821.00	rr
239.901346	2147134821.00	
240.171256	2147134821.00	l
240.181326	2147134821.00	r
240.201238	2147134821.00	lr
240.201331	2147134821.00	rr
240.901265	2147134821.00	
241.171216	2147134821.00	l
241.18121	2147134821.00	r
241.201354	2147134821.00	lr
241.201447	2147134821.00	rr
241.901345	2147134821.00	
242.171257	2147134821.00	l
242.181263	2147134821.00	r
242.201244	2147134821.00	lr
242.201337	2147134821.00	rr
242.911384	2147134821.00	
243.181356	2147134821.00	l
243.181447	2147134821.00	r
243.201364	2147134821.00	rr
243.201457	2147134821.00	lr
243.91146	2147134821.00	
244.181311	2147134821.00	l
244.181402	2147134821.00	r
244.201291	2147134821.00	lr
244.211311	2147134821.00	rr
244.911758	2147134821.00	
245.181325	2147134821.00	l
245.18144	2147134821.00	r
245.201519	2147134821.00	lr
245.212303	2147134821.00	rr
245.911259	2147134821.00	
246.18125	2147134821.00	l
246.181341	2147134821.00	r
246.211215	2147134821.00	lr
246.211307	2147134821.00	rr
246.911299	2147134821.00	
247.181221	2147134821.00	l
247.181313	2147134821.00	r
247.21138	2147134821.00	lr
247.211474	2147134821.00	rr
247.911411	2147134821.00	
248.181221	2147134821.00	l
248.181311	2147134821.00	r
248.21134	2147134821.00	lr
248.211433	2147134821.00	rr
248.911352	2147134821.00	
249.181285	2147134821.00	l
249.191388	2147134821.00	r
249.211292	2147134821.00	lr
249.211386	2147134821.00	rr
249.91139	2147134821.00	
250.181397	2147134821.00	l
250.191397	2147134821.00	r
250.21138	2147134821.00	lr
250.211472	2147134821.00	rr
250.911499	2147134821.00	
251.181434	2147134821.00	l
251.191443	2147134821.00	r
251.211966	2147134821.00	lr
251.212058	2147134821.00	rr
251.911213	2147134821.00	
252.181386	2147134821.00	l
252.192058	2147134821.00	r
252.211244	2147134821.00	lr
252.211338	2147134821.00	rr
252.921294	2147134821.00	
253.192402	2147134821.00	l
253.192492	2147134821.00	r
253.211304	2147134821.00	lr
253.211396	2147134821.00	rr
253.921237	2147134821.00	
254.192556	2147134821.00	l
254.19267	2147134821.00	r
254.211268	2147134821.00	lr
254.21136	2147134821.00	rr
254.921224	2147134821.00	
255.191272	2147134821.00	l
255.191363	2147134821.00	r
255.211255	2147134821.00	lr
255.211349	2147134821.00	rr
255.921344	2147134821.00	
256.191279	2147134821.00	l
256.19137	2147134821.00	r
256.211238	2147134821.00	lr
256.22139	2147134821.00	rr
256.921307	2147134821.00	
257.191284	2147134821.00	l
257.191375	2147134821.00	r
257.221405	2147134821.00	lr
257.221499	2147134821.00	rr
257.921374	2147134821.00	
258.191253	2147134821.00	l
258.201262	2147134821.00	r
258.22139	2147134821.00	lr
258.221483	2147134821.00	rr
258.921397	2147134821.00	
259.191344	2147134821.00	l
259.201307	2147134821.00	r
259.221448	2147134821.00	lr
259.221542	2147134821.00	rr
259.92281	2147134821.00	
260.191611	2147134821.00	l
260.202402	2147134821.00	r
260.221174	2147134821.00	lr
260.221268	2147134821.00	rr
260.921342	2147134821.00	
261.191261	2147134821.00	l
261.201231	2147134821.00	r
261.221252	2147134821.00	lr
261.221345	2147134821.00	rr
261.931413	2147134821.00	
262.201248	2147134821.00	l
262.201338	2147134821.00	r
262.2213	2147134821.00	lr
262.221393	2147134821.00	rr
262.931449	2147134821.00	
263.201266	2147134821.00	l
263.201356	2147134821.00	r
263.221325	2147134821.00	lr
263.221417	2147134821.00	rr
263.931479	2147134821.00	
264.201385	2147134821.00	l
264.201475	2147134821.00	r
264.221423	2147134821.00	lr
264.221516	2147134821.00	rr
264.93145	2147134821.00	
265.201396	2147134821.00	l
265.201486	2147134821.00	r
265.221327	2147134821.00	lr
265.231509	2147134821.00	rr
265.931492	2147134821.00	
266.201465	2147134821.00	l
266.201557	2147134821.00	r
266.221449	2147134821.00	lr
266.231653	2147134821.00	rr
266.931249	2147134821.00	
267.201664	2147134821.00	l
267.201754	2147134821.00	r
267.23132	2147134821.00	lr
267.231414	2147134821.00	rr
267.932211	2147134821.00	
268.202622	2147134821.00	l
268.202713	2147134821.00	r
268.232282	2147134821.00	lr
268.232375	2147134821.00	rr
268.932333	2147134821.00	
269.203613	2147134821.00	l
269.21226	2147134821.00	r
269.232388	2147134821.00	lr
269.232481	2147134821.00	rr
269.93231	2147134821.00	
270.202259	2147134821.00	l
270.212248	2147134821.00	r
270.232368	2147134821.00	lr
270.232461	2147134821.00	rr
270.942371	2147134821.00	
271.20231	2147134821.00	l
271.212308	2147134821.00	r
271.232336	2147134821.00	lr
271.232429	2147134821.00	rr
271.942418	2147134821.00	
272.212358	2147134821.00	l
272.212449	2147134821.00	r
272.232282	2147134821.00	lr
272.232376	2147134821.00	rr
272.942329	2147134821.00	
273.212371	2147134821.00	l
273.212463	2147134821.00	r
273.232494	2147134821.00	lr
273.232587	2147134821.00	rr
273.942616	2147134821.00	
274.212441	2147134821.00	l
274.212533	2147134821.00	r
274.232669	2147134821.00	lr
274.232762	2147134821.00	rr
274.942301	2147134821.00	
275.21248	2147134821.00	l
275.212571	2147134821.00	r
275.233506	2147134821.00	lr
275.233599	2147134821.00	rr
275.942217	2147134821.00	
276.213537	2147134821.00	l
276.213628	2147134821.00	r
276.23236	2147134821.00	lr
276.242262	2147134821.00	rr
276.942242	2147134821.00	
277.21226	2147134821.00	l
277.212357	2147134821.00	r
277.232285	2147134821.00	lr
277.242255	2147134821.00	rr
277.942294	2147134821.00	
278.212268	2147134821.00	l
278.21236	2147134821.00	r
278.232284	2147134821.00	lr
278.242421	2147134821.00	rr
278.942348	2147134821.00	
279.212288	2147134821.00	l
279.222315	2147134821.00	r
279.242418	2147134821.00	lr
279.242537	2147134821.00	rr
279.943343	2147134821.00	
280.212477	2147134821.00	l
280.222823	2147134821.00	r
280.24228	2147134821.00	lr
280.242373	2147134821.00	rr
280.942226	2147134821.00	
281.212799	2147134821.00	l
281.223561	2147134821.00	r
281.242304	2147134821.00	lr
281.242397	2147134821.00	rr
281.952348	2147134821.00	
282.212183	2147134821.00	l
282.222239	2147134821.00	r
282.242267	2147134821.00	lr
282.24236	2147134821.00	rr
282.952226	2147134821.00	
283.222269	2147134821.00	l
283.22236	2147134821.00	r
283.242296	2147134821.00	lr
283.242389	2147134821.00	rr
283.952307	2147134821.00	
284.222261	2147134821.00	l
284.222352	2147134821.00	r
284.242275	2147134821.00	lr
284.242368	2147134821.00	rr
284.952297	2147134821.00	
285.222308	2147134821.00	l
285.222482	2147134821.00	r
285.242323	2147134821.00	lr
285.242416	2147134821.00	rr
285.952403	2147134821.00	
286.222356	2147134821.00	l
286.232313	2147134821.00	r
286.242355	2147134821.00	lr
286.242449	2147134821.00	rr
286.952428	2147134821.00	
287.222323	2147134821.00	l
287.232434	2147134821.00	r
287.242398	2147134821.00	lr
287.252358	2147134821.00	rr
287.95345	2147134821.00	
288.223528	2147134821.00	l
288.235199	2147134821.00	r
288.244455	2147134821.00	lr
288.244548	2147134821.00	rr
288.955507	2147134821.00	
289.226466	2147134821.00	l
289.226562	2147134821.00	r
289.246446	2147134821.00	lr
289.256435	2147134821.00	rr
289.956198	2147134821.00	
290.226642	2147134821.00	l
290.226735	2147134821.00	r
290.247729	2147134821.00	lr
290.256159	2147134821.00	rr
290.95636	2147134821.00	
291.226332	2147134821.00	l
291.226428	2147134821.00	r
291.25624	2147134821.00	lr
291.256364	2147134821.00	rr
291.956395	2147134821.00	
292.226442	2147134821.00	l
292.236359	2147134821.00	r
292.256439	2147134821.00	lr
292.256562	2147134821.00	rr
292.957398	2147134821.00	
293.226462	2147134821.00	l
293.239398	2147134821.00	r
293.249428	2147134821.00	lr
293.259417	2147134821.00	rr
293.959984	2147134821.00	
294.230476	2147134821.00	l
294.230567	2147134821.00	r
294.250467	2147134821.00	lr
294.260406	2147134821.00	rr
294.96029	2147134821.00	
295.230368	2147134821.00	l
295.230459	2147134821.00	r
295.251434	2147134821.00	lr
295.260231	2147134821.00	rr
295.960311	2147134821.00	
296.23029	2147134821.00	l
296.24022	2147134821.00	r
296.250226	2147134821.00	lr
296.260238	2147134821.00	rr
296.96039	2147134821.00	
297.230332	2147134821.00	l
297.240338	2147134821.00	r
297.260323	2147134821.00	lr
297.260441	2147134821.00	rr
297.970477	2147134821.00	
298.230419	2147134821.00	l
298.240447	2147134821.00	r
298.260455	2147134821.00	lr
298.260578	2147134821.00	rr
298.970303	2147134821.00	
299.231001	2147134821.00	l
299.240231	2147134821.00	r
299.260239	2147134821.00	lr
299.260335	2147134821.00	rr
299.970319	2147134821.00	
300.241565	2147134821.00	l
300.241659	2147134821.00	r
300.260174	2147134821.00	lr
300.26027	2147134821.00	rr
300.970247	2147134821.00	
301.241366	2147134821.00	l
301.241457	2147134821.00	r
301.260204	2147134821.00	lr
301.260297	2147134821.00	rr
301.970214	2147134821.00	
302.241046	2147134821.00	l
302.241137	2147134821.00	r
302.260264	2147134821.00	lr
302.260357	2147134821.00	rr
302.970187	2147134821.00	
303.240633	2147134821.00	l
303.240738	2147134821.00	r
303.26176	2147134821.00	lr
303.261857	2147134821.00	rr
