0.451782	2435613.09	f
1.453174	2435613.09	f
3.135703	2460752.39	f
4.174338	2460752.39	f
5.176652	2460752.39	f
6.178518	2460752.39	f
7.179778	2460752.39	f
8.180332	2460752.39	f
9.181184	2460752.39	f
10.181231	2460752.39	f
11.182162	2460752.39	f
12.184152	2460752.39	f
13.21701	2460752.39	f
14.217012	2460752.39	f
15.219052	2460752.39	f
16.220162	2460752.39	f
17.221846	2460752.39	f
18.221749	2460752.39	f
19.223284	2460752.39	f
20.222603	2460752.39	f
21.22352	2460752.39	f
22.225499	2460752.39	f
23.226502	2460752.39	f
24.226461	2460752.39	f
25.227393	2460752.39	f
26.229401	2460752.39	f
27.230314	2460752.39	f
28.231026	2460752.39	f
29.231135	2460752.39	f
30.232168	2460752.39	f
31.245096	2460752.39	f
32.245114	2460752.39	f
33.246644	2460752.39	f
34.247733	2460752.39	f
35.248863	2460752.39	f
36.249757	2460752.39	f
37.250799	2460752.39	f
38.250765	2460752.39	f
39.252192	2460752.39	f
40.253816	2460752.39	f
41.253443	2460752.39	f
42.254528	2460752.39	f
43.255382	2460752.39	f
44.256333	2460752.39	f
45.257213	2460752.39	f
46.25826	2460752.39	f
47.259239	2460752.39	f
48.260113	2460752.39	f
49.261076	2460752.39	f
50.262052	2460752.39	f
51.263014	2460752.39	f
52.265178	2460752.39	f
53.264777	2460752.39	f
54.265845	2460752.39	f
55.266765	2460752.39	f
56.267821	2460752.39	f
57.268551	2460752.39	f
58.269495	2460752.39	f
59.27061	2460752.39	f
60.271517	2460752.39	f
61.272468	2460752.39	f
62.272344	2460752.39	f
63.275246	2460752.39	f
64.275175	2460752.39	f
65.276195	2460752.39	f
66.276184	2460752.39	f
67.278141	2460752.39	f
68.279118	2460752.39	f
69.279082	2460752.39	f
70.312823	2460752.39	f
71.314887	2460752.39	f
72.315831	2460752.39	f
73.316864	2460752.39	f
74.317814	2460752.39	f
75.317657	2460752.39	f
76.318662	2460752.39	f
77.319654	2460752.39	f
78.321579	2460752.39	f
79.322263	2460752.39	f
80.322409	2460752.39	f
81.323325	2460752.39	f
82.325341	2460752.39	f
83.325309	2460752.39	f
84.327129	2460752.39	f
85.327087	2460752.39	f
86.329041	2460752.39	f
87.339954	2460752.39	f
88.34083	2460752.39	f
89.342794	2460752.39	f
90.344827	2460752.39	f
91.345713	2460752.39	f
92.346669	2460752.39	f
93.34678	2460752.39	f
94.347685	2460752.39	f
95.348678	2460752.39	f
96.350011	2460752.39	f
97.350349	2460752.39	f
98.351366	2460752.39	f
99.352304	2460752.39	f
100.353321	2460752.39	f
101.354273	2460752.39	f
102.355157	2460752.39	f
103.35626	2460752.39	f
104.356947	2460752.39	f
105.3581	2460752.39	f
106.359033	2460752.39	f
107.360849	2460752.39	f
108.360831	2460752.39	f
109.361756	2460752.39	f
110.362765	2460752.39	f
111.363701	2460752.39	f
112.364564	2460752.39	f
113.365487	2460752.39	f
114.366554	2460752.39	f
115.367499	2460752.39	f
116.368302	2460752.39	f
117.370733	2460752.39	f
118.37038	2460752.39	f
119.371219	2460752.39	f
120.371188	2460752.39	f
121.37305	2460752.39	f
122.374081	2460752.39	f
123.375094	2460752.39	f
124.375116	2460752.39	f
125.408874	2460752.39	f
126.409875	2460752.39	f
127.410893	2460752.39	f
128.411527	2460752.39	f
129.411753	2460752.39	f
130.413645	2460752.39	f
131.414652	2460752.39	f
132.414579	2460752.39	f
133.415634	2460752.39	f
134.41754	2460752.39	f
135.417306	2460752.39	f
136.418301	2460752.39	f
137.419328	2460752.39	f
138.421369	2460752.39	f
139.421046	2460752.39	f
140.422051	2460752.39	f
141.423114	2460752.39	f
142.424941	2460752.39	f
143.437941	2460752.39	f
144.438888	2460752.39	f
145.43992	2460752.39	f
146.441887	2460752.39	f
147.4428	2460752.39	f
148.443627	2460752.39	f
149.443682	2460752.39	f
150.444521	2460752.39	f
151.445588	2460752.39	f
152.446506	2460752.39	f
153.459407	2460752.39	f
154.460547	2460752.39	f
155.461259	2460752.39	f
156.462177	2460752.39	f
157.463122	2460752.39	f
158.464161	2460752.39	f
159.465166	2460752.39	f
160.466044	2460752.39	f
161.467008	2460752.39	f
162.467868	2460752.39	f
163.468833	2460752.39	f
164.469758	2460752.39	f
165.47087	2460752.39	f
166.471867	2460752.39	f
167.473662	2460752.39	f
168.504666	2460752.39	f
169.512613	2460752.39	f
170.512606	2460752.39	f
171.514564	2460752.39	f
172.515483	2460752.39	f
173.516497	2460752.39	f
174.516182	2460752.39	f
175.517206	2460752.39	f
176.520456	2460752.39	f
177.520101	2460752.39	f
178.520077	2460752.39	f
179.521016	2460752.39	f
180.535854	2460752.39	f
181.536383	2460752.39	f
182.535707	2460752.39	f
183.53666	2460752.39	f
184.53872	2460752.39	f
185.539593	2460752.39	f
186.539645	2460752.39	f
187.540541	2460752.39	f
188.542429	2460752.39	f
189.543377	2460752.39	f
190.543443	2460752.39	f
191.544393	2460752.39	f
192.546317	2460752.39	f
193.547236	2460752.39	f
194.547159	2460752.39	f
195.5481	2460752.39	f
196.549091	2460752.39	f
197.551048	2460752.39	f
198.55106	2460752.39	f
199.551857	2460752.39	f
200.552851	2460752.39	f
201.554777	2460752.39	f
202.555685	2460752.39	f
203.556721	2460752.39	f
204.556542	2460752.39	f
205.810933	2460752.39	f
206.558513	2460752.39	f
207.559575	2460752.39	f
208.560543	2460752.39	f
209.561618	2460752.39	f
210.563493	2460752.39	f
211.563666	2460752.39	f
212.564624	2460752.39	f
213.565183	2460752.39	f
214.566258	2460752.39	f
215.567197	2460752.39	f
216.568098	2460752.39	f
217.569594	2460752.39	f
218.600916	2460752.39	f
219.600799	2460752.39	f
220.60277	2460752.39	f
221.603714	2460752.39	f
222.604577	2460752.39	f
223.604576	2460752.39	f
224.60653	2460752.39	f
225.607366	2460752.39	f
226.608396	2460752.39	f
227.608325	2460752.39	f
228.611599	2460752.39	f
229.611178	2460752.39	f
230.612192	2460752.39	f
231.612151	2460752.39	f
232.614079	2460752.39	f
233.614951	2460752.39	f
234.614953	2460752.39	f
235.615902	2460752.39	f
236.61791	2460752.39	f
237.630727	2460752.39	f
238.63386	2460752.39	f
239.634096	2460752.39	f
240.633675	2460752.39	f
241.634501	2460752.39	f
242.635562	2460752.39	f
243.638507	2460752.39	f
244.637378	2460752.39	f
245.638414	2460752.39	f
246.639273	2460752.39	f
247.641183	2460752.39	f
248.641275	2460752.39	f
249.642211	2460752.39	f
250.643037	2460752.39	f
251.645001	2460752.39	f
252.645014	2460752.39	f
253.646015	2460752.39	f
254.646888	2460752.39	f
255.648854	2460752.39	f
256.648905	2460752.39	f
257.649709	2460752.39	f
258.650792	2460752.39	f
259.651721	2460752.39	f
260.652713	2460752.39	f
261.653614	2460752.39	f
262.654534	2460752.39	f
263.655434	2460752.39	f
264.656331	2460752.39	f
265.65731	2460752.39	f
266.658301	2460752.39	f
267.659298	2460752.39	f
268.660233	2460752.39	f
269.661101	2460752.39	f
270.661996	2460752.39	f
271.662893	2460752.39	f
272.663829	2460752.39	f
273.665772	2460752.39	f
274.697749	2460752.39	f
275.699723	2460752.39	f
276.70124	2460752.39	f
277.701805	2460752.39	f
278.701957	2460752.39	f
279.702564	2460752.39	f
280.704577	2460752.39	f
281.705522	2460752.39	f
282.705409	2460752.39	f
283.706276	2460752.39	f
284.70822	2460752.39	f
285.709179	2460752.39	f
286.709093	2460752.39	f
287.710066	2460752.39	f
288.711919	2460752.39	f
289.71305	2460752.39	f
290.713807	2460752.39	f
291.727847	2460752.39	f
292.729744	2460752.39	f
293.730777	2460752.39	f
294.731762	2460752.39	f
295.732654	2460752.39	f
296.733578	2460752.39	f
297.733615	2460752.39	f
298.734553	2460752.39	f
299.736514	2460752.39	f
300.73642	2460752.39	f
301.737328	2460752.39	f
302.738268	2460752.39	f
303.741363	2460752.39	f
304.740755	2460752.39	f
305.741804	2460752.39	f
306.742279	2460752.39	f
307.743077	2460752.39	f
308.744551	2460752.39	f
309.745081	2460752.39	f
310.745982	2460752.39	f
311.74678	2460752.39	f
312.747811	2460752.39	f
313.748751	2460752.39	f
314.749685	2460752.39	f
315.750511	2460752.39	f
316.75219	2460752.39	f
317.752702	2460752.39	f
318.753318	2460752.39	f
319.754335	2460752.39	f
320.755781	2460752.39	f
321.757545	2460752.39	f
322.758401	2460752.39	f
323.758118	2460752.39	f
324.758972	2460752.39	f
325.759996	2460752.39	f
326.759957	2460752.39	f
327.793913	2460752.39	f
328.79575	2460752.39	f
329.79787	2460752.39	f
330.79859	2460752.39	f
331.799058	2460752.39	f
332.79977	2460752.39	f
333.801329	2460752.39	f
334.802005	2460752.39	f
335.802588	2460752.39	f
336.803505	2460752.39	f
337.804538	2460752.39	f
338.805532	2460752.39	f
339.805525	2460752.39	f
340.806261	2460752.39	f
341.808219	2460752.39	f
342.809775	2460752.39	f
343.810121	2460752.39	f
344.822102	2460752.39	f
345.824024	2460752.39	f
346.825047	2460752.39	f
347.825006	2460752.39	f
348.826376	2460752.39	f
349.828049	2460752.39	f
350.829352	2460752.39	f
351.829667	2460752.39	f
352.830889	2460752.39	f
353.83166	2460752.39	f
354.831402	2460752.39	f
355.832319	2460752.39	f
356.833321	2460752.39	f
357.835276	2460752.39	f
358.835164	2460752.39	f
359.837028	2460752.39	f
360.838197	2460752.39	f
361.839106	2460752.39	f
362.84013	2460752.39	f
363.839939	2460752.39	f
364.840847	2460752.39	f
365.841843	2460752.39	f
366.844021	2460752.39	f
367.844436	2460752.39	f
368.844671	2460752.39	f
369.846323	2460752.39	f
370.846693	2460752.39	f
371.847647	2460752.39	f
372.848571	2460752.39	f
373.849446	2460752.39	f
374.850468	2460752.39	f
375.851287	2460752.39	f
376.852225	2460752.39	f
377.852159	2460752.39	f
378.854113	2460752.39	f
379.856342	2460752.39	f
380.856986	2460752.39	f
381.855913	2460752.39	f
382.889959	2460752.39	f
383.890933	2460752.39	f
384.891788	2460752.39	f
385.892743	2460752.39	f
386.893815	2460752.39	f
387.893722	2460752.39	f
388.894673	2460752.39	f
389.896582	2460752.39	f
390.897573	2460752.39	f
391.897509	2460752.39	f
392.899408	2460752.39	f
393.900344	2460752.39	f
394.900358	2460752.39	f
395.901187	2460752.39	f
396.90223	2460752.39	f
397.904159	2460752.39	f
398.90402	2460752.39	f
399.90503	2460752.39	f
400.916989	2460752.39	f
401.918808	2460752.39	f
402.918815	2460752.39	f
403.91976	2460752.39	f
404.920832	2460752.39	f
405.922676	2460752.39	f
406.922708	2460752.39	f
407.923663	2460752.39	f
408.924612	2460752.39	f
409.926503	2460752.39	f
410.926431	2460752.39	f
411.927546	2460752.39	f
412.941281	2460752.39	f
413.943203	2460752.39	f
414.943178	2460752.39	f
415.944035	2460752.39	f
416.945115	2460752.39	f
417.94595	2460752.39	f
418.947009	2460752.39	f
419.947997	2460752.39	f
420.948899	2460752.39	f
421.949969	2460752.39	f
422.950973	2460752.39	f
423.951755	2460752.39	f
424.952616	2460752.39	f
425.954774	2460752.39	f
426.991555	2460752.39	f
427.993395	2460752.39	f
428.995419	2460752.39	f
429.996418	2460752.39	f
430.997348	2460752.39	f
431.998365	2460752.39	f
432.998296	2460752.39	f
434.000118	2460752.39	f
435.001123	2460752.39	f
436.002561	2460752.39	f
437.001968	2460752.39	f
438.015041	2460752.39	f
439.016899	2460752.39	f
440.017929	2460752.39	f
441.017815	2460752.39	f
442.019707	2460752.39	f
443.020809	2460752.39	f
444.022431	2460752.39	f
445.021444	2460752.39	f
446.023498	2460752.39	f
447.024327	2460752.39	f
448.02669	2460752.39	f
449.025309	2460752.39	f
450.027346	2460752.39	f
451.028217	2460752.39	f
452.028246	2460752.39	f
453.029113	2460752.39	f
454.030972	2460752.39	f
455.032002	2460752.39	f
456.032026	2460752.39	f
457.032889	2460752.39	f
458.034814	2460752.39	f
459.035858	2460752.39	f
460.036717	2460752.39	f
461.037586	2460752.39	f
462.037603	2460752.39	f
463.038559	2460752.39	f
464.04044	2460752.39	f
465.040426	2460752.39	f
466.041514	2460752.39	f
467.042428	2460752.39	f
468.043367	2460752.39	f
469.045067	2460752.39	f
470.045155	2460752.39	f
471.046099	2460752.39	f
472.047004	2460752.39	f
473.047931	2460752.39	f
474.048922	2460752.39	f
475.049927	2460752.39	f
476.082734	2460752.39	f
477.084743	2460752.39	f
478.084693	2460752.39	f
479.085735	2460752.39	f
480.086677	2460752.39	f
481.087696	2460752.39	f
482.08854	2460752.39	f
483.088506	2460752.39	f
484.090748	2460752.39	f
485.091336	2460752.39	f
486.092334	2460752.39	f
487.092282	2460752.39	f
488.09411	2460752.39	f
489.09524	2460752.39	f
490.09618	2460752.39	f
491.096102	2460752.39	f
492.097133	2460752.39	f
493.099047	2460752.39	f
494.127536	2460752.39	f
495.138989	2460752.39	f
496.138657	2460752.39	f
497.140666	2460752.39	f
498.141658	2460752.39	f
499.141485	2460752.39	f
500.142414	2460752.39	f
501.144651	2460752.39	f
502.145505	2460752.39	f
503.145261	2460752.39	f
504.147491	2460752.39	f
505.149435	2460752.39	f
506.174234	2460752.39	f
507.181189	2460752.39	f
508.182167	2460752.39	f
509.184152	2460752.39	f
510.184125	2460752.39	f
511.185018	2460752.39	f
512.185939	2460752.39	f
513.187928	2460752.39	f
514.189007	2460752.39	f
515.188657	2460752.39	f
516.189603	2460752.39	f
517.191528	2460752.39	f
518.191507	2460752.39	f
519.192516	2460752.39	f
520.193545	2460752.39	f
521.195462	2460752.39	f
522.195251	2460752.39	f
523.248804	2460752.39	f
524.210194	2460752.39	f
525.212185	2460752.39	f
526.213234	2460752.39	f
527.213025	2460752.39	f
528.2141	2460752.39	f
529.214976	2460752.39	f
530.215985	2460752.39	f
531.217366	2460752.39	f
532.218799	2460752.39	f
533.218708	2460752.39	f
534.220541	2460752.39	f
535.220607	2460752.39	f
536.221452	2460752.39	f
537.222538	2460752.39	f
538.2234	2460752.39	f
539.224419	2460752.39	f
540.225315	2460752.39	f
541.226325	2460752.39	f
542.227211	2460752.39	f
543.22712	2460752.39	f
544.229046	2460752.39	f
545.230123	2460752.39	f
546.231021	2460752.39	f
547.230915	2460752.39	f
548.232816	2460752.39	f
549.233782	2460752.39	f
550.234781	2460752.39	f
551.235685	2460752.39	f
552.23664	2460752.39	f
553.236783	2460752.39	f
554.23769	2460752.39	f
555.239687	2460752.39	f
556.240538	2460752.39	f
557.240398	2460752.39	f
558.241299	2460752.39	f
559.243422	2460752.39	f
560.244349	2460752.39	f
561.276181	2460752.39	f
562.277185	2460752.39	f
563.279085	2460752.39	f
564.280003	2460752.39	f
565.28011	2460752.39	f
566.28097	2460752.39	f
567.281813	2460752.39	f
568.283737	2460752.39	f
569.283766	2460752.39	f
570.284811	2460752.39	f
571.285711	2460752.39	f
572.286632	2460752.39	f
573.287566	2460752.39	f
574.288527	2460752.39	f
575.289439	2460752.39	f
576.290409	2460752.39	f
577.291422	2460752.39	f
578.292404	2460752.39	f
579.305226	2460752.39	f
580.306241	2460752.39	f
581.307199	2460752.39	f
582.30815	2460752.39	f
583.309102	2460752.39	f
584.311206	2460752.39	f
585.310841	2460752.39	f
586.31187	2460752.39	f
587.312903	2460752.39	f
588.31377	2460752.39	f
589.314825	2460752.39	f
590.315697	2460752.39	f
591.316693	2460752.39	f
592.31762	2460752.39	f
593.317374	2460752.39	f
594.319533	2460752.39	f
595.321713	2460752.39	f
596.321279	2460752.39	f
597.321365	2460752.39	f
598.323259	2460752.39	f
599.324829	2460752.39	f
600.325009	2460752.39	f
601.325108	2460752.39	f
602.326028	2460752.39	f
603.327933	2460752.39	f
