0.994807	699292.43	f
1.995835	699292.43	f
2.995705	244285.24	f
3.997728	244285.24	f
5.007639	244285.24	f
6.012469	244285.24	f
7.012417	244285.24	f
8.014449	244285.24	f
9.016394	244285.24	f
10.01736	244285.24	f
11.017304	244285.24	f
12.019227	244285.24	f
13.020266	244285.24	f
14.021154	244285.24	f
15.021195	244285.24	f
16.023057	244285.24	f
17.024075	244285.24	f
18.024897	244285.24	f
19.02486	244285.24	f
20.026743	244285.24	f
21.027788	244285.24	f
22.028666	244285.24	f
23.02867	244285.24	f
24.029526	244285.24	f
25.031623	244285.24	f
26.032567	244285.24	f
27.032372	244285.24	f
28.034309	244285.24	f
29.050311	244285.24	f
30.050253	244285.24	f
31.051161	244285.24	f
32.054209	244285.24	f
33.054196	244285.24	f
34.05499	244285.24	f
35.055582	244285.24	f
36.056981	244285.24	f
37.056886	244285.24	f
38.057858	244285.24	f
39.058783	244285.24	f
40.063634	244285.24	f
41.067634	244285.24	f
42.074586	244285.24	f
43.075527	244285.24	f
44.076656	244285.24	f
45.07758	244285.24	f
46.078501	244285.24	f
47.079296	244285.24	f
48.080208	244285.24	f
49.081139	244285.24	f
50.082186	244285.24	f
51.116134	244285.24	f
52.117993	244285.24	f
53.119065	244285.24	f
54.119958	244285.24	f
55.121021	244285.24	f
56.121876	244285.24	f
57.122908	244285.24	f
58.124463	244285.24	f
59.125293	244285.24	f
60.125818	244285.24	f
61.126709	244285.24	f
62.127487	244285.24	f
63.128454	244285.24	f
64.129491	244285.24	f
65.129322	244285.24	f
66.130334	244285.24	f
67.141183	244285.24	f
68.143055	244285.24	f
69.143102	244285.24	f
70.144034	244285.24	f
71.146027	244285.24	f
72.147	244285.24	f
73.146811	244285.24	f
74.147817	244285.24	f
75.149668	244285.24	f
76.150719	244285.24	f
77.150764	244285.24	f
78.151666	244285.24	f
79.153625	244285.24	f
80.154517	244285.24	f
81.154422	244285.24	f
82.155498	244285.24	f
83.157391	244285.24	f
84.158319	244285.24	f
85.158904	244285.24	f
86.159417	244285.24	f
87.161265	244285.24	f
88.162171	244285.24	f
89.162032	244285.24	f
90.163008	244285.24	f
91.164963	244285.24	f
92.164939	244285.24	f
93.165779	244285.24	f
94.166841	244285.24	f
95.168773	244285.24	f
96.168763	244285.24	f
97.169617	244285.24	f
98.171419	244285.24	f
99.172548	244285.24	f
100.172956	244285.24	f
101.173673	244285.24	f
102.174895	244285.24	f
103.175406	244285.24	f
104.176306	244285.24	f
105.177283	244285.24	f
106.178221	244285.24	f
107.214039	244285.24	f
108.215884	244285.24	f
109.216915	244285.24	f
110.216736	244285.24	f
111.218721	244285.24	f
112.21866	244285.24	f
113.219675	244285.24	f
114.220589	244285.24	f
115.221617	244285.24	f
116.22256	244285.24	f
117.223473	244285.24	f
118.223444	244285.24	f
119.225389	244285.24	f
120.226271	244285.24	f
121.227238	244285.24	f
122.238146	244285.24	f
123.240216	244285.24	f
124.241193	244285.24	f
125.24215	244285.24	f
126.243186	244285.24	f
127.244044	244285.24	f
128.244198	244285.24	f
129.244742	244285.24	f
130.246816	244285.24	f
131.247691	244285.24	f
132.247641	244285.24	f
133.248592	244285.24	f
134.250613	244285.24	f
135.250518	244285.24	f
136.251551	244285.24	f
137.252472	244285.24	f
138.254388	244285.24	f
139.254289	244285.24	f
140.255232	244285.24	f
141.257195	244285.24	f
142.257215	244285.24	f
143.258162	244285.24	f
144.259099	244285.24	f
145.26106	244285.24	f
146.260945	244285.24	f
147.262389	244285.24	f
148.262954	244285.24	f
149.264822	244285.24	f
150.265161	244285.24	f
151.265547	244285.24	f
152.266479	244285.24	f
153.269225	244285.24	f
154.269628	244285.24	f
155.270314	244285.24	f
156.271597	244285.24	f
157.271462	244285.24	f
158.272323	244285.24	f
159.273229	244285.24	f
160.274234	244285.24	f
161.306969	244285.24	f
162.307854	244285.24	f
163.30919	244285.24	f
164.310062	244285.24	f
165.311025	244285.24	f
166.3119	244285.24	f
167.312844	244285.24	f
168.313787	244285.24	f
169.314682	244285.24	f
170.315671	244285.24	f
171.316465	244285.24	f
172.317424	244285.24	f
173.318387	244285.24	f
174.320228	244285.24	f
175.32021	244285.24	f
176.320206	244285.24	f
177.321158	244285.24	f
178.323056	244285.24	f
179.335164	244285.24	f
180.335172	244285.24	f
181.33612	244285.24	f
182.337973	244285.24	f
183.338885	244285.24	f
184.33884	244285.24	f
185.339723	244285.24	f
186.341745	244285.24	f
187.342838	244285.24	f
188.343742	244285.24	f
189.343473	244285.24	f
190.345564	244285.24	f
191.346406	244285.24	f
192.346448	244285.24	f
193.347323	244285.24	f
194.349354	244285.24	f
195.350326	244285.24	f
196.350261	244285.24	f
197.351216	244285.24	f
198.353173	244285.24	f
199.35413	244285.24	f
200.355804	244285.24	f
201.35556	244285.24	f
202.355993	244285.24	f
203.356873	244285.24	f
204.357799	244285.24	f
205.358765	244285.24	f
206.359727	244285.24	f
207.360699	244285.24	f
208.361598	244285.24	f
209.362511	244285.24	f
210.363568	244285.24	f
211.364548	244285.24	f
212.365214	244285.24	f
213.366246	244285.24	f
214.367278	244285.24	f
215.36809	244285.24	f
216.369129	244285.24	f
217.370064	244285.24	f
218.406972	244285.24	f
219.407922	244285.24	f
220.407813	244285.24	f
221.409837	244285.24	f
222.410784	244285.24	f
223.411647	244285.24	f
224.413541	244285.24	f
225.414508	244285.24	f
226.414441	244285.24	f
227.414501	244285.24	f
228.41549	244285.24	f
229.417329	244285.24	f
230.418335	244285.24	f
231.418239	244285.24	f
232.429248	244285.24	f
233.431153	244285.24	f
234.432042	244285.24	f
235.431974	244285.24	f
236.432984	244285.24	f
237.434922	244285.24	f
238.435908	244285.24	f
239.435887	244285.24	f
240.436889	244285.24	f
241.438702	244285.24	f
242.439712	244285.24	f
243.439664	244285.24	f
244.441167	244285.24	f
245.44263	244285.24	f
246.443506	244285.24	f
247.443629	244285.24	f
248.44538	244285.24	f
249.4464	244285.24	f
250.447317	244285.24	f
251.447163	244285.24	f
252.448153	244285.24	f
253.449033	244285.24	f
254.450976	244285.24	f
255.452036	244285.24	f
256.452892	244285.24	f
257.452918	244285.24	f
258.45384	244285.24	f
259.45483	244285.24	f
260.456766	244285.24	f
261.45735	244285.24	f
262.457704	244285.24	f
263.458639	244285.24	f
264.459635	244285.24	f
265.460594	244285.24	f
266.461418	244285.24	f
267.463692	244285.24	f
268.463526	244285.24	f
269.464232	244285.24	f
270.465199	244285.24	f
271.466209	244285.24	f
272.500111	244285.24	f
273.502119	244285.24	f
274.503	244285.24	f
275.504006	244285.24	f
276.5037	244285.24	f
277.505894	244285.24	f
278.506815	244285.24	f
279.507685	244285.24	f
280.507673	244285.24	f
281.509619	244285.24	f
282.51051	244285.24	f
283.511479	244285.24	f
284.511392	244285.24	f
285.512429	244285.24	f
286.514296	244285.24	f
287.515273	244285.24	f
288.532485	244285.24	f
289.532113	244285.24	f
290.534343	244285.24	f
291.536239	244285.24	f
292.535777	244285.24	f
293.537847	244285.24	f
294.537551	244285.24	f
295.537904	244285.24	f
296.539793	244285.24	f
297.540793	244285.24	f
298.544699	244285.24	f
299.547639	244285.24	f
300.548553	244285.24	f
301.556634	244285.24	f
302.557197	244285.24	f
303.558167	244285.24	f
304.55861	244285.24	f
305.560334	244285.24	f
306.560283	244285.24	f
307.561814	244285.24	f
308.563273	244285.24	f
309.564096	244285.24	f
310.597232	244285.24	f
311.596859	244285.24	f
312.598482	244285.24	f
313.598827	244285.24	f
314.599785	244285.24	f
315.600816	244285.24	f
316.602353	244285.24	f
317.603225	244285.24	f
318.604503	244285.24	f
319.605759	244285.24	f
320.606828	244285.24	f
321.606307	244285.24	f
322.607342	244285.24	f
323.608327	244285.24	f
324.609273	244285.24	f
325.610294	244285.24	f
326.611213	244285.24	f
327.612951	244285.24	f
328.621927	244285.24	f
329.621947	244285.24	f
330.623863	244285.24	f
331.624946	244285.24	f
332.625965	244285.24	f
333.625615	244285.24	f
334.627703	244285.24	f
335.628536	244285.24	f
336.629585	244285.24	f
337.62956	244285.24	f
338.631604	244285.24	f
339.632381	244285.24	f
340.633359	244285.24	f
341.633275	244285.24	f
342.635267	244285.24	f
343.636233	244285.24	f
344.637206	244285.24	f
345.636984	244285.24	f
346.638002	244285.24	f
347.639893	244285.24	f
348.640965	244285.24	f
349.641	244285.24	f
350.641865	244285.24	f
351.644187	244285.24	f
352.643616	244285.24	f
353.644681	244285.24	f
354.645648	244285.24	f
355.647541	244285.24	f
356.647479	244285.24	f
357.648491	244285.24	f
358.649483	244285.24	f
359.651428	244285.24	f
360.651138	244285.24	f
361.652124	244285.24	f
362.653152	244285.24	f
363.654187	244285.24	f
364.657341	244285.24	f
365.656926	244285.24	f
366.656864	244285.24	f
367.657871	244285.24	f
368.658712	244285.24	f
369.6947	244285.24	f
370.695763	244285.24	f
371.696598	244285.24	f
372.697576	244285.24	f
373.698437	244285.24	f
374.699446	244285.24	f
375.70054	244285.24	f
376.701383	244285.24	f
377.702377	244285.24	f
378.703424	244285.24	f
379.704149	244285.24	f
380.70527	244285.24	f
381.705164	244285.24	f
382.70805	244285.24	f
383.707947	244285.24	f
384.716944	244285.24	f
385.718817	244285.24	f
386.720872	244285.24	f
387.721886	244285.24	f
388.722801	244285.24	f
389.722709	244285.24	f
390.724601	244285.24	f
391.725544	244285.24	f
392.726587	244285.24	f
393.726567	244285.24	f
394.727516	244285.24	f
395.729384	244285.24	f
396.730397	244285.24	f
397.730237	244285.24	f
398.731136	244285.24	f
399.733044	244285.24	f
400.733992	244285.24	f
401.735056	244285.24	f
402.73588	244285.24	f
403.735985	244285.24	f
404.736829	244285.24	f
405.738689	244285.24	f
406.738686	244285.24	f
407.739739	244285.24	f
408.740643	244285.24	f
409.742751	244285.24	f
410.74253	244285.24	f
411.743529	244285.24	f
412.74437	244285.24	f
413.746414	244285.24	f
414.74663	244285.24	f
415.748104	244285.24	f
416.748212	244285.24	f
417.75017	244285.24	f
418.750289	244285.24	f
419.751052	244285.24	f
420.752006	244285.24	f
421.753012	244285.24	f
422.7539	244285.24	f
423.755783	244285.24	f
424.78983	244285.24	f
425.790734	244285.24	f
426.791712	244285.24	f
427.792645	244285.24	f
428.793642	244285.24	f
429.794558	244285.24	f
430.795306	244285.24	f
431.797669	244285.24	f
432.79734	244285.24	f
433.798316	244285.24	f
434.799253	244285.24	f
435.800233	244285.24	f
436.801176	244285.24	f
437.801195	244285.24	f
438.802992	244285.24	f
439.803933	244285.24	f
440.814866	244285.24	f
441.816936	244285.24	f
442.817863	244285.24	f
443.838027	244285.24	f
444.840685	244285.24	f
445.842553	244285.24	f
446.843656	244285.24	f
447.844541	244285.24	f
448.844477	244285.24	f
449.845726	244285.24	f
450.847836	244285.24	f
451.851693	244285.24	f
452.849284	244285.24	f
453.850151	244285.24	f
454.852214	244285.24	f
455.852099	244285.24	f
456.889024	244285.24	f
457.890994	244285.24	f
458.891818	244285.24	f
459.891871	244285.24	f
460.893368	244285.24	f
461.893846	244285.24	f
462.895765	244285.24	f
463.895943	244285.24	f
464.896632	244285.24	f
465.897555	244285.24	f
466.899555	244285.24	f
467.899604	244285.24	f
468.900344	244285.24	f
469.901297	244285.24	f
470.911266	244285.24	f
471.913151	244285.24	f
472.914072	244285.24	f
473.915146	244285.24	f
474.916152	244285.24	f
475.917127	244285.24	f
476.917921	244285.24	f
477.918881	244285.24	f
478.919901	244285.24	f
479.920844	244285.24	f
480.922004	244285.24	f
481.922569	244285.24	f
482.923542	244285.24	f
483.924582	244285.24	f
484.925536	244285.24	f
485.926557	244285.24	f
486.927446	244285.24	f
487.928858	244285.24	f
488.929229	244285.24	f
489.930175	244285.24	f
490.93117	244285.24	f
491.931202	244285.24	f
492.933136	244285.24	f
493.933995	244285.24	f
494.934972	244285.24	f
495.935002	244285.24	f
496.93579	244285.24	f
497.937809	244285.24	f
498.938729	244285.24	f
499.939311	244285.24	f
500.939631	244285.24	f
501.941611	244285.24	f
502.94249	244285.24	f
503.94255	244285.24	f
504.943506	244285.24	f
505.945448	244285.24	f
506.945886	244285.24	f
507.946161	244285.24	f
508.947175	244285.24	f
509.949175	244285.24	f
510.976101	244285.24	f
511.983541	244285.24	f
512.984105	244285.24	f
513.986586	244285.24	f
514.985821	244285.24	f
515.986704	244285.24	f
516.987684	244285.24	f
517.98972	244285.24	f
518.989702	244285.24	f
519.990761	244285.24	f
520.991517	244285.24	f
521.99352	244285.24	f
522.993486	244285.24	f
523.994468	244285.24	f
524.995343	244285.24	f
525.997401	244285.24	f
526.998581	244285.24	f
528.013209	244285.24	f
529.014146	244285.24	f
530.015429	244285.24	f
531.015902	244285.24	f
532.016959	244285.24	f
533.017916	244285.24	f
534.019002	244285.24	f
535.019667	244285.24	f
536.020722	244285.24	f
537.021678	244285.24	f
538.023131	244285.24	f
539.029476	244285.24	f
540.029589	244285.24	f
541.031488	244285.24	f
542.032442	244285.24	f
543.041309	244285.24	f
544.041209	244285.24	f
545.043175	244285.24	f
546.044158	244285.24	f
547.04515	244285.24	f
548.045336	244285.24	f
549.080038	244285.24	f
550.080885	244285.24	f
551.081009	244285.24	f
552.081823	244285.24	f
553.083827	244285.24	f
554.085844	244285.24	f
555.084692	244285.24	f
556.08563	244285.24	f
557.088691	244285.24	f
558.088447	244285.24	f
559.088476	244285.24	f
560.089433	244285.24	f
561.091342	244285.24	f
562.092264	244285.24	f
563.092785	244285.24	f
564.093208	244285.24	f
565.094072	244285.24	f
566.105083	244285.24	f
567.106003	244285.24	f
568.10699	244285.24	f
569.107128	244285.24	f
570.107801	244285.24	f
571.108819	244285.24	f
572.109746	244285.24	f
573.110794	244285.24	f
574.112963	244285.24	f
575.112583	244285.24	f
576.113495	244285.24	f
577.114481	244285.24	f
578.115692	244285.24	f
579.116389	244285.24	f
580.117344	244285.24	f
581.118361	244285.24	f
582.11924	244285.24	f
583.120174	244285.24	f
584.121045	244285.24	f
585.122072	244285.24	f
586.123054	244285.24	f
587.124102	244285.24	f
588.124907	244285.24	f
589.125847	244285.24	f
590.126751	244285.24	f
591.127802	244285.24	f
592.128192	244285.24	f
593.130831	244285.24	f
594.130508	244285.24	f
595.13163	244285.24	f
596.131334	244285.24	f
597.133289	244285.24	f
598.134442	244285.24	f
599.135696	244285.24	f
600.135173	244285.24	f
601.137177	244285.24	f
602.138115	244285.24	f
603.139148	244285.24	f
