0.994894	349760.38	f
1.99588	349760.38	f
2.996792	718258.93	f
3.997761	718258.93	f
4.998668	718258.93	f
5.999694	709830.35	f
7.000675	709830.35	f
8.001608	694013.94	f
9.002486	694013.94	f
10.00341	694013.94	f
11.004292	694013.94	f
12.005349	694013.94	f
13.00612	694013.94	f
14.007139	694013.94	f
15.008045	694013.94	f
16.008094	694013.94	f
17.009896	694013.94	f
18.010911	694013.94	f
19.01183	694013.94	f
20.011723	694013.94	f
21.013713	694013.94	f
22.014523	694013.94	f
23.025731	694013.94	f
24.025736	694013.94	f
25.027603	694013.94	f
26.028552	694013.94	f
27.029524	694013.94	f
28.029409	649438.36	f
29.031386	649367.05	f
30.032294	649367.05	f
31.032207	647110.46	f
32.033357	647110.46	f
33.034016	647110.46	f
34.03726	647110.46	f
35.03583	647110.46	f
36.036797	647110.46	f
37.038177	647110.46	f
38.039898	647110.46	f
39.039768	647110.46	f
40.04074	647110.46	f
41.041753	647110.46	f
42.043558	647110.46	f
43.043508	647110.46	f
44.044521	647110.46	f
45.045331	647110.46	f
46.048487	647110.46	f
47.047204	647110.46	f
48.049249	647110.46	f
49.049344	647110.46	f
50.051133	647110.46	f
51.051178	647110.46	f
52.051987	647110.46	f
53.053016	647110.46	f
54.053831	647110.46	f
55.054818	647110.46	f
56.055777	647110.46	f
57.056837	647110.46	f
58.057781	647110.46	f
59.058718	647110.46	f
60.059753	647110.46	f
61.060622	647110.46	f
62.062464	647110.46	f
63.08969	647110.46	f
64.100451	647110.46	f
65.105237	647110.46	f
66.107343	647110.46	f
67.108242	647110.46	f
68.109153	647110.46	f
69.109155	647110.46	f
70.111136	647110.46	f
71.120983	647110.46	f
72.121977	647110.46	f
73.121962	647110.46	f
74.123953	647110.46	f
75.124731	647110.46	f
76.125859	647110.46	f
77.12573	647110.46	f
78.12764	647110.46	f
79.128586	647110.46	f
80.129794	647110.46	f
81.130744	647110.46	f
82.131923	647110.46	f
83.132965	647110.46	f
84.132801	647110.46	f
85.133327	647110.46	f
86.135228	647110.46	f
87.136076	647110.46	f
88.13615	647110.46	f
89.137043	647110.46	f
90.138935	647110.46	f
91.139781	647110.46	f
92.139873	647110.46	f
93.140778	647110.46	f
94.142787	647110.46	f
95.143742	647110.46	f
96.143623	647110.46	f
97.144577	647110.46	f
98.14642	647110.46	f
99.146389	647110.46	f
100.147331	647110.46	f
101.148841	647110.46	f
102.150346	647110.46	f
103.150834	647110.46	f
104.151265	647110.46	f
105.152207	647110.46	f
106.154113	647110.46	f
107.154965	647110.46	f
108.155028	647110.46	f
109.155927	647110.46	f
110.156917	647110.46	f
111.15784	647110.46	f
112.188851	647110.46	f
113.189763	647110.46	f
114.190701	647110.46	f
115.19168	647110.46	f
116.192655	647110.46	f
117.193479	647110.46	f
118.194411	647110.46	f
119.195424	647110.46	f
120.196303	647110.46	f
121.197184	647110.46	f
122.19709	647110.46	f
123.199243	647110.46	f
124.200173	647110.46	f
125.201103	647110.46	f
126.201047	647110.46	f
127.202795	647110.46	f
128.204031	647110.46	f
129.204954	647110.46	f
130.204901	647110.46	f
131.206691	647110.46	f
132.217557	647110.46	f
133.217709	647110.46	f
134.218552	647110.46	f
135.220396	647110.46	f
136.222088	647110.46	f
137.221426	647110.46	f
138.222324	647110.46	f
139.224186	647110.46	f
140.225214	647110.46	f
141.225148	647110.46	f
142.227294	647110.46	f
143.227166	647110.46	f
144.229011	647110.46	f
145.228848	647110.46	f
146.229849	647110.46	f
147.23194	647110.46	f
148.23283	647110.46	f
149.232841	647110.46	f
150.233733	647110.46	f
151.234639	647110.46	f
152.235569	647110.46	f
153.236535	647110.46	f
154.237517	647110.46	f
155.239482	647110.46	f
156.239447	647110.46	f
157.240348	647110.46	f
158.24125	647110.46	f
159.243145	647110.46	f
160.243152	647110.46	f
161.244008	647110.46	f
162.246344	647110.46	f
163.245857	647110.46	f
164.247815	647110.46	f
165.247938	647110.46	f
166.248765	647110.46	f
167.249848	647110.46	f
168.250731	647110.46	f
169.251611	647110.46	f
170.252646	647110.46	f
171.253497	647110.46	f
172.283158	647110.46	f
173.283521	647110.46	f
174.284449	647110.46	f
175.284401	647110.46	f
176.286174	647110.46	f
177.287287	647110.46	f
178.288268	647110.46	f
179.288152	647110.46	f
180.290055	647110.46	f
181.291057	647110.46	f
182.291001	647110.46	f
183.291912	647110.46	f
184.293874	647110.46	f
185.294855	647110.46	f
186.29482	647110.46	f
187.296622	647110.46	f
188.297591	647110.46	f
189.297722	647110.46	f
190.29855	647110.46	f
191.30043	647110.46	f
192.301345	647110.46	f
193.301784	647110.46	f
194.310167	647110.46	f
195.312259	647110.46	f
196.31324	647110.46	f
197.313171	647110.46	f
198.314107	647110.46	f
199.315887	647110.46	f
200.317753	647110.46	f
201.317564	647110.46	f
202.318011	647110.46	f
203.318919	647110.46	f
204.321796	647110.46	f
205.32162	647110.46	f
206.322523	647110.46	f
207.324516	647110.46	f
208.325511	647110.46	f
209.325553	647110.46	f
210.326419	647110.46	f
211.327405	647110.46	f
212.328203	647110.46	f
213.329508	647110.46	f
214.330297	647110.46	f
215.331199	647110.46	f
216.332156	647110.46	f
217.333058	647110.46	f
218.333939	647110.46	f
219.335633	647110.46	f
220.335992	647110.46	f
221.336851	647110.46	f
222.337681	647110.46	f
223.338655	647110.46	f
224.340054	647110.46	f
225.340613	647110.46	f
226.341647	647110.46	f
227.341446	647110.46	f
228.343745	647110.46	f
229.344473	647110.46	f
230.34539	647110.46	f
231.345253	647110.46	f
232.347227	647110.46	f
233.348079	647110.46	f
234.348031	647110.46	f
235.378101	647110.46	f
236.38005	647110.46	f
237.380926	647110.46	f
238.380935	647110.46	f
239.381831	647110.46	f
240.383708	647110.46	f
241.384685	647110.46	f
242.384668	647110.46	f
243.385559	647110.46	f
244.387572	647110.46	f
245.388387	647110.46	f
246.388392	647110.46	f
247.389311	647110.46	f
248.391266	647110.46	f
249.392319	647110.46	f
250.392356	647110.46	f
251.393274	647110.46	f
252.39514	647110.46	f
253.396115	647110.46	f
254.396078	647110.46	f
255.396981	647110.46	f
256.407887	647110.46	f
257.40953	647110.46	f
258.408694	647110.46	f
259.410731	647110.46	f
260.411737	647110.46	f
261.411776	647110.46	f
262.412586	647110.46	f
263.413514	647110.46	f
264.415446	647110.46	f
265.415494	647110.46	f
266.416396	647110.46	f
267.417354	647110.46	f
268.418284	647110.46	f
269.419231	647110.46	f
270.420151	647110.46	f
271.420955	647110.46	f
272.422815	647110.46	f
273.423126	647110.46	f
274.424005	647110.46	f
275.424953	647110.46	f
276.425819	647110.46	f
277.426712	647110.46	f
278.427759	647110.46	f
279.429424	647110.46	f
280.429741	647110.46	f
281.43065	647110.46	f
282.431497	647110.46	f
283.432515	647110.46	f
284.433325	647110.46	f
285.433316	647110.46	f
286.436067	647110.46	f
287.436242	647110.46	f
288.437183	647110.46	f
289.437159	647110.46	f
290.439067	647110.46	f
291.440163	647110.46	f
292.441012	647110.46	f
293.440915	647110.46	f
294.442923	647110.46	f
295.443792	647110.46	f
296.444689	647110.46	f
297.473465	647110.46	f
298.47461	647110.46	f
299.47567	647110.46	f
300.475555	647110.46	f
301.476568	647110.46	f
302.478413	647110.46	f
303.479282	647110.46	f
304.479361	647110.46	f
305.4804	647110.46	f
306.482281	647110.46	f
307.483185	647110.46	f
308.482954	647110.46	f
309.484211	647110.46	f
310.486841	647110.46	f
311.48589	647110.46	f
312.486833	647110.46	f
313.487816	647110.46	f
314.489654	647110.46	f
315.489645	647110.46	f
316.490585	647110.46	f
317.491595	647110.46	f
318.493487	647110.46	f
319.502439	647110.46	f
320.503381	647110.46	f
321.504416	647110.46	f
322.505339	647110.46	f
323.506351	647110.46	f
324.507215	647110.46	f
325.508203	647110.46	f
326.509142	647110.46	f
327.510109	647110.46	f
328.511393	647110.46	f
329.512816	647110.46	f
330.512773	647110.46	f
331.513865	647110.46	f
332.515409	647110.46	f
333.514632	647110.46	f
334.516726	647110.46	f
335.51765	647110.46	f
336.518704	647110.46	f
337.518622	647110.46	f
338.520543	647110.46	f
339.521461	647110.46	f
340.522289	647110.46	f
341.522365	647110.46	f
342.524238	647110.46	f
343.52522	647110.46	f
344.526162	647110.46	f
345.526013	647110.46	f
346.528065	647110.46	f
347.529001	647110.46	f
348.528945	647110.46	f
349.529863	647110.46	f
350.531833	647110.46	f
351.532695	647110.46	f
352.532662	647110.46	f
353.533685	647110.46	f
354.535648	647110.46	f
355.535602	647110.46	f
356.53653	647110.46	f
357.537396	647110.46	f
358.540046	647110.46	f
359.539199	647110.46	f
360.568416	647110.46	f
361.579149	647110.46	f
362.585925	647110.46	f
363.586068	647110.46	f
364.586174	647110.46	f
365.586974	647110.46	f
366.588912	647110.46	f
367.58881	647110.46	f
368.598768	647110.46	f
369.599756	647110.46	f
370.600653	647110.46	f
371.601632	647110.46	f
372.602731	647110.46	f
373.603667	647110.46	f
374.605469	647110.46	f
375.605486	647110.46	f
376.606475	647110.46	f
377.608351	647110.46	f
378.609449	647110.46	f
379.609178	647110.46	f
380.610066	647110.46	f
381.611021	647110.46	f
382.610994	647110.46	f
383.613027	647110.46	f
384.614045	647110.46	f
385.61492	647110.46	f
386.614928	647110.46	f
387.616861	647110.46	f
388.619041	647110.46	f
389.618654	647110.46	f
390.618621	647110.46	f
391.621307	647110.46	f
392.621499	647110.46	f
393.622465	647110.46	f
394.622431	647110.46	f
395.624368	647110.46	f
396.625413	647110.46	f
397.626268	647110.46	f
398.626775	647110.46	f
399.629041	647110.46	f
400.629005	647110.46	f
401.629958	647110.46	f
402.629993	647110.46	f
403.630984	647110.46	f
404.632909	647110.46	f
405.63495	647110.46	f
406.633772	647110.46	f
407.634611	647110.46	f
408.636639	647110.46	f
409.66593	647110.46	f
410.665415	647110.46	f
411.666448	647110.46	f
412.669741	647110.46	f
413.669235	647110.46	f
414.669385	647110.46	f
415.670574	647110.46	f
416.67235	647110.46	f
417.672085	647110.46	f
418.673013	647110.46	f
419.675164	647110.46	f
420.676322	647110.46	f
421.676488	647110.46	f
422.677566	647110.46	f
423.677791	647110.46	f
424.679907	647110.46	f
425.679751	647110.46	f
426.681899	647110.46	f
427.681544	647110.46	f
428.683253	647110.46	f
429.684251	647110.46	f
430.684645	647110.46	f
431.694414	647110.46	f
432.695486	647110.46	f
433.696448	647110.46	f
434.697161	647110.46	f
435.698712	647110.46	f
436.699855	647110.46	f
437.699965	647110.46	f
438.700929	647110.46	f
439.701972	647110.46	f
440.701887	647110.46	f
441.703892	647110.46	f
442.704744	647110.46	f
443.705799	647110.46	f
444.705743	647110.46	f
445.707563	647110.46	f
446.708493	647110.46	f
447.709465	647110.46	f
448.70951	647110.46	f
449.711453	647110.46	f
450.712252	647110.46	f
451.713263	647110.46	f
452.71318	647110.46	f
453.71414	647110.46	f
454.716117	647110.46	f
455.71703	647110.46	f
456.716948	647110.46	f
457.717912	647110.46	f
458.720001	647110.46	f
459.720979	647110.46	f
460.720944	647110.46	f
461.722521	647110.46	f
462.723656	647110.46	f
463.724587	647110.46	f
464.724631	647110.46	f
465.725702	647110.46	f
466.727706	647110.46	f
467.727438	647110.46	f
468.728387	647110.46	f
469.729323	647110.46	f
470.731247	647110.46	f
471.731215	647110.46	f
472.76024	647110.46	f
473.761148	647110.46	f
474.761957	647110.46	f
475.762983	647110.46	f
476.763888	647110.46	f
477.764764	647110.46	f
478.765865	647110.46	f
479.766785	647110.46	f
480.76781	647110.46	f
481.768761	647110.46	f
482.769664	647110.46	f
483.771243	647110.46	f
484.77146	647110.46	f
485.773591	647110.46	f
486.774691	647110.46	f
487.77428	647110.46	f
488.775308	647110.46	f
489.775256	647110.46	f
490.777264	647110.46	f
491.778178	647110.46	f
492.779118	647110.46	f
493.778901	647110.46	f
494.807925	647110.46	f
495.808878	647110.46	f
496.809808	647110.46	f
497.809832	647110.46	f
498.811582	647110.46	f
499.812667	647110.46	f
500.813725	647110.46	f
501.813592	647110.46	f
502.815588	647110.46	f
503.816642	647110.46	f
504.81814	647110.46	f
505.817307	647110.46	f
506.820574	647110.46	f
507.820228	647110.46	f
508.821153	647110.46	f
509.821164	647110.46	f
510.822112	647110.46	f
511.825052	647110.46	f
512.82551	647110.46	f
513.824787	647110.46	f
514.825743	647110.46	f
515.828528	647110.46	f
516.827748	647110.46	f
517.851691	647110.46	f
518.857654	647110.46	f
519.859531	647110.46	f
520.859518	647110.46	f
521.861626	647110.46	f
522.862118	647110.46	f
523.863392	647110.46	f
524.863519	647110.46	f
525.864125	647110.46	f
526.86526	647110.46	f
527.866104	647110.46	f
528.866996	647110.46	f
529.868082	647110.46	f
530.868911	647110.46	f
531.869912	647110.46	f
532.870907	647110.46	f
533.871772	647110.46	f
534.872787	647110.46	f
535.873741	647110.46	f
536.874679	647110.46	f
537.875684	647110.46	f
538.876581	647110.46	f
539.886471	647110.46	f
540.887623	647110.46	f
541.888429	647110.46	f
542.889736	647110.46	f
543.890252	647110.46	f
544.891179	647110.46	f
545.892171	647110.46	f
546.893109	647110.46	f
547.894114	647110.46	f
548.895149	647110.46	f
549.896075	647110.46	f
550.896986	647110.46	f
551.897994	647110.46	f
552.899745	647110.46	f
553.900933	647110.46	f
554.899673	647110.46	f
555.901657	647110.46	f
556.903183	647110.46	f
557.904809	647110.46	f
558.903387	647110.46	f
559.905476	647110.46	f
560.906386	647110.46	f
561.907397	647110.46	f
562.9072	647110.46	f
563.90968	647110.46	f
564.910184	647110.46	f
565.91002	647110.46	f
566.910937	647110.46	f
567.912562	647110.46	f
568.913878	647110.46	f
569.913809	647110.46	f
570.914801	647110.46	f
571.915813	647110.46	f
572.917756	647110.46	f
573.917693	647110.46	f
574.918555	647110.46	f
575.919581	647110.46	f
576.921467	647110.46	f
577.921428	647110.46	f
578.922467	647110.46	f
579.923647	647110.46	f
580.952311	647110.46	f
581.953211	647110.46	f
582.954203	647110.46	f
583.956082	647110.46	f
584.956048	647110.46	f
585.9569	647110.46	f
586.957919	647110.46	f
587.958955	647110.46	f
588.959797	647110.46	f
589.960816	647110.46	f
590.961852	647110.46	f
591.962693	647110.46	f
592.963648	647110.46	f
593.96459	647110.46	f
594.965795	647110.46	f
595.966407	647110.46	f
596.967398	647110.46	f
597.968364	647110.46	f
598.969326	647110.46	f
599.97029	647110.46	f
600.971172	647110.46	f
601.972205	647110.46	f
602.981233	647110.46	f
