0.56484	29971699.88	f
1.565703	29971699.88	f
3.177704	128269310.39	f
4.192852	7676948.05	f
5.222632	7676948.05	f
6.22442	7676948.05	f
7.237572	7676948.05	f
8.238506	7676948.05	f
9.240334	7676948.05	f
10.243301	7676948.05	f
11.244186	7676948.05	f
12.24625	7676948.05	f
13.248106	7676948.05	f
14.251017	7676948.05	f
15.251957	7676948.05	f
16.254806	7676948.05	f
17.255938	7676948.05	f
18.25783	7676948.05	f
19.259745	7676948.05	f
20.261717	7676948.05	f
21.263596	7676948.05	f
22.265679	6631483.49	f
23.267525	6631483.49	f
24.269473	6631483.49	f
25.270368	6631483.49	f
26.271302	6631483.49	f
27.272267	6631483.49	f
28.273229	6631483.49	f
29.274168	6631483.49	f
30.289197	6631483.49	f
31.291131	6631483.49	f
32.292039	6631483.49	f
33.293399	6631483.49	f
34.294005	6631483.49	f
35.294948	6631483.49	f
36.296042	6631483.49	f
37.296723	6631483.49	f
38.297789	6631483.49	f
39.299906	6631483.49	f
40.299579	6631483.49	f
41.299635	6631483.49	f
42.301587	6631483.49	f
43.302809	6631483.49	f
44.303585	6631483.49	f
45.303273	6631483.49	f
46.30427	6513653.73	f
47.306321	6507375.79	f
48.30713	6507375.79	f
49.307248	5047282.37	f
50.3081	5047282.37	f
51.310106	3450608.24	f
52.311061	2986075.24	f
53.311014	2946735.86	f
54.311972	2946735.86	f
55.313953	2946735.86	f
56.313688	2946735.86	f
57.315193	2946735.86	f
58.31562	2946735.86	f
59.317914	2946735.86	f
60.318722	2946735.86	f
61.318413	2946735.86	f
62.319462	2946735.86	f
63.321304	2946735.86	f
64.321309	2946735.86	f
65.33254	2946735.86	f
66.33395	2946735.86	f
67.334114	2946735.86	f
68.335124	2946735.86	f
69.335999	2946732.10	f
70.337066	2946732.10	f
71.338015	2946732.10	f
72.339045	2946732.10	f
73.340025	2946732.10	f
74.340991	2946732.10	f
75.341678	2946732.10	f
76.342673	2946732.10	f
77.343639	2946732.10	f
78.344654	2946732.10	f
79.345533	2946732.10	f
80.346632	2946732.10	f
81.347441	2946732.10	f
82.348348	2946732.10	f
83.34838	2946732.10	f
84.350229	2946732.10	f
85.351271	2946732.10	f
86.3534	2946732.10	f
87.351996	2946732.10	f
88.354144	2946732.10	f
89.356166	2946732.10	f
90.356252	2946732.10	f
91.355799	2946732.10	f
92.359152	2946732.10	f
93.358661	2946732.10	f
94.35978	2946732.10	f
95.359697	2946732.10	f
96.361598	2946732.10	f
97.362587	2946732.10	f
98.364219	2946732.10	f
99.363354	2946732.10	f
100.366188	2946732.10	f
101.366278	2946732.10	f
102.366147	2946732.10	f
103.367554	2946732.10	f
104.36931	2946732.10	f
105.385074	2946732.10	f
106.385091	2946732.10	f
107.385961	2946732.10	f
108.387911	2946732.10	f
109.38783	2946732.10	f
110.388899	2946732.10	f
111.38988	2946732.10	f
112.390835	2946732.10	f
113.39294	2946732.10	f
114.392588	2946732.10	f
115.393485	2946732.10	f
116.394453	2946732.10	f
117.395349	2946732.10	f
118.396347	2946732.10	f
119.397277	2946732.10	f
120.398225	2946732.10	f
121.399197	2946732.10	f
122.400248	2946732.10	f
123.401119	2946732.10	f
124.402088	2946732.10	f
125.403996	2946732.10	f
126.403963	2946732.10	f
127.404926	2946732.10	f
128.40585	2946732.10	f
129.406857	2946732.10	f
130.407808	2946732.10	f
131.408732	2946732.10	f
132.409575	2946732.10	f
133.410559	2946732.10	f
134.411558	2946732.10	f
135.412544	2946732.10	f
136.413423	2946732.10	f
137.414398	2946732.10	f
138.41536	2946732.10	f
139.416357	2946732.10	f
140.466116	2946732.10	f
141.483173	2946732.10	f
142.498157	2946732.10	f
143.518969	2946732.10	f
144.533068	2946732.10	f
145.534881	2946732.10	f
146.535974	2946732.10	f
147.537055	2946732.10	f
148.536779	2946732.10	f
149.538694	2946732.10	f
150.539654	2946732.10	f
151.540592	2946732.10	f
152.540442	2946732.10	f
153.542462	2946732.10	f
154.543279	2946732.10	f
155.543323	2946732.10	f
156.545049	2946732.10	f
157.54575	2946732.10	f
158.547216	2946732.10	f
159.547479	2946732.10	f
160.548101	2946732.10	f
161.549142	2946732.10	f
162.551056	2946732.10	f
163.551055	2946732.10	f
164.551933	2946732.10	f
165.55323	2946732.10	f
166.555241	2946732.10	f
167.554669	2946732.10	f
168.555679	2946732.10	f
169.556602	2946732.10	f
170.558534	2946732.10	f
171.55857	2946732.10	f
172.559406	2946732.10	f
173.560415	2946732.10	f
174.561311	2946732.10	f
175.562233	2946732.10	f
176.563153	2946732.10	f
177.580129	2946732.10	f
178.581084	2946732.10	f
179.582025	2946732.10	f
180.583075	2946732.10	f
181.584031	2946732.10	f
182.585012	2946732.10	f
183.585934	2946732.10	f
184.586959	2946732.10	f
185.587841	2946732.10	f
186.589138	2946732.10	f
187.590501	2946732.10	f
188.591398	2946732.10	f
189.590485	2946732.10	f
190.592829	2946732.10	f
191.593461	2946732.10	f
192.594467	2946732.10	f
193.594424	2946732.10	f
194.596285	2946732.10	f
195.597211	2946732.10	f
196.598174	2946732.10	f
197.598131	2946732.10	f
198.599962	2946732.10	f
199.600839	2946732.10	f
200.601872	2946732.10	f
201.601877	2946732.10	f
202.603819	2946732.10	f
203.604824	2946732.10	f
204.605318	2946732.10	f
205.606422	2946732.10	f
206.608187	2946732.10	f
207.609476	2946732.10	f
208.608411	2946732.10	f
209.609363	2946732.10	f
210.611399	2946732.10	f
211.622268	2946732.10	f
212.622211	2946732.10	f
213.623244	2946732.10	f
214.625096	2946732.10	f
215.626064	2946732.10	f
216.626126	2946732.10	f
217.627031	2946732.10	f
218.62882	2946732.10	f
219.628887	2946732.10	f
220.62994	2946732.10	f
221.630742	2946732.10	f
222.632651	2946732.10	f
223.632575	2946732.10	f
224.634699	2946732.10	f
225.635252	2946732.10	f
226.635507	2946732.10	f
227.636502	2946732.10	f
228.637427	2946732.10	f
229.63838	2946732.10	f
230.639326	2946732.10	f
231.64036	2946732.10	f
232.641239	2946732.10	f
233.642239	2946732.10	f
234.643165	2946732.10	f
235.64481	2946732.10	f
236.645077	2946732.10	f
237.645926	2946732.10	f
238.646881	2946732.10	f
239.647861	2946732.10	f
240.648649	2946732.10	f
241.649707	2946732.10	f
242.649611	2946732.10	f
243.651534	2946732.10	f
244.652562	2946732.10	f
245.65349	2946732.10	f
246.653321	2946732.10	f
247.65532	2946732.10	f
248.656259	2946732.10	f
249.657214	2946732.10	f
250.657309	2946732.10	f
251.675103	2946732.10	f
252.676133	2946732.10	f
253.676048	2946732.10	f
254.677018	2946732.10	f
255.679034	2946732.10	f
256.680689	2946732.10	f
257.679726	2946732.10	f
258.681651	2946732.10	f
259.68292	2946732.10	f
260.683613	2946732.10	f
261.683618	2946732.10	f
262.68555	2946732.10	f
263.686541	2946732.10	f
264.686463	2946732.10	f
265.688147	2946732.10	f
266.68922	2946732.10	f
267.690219	2946732.10	f
268.690314	2946732.10	f
269.692203	2946732.10	f
270.692993	2946732.10	f
271.693032	2946732.10	f
272.69405	2946732.10	f
273.694999	2946732.10	f
274.695955	2946732.10	f
275.696846	2946732.10	f
276.697778	2946732.10	f
277.69874	2946732.10	f
278.69972	2946732.10	f
279.701664	2946732.10	f
280.701595	2946732.10	f
281.702772	2946732.10	f
282.704707	2946732.10	f
283.705779	2946732.10	f
284.705268	2946732.10	f
285.716355	2946732.10	f
286.717397	2946732.10	f
287.718201	2946732.10	f
288.719122	2946732.10	f
289.720054	2946732.10	f
290.721049	2946732.10	f
291.722025	2946732.10	f
292.723089	2946732.10	f
293.724725	2946732.10	f
294.724768	2946732.10	f
295.725683	2946732.10	f
296.726743	2946732.10	f
297.727668	2946732.10	f
298.727603	2946732.10	f
299.729509	2946732.10	f
300.730523	2946732.10	f
301.731507	2946732.10	f
302.731286	2946732.10	f
303.733306	2946732.10	f
304.734289	2946732.10	f
305.735266	2946732.10	f
306.735081	2946732.10	f
307.737115	2946732.10	f
308.737995	2946732.10	f
309.738931	2946732.10	f
310.738883	2946732.10	f
311.739982	2946732.10	f
312.741874	2946732.10	f
313.743903	2946732.10	f
314.742643	2946732.10	f
315.743673	2946732.10	f
316.745693	2946732.10	f
317.746672	2946732.10	f
318.747391	2946732.10	f
319.748647	2946732.10	f
320.750164	2946732.10	f
321.750274	2946732.10	f
322.750213	2946732.10	f
323.751177	2946732.10	f
324.753153	2946732.10	f
325.769311	2946732.10	f
326.770239	2946732.10	f
327.771057	2946732.10	f
328.773043	2946732.10	f
329.772906	2946732.10	f
330.773894	2946732.10	f
331.77489	2946732.10	f
332.776896	2946732.10	f
333.776564	2946732.10	f
334.778798	2946732.10	f
335.77857	2946732.10	f
336.780523	2946732.10	f
337.780405	2946732.10	f
338.781368	2946732.10	f
339.782431	2946732.10	f
340.784513	2946732.10	f
341.784153	2946732.10	f
342.785217	2946732.10	f
343.786127	2946732.10	f
344.787065	2946732.10	f
345.788144	2946732.10	f
346.789048	2946732.10	f
347.789926	2946732.10	f
348.791366	2946732.10	f
349.791715	2946732.10	f
350.79271	2946732.10	f
351.792707	2946732.10	f
352.79471	2946732.10	f
353.796565	2946732.10	f
354.79652	2946732.10	f
355.796558	2946732.10	f
356.797449	2946732.10	f
357.799452	2946732.10	f
358.800227	2946732.10	f
359.810309	2946732.10	f
360.812152	2946732.10	f
361.813238	2946732.10	f
362.814283	2946732.10	f
363.813998	2946732.10	f
364.815882	2946732.10	f
365.816879	2946732.10	f
366.817912	2946732.10	f
367.818327	2946732.10	f
368.81876	2946732.10	f
369.822094	2946732.10	f
370.82165	2946732.10	f
371.821608	2946732.10	f
372.822586	2946732.10	f
373.825463	2946732.10	f
374.824446	2946732.10	f
375.825381	2946732.10	f
376.826284	2946732.10	f
377.828227	2946732.10	f
378.82911	2946732.10	f
379.829075	2946732.10	f
380.831164	2946732.10	f
381.831208	2946732.10	f
382.833275	2946732.10	f
383.832919	2946732.10	f
384.83383	2946732.10	f
385.834773	2946732.10	f
386.835831	2946732.10	f
387.836715	2946732.10	f
388.837817	2946732.10	f
389.838603	2946732.10	f
390.839451	2946732.10	f
391.840495	2946732.10	f
392.841396	2946732.10	f
393.842447	2946732.10	f
394.843635	2946732.10	f
395.844269	2946732.10	f
396.84523	2946732.10	f
397.846136	2946732.10	f
398.847108	2946732.10	f
399.862189	2946732.10	f
400.863108	2946732.10	f
401.86543	2946732.10	f
402.86588	2946732.10	f
403.866835	2946732.10	f
404.867746	2946732.10	f
405.868867	2946732.10	f
406.869731	2946732.10	f
407.870569	2946732.10	f
408.87052	2946732.10	f
409.873856	2946732.10	f
410.87346	2946732.10	f
411.8734	2946732.10	f
412.874418	2946732.10	f
413.876399	2946732.10	f
414.877308	2946732.10	f
415.877084	2946732.10	f
416.878193	2946732.10	f
417.880085	2946732.10	f
418.88105	2946732.10	f
419.881108	2946732.10	f
420.882073	2946732.10	f
421.883998	2946732.10	f
422.884739	2946732.10	f
423.884774	2946732.10	f
424.885757	2946732.10	f
425.88774	2946732.10	f
426.888689	2946732.10	f
427.888468	2946732.10	f
428.889523	2946732.10	f
429.890466	2946732.10	f
430.892359	2946732.10	f
431.892368	2946732.10	f
432.893314	2946732.10	f
433.894154	2946732.10	f
434.906223	2946732.10	f
435.90627	2946732.10	f
436.906955	2946732.10	f
437.920648	2946732.10	f
438.932206	2946732.10	f
439.941761	2946732.10	f
440.942872	2946732.10	f
441.94477	2946732.10	f
442.960771	2946732.10	f
443.962684	2946732.10	f
444.96262	2946732.10	f
445.963516	2946732.10	f
446.964456	2946732.10	f
447.965423	2946732.10	f
448.966349	2946732.10	f
449.967318	2946732.10	f
450.968326	2946732.10	f
451.969201	2946732.10	f
452.97026	2946732.10	f
453.97109	2946732.10	f
454.971166	2946732.10	f
455.973147	2946732.10	f
456.974004	2946732.10	f
457.975113	2946732.10	f
458.974916	2946732.10	f
459.976914	2946732.10	f
460.977776	2946732.10	f
461.979925	2946732.10	f
462.978651	2946732.10	f
463.981391	2946732.10	f
464.981943	2946732.10	f
465.982472	2946732.10	f
466.982444	2946732.10	f
467.984403	2946732.10	f
468.985419	2946732.10	f
469.986305	2946732.10	f
470.986695	2946732.10	f
471.989132	2946732.10	f
472.988995	2946732.10	f
473.988999	2946732.10	f
474.989903	2946732.10	f
475.990919	2946732.10	f
477.002869	2946732.10	f
478.002858	2946732.10	f
479.003812	2946732.10	f
480.005732	2946732.10	f
481.006733	2946732.10	f
482.006606	2946732.10	f
483.007657	2946732.10	f
484.008548	2946732.10	f
485.010428	2946732.10	f
486.010296	2946732.10	f
487.01127	2946732.10	f
488.012859	2946732.10	f
489.014397	2946732.10	f
490.014842	2946732.10	f
491.016262	2946732.10	f
492.016076	2946732.10	f
493.018009	2946732.10	f
494.018904	2946732.10	f
495.018956	2946732.10	f
496.019864	2946732.10	f
497.021853	2946732.10	f
498.021781	2946732.10	f
499.022556	2946732.10	f
500.023608	2946732.10	f
501.024514	2946732.10	f
502.025541	2946732.10	f
503.026438	2946732.10	f
504.028521	2946732.10	f
505.028332	2946732.10	f
506.029232	2946732.10	f
507.030207	2946732.10	f
508.031125	2946732.10	f
509.033549	2946732.10	f
510.033077	2946732.10	f
511.03394	2946732.10	f
512.034917	2946732.10	f
513.035917	2946732.10	f
514.036894	2946732.10	f
515.03783	2946732.10	f
516.038883	2946732.10	f
517.054657	2946732.10	f
518.056657	2946732.10	f
519.057544	2946732.10	f
520.058486	2946732.10	f
521.058475	2946732.10	f
522.060424	2946732.10	f
523.061366	2946732.10	f
524.061401	2946732.10	f
525.062334	2946732.10	f
526.064305	2946732.10	f
527.065603	2946732.10	f
528.065163	2946732.10	f
529.066045	2946732.10	f
530.06811	2946732.10	f
531.068988	2946732.10	f
532.06891	2946732.10	f
533.069922	2946732.10	f
534.072199	2946732.10	f
535.074039	2946732.10	f
536.072687	2946732.10	f
537.07357	2946732.10	f
538.074468	2946732.10	f
539.076537	2946732.10	f
540.076443	2946732.10	f
541.077482	2946732.10	f
542.078357	2946732.10	f
543.08031	2946732.10	f
544.080144	2946732.10	f
545.082177	2946732.10	f
546.082059	2946732.10	f
547.083008	2946732.10	f
548.08402	2946732.10	f
549.08493	2946732.10	f
550.085987	2946732.10	f
551.09691	2946732.10	f
552.097889	2946732.10	f
553.098845	2946732.10	f
554.099851	2946732.10	f
555.100698	2946732.10	f
556.101763	2946732.10	f
557.102624	2946732.10	f
558.103525	2946732.10	f
559.104589	2946732.10	f
560.106079	2946732.10	f
561.106236	2946732.10	f
562.107305	2946732.10	f
563.108216	2946732.10	f
564.109219	2946732.10	f
565.110163	2946732.10	f
566.111659	2946732.10	f
567.112183	2946732.10	f
568.113526	2946732.10	f
569.113809	2946732.10	f
570.113831	2946732.10	f
571.114885	2946732.10	f
572.116791	2946732.10	f
573.11774	2946732.10	f
574.117622	2946732.10	f
575.118637	2946732.10	f
576.120542	2946732.10	f
577.121449	2946732.10	f
578.121503	2946732.10	f
579.122667	2946732.10	f
580.124291	2946732.10	f
581.12525	2946732.10	f
582.125242	2946732.10	f
583.127134	2946732.10	f
584.128121	2946732.10	f
585.128382	2946732.10	f
586.129097	2946732.10	f
587.129984	2946732.10	f
588.1319	2946732.10	f
589.132369	2946732.10	f
590.133573	2946732.10	f
591.151382	2946732.10	f
592.150745	2946732.10	f
593.151531	2946732.10	f
594.185579	2946732.10	f
595.196409	2946732.10	f
596.198317	2946732.10	f
597.198413	2946732.10	f
598.199255	2946732.10	f
599.20512	2946732.10	f
600.205795	2946732.10	f
601.205174	2946732.10	f
602.206086	2946732.10	f
