0.994391	159177.25	f
1.996445	159177.25	f
2.997366	1082088.11	f
4.001225	1082088.11	f
5.008468	1082088.11	f
6.008114	1082088.11	f
7.009032	1082088.11	f
8.009999	778494.37	f
9.010042	778494.37	f
10.012022	778494.37	f
11.012963	778494.37	f
12.013771	778494.37	f
13.013721	778494.37	f
14.015691	778494.37	f
15.016647	778494.37	f
16.016638	778494.37	f
17.017471	778494.32	f
18.019501	778494.32	f
19.020517	778494.32	f
20.021271	778494.32	f
21.022538	778494.23	f
22.024546	778494.23	f
23.02418	778494.23	f
24.024192	777150.98	f
25.025029	777150.98	f
26.02698	777150.98	f
27.026985	777150.98	f
28.028375	759922.00	f
29.029471	759921.83	f
30.030949	759921.83	f
31.030748	759921.83	f
32.031567	759921.83	f
33.033785	759921.83	f
34.034104	759921.83	f
35.035454	759921.83	f
36.035911	759921.83	f
37.036404	759921.83	f
38.037306	759921.83	f
39.038268	759921.83	f
40.039161	759921.83	f
41.040164	759921.83	f
42.041094	759921.83	f
43.042047	759921.83	f
44.072004	759921.65	f
45.079935	759921.65	f
46.081867	759921.65	f
47.082981	759921.65	f
48.08393	759921.65	f
49.085791	759921.65	f
50.084642	759921.65	f
51.086563	759887.21	f
52.087654	755168.14	f
53.088549	404024.74	f
54.088508	404024.73	f
55.090523	404024.73	f
56.091396	404024.73	f
57.10715	404024.73	f
58.10631	404024.73	f
59.108136	404024.11	f
60.109108	404024.11	f
61.11005	404024.11	f
62.11002	404024.11	f
63.112065	404024.11	f
64.113019	404024.11	f
65.113949	404024.11	f
66.113907	404024.11	f
67.115941	404024.11	f
68.11686	404024.11	f
69.117735	404024.11	f
70.117841	404024.11	f
71.119696	404024.11	f
72.120452	404024.11	f
73.120445	404024.11	f
74.121376	404024.11	f
75.12339	404024.11	f
76.124298	404024.11	f
77.124279	404024.11	f
78.125268	404024.11	f
79.127178	404024.11	f
80.127167	404024.11	f
81.128121	404024.11	f
82.128831	404024.11	f
83.130835	404024.11	f
84.130883	404024.11	f
85.131799	404024.11	f
86.132701	404024.11	f
87.13459	404024.11	f
88.134625	404024.11	f
89.135498	404024.11	f
90.136424	404024.11	f
91.138394	404024.11	f
92.13833	404024.11	f
93.147304	404024.11	f
94.149327	404024.11	f
95.150327	404024.11	f
96.151173	404024.11	f
97.152076	404024.11	f
98.153048	404024.11	f
99.154039	404024.11	f
100.153998	35.00	f
101.15603	35.00	f
102.157003	35.00	f
103.157953	35.00	f
104.157747	35.00	f
105.159708	35.00	f
106.160644	35.00	f
107.160613	35.00	f
108.161547	35.00	f
109.163384	35.00	f
110.164371	35.00	f
111.164334	35.00	f
112.165243	35.00	f
113.167785	35.00	f
114.168361	35.00	f
115.168116	35.00	f
116.169064	35.00	f
117.172449	35.00	f
118.170942	35.00	f
119.171875	35.00	f
120.172864	35.00	f
121.174735	35.00	f
122.174809	35.00	f
123.175752	35.00	f
124.17662	35.00	f
125.178671	35.00	f
126.178502	35.00	f
127.179517	35.00	f
128.180429	35.00	f
129.181397	35.00	f
130.1824	35.00	f
131.183202	35.00	f
132.184142	35.00	f
133.185202	35.00	f
134.199227	35.00	f
135.200226	35.00	f
136.201657	35.00	f
137.200951	35.00	f
138.20292	35.00	f
139.20389	35.00	f
140.204768	35.00	f
141.205677	35.00	f
142.206763	35.00	f
143.207705	35.00	f
144.20865	35.00	f
145.208591	35.00	f
146.210499	35.00	f
147.211467	35.00	f
148.212317	35.00	f
149.21231	35.00	f
150.214286	35.00	f
151.215318	35.00	f
152.215174	35.00	f
153.216403	35.00	f
154.218109	35.00	f
155.219072	35.00	f
156.221157	35.00	f
157.219842	35.00	f
158.221737	35.00	f
159.222676	35.00	f
160.222686	35.00	f
161.224866	35.00	f
162.224555	35.00	f
163.226461	35.00	f
164.226456	35.00	f
165.227449	35.00	f
166.228318	35.00	f
167.230354	35.00	f
168.230191	35.00	f
169.231142	35.00	f
170.232117	35.00	f
171.239103	35.00	f
172.239089	35.00	f
173.240268	35.00	f
174.241262	35.00	f
175.243007	35.00	f
176.243505	35.00	f
177.244834	35.00	f
178.245825	35.00	f
179.24689	35.00	f
180.247529	35.00	f
181.247533	35.00	f
182.24847	35.00	f
183.249431	35.00	f
184.250381	35.00	f
185.251369	35.00	f
186.252237	35.00	f
187.253215	35.00	f
188.254169	35.00	f
189.25514	35.00	f
190.256111	35.00	f
191.257039	35.00	f
192.257914	35.00	f
193.25897	35.00	f
194.258899	35.00	f
195.260819	35.00	f
196.262078	35.00	f
197.263956	35.00	f
198.263652	35.00	f
199.264511	35.00	f
200.265412	35.00	f
201.267755	35.00	f
202.266383	35.00	f
203.269488	35.00	f
204.269401	35.00	f
205.269121	35.00	f
206.270142	35.00	f
207.272859	35.00	f
208.274171	35.00	f
209.274996	35.00	f
210.273999	35.00	f
211.275849	35.00	f
212.276889	35.00	f
213.276822	35.00	f
214.277699	35.00	f
215.279627	35.00	f
216.293738	35.00	f
217.291635	35.00	f
218.294441	35.00	f
219.295396	35.00	f
220.297339	35.00	f
221.297375	35.00	f
222.29828	35.00	f
223.300194	35.00	f
224.300178	35.00	f
225.301218	35.00	f
226.302094	35.00	f
227.304055	35.00	f
228.304095	35.00	f
229.306197	35.00	f
230.305911	35.00	f
231.307839	35.00	f
232.307781	35.00	f
233.308802	35.00	f
234.309724	35.00	f
235.310707	35.00	f
236.311905	35.00	f
237.313122	35.00	f
238.314595	35.00	f
239.31431	35.00	f
240.315339	35.00	f
241.316259	35.00	f
242.317204	35.00	f
243.318153	35.00	f
244.319043	35.00	f
245.320015	35.00	f
246.320939	35.00	f
247.321985	35.00	f
248.322952	35.00	f
249.323979	35.00	f
250.324832	35.00	f
251.324886	35.00	f
252.328008	35.00	f
253.335654	35.00	f
254.336551	35.00	f
255.336508	35.00	f
256.345554	35.00	f
257.360439	35.00	f
258.361339	35.00	f
259.361309	35.00	f
260.362384	35.00	f
261.364328	35.00	f
262.365199	35.00	f
263.365345	35.00	f
264.366039	35.00	f
265.367982	35.00	f
266.368957	35.00	f
267.36902	35.00	f
268.369902	35.00	f
269.373137	35.00	f
270.371699	35.00	f
271.372687	35.00	f
272.37364	35.00	f
273.375586	35.00	f
274.38744	35.00	f
275.388459	35.00	f
276.389478	35.00	f
277.391498	35.00	f
278.392441	35.00	f
279.392172	35.00	f
280.393191	35.00	f
281.395122	35.00	f
282.395069	35.00	f
283.396027	35.00	f
284.396949	35.00	f
285.398859	35.00	f
286.398833	35.00	f
287.399856	35.00	f
288.400766	35.00	f
289.40174	35.00	f
290.402672	35.00	f
291.403569	35.00	f
292.40483	35.00	f
293.405432	35.00	f
294.406327	35.00	f
295.407324	35.00	f
296.408302	35.00	f
297.409322	35.00	f
298.410256	35.00	f
299.411147	35.00	f
300.412009	35.00	f
301.413075	35.00	f
302.41403	35.00	f
303.414884	35.00	f
304.414826	35.00	f
305.416897	35.00	f
306.417752	35.00	f
307.418607	35.00	f
308.418701	35.00	f
309.420558	35.00	f
310.4216	35.00	f
311.422973	35.00	f
312.429556	35.00	f
313.43147	35.00	f
314.43332	35.00	f
315.433246	35.00	f
316.433195	35.00	f
317.434122	35.00	f
318.436208	35.00	f
319.43708	35.00	f
320.437012	35.00	f
321.437857	35.00	f
322.439764	35.00	f
323.439832	35.00	f
324.440817	35.00	f
325.442683	35.00	f
326.443594	35.00	f
327.443625	35.00	f
328.444598	35.00	f
329.445466	35.00	f
330.44738	35.00	f
331.447513	35.00	f
332.448913	35.00	f
333.449168	35.00	f
334.451253	35.00	f
335.451312	35.00	f
336.452025	35.00	f
337.453004	35.00	f
338.45409	35.00	f
339.455444	35.00	f
340.455784	35.00	f
341.456846	35.00	f
342.45772	35.00	f
343.458767	35.00	f
344.459726	35.00	f
345.460515	35.00	f
346.461564	35.00	f
347.462523	35.00	f
348.463558	35.00	f
349.464409	35.00	f
350.465285	35.00	f
351.466269	35.00	f
352.467205	35.00	f
353.467322	35.00	f
354.469089	35.00	f
355.481337	35.00	f
356.482106	35.00	f
357.48355	35.00	f
358.48508	35.00	f
359.485897	35.00	f
360.486757	35.00	f
361.486872	35.00	f
362.488747	35.00	f
363.489645	35.00	f
364.490713	35.00	f
365.490747	35.00	f
366.493224	35.00	f
367.493432	35.00	f
368.494417	35.00	f
369.494287	35.00	f
370.495339	35.00	f
371.497243	35.00	f
372.498208	35.00	f
373.49798	35.00	f
374.499104	35.00	f
375.500999	35.00	f
376.502054	35.00	f
377.501956	35.00	f
378.503636	35.00	f
379.505272	35.00	f
380.504734	35.00	f
381.505594	35.00	f
382.506568	35.00	f
383.508567	35.00	f
384.509439	35.00	f
385.509345	35.00	f
386.510422	35.00	f
387.512279	35.00	f
388.512291	35.00	f
389.513249	35.00	f
390.514123	35.00	f
391.516193	35.00	f
392.516113	35.00	f
393.523965	35.00	f
394.524978	35.00	f
395.525136	35.00	f
396.52691	35.00	f
397.527789	35.00	f
398.528804	35.00	f
399.529665	35.00	f
400.530643	35.00	f
401.531675	35.00	f
402.532608	35.00	f
403.533537	35.00	f
404.534375	35.00	f
405.535417	35.00	f
406.53636	35.00	f
407.537304	35.00	f
408.538104	35.00	f
409.539127	35.00	f
410.540148	35.00	f
411.54109	35.00	f
412.541987	35.00	f
413.543377	35.00	f
414.543849	35.00	f
415.543901	35.00	f
416.54494	35.00	f
417.546904	35.00	f
418.547608	35.00	f
419.547577	35.00	f
420.5486	35.00	f
421.550482	35.00	f
422.551517	35.00	f
423.551471	35.00	f
424.552326	35.00	f
425.554251	35.00	f
426.554237	35.00	f
427.555234	35.00	f
428.556153	35.00	f
429.557961	35.00	f
430.558029	35.00	f
431.559021	35.00	f
432.559823	35.00	f
433.561747	35.00	f
434.561725	35.00	f
435.562719	35.00	f
436.575999	35.00	f
437.577669	35.00	f
438.577589	35.00	f
439.57855	35.00	f
440.579487	35.00	f
441.58137	35.00	f
442.581459	35.00	f
443.58229	35.00	f
444.583288	35.00	f
445.585296	35.00	f
446.585052	35.00	f
447.586062	35.00	f
448.587011	35.00	f
449.587852	35.00	f
450.590925	35.00	f
451.58978	35.00	f
452.590787	35.00	f
453.59171	35.00	f
454.592792	35.00	f
455.594331	35.00	f
456.593555	35.00	f
457.595503	35.00	f
458.596413	35.00	f
459.597412	35.00	f
460.597367	35.00	f
461.599286	35.00	f
462.60023	35.00	f
463.601203	35.00	f
464.601201	35.00	f
465.603222	35.00	f
466.60412	35.00	f
467.604884	35.00	f
468.604945	35.00	f
469.606821	35.00	f
470.607899	35.00	f
471.608719	35.00	f
472.608785	35.00	f
473.610041	35.00	f
474.618533	35.00	f
475.619613	35.00	f
476.619574	35.00	f
477.620529	35.00	f
478.622567	35.00	f
479.623356	35.00	f
480.623303	35.00	f
481.625409	35.00	f
482.626189	35.00	f
483.627093	35.00	f
484.627146	35.00	f
485.627931	35.00	f
486.630019	35.00	f
487.630068	35.00	f
488.631043	35.00	f
489.631806	35.00	f
490.633728	35.00	f
491.633782	35.00	f
492.634796	35.00	f
493.635574	35.00	f
494.63756	35.00	f
495.637631	35.00	f
496.638443	35.00	f
497.63943	35.00	f
498.640397	35.00	f
499.641423	35.00	f
500.642267	35.00	f
501.64319	35.00	f
502.644142	35.00	f
503.645031	35.00	f
504.646122	35.00	f
505.646876	35.00	f
506.648274	35.00	f
507.6488	35.00	f
508.649763	35.00	f
509.650731	35.00	f
510.651759	35.00	f
511.653805	35.00	f
512.653512	35.00	f
513.653546	35.00	f
514.655345	35.00	f
515.656297	35.00	f
516.657411	35.00	f
517.668175	35.00	f
518.670123	35.00	f
519.671211	35.00	f
520.672225	35.00	f
521.672143	35.00	f
522.673904	35.00	f
523.674909	35.00	f
524.67486	35.00	f
525.675838	35.00	f
526.677988	35.00	f
527.678667	35.00	f
528.67856	35.00	f
529.679614	35.00	f
530.680615	35.00	f
531.682485	35.00	f
532.683422	35.00	f
533.683476	35.00	f
534.686214	35.00	f
535.686239	35.00	f
536.686235	35.00	f
537.687223	35.00	f
538.689081	35.00	f
539.689101	35.00	f
540.691278	35.00	f
541.690999	35.00	f
542.692912	35.00	f
543.692979	35.00	f
544.694409	35.00	f
545.694755	35.00	f
546.696697	35.00	f
547.696716	35.00	f
548.697692	35.00	f
549.698415	35.00	f
550.700453	35.00	f
551.70031	35.00	f
552.701364	35.00	f
553.702279	35.00	f
554.703242	35.00	f
555.704325	35.00	f
556.713145	35.00	f
557.714189	35.00	f
558.71503	35.00	f
559.716008	35.00	f
560.716993	35.00	f
561.717861	35.00	f
562.718984	35.00	f
563.719672	35.00	f
564.720778	35.00	f
565.721825	35.00	f
566.722429	35.00	f
567.7247	35.00	f
568.724453	35.00	f
569.725477	35.00	f
570.725509	35.00	f
571.72745	35.00	f
572.728166	35.00	f
573.729169	35.00	f
574.729134	35.00	f
575.731091	35.00	f
576.732152	35.00	f
577.73324	35.00	f
578.732873	35.00	f
579.735806	35.00	f
580.735859	35.00	f
581.735739	35.00	f
582.736824	35.00	f
583.738674	35.00	f
584.739529	35.00	f
585.739589	35.00	f
586.740462	35.00	f
587.742448	35.00	f
588.743362	35.00	f
589.743528	35.00	f
590.745516	35.00	f
591.74618	35.00	f
592.747122	35.00	f
593.747153	35.00	f
594.748078	35.00	f
595.749968	35.00	f
596.749993	35.00	f
597.750941	35.00	f
598.764884	35.00	f
599.797818	35.00	f
600.797887	35.00	f
601.798763	35.00	f
602.800667	35.00	f
