0.641998	1650.00	
1.661308	1650.00	
2.651091	1650.00	
3.657161	1650.00	
4.661021	1650.00	
5.671099	1650.00	
6.673097	1650.00	
7.681677	1650.00	
8.68099	1650.00	
9.684785	1650.00	
10.700858	1650.00	
11.700422	1650.00	
12.707061	1650.00	
13.714214	1650.00	
14.711124	1650.00	
15.725703	1650.00	
16.729269	1650.00	
17.729843	1650.00	
18.732324	1650.00	
19.751378	1650.00	
20.755322	1650.00	
21.748777	1650.00	
22.753047	1650.00	
23.755172	1650.00	
24.759171	1650.00	
25.764601	1650.00	
26.77308	1650.00	
27.780028	1650.00	
28.782108	1650.00	
29.791089	1650.00	
30.797055	1650.00	
31.794424	1650.00	
32.817774	1650.00	
33.821569	1650.00	
34.811296	1650.00	
35.820146	1650.00	
36.821167	1650.00	
37.826105	1650.00	
38.832097	1650.00	
39.843046	1650.00	
40.83909	1650.00	
41.850423	1650.00	
42.852264	1650.00	
43.873828	1650.00	
44.859184	1650.00	
45.877186	1650.00	
46.871131	1650.00	
47.887106	1650.00	
48.880258	1650.00	
49.889864	1650.00	
50.890295	1650.00	
51.893166	1650.00	
52.900329	1650.00	
53.910235	1650.00	
54.909298	1650.00	
55.921069	1650.00	
56.919995	1650.00	
57.927341	1650.00	
58.928345	1650.00	
59.933654	1650.00	
60.940107	1650.00	
61.950105	1650.00	
62.951097	1650.00	
63.96007	1650.00	
64.962212	1650.00	
65.972035	1650.00	
66.971053	1650.00	
67.974789	1650.00	
68.978117	1650.00	
69.991098	1650.00	
70.990186	1650.00	
72.001134	1650.00	
73.000134	1650.00	
74.003069	1650.00	
75.010177	1650.00	
76.013083	1650.00	
77.022052	1650.00	
78.031072	1650.00	
79.033039	1650.00	
80.036046	1650.00	
81.040999	1650.00	
82.049652	1650.00	
83.052396	1650.00	
84.052726	1650.00	
85.060865	1650.00	
86.06626	1650.00	
87.089705	1650.00	
88.075129	1650.00	
89.081104	1650.00	
90.086123	1650.00	
91.094949	1650.00	
92.092987	1650.00	
93.116657	1650.00	
94.11683	1650.00	
95.11227	1650.00	
96.117053	1650.00	
97.121079	1650.00	
98.126153	1650.00	
99.137542	1650.00	
100.132033	1650.00	
101.142281	1650.00	
102.144035	1650.00	
103.151031	1650.00	
104.15915	1650.00	
105.159675	1650.00	
106.162276	1650.00	
107.182959	1650.00	
108.172246	1650.00	
109.190329	1650.00	
110.18234	1650.00	
111.193191	1650.00	
112.192484	1650.00	
113.20109	1650.00	
114.209056	1650.00	
115.206551	1650.00	
116.216081	1650.00	
117.219115	1650.00	
118.221783	1650.00	
119.23413	1650.00	
120.231767	1650.00	
121.240003	1650.00	
122.257223	1650.00	
123.246786	1650.00	
124.253163	1650.00	
125.262132	1650.00	
126.265546	1650.00	
127.27197	1650.00	
128.284915	1650.00	
129.281091	1650.00	
130.28912	1650.00	
131.286052	1650.00	
132.299182	1650.00	
133.298049	1650.00	
134.304216	1650.00	
135.31405	1650.00	
136.311269	1650.00	
137.319116	1650.00	
138.329148	1650.00	
139.330036	1650.00	
140.337248	1650.00	
141.340085	1650.00	
142.341457	1650.00	
143.350096	1650.00	
144.352408	1650.00	
145.355756	1650.00	
146.360995	1650.00	
147.370093	1650.00	
148.379068	1650.00	
149.385752	1650.00	
150.390399	1650.00	
151.395713	1650.00	
152.391791	1650.00	
153.401047	1650.00	
154.403095	1650.00	
155.41109	1650.00	
156.413125	1650.00	
157.423081	1650.00	
158.440047	1650.00	
159.433852	1650.00	
160.432121	1650.00	
161.455607	1650.00	
162.444292	1650.00	
163.451077	1650.00	
164.451041	1650.00	
165.461114	1650.00	
166.4632	1650.00	
167.471043	1650.00	
168.473111	1650.00	
169.488556	1650.00	
170.480589	1650.00	
171.491107	1650.00	
172.489458	1650.00	
173.501063	1650.00	
174.503024	1650.00	
175.511047	1650.00	
176.509699	1650.00	
177.53412	1650.00	
178.522201	1650.00	
179.53116	1650.00	
180.534053	1650.00	
181.534835	1650.00	
182.539927	1650.00	
183.546097	1650.00	
184.551116	1650.00	
185.562881	1650.00	
186.56814	1650.00	
187.584444	1650.00	
188.578422	1650.00	
189.5879	1650.00	
190.581113	1650.00	
191.594128	1650.00	
192.58926	1650.00	
193.601809	1650.00	
194.599419	1650.00	
195.610142	1650.00	
196.617017	1650.00	
197.613457	1650.00	
198.620292	1650.00	
199.624519	1650.00	
200.630052	1650.00	
201.640483	1650.00	
202.641212	1650.00	
203.64731	1650.00	
204.658048	1650.00	
205.66008	1650.00	
206.661194	1650.00	
207.685524	1650.00	
208.673032	1650.00	
209.682167	1650.00	
210.681116	1650.00	
211.692102	1650.00	
212.690088	1650.00	
213.698048	1650.00	
214.7031	1650.00	
215.704303	1650.00	
216.710078	1650.00	
217.718237	1650.00	
218.726151	1650.00	
219.723441	1650.00	
220.736074	1650.00	
221.745153	1650.00	
222.750434	1650.00	
223.759237	1650.00	
224.750135	1650.00	
225.761029	1650.00	
226.760095	1650.00	
227.771037	1650.00	
228.773148	1650.00	
229.773111	1650.00	
230.781147	1650.00	
231.79243	1650.00	
232.790198	1650.00	
233.793766	1650.00	
234.801179	1650.00	
235.806134	1650.00	
236.810018	1650.00	
237.81315	1650.00	
238.827121	1650.00	
239.831903	1650.00	
240.84306	1650.00	
241.845125	1650.00	
242.841059	1650.00	
243.851924	1650.00	
244.851809	1650.00	
245.859057	1650.00	
246.858214	1650.00	
247.86361	1650.00	
248.873057	1650.00	
249.872413	1650.00	
250.881036	1650.00	
251.88283	1650.00	
252.889536	1650.00	
253.898094	1650.00	
254.903078	1650.00	
255.91471	1650.00	
256.923667	1650.00	
257.913986	1650.00	
258.922109	1650.00	
259.922701	1650.00	
260.93403	1650.00	
261.940102	1650.00	
262.941029	1650.00	
263.956909	1650.00	
264.962537	1650.00	
265.954091	1650.00	
266.959152	1650.00	
267.962072	1650.00	
268.970066	1650.00	
269.974117	1650.00	
270.98311	1650.00	
271.982082	1650.00	
272.994064	1650.00	
273.994	1650.00	
274.999052	1650.00	
276.00556	1650.00	
277.011841	1650.00	
278.021477	1650.00	
279.01908	1650.00	
280.029129	1650.00	
281.03104	1650.00	
282.036137	1650.00	
283.04216	1650.00	
284.041611	1650.00	
285.053012	1650.00	
286.056148	1650.00	
287.064201	1650.00	
288.06585	1650.00	
289.06861	1650.00	
290.089831	1650.00	
291.082071	1650.00	
292.080842	1650.00	
293.093069	1650.00	
294.097066	1650.00	
295.098184	1650.00	
296.10504	1650.00	
297.130267	1650.00	
298.114113	1650.00	
299.124105	1650.00	
300.12978	1650.00	
