0.804869	1897.00	
1.810868	1897.00	
2.821785	1881.00	
3.818715	1773.00	
4.838702	1773.00	
5.843424	999.00	
6.83861	999.00	
7.840669	999.00	
8.851905	999.00	
9.849648	999.00	
10.858888	999.00	
11.860775	999.00	
12.864208	999.00	
13.869718	999.00	
14.880144	999.00	
15.887905	999.00	
16.932807	999.00	
17.899854	999.00	
18.918256	999.00	
19.908789	999.00	
20.913043	999.00	
21.912617	999.00	
22.92367	999.00	
23.919994	999.00	
24.932826	999.00	
25.931306	999.00	
26.940954	999.00	
27.940465	999.00	
28.947697	999.00	
29.950652	999.00	
30.962896	999.00	
31.974195	999.00	
32.981664	999.00	
33.981873	999.00	
34.980373	999.00	
35.988525	999.00	
36.98979	999.00	
37.989993	999.00	
39.010162	999.00	
40.016142	999.00	
41.01173	999.00	
42.02111	999.00	
43.01485	999.00	
44.021708	999.00	
45.031807	999.00	
46.042957	999.00	
47.041863	925.00	
48.040791	925.00	
49.052836	925.00	
50.059555	925.00	
51.065848	925.00	
52.068467	925.00	
53.073148	925.00	
54.069624	925.00	
55.078812	925.00	
56.079051	925.00	
57.084123	925.00	
58.107608	925.00	
59.096852	925.00	
60.104676	925.00	
61.115242	925.00	
62.110914	925.00	
63.119877	925.00	
64.118718	925.00	
65.129687	925.00	
66.137726	925.00	
67.135864	925.00	
68.151605	925.00	
69.149951	925.00	
70.148735	925.00	
71.154909	925.00	
72.160859	925.00	
73.169709	925.00	
74.168843	925.00	
75.178881	925.00	
76.178944	925.00	
77.189781	925.00	
78.188969	925.00	
79.209083	925.00	
80.198964	925.00	
81.206756	925.00	
82.209759	925.00	
83.218803	925.00	
84.219118	925.00	
85.229949	925.00	
86.229721	925.00	
87.241945	925.00	
88.24886	925.00	
89.249966	925.00	
90.259892	925.00	
91.257943	925.00	
92.266886	925.00	
93.263757	925.00	
94.268758	925.00	
95.273913	925.00	
96.290584	925.00	
97.287605	925.00	
98.290024	925.00	
99.300833	925.00	
100.301099	925.00	
101.30574	925.00	
102.30991	925.00	
103.333554	925.00	
104.318286	925.00	
105.327927	925.00	
106.331762	925.00	
107.337627	925.00	
108.348815	925.00	
109.346767	925.00	
110.349282	925.00	
111.356446	925.00	
112.358936	925.00	
113.368261	925.00	
114.370781	925.00	
115.379179	925.00	
116.381526	925.00	
117.387823	925.00	
118.393171	925.00	
119.393662	925.00	
120.411801	925.00	
121.417852	925.00	
122.415035	925.00	
123.413635	925.00	
124.422886	925.00	
125.431043	925.00	
126.431805	925.00	
127.443253	925.00	
128.440889	925.00	
129.442949	925.00	
130.460308	925.00	
131.461723	925.00	
132.467566	925.00	
133.466772	925.00	
134.47264	925.00	
135.472898	925.00	
136.478404	925.00	
137.48599	925.00	
138.498373	925.00	
139.493658	925.00	
140.50997	925.00	
141.512651	925.00	
142.511156	925.00	
143.515601	925.00	
144.518812	925.00	
145.529909	925.00	
146.535466	925.00	
147.539771	925.00	
148.54555	925.00	
149.550069	925.00	
150.550251	925.00	
151.565258	925.00	
152.561194	925.00	
153.561918	925.00	
154.572716	925.00	
155.586623	925.00	
156.591857	925.00	
157.605483	925.00	
158.594861	925.00	
159.601006	925.00	
160.597866	925.00	
161.609832	925.00	
162.610568	925.00	
163.616791	925.00	
164.619651	925.00	
165.623911	925.00	
166.628312	925.00	
167.633754	925.00	
168.639745	925.00	
169.652496	925.00	
170.663841	925.00	
171.659676	925.00	
172.658982	925.00	
173.663563	925.00	
174.67088	925.00	
175.680667	925.00	
176.680817	925.00	
177.682824	925.00	
178.689884	925.00	
179.69866	925.00	
180.699734	925.00	
181.702991	925.00	
182.711109	925.00	
183.717747	925.00	
184.719908	925.00	
185.726901	925.00	
186.730922	925.00	
187.746581	925.00	
188.74176	925.00	
189.746888	925.00	
190.749862	925.00	
191.751896	925.00	
192.763764	925.00	
193.769638	925.00	
194.769833	925.00	
195.779937	925.00	
196.786256	925.00	
197.799543	925.00	
198.789956	925.00	
199.799007	925.00	
200.807696	925.00	
201.824297	925.00	
202.810854	925.00	
203.812748	925.00	
204.821777	925.00	
205.830717	925.00	
206.831851	925.00	
207.839929	925.00	
208.847536	925.00	
209.851976	925.00	
210.848945	925.00	
211.859808	925.00	
212.873773	925.00	
213.880834	925.00	
214.86994	925.00	
215.872082	925.00	
216.881033	925.00	
217.880877	925.00	
218.923141	925.00	
219.891927	925.00	
220.911118	925.00	
221.910833	925.00	
222.922759	925.00	
223.924812	925.00	
224.921983	925.00	
225.922232	925.00	
226.933081	925.00	
227.939675	925.00	
228.93866	925.00	
229.959359	925.00	
230.952956	925.00	
231.953847	925.00	
232.960917	925.00	
233.960733	925.00	
234.96877	925.00	
235.979999	925.00	
236.989322	925.00	
237.987432	925.00	
238.993565	925.00	
239.99995	925.00	
240.999903	925.00	
242.011658	925.00	
243.010794	925.00	
244.017884	925.00	
245.021689	925.00	
246.025538	925.00	
247.026855	925.00	
248.033949	925.00	
249.037224	925.00	
250.047707	925.00	
251.046134	925.00	
252.051684	925.00	
253.064882	925.00	
254.060077	925.00	
255.065224	925.00	
256.070447	925.00	
257.076096	925.00	
258.086665	925.00	
259.093001	925.00	
260.092206	925.00	
261.102909	925.00	
262.116618	925.00	
263.109207	925.00	
264.112048	925.00	
265.127128	925.00	
266.129805	925.00	
267.130569	925.00	
268.130864	925.00	
269.140101	925.00	
270.147637	925.00	
271.14579	925.00	
272.151819	925.00	
273.162903	925.00	
274.160722	925.00	
275.165714	925.00	
276.177859	925.00	
277.176875	925.00	
278.185888	925.00	
279.1973	925.00	
280.189084	925.00	
281.21049	925.00	
282.199357	925.00	
283.281619	925.00	
284.217688	925.00	
285.215833	925.00	
286.227738	925.00	
287.23071	925.00	
288.243288	925.00	
289.241807	925.00	
290.245084	925.00	
291.266087	925.00	
292.251784	925.00	
293.26954	925.00	
294.259931	925.00	
295.264557	925.00	
296.268637	925.00	
297.274041	925.00	
298.278764	925.00	
299.287847	925.00	
300.295835	925.00	
