0.648027	70.00	
1.639175	70.00	
2.651197	70.00	
3.653171	70.00	
4.659226	70.00	
5.669246	70.00	
6.675208	70.00	
7.678221	70.00	
8.681587	70.00	
9.693196	70.00	
10.694404	70.00	
11.703904	70.00	
12.706606	70.00	
13.71425	70.00	
14.725195	70.00	
15.72826	70.00	
16.732139	70.00	
17.745182	70.00	
18.746195	70.00	
19.757311	70.00	
20.76522	70.00	
21.769165	70.00	
22.768354	65.00	
23.776338	65.00	
24.788718	65.00	
25.811879	65.00	
26.801232	65.00	
27.814895	65.00	
28.809303	65.00	
29.818201	65.00	
30.825262	65.00	
31.832026	65.00	
32.840283	65.00	
33.840188	65.00	
34.844347	65.00	
35.858374	65.00	
36.864195	65.00	
37.862226	65.00	
38.870159	65.00	
39.88019	65.00	
40.885215	65.00	
41.888185	65.00	
42.898402	65.00	
43.898539	65.00	
44.906376	65.00	
45.910708	65.00	
46.919226	65.00	
47.93118	65.00	
48.937235	65.00	
49.938225	65.00	
50.946186	65.00	
51.952296	65.00	
52.964265	65.00	
53.962317	65.00	
54.970303	65.00	
55.976174	65.00	
56.986251	65.00	
57.989349	65.00	
58.995768	65.00	
60.015838	65.00	
61.012259	65.00	
62.020626	65.00	
63.02529	65.00	
64.031176	65.00	
65.035301	65.00	
66.036592	65.00	
67.051222	65.00	
68.054218	65.00	
69.055849	65.00	
70.066201	65.00	
71.068211	65.00	
72.080231	65.00	
73.086235	65.00	
74.087182	65.00	
75.10376	65.00	
76.101927	65.00	
77.105268	65.00	
78.111293	65.00	
79.125254	65.00	
80.135227	65.00	
81.13595	65.00	
82.135263	65.00	
83.147257	65.00	
84.148255	65.00	
85.16133	65.00	
86.16133	65.00	
87.170306	65.00	
88.178323	65.00	
89.181288	65.00	
90.1956	65.00	
91.19653	65.00	
92.203213	65.00	
93.205468	65.00	
94.216423	65.00	
95.223285	65.00	
96.223661	65.00	
97.238769	65.00	
98.24224	65.00	
99.249796	65.00	
100.268054	65.00	
101.257289	65.00	
102.260235	65.00	
103.274256	65.00	
104.27426	65.00	
105.285218	65.00	
106.286288	65.00	
107.293157	65.00	
108.303285	65.00	
109.306231	65.00	
110.311194	65.00	
111.31815	65.00	
112.329482	65.00	
113.336309	65.00	
114.336409	65.00	
115.345305	65.00	
116.353231	65.00	
117.359298	65.00	
118.359536	65.00	
119.372247	65.00	
120.378285	65.00	
121.377669	65.00	
122.390386	65.00	
123.397263	65.00	
124.39918	65.00	
125.412306	65.00	
126.412203	65.00	
127.425268	65.00	
128.4315	65.00	
129.432237	65.00	
130.44522	65.00	
131.457256	65.00	
132.448088	65.00	
133.461216	65.00	
134.470299	65.00	
135.475285	65.00	
136.478243	65.00	
137.482373	65.00	
138.486414	65.00	
139.49325	65.00	
140.502189	65.00	
141.513186	65.00	
142.512327	65.00	
143.525243	65.00	
144.52621	65.00	
145.535247	65.00	
146.554006	65.00	
147.550321	65.00	
148.555223	65.00	
149.557186	65.00	
150.56324	65.00	
151.568303	65.00	
152.574208	65.00	
153.585283	65.00	
154.598286	65.00	
155.601288	65.00	
156.606238	65.00	
157.613284	65.00	
158.62044	65.00	
159.62339	65.00	
160.633256	65.00	
161.640201	65.00	
162.643175	65.00	
163.645179	65.00	
164.650271	65.00	
165.664243	65.00	
166.663319	65.00	
167.674627	65.00	
168.676262	65.00	
169.689184	65.00	
170.686376	65.00	
171.708088	65.00	
172.700722	65.00	
173.715299	65.00	
174.716178	65.00	
175.725259	65.00	
176.728145	65.00	
177.739309	65.00	
178.739686	65.00	
179.749555	65.00	
180.765062	65.00	
181.762017	65.00	
182.770185	65.00	
183.767941	65.00	
184.775238	65.00	
185.799509	65.00	
186.800149	65.00	
187.829253	65.00	
188.806218	65.00	
189.824685	65.00	
190.814679	65.00	
191.821549	65.00	
192.837656	65.00	
193.839281	65.00	
194.850481	65.00	
195.84921	65.00	
196.855306	65.00	
197.854388	65.00	
198.86717	65.00	
199.886347	65.00	
200.876298	65.00	
201.881374	65.00	
202.889294	65.00	
203.895779	65.00	
204.905395	65.00	
205.906323	65.00	
206.914349	65.00	
207.931177	65.00	
208.927703	65.00	
209.939219	65.00	
210.936079	65.00	
211.941878	65.00	
212.956399	65.00	
213.954271	65.00	
214.978165	65.00	
215.971189	65.00	
216.976487	65.00	
217.986191	65.00	
218.990147	65.00	
219.998141	65.00	
221.004359	65.00	
222.005212	65.00	
223.019176	65.00	
224.03352	65.00	
225.028408	65.00	
226.046371	65.00	
227.035431	65.00	
228.06144	65.00	
229.049433	65.00	
230.062472	65.00	
231.06315	65.00	
232.072189	65.00	
233.080125	65.00	
234.093938	65.00	
235.08727	65.00	
236.092343	65.00	
237.098782	65.00	
238.110319	65.00	
239.11003	65.00	
240.116258	65.00	
241.131285	65.00	
242.129967	65.00	
243.135429	65.00	
244.144191	65.00	
245.153249	65.00	
246.159184	65.00	
247.166169	65.00	
248.172198	65.00	
249.184634	65.00	
250.198456	65.00	
251.199406	65.00	
252.197294	65.00	
253.201246	65.00	
254.211253	65.00	
255.216327	65.00	
256.221223	65.00	
257.230254	65.00	
258.232529	65.00	
259.244425	65.00	
260.246201	65.00	
261.253377	65.00	
262.260331	65.00	
263.26617	65.00	
264.271301	65.00	
265.278186	65.00	
266.299725	65.00	
267.291389	65.00	
268.294229	65.00	
269.304267	65.00	
270.303341	65.00	
271.313144	65.00	
272.317239	65.00	
273.3302	65.00	
274.333261	65.00	
275.345042	65.00	
276.355374	65.00	
277.35021	65.00	
278.358428	65.00	
279.364953	65.00	
280.377206	65.00	
281.38669	65.00	
282.381452	65.00	
283.399142	65.00	
284.394052	65.00	
285.40491	65.00	
286.404175	65.00	
287.414285	65.00	
288.42463	65.00	
289.439127	65.00	
290.432423	65.00	
291.439307	65.00	
292.447276	65.00	
293.455305	65.00	
294.459251	65.00	
295.465258	65.00	
296.468478	65.00	
297.487457	65.00	
298.482268	65.00	
299.492258	65.00	
