0.661365	130.00	
1.672509	130.00	
2.6775	130.00	
3.682598	70.00	
4.682337	70.00	
5.692517	70.00	
6.700703	65.00	
7.702502	65.00	
8.703566	65.00	
9.711502	65.00	
10.711739	65.00	
11.727056	65.00	
12.722738	65.00	
13.732514	65.00	
14.732541	65.00	
15.740498	65.00	
16.74137	65.00	
17.75053	65.00	
18.763663	65.00	
19.762444	65.00	
20.762559	65.00	
21.773502	65.00	
22.770445	65.00	
23.782525	65.00	
24.78276	65.00	
25.792346	65.00	
26.79857	65.00	
27.802423	65.00	
28.804448	65.00	
29.811521	65.00	
30.811658	65.00	
31.831584	65.00	
32.818768	65.00	
33.824681	65.00	
34.831336	65.00	
35.838434	65.00	
36.842764	65.00	
37.852498	65.00	
38.851489	65.00	
39.861524	65.00	
40.860171	65.00	
41.866416	65.00	
42.871572	65.00	
43.882777	65.00	
44.880434	65.00	
45.890333	65.00	
46.893333	65.00	
47.90924	65.00	
48.914306	65.00	
49.912418	65.00	
50.911478	65.00	
51.922521	65.00	
52.922395	65.00	
53.931335	65.00	
54.932633	65.00	
55.938498	65.00	
56.950096	65.00	
57.944472	65.00	
58.953543	65.00	
59.95481	65.00	
60.972521	65.00	
61.972495	65.00	
62.971755	65.00	
63.985149	65.00	
64.9908	65.00	
65.991767	65.00	
67.003586	65.00	
67.997657	65.00	
69.004611	65.00	
70.011334	65.00	
71.018343	65.00	
72.022493	65.00	
73.02252	65.00	
74.034622	65.00	
75.033479	65.00	
76.051086	65.00	
77.041168	65.00	
78.062452	65.00	
79.05146	65.00	
80.059706	65.00	
81.060502	65.00	
82.076316	65.00	
83.072779	65.00	
84.087106	65.00	
85.083544	65.00	
86.089355	65.00	
87.091469	65.00	
88.095745	65.00	
89.107662	65.00	
90.109325	65.00	
91.111371	65.00	
92.117545	65.00	
93.131555	65.00	
94.134247	65.00	
95.130897	65.00	
96.148995	65.00	
97.141464	65.00	
98.14494	65.00	
99.156393	65.00	
100.167918	65.00	
101.164513	65.00	
102.169676	65.00	
103.171524	65.00	
104.182501	65.00	
105.187653	65.00	
106.188029	65.00	
107.203654	65.00	
108.196343	65.00	
109.204565	65.00	
110.21256	65.00	
111.212496	65.00	
112.231433	65.00	
113.236582	65.00	
114.229635	65.00	
115.231681	65.00	
116.255116	65.00	
117.243172	65.00	
118.265938	65.00	
119.251418	65.00	
120.25478	65.00	
121.262547	65.00	
122.265032	65.00	
123.273612	65.00	
124.276959	65.00	
125.280489	65.00	
126.309076	65.00	
127.293541	65.00	
128.299548	65.00	
129.303616	65.00	
130.305449	65.00	
131.313614	65.00	
132.315458	65.00	
133.323506	65.00	
134.330514	65.00	
135.333348	65.00	
136.337986	65.00	
137.366073	65.00	
138.351218	65.00	
139.354346	65.00	
140.366612	65.00	
141.363409	65.00	
142.372602	65.00	
143.373596	65.00	
144.37747	65.00	
145.381502	65.00	
146.392583	65.00	
147.389143	65.00	
148.394698	65.00	
149.402571	65.00	
150.405823	65.00	
151.411469	65.00	
152.424517	65.00	
153.442354	65.00	
154.436267	65.00	
155.431558	65.00	
156.442822	65.00	
157.4423	65.00	
158.44537	65.00	
159.459536	65.00	
160.461414	65.00	
161.47025	65.00	
162.473792	65.00	
163.473656	65.00	
164.480518	65.00	
165.483435	65.00	
166.493487	65.00	
167.493537	65.00	
168.498559	65.00	
169.500286	65.00	
170.515773	65.00	
171.528395	65.00	
172.520334	65.00	
173.522323	65.00	
174.543395	65.00	
175.532602	65.00	
176.540531	65.00	
177.542558	65.00	
178.551501	65.00	
179.551578	65.00	
180.554923	65.00	
181.563535	65.00	
182.572693	65.00	
183.584518	65.00	
184.57474	65.00	
185.583424	65.00	
186.59243	65.00	
187.592551	65.00	
188.605837	65.00	
189.603366	65.00	
190.607295	65.00	
191.612828	65.00	
192.618316	65.00	
193.627406	65.00	
194.630354	65.00	
195.63271	65.00	
196.638503	65.00	
197.643353	65.00	
198.650959	65.00	
199.64881	65.00	
200.654848	65.00	
201.667524	65.00	
202.664714	65.00	
203.687804	65.00	
204.673778	65.00	
205.682534	65.00	
206.688285	65.00	
207.694648	65.00	
208.69537	65.00	
209.699642	65.00	
210.703638	65.00	
211.712592	65.00	
212.720986	65.00	
213.722408	65.00	
214.728477	65.00	
215.732882	65.00	
216.742987	65.00	
217.745848	65.00	
218.765324	65.00	
219.750509	65.00	
220.759553	65.00	
221.777079	65.00	
222.785051	65.00	
223.770486	65.00	
224.782565	65.00	
225.784475	65.00	
226.789295	65.00	
227.789365	65.00	
228.795354	65.00	
229.801578	65.00	
230.804571	65.00	
231.812527	65.00	
232.812994	65.00	
233.825452	65.00	
234.824627	65.00	
235.844586	65.00	
236.839021	65.00	
237.844749	65.00	
238.84438	65.00	
239.852508	65.00	
240.85556	65.00	
241.863506	65.00	
242.863226	65.00	
243.8723	65.00	
244.88048	65.00	
245.884742	65.00	
246.890367	65.00	
247.887373	65.00	
248.892539	65.00	
249.905593	65.00	
250.911524	65.00	
251.915342	65.00	
252.926423	65.00	
253.923188	65.00	
254.92242	65.00	
255.9325	65.00	
256.939568	65.00	
257.943486	65.00	
258.949541	65.00	
259.957077	65.00	
260.955809	65.00	
261.957965	65.00	
262.971541	65.00	
263.968495	65.00	
264.973657	65.00	
265.978014	65.00	
266.985359	65.00	
267.993355	65.00	
268.993277	65.00	
269.998587	65.00	
271.003741	65.00	
272.015127	65.00	
273.020533	65.00	
274.020526	65.00	
275.03058	65.00	
276.040523	65.00	
277.032118	65.00	
278.05948	65.00	
279.042565	65.00	
280.049968	65.00	
281.051466	65.00	
282.061503	65.00	
283.065448	65.00	
284.069769	65.00	
285.079512	65.00	
286.084424	65.00	
287.088641	65.00	
288.098285	65.00	
289.092355	65.00	
290.113654	65.00	
291.103649	65.00	
292.122051	65.00	
293.111708	65.00	
294.122746	65.00	
295.12549	65.00	
296.132765	65.00	
297.131103	65.00	
298.142518	65.00	
299.155507	65.00	
300.147677	65.00	
