0.063042	446.00	
1.075129	1695.00	
2.070047	1695.00	
3.075138	1623.00	
4.076281	1623.00	
5.080967	1623.00	
6.097505	1458.00	
7.090124	1458.00	
8.102895	1458.00	
9.113988	1458.00	
10.120877	1458.00	
11.123162	1458.00	
12.137765	1458.00	
13.120869	1458.00	
14.1255	1458.00	
15.130246	1458.00	
16.139771	1458.00	
17.141312	1458.00	
18.153821	1458.00	
19.153066	1458.00	
20.161816	1458.00	
21.173036	1458.00	
22.165614	1458.00	
23.183738	1458.00	
24.182456	1375.00	
25.180324	1375.00	
26.19013	1375.00	
27.20624	1375.00	
28.210191	1375.00	
29.203826	1125.00	
30.205966	1125.00	
31.215892	1125.00	
32.219917	1125.00	
33.223951	1125.00	
34.225042	1125.00	
35.233136	1125.00	
36.242871	1125.00	
37.243193	1125.00	
38.246731	1125.00	
39.251054	1125.00	
40.254265	1125.00	
41.26078	1125.00	
42.2696	1125.00	
43.27033	1125.00	
44.282219	1125.00	
45.281964	1125.00	
46.293113	1125.00	
47.2902	1125.00	
48.298366	1125.00	
49.299726	1125.00	
50.30908	1125.00	
51.316946	1125.00	
52.315737	1125.00	
53.323737	1125.00	
54.33785	1125.00	
55.338019	1125.00	
56.335006	1125.00	
57.340752	1125.00	
58.351926	1125.00	
59.355038	1125.00	
60.359104	1125.00	
61.359107	1125.00	
62.363969	1125.00	
63.371232	1125.00	
64.379368	1125.00	
65.380773	1125.00	
66.385276	1125.00	
67.396595	1125.00	
68.394211	1125.00	
69.403848	1125.00	
70.41177	1125.00	
71.413006	1125.00	
72.414177	1125.00	
73.419921	1125.00	
74.437336	1125.00	
75.429504	1125.00	
76.440858	1125.00	
77.44091	1125.00	
78.445789	1125.00	
79.450319	1125.00	
80.478789	1125.00	
81.461749	1125.00	
82.464724	1125.00	
83.47189	1125.00	
84.474573	1125.00	
85.486827	1125.00	
86.497606	1125.00	
87.491566	1125.00	
88.49397	1125.00	
89.497893	1125.00	
90.502874	1125.00	
91.5139	1125.00	
92.520005	1125.00	
93.520001	1125.00	
94.525701	1125.00	
95.533484	1125.00	
96.551224	1125.00	
97.53941	1125.00	
98.549851	1125.00	
99.548459	1125.00	
100.557975	1125.00	
101.560107	1125.00	
102.570206	1125.00	
103.575963	1125.00	
104.590003	1125.00	
105.577884	1125.00	
106.596487	1125.00	
107.59657	1125.00	
108.595018	1125.00	
109.619791	1125.00	
110.605009	1125.00	
111.620912	1125.00	
112.614961	1125.00	
113.625796	1125.00	
114.6312	1125.00	
115.636877	1125.00	
116.648661	1125.00	
117.64002	1125.00	
118.644158	1125.00	
119.653849	1125.00	
120.663343	1125.00	
121.658912	1125.00	
122.669156	1125.00	
123.683076	1125.00	
124.673948	1125.00	
125.678312	1125.00	
126.684986	1125.00	
127.688829	1125.00	
128.6944	1125.00	
129.698975	1125.00	
130.70472	1125.00	
131.721992	1125.00	
132.725509	1125.00	
133.723852	1125.00	
134.72606	1125.00	
135.734799	1125.00	
136.735003	1125.00	
137.756212	1125.00	
138.748298	1125.00	
139.751702	1125.00	
140.759987	1125.00	
141.764969	1125.00	
142.770883	1125.00	
143.770152	1125.00	
144.779938	1125.00	
145.800327	1125.00	
146.787125	1125.00	
147.788934	1125.00	
148.796017	1125.00	
149.802	1125.00	
150.808898	1125.00	
151.811901	1125.00	
152.819032	1125.00	
153.818892	1125.00	
154.830136	1125.00	
155.847849	1125.00	
156.834845	1125.00	
157.850106	1125.00	
158.851146	1125.00	
159.858654	1125.00	
160.855129	1125.00	
161.868148	1125.00	
162.86368	1125.00	
163.874789	1125.00	
164.881214	1125.00	
165.888555	1125.00	
166.890277	1125.00	
167.895063	1125.00	
168.908516	1125.00	
169.905118	1125.00	
170.906806	1125.00	
171.921388	1125.00	
172.928541	1125.00	
173.923119	1125.00	
174.93491	1125.00	
175.933946	1125.00	
176.944113	1125.00	
177.941546	1125.00	
178.947879	1125.00	
179.954762	1125.00	
180.962836	1125.00	
181.96399	1125.00	
182.970968	1125.00	
183.977079	1125.00	
184.980983	1125.00	
185.984982	1125.00	
186.989027	1125.00	
187.993129	1125.00	
189.010262	1125.00	
190.014625	1125.00	
191.009984	1125.00	
192.011975	1125.00	
193.021884	1125.00	
194.031118	1125.00	
195.03208	1125.00	
196.034818	1125.00	
197.036275	1125.00	
198.041934	1125.00	
199.05113	1125.00	
200.052126	1125.00	
201.06303	1125.00	
202.067194	1125.00	
203.066874	1125.00	
204.078077	1125.00	
205.082059	1125.00	
206.085917	1125.00	
207.087918	1125.00	
208.105503	1125.00	
209.095228	1125.00	
210.112175	1125.00	
211.107049	1125.00	
212.112922	1125.00	
213.115968	1125.00	
214.122344	1125.00	
215.129356	1125.00	
216.131514	1125.00	
217.135266	1125.00	
218.145748	1125.00	
219.150397	1125.00	
220.154297	1125.00	
221.157829	1125.00	
222.160205	1125.00	
223.174363	1125.00	
224.173491	1125.00	
225.176006	1125.00	
226.185909	1125.00	
227.188681	1125.00	
228.208441	1125.00	
229.200883	1125.00	
230.205025	1125.00	
231.225427	1125.00	
232.212823	1125.00	
233.216962	1125.00	
234.226924	1125.00	
235.231957	1125.00	
236.231766	1125.00	
237.236654	1125.00	
238.245096	1125.00	
239.249844	1125.00	
240.251793	1125.00	
241.262815	1125.00	
242.261686	1125.00	
243.269957	1125.00	
244.28367	1125.00	
245.273396	1125.00	
246.285648	1125.00	
247.291107	1125.00	
248.305393	1125.00	
249.299434	1125.00	
250.306578	1125.00	
251.307963	1125.00	
252.317558	1125.00	
253.321881	1125.00	
254.325814	1125.00	
255.324259	1125.00	
256.33803	1125.00	
257.335266	1125.00	
258.343999	1125.00	
259.346779	1125.00	
260.349178	1125.00	
261.368052	1125.00	
262.366986	1125.00	
263.365014	1125.00	
264.376996	1125.00	
265.382075	1125.00	
266.384002	1125.00	
267.390876	1125.00	
268.392045	1125.00	
269.399861	1125.00	
270.411806	1125.00	
271.408819	1125.00	
272.417139	1125.00	
273.433763	1125.00	
274.421879	1125.00	
275.428727	1125.00	
276.433881	1125.00	
277.461272	1125.00	
278.441143	1125.00	
279.451759	1125.00	
280.45502	1125.00	
281.462038	1125.00	
282.466986	1125.00	
283.474524	1125.00	
284.470857	1125.00	
285.478867	1125.00	
286.484124	1125.00	
287.484507	1125.00	
288.490816	1125.00	
289.501138	1125.00	
290.50898	1125.00	
291.510021	1125.00	
292.516237	1125.00	
293.515996	1125.00	
294.527918	1125.00	
295.529946	1125.00	
296.530701	1125.00	
297.535871	1125.00	
298.544018	1125.00	
299.550153	1125.00	
