0.014001	150.00	
1.006729	1874.00	
2.00883	1874.00	
3.013761	1874.00	
4.022931	1874.00	
5.02672	1874.00	
6.033627	1874.00	
7.042732	1874.00	
8.046801	1874.00	
9.064419	1874.00	
10.056736	1874.00	
11.065658	1874.00	
12.064508	1874.00	
13.074668	1874.00	
14.074087	1874.00	
15.084617	1874.00	
16.093641	1874.00	
17.095865	1874.00	
18.10474	1874.00	
19.103099	1874.00	
20.111662	1874.00	
21.114629	1874.00	
22.126781	1874.00	
23.134726	1874.00	
24.13273	1874.00	
25.136575	1874.00	
26.142792	1874.00	
27.1497	1874.00	
28.160804	1874.00	
29.1659	1874.00	
30.180006	1874.00	
31.185207	1874.00	
32.177692	1874.00	
33.183043	1874.00	
34.192894	1874.00	
35.1966	1874.00	
36.203696	1874.00	
37.212409	1874.00	
38.208059	1874.00	
39.212795	1874.00	
40.221678	1874.00	
41.225206	1874.00	
42.234681	1874.00	
43.236594	1874.00	
44.246869	1874.00	
45.24973	1874.00	
46.255975	1874.00	
47.261587	1874.00	
48.277937	1874.00	
49.281141	1874.00	
50.281956	1874.00	
51.283718	1874.00	
52.285524	1874.00	
53.294755	1874.00	
54.302724	1874.00	
55.303686	1874.00	
56.314718	1874.00	
57.314637	1874.00	
58.319722	1874.00	
59.324842	1874.00	
60.329583	1874.00	
61.334833	1874.00	
62.343739	1874.00	
63.353715	1874.00	
64.366142	1874.00	
65.365501	1874.00	
66.370717	1874.00	
67.374762	1874.00	
68.374163	1874.00	
69.379011	1874.00	
70.39271	1874.00	
71.389928	1874.00	
72.41191	1874.00	
73.407809	1874.00	
74.411391	1874.00	
75.415814	1874.00	
76.423395	1874.00	
77.425583	1874.00	
78.436766	1874.00	
79.434222	1874.00	
80.444776	1874.00	
81.445354	1874.00	
82.454759	1874.00	
83.456402	1874.00	
84.466125	1874.00	
85.467462	1874.00	
86.477618	1874.00	
87.485716	1874.00	
88.485839	1874.00	
89.502776	1874.00	
90.503728	1874.00	
91.503689	1874.00	
92.506967	1874.00	
93.516706	1874.00	
94.531786	1874.00	
95.539912	1874.00	
96.533601	1874.00	
97.535895	1874.00	
98.54566	1874.00	
99.544992	1874.00	
100.552716	1874.00	
101.584868	1874.00	
102.576425	1874.00	
103.570563	1874.00	
104.574814	1874.00	
105.590094	1874.00	
106.59067	1874.00	
107.591284	1874.00	
108.596723	1874.00	
109.623618	1874.00	
110.612645	1874.00	
111.612978	1874.00	
112.624684	1874.00	
113.627066	1874.00	
114.642437	1874.00	
115.639923	1874.00	
116.642753	1874.00	
117.644707	1874.00	
118.649801	1874.00	
119.658653	1874.00	
120.667717	1874.00	
121.674854	1874.00	
122.67368	1874.00	
123.684933	1874.00	
124.682971	1874.00	
125.69172	1874.00	
126.694468	1874.00	
127.699956	1874.00	
128.705067	1874.00	
129.71578	1874.00	
130.723877	1874.00	
131.729651	1874.00	
132.734708	1874.00	
133.744234	1874.00	
134.743876	1874.00	
135.747729	1874.00	
136.750435	1874.00	
137.763728	1874.00	
138.769706	1874.00	
139.772812	1874.00	
140.774692	1874.00	
141.791161	1874.00	
142.783945	1874.00	
143.796866	1874.00	
144.793929	1874.00	
145.807826	1874.00	
146.804809	1874.00	
147.813679	1874.00	
148.8167	1874.00	
149.826716	1874.00	
150.826738	1874.00	
151.833738	1874.00	
152.840748	1874.00	
153.848644	1874.00	
154.865853	1874.00	
155.854622	1874.00	
156.862911	1874.00	
157.875807	1874.00	
158.87274	1874.00	
159.878634	1874.00	
160.882649	1874.00	
161.892733	1874.00	
162.89379	1874.00	
163.905934	1874.00	
164.905094	1874.00	
165.916768	1874.00	
166.915642	1874.00	
167.929132	1874.00	
168.932823	1874.00	
169.934625	1874.00	
170.936558	1874.00	
171.947683	1874.00	
172.953886	1874.00	
173.95377	1874.00	
174.965808	1874.00	
175.986902	1874.00	
176.972638	1874.00	
177.976209	1874.00	
178.993379	1874.00	
179.993807	1874.00	
180.994821	1874.00	
182.002796	1874.00	
183.004726	1874.00	
184.009727	1874.00	
185.016683	1874.00	
186.036362	1874.00	
187.027428	1874.00	
188.03253	1874.00	
189.043653	1874.00	
190.042277	1874.00	
191.054734	1874.00	
192.05276	1874.00	
193.073243	1874.00	
194.065998	1874.00	
195.072653	1874.00	
196.075548	1874.00	
197.081691	1874.00	
198.093005	1874.00	
199.092594	1874.00	
200.102644	1874.00	
201.106744	1874.00	
202.114776	1874.00	
203.1147	1874.00	
204.126753	1874.00	
205.133693	1874.00	
206.13974	1874.00	
207.143669	1874.00	
208.149775	1874.00	
209.154664	1874.00	
210.155841	1874.00	
211.16472	1874.00	
212.170713	1874.00	
213.174646	1874.00	
214.182982	1874.00	
215.197312	1874.00	
216.19471	1874.00	
217.195911	1874.00	
218.198129	1874.00	
219.203966	1874.00	
220.215812	1874.00	
221.218664	1874.00	
222.223775	1874.00	
223.224357	1874.00	
224.233626	1874.00	
225.243612	1874.00	
226.244721	1874.00	
227.256904	1874.00	
228.259693	1874.00	
229.272256	1874.00	
230.263668	1874.00	
231.274816	1874.00	
232.284236	1874.00	
233.286722	1874.00	
234.293794	1874.00	
235.295963	1874.00	
236.297841	1874.00	
237.304647	1874.00	
238.309188	1874.00	
239.314009	1874.00	
240.322681	1874.00	
241.329775	1874.00	
242.332812	1874.00	
243.3448	1874.00	
244.341163	1874.00	
245.354781	1874.00	
246.359717	1874.00	
247.36562	1874.00	
248.363682	1874.00	
249.374763	1874.00	
250.386233	1874.00	
251.385209	1874.00	
252.404224	1874.00	
253.393841	1874.00	
254.408645	1874.00	
255.403684	1874.00	
256.414685	1874.00	
257.414678	1874.00	
258.426671	1874.00	
259.424663	1874.00	
260.434728	1874.00	
261.444065	1874.00	
262.442804	1874.00	
263.454666	1874.00	
264.452908	1874.00	
265.463805	1874.00	
266.464746	1874.00	
267.473695	1874.00	
268.475634	1874.00	
269.484847	1874.00	
270.485064	1874.00	
271.503516	1874.00	
272.503674	1874.00	
273.506921	1874.00	
274.512692	1874.00	
275.514887	1874.00	
276.520653	1874.00	
277.534906	1874.00	
278.536702	1874.00	
279.539696	1874.00	
280.544714	1874.00	
281.546733	1874.00	
282.553615	1874.00	
283.572694	1874.00	
284.562594	1874.00	
285.585678	1874.00	
286.574701	1874.00	
287.594383	1874.00	
288.58481	1874.00	
289.604915	1874.00	
290.596899	1874.00	
291.605878	1874.00	
292.608631	1874.00	
293.619741	1874.00	
294.623734	1874.00	
295.629883	1874.00	
296.633917	1874.00	
297.640116	1874.00	
298.643738	1874.00	
299.652837	1874.00	
