0.658722	225.00	
1.665837	225.00	
2.665783	70.00	
3.676876	65.00	
4.673809	65.00	
5.685031	65.00	
6.690789	65.00	
7.694975	65.00	
8.709278	65.00	
9.703996	65.00	
10.713332	65.00	
11.712877	65.00	
12.716459	65.00	
13.72286	65.00	
14.735448	65.00	
15.73008	65.00	
16.742998	65.00	
17.743743	65.00	
18.744777	65.00	
19.762319	65.00	
20.754142	65.00	
21.765997	65.00	
22.785586	65.00	
23.775884	65.00	
24.778634	65.00	
25.782866	65.00	
26.78413	65.00	
27.795965	65.00	
28.796958	65.00	
29.805055	65.00	
30.812743	65.00	
31.814984	65.00	
32.826471	65.00	
33.827191	65.00	
34.83783	65.00	
35.839912	65.00	
36.843874	65.00	
37.853738	65.00	
38.850847	65.00	
39.850101	65.00	
40.864955	65.00	
41.875202	65.00	
42.865663	65.00	
43.877981	65.00	
44.876789	65.00	
45.884818	65.00	
46.889833	65.00	
47.89871	65.00	
48.896072	65.00	
49.903976	65.00	
50.923796	65.00	
51.916769	65.00	
52.937272	65.00	
53.925901	65.00	
54.933051	65.00	
55.93285	65.00	
56.947203	65.00	
57.944033	65.00	
58.944093	65.00	
59.957662	65.00	
60.964933	65.00	
61.962526	65.00	
62.976357	65.00	
63.972605	65.00	
64.975876	65.00	
65.986042	65.00	
66.984864	65.00	
68.007658	65.00	
68.995908	65.00	
70.005801	65.00	
71.012546	65.00	
72.012772	65.00	
73.019924	65.00	
74.037939	65.00	
75.024086	65.00	
76.036966	65.00	
77.033768	65.00	
78.044929	65.00	
79.058302	65.00	
80.048939	65.00	
81.055928	65.00	
82.064805	65.00	
83.072921	65.00	
84.071677	65.00	
85.077077	65.00	
86.087453	65.00	
87.083816	65.00	
88.133552	65.00	
89.094755	65.00	
90.099966	65.00	
91.105896	65.00	
92.114613	65.00	
93.113766	65.00	
94.137532	65.00	
95.126973	65.00	
96.136994	65.00	
97.135783	65.00	
98.147179	65.00	
99.143947	65.00	
100.163598	65.00	
101.153767	65.00	
102.16569	65.00	
103.165761	65.00	
104.172008	65.00	
105.174844	65.00	
106.184969	65.00	
107.185776	65.00	
108.194897	65.00	
109.1959	65.00	
110.20394	65.00	
111.212507	65.00	
112.214929	65.00	
113.215131	65.00	
114.226042	65.00	
115.240187	65.00	
116.236935	65.00	
117.242784	65.00	
118.244924	65.00	
119.258402	65.00	
120.254786	65.00	
121.257701	65.00	
122.276346	65.00	
123.270748	65.00	
124.276662	65.00	
125.281859	65.00	
126.284619	65.00	
127.293277	65.00	
128.293934	65.00	
129.296831	65.00	
130.304039	65.00	
131.310612	65.00	
132.316797	65.00	
133.323948	65.00	
134.327829	65.00	
135.335669	65.00	
136.33288	65.00	
137.34485	65.00	
138.346773	65.00	
139.349534	64.00	
140.361659	64.00	
141.360227	64.00	
142.366781	64.00	
143.366912	64.00	
144.373935	64.00	
145.377702	64.00	
146.383998	64.00	
147.390914	64.00	
148.399217	64.00	
149.403994	64.00	
150.416652	64.00	
151.410801	64.00	
152.428278	64.00	
153.428073	64.00	
154.423898	64.00	
155.432777	64.00	
156.436844	64.00	
157.442365	64.00	
158.444876	64.00	
159.449888	64.00	
160.458366	64.00	
161.477806	64.00	
162.466994	64.00	
163.46695	64.00	
164.472994	64.00	
165.476318	64.00	
166.482991	64.00	
167.493027	64.00	
168.502731	64.00	
169.502376	64.00	
170.503405	64.00	
171.523242	64.00	
172.513886	64.00	
173.515474	64.00	
174.524942	64.00	
175.531946	64.00	
176.552455	64.00	
177.538086	64.00	
178.540747	64.00	
179.550944	64.00	
180.572049	64.00	
181.557988	64.00	
182.564892	64.00	
183.575416	64.00	
184.572731	64.00	
185.587869	64.00	
186.583076	64.00	
187.591146	64.00	
188.595764	64.00	
189.595543	64.00	
190.614905	64.00	
191.60683	64.00	
192.626752	64.00	
193.621154	64.00	
194.622191	64.00	
195.62649	64.00	
196.633807	64.00	
197.637147	64.00	
198.64409	64.00	
199.646831	64.00	
200.651802	64.00	
201.664438	64.00	
202.664579	64.00	
203.678003	64.00	
204.679791	64.00	
205.690714	64.00	
206.688719	64.00	
207.702961	64.00	
208.705522	64.00	
209.696795	64.00	
210.704903	64.00	
211.725165	64.00	
212.725575	64.00	
213.725839	64.00	
214.72371	64.00	
215.727063	64.00	
216.735996	64.00	
217.753454	64.00	
218.768425	64.00	
219.757548	64.00	
220.751798	64.00	
221.756108	64.00	
222.773443	64.00	
223.772971	64.00	
224.776784	64.00	
225.780793	64.00	
226.783903	64.00	
227.786956	64.00	
228.797067	64.00	
229.799922	64.00	
230.802889	64.00	
231.817186	64.00	
232.813619	64.00	
233.817001	64.00	
234.824984	64.00	
235.825833	64.00	
236.83722	64.00	
237.847323	64.00	
238.850606	64.00	
239.846976	64.00	
240.85698	64.00	
241.863687	64.00	
242.87041	64.00	
243.866307	64.00	
244.876761	64.00	
245.876733	64.00	
246.893347	64.00	
247.888943	64.00	
248.893723	64.00	
249.900779	64.00	
250.903805	64.00	
251.913278	64.00	
252.923065	64.00	
253.926778	64.00	
254.925562	64.00	
255.934081	64.00	
256.932838	64.00	
257.936625	64.00	
258.943745	64.00	
259.947886	64.00	
260.956872	64.00	
261.972436	64.00	
262.967195	64.00	
263.973842	64.00	
264.976994	64.00	
265.977701	64.00	
266.986773	64.00	
267.994464	64.00	
268.996876	64.00	
270.002896	64.00	
271.006703	64.00	
272.007983	64.00	
273.013855	64.00	
274.019836	64.00	
275.025786	64.00	
276.033919	64.00	
277.038046	64.00	
278.037173	64.00	
279.041818	64.00	
280.052847	64.00	
281.056895	64.00	
282.057609	64.00	
283.064798	64.00	
284.070862	64.00	
285.088892	64.00	
286.091082	64.00	
287.083836	64.00	
288.093953	64.00	
289.100156	64.00	
290.108145	64.00	
291.105951	64.00	
292.10694	64.00	
293.115988	64.00	
294.132241	64.00	
295.122707	64.00	
296.133901	64.00	
297.137913	64.00	
298.14267	64.00	
299.150863	64.00	
300.14777	64.00	
