0.658094	234.00	
1.659367	234.00	
2.663303	233.00	
3.68407	233.00	
4.675394	220.00	
5.676708	220.00	
6.687271	93.00	
7.694431	70.00	
8.708362	70.00	
9.702655	70.00	
10.706956	70.00	
11.712239	70.00	
12.71943	70.00	
13.716714	65.00	
14.724414	65.00	
15.726335	65.00	
16.735024	65.00	
17.745455	65.00	
18.747407	65.00	
19.752249	65.00	
20.7565	65.00	
21.758465	65.00	
22.780479	65.00	
23.769401	65.00	
24.771208	65.00	
25.783473	65.00	
26.782432	65.00	
27.788246	65.00	
28.792291	65.00	
29.81982	65.00	
30.809666	65.00	
31.806058	65.00	
32.817403	65.00	
33.818421	65.00	
34.828828	65.00	
35.832701	65.00	
36.839268	65.00	
37.859384	65.00	
38.842506	65.00	
39.857676	65.00	
40.853293	65.00	
41.860178	65.00	
42.873269	65.00	
43.877077	65.00	
44.883841	65.00	
45.880921	65.00	
46.884514	65.00	
47.8943	65.00	
48.898417	65.00	
49.898599	65.00	
50.90667	65.00	
51.906411	65.00	
52.914557	65.00	
53.918345	65.00	
54.921137	65.00	
55.926223	65.00	
56.940111	65.00	
57.939536	65.00	
58.945474	65.00	
59.947479	65.00	
60.956058	65.00	
61.956458	65.00	
62.966265	65.00	
63.968566	65.00	
64.976096	65.00	
65.978089	65.00	
66.98664	65.00	
67.98913	65.00	
68.997496	65.00	
70.005378	65.00	
71.004252	65.00	
72.007715	65.00	
73.019838	65.00	
74.018497	65.00	
75.027163	65.00	
76.034647	65.00	
77.036047	65.00	
78.052696	65.00	
79.047269	65.00	
80.054057	65.00	
81.060467	65.00	
82.059486	65.00	
83.067516	65.00	
84.082245	65.00	
85.073772	65.00	
86.083335	65.00	
87.084093	65.00	
88.087337	65.00	
89.097534	65.00	
90.102773	65.00	
91.109337	65.00	
92.109426	65.00	
93.113596	65.00	
94.117494	65.00	
95.131811	65.00	
96.129365	65.00	
97.13461	20.00	
98.142608	20.00	
99.149458	20.00	
100.15037	20.00	
101.159615	20.00	
102.161124	20.00	
103.169427	20.00	
104.175246	20.00	
105.177334	20.00	
106.18482	20.00	
107.187418	20.00	
108.189241	20.00	
109.202426	20.00	
110.202772	20.00	
111.218051	20.00	
112.221964	20.00	
113.217916	20.00	
114.22241	20.00	
115.23143	20.00	
116.244482	20.00	
117.232672	20.00	
118.241414	20.00	
119.245496	20.00	
120.249158	20.00	
121.26235	20.00	
122.272388	20.00	
123.264558	20.00	
124.276349	20.00	
125.273903	20.00	
126.288354	20.00	
127.297988	20.00	
128.291937	20.00	
129.310529	20.00	
130.310377	20.00	
131.315164	20.00	
132.314458	20.00	
133.318427	20.00	
134.337419	20.00	
135.327398	20.00	
136.335912	20.00	
137.338281	20.00	
138.347091	20.00	
139.347518	20.00	
140.357931	20.00	
141.355539	20.00	
142.358108	20.00	
143.366454	20.00	
144.375461	20.00	
145.385405	20.00	
146.387378	20.00	
147.400045	20.00	
148.395493	20.00	
149.396353	20.00	
150.405747	20.00	
151.407356	20.00	
152.41142	20.00	
153.413273	20.00	
154.439449	20.00	
155.430518	20.00	
156.431309	20.00	
157.434304	20.00	
158.444593	20.00	
159.446481	20.00	
160.45345	20.00	
161.453513	20.00	
162.458949	20.00	
163.470557	20.00	
164.469395	20.00	
165.473043	20.00	
166.484423	20.00	
167.49046	20.00	
168.494688	20.00	
169.515281	20.00	
170.49846	20.00	
171.510403	20.00	
172.516502	20.00	
173.513712	20.00	
174.517433	20.00	
175.530025	20.00	
176.535831	20.00	
177.53455	20.00	
178.540283	20.00	
179.550278	20.00	
180.552436	20.00	
181.556696	20.00	
182.581229	20.00	
183.576352	20.00	
184.591091	20.00	
185.577273	20.00	
186.580328	20.00	
187.590061	20.00	
188.595514	20.00	
189.601642	20.00	
190.604475	20.00	
191.602928	20.00	
192.61469	20.00	
193.63031	20.00	
194.621192	20.00	
195.63435	20.00	
196.632367	20.00	
197.639456	20.00	
198.643388	20.00	
199.644593	20.00	
200.64913	20.00	
201.662449	20.00	
202.659404	20.00	
203.666474	20.00	
204.676447	20.00	
205.6783	20.00	
206.679105	20.00	
207.695805	20.00	
208.69531	20.00	
209.698422	20.00	
210.700043	20.00	
211.705179	20.00	
212.708728	20.00	
213.716635	20.00	
214.722209	20.00	
215.733412	20.00	
216.729523	20.00	
217.736465	20.00	
218.73953	20.00	
219.745731	20.00	
220.76	20.00	
221.769951	20.00	
222.766471	20.00	
223.778219	20.00	
224.775454	20.00	
225.779425	20.00	
226.805413	20.00	
227.786402	20.00	
228.795873	20.00	
229.802729	20.00	
230.810363	20.00	
231.804287	20.00	
232.808441	20.00	
233.823162	20.00	
234.826718	20.00	
235.824338	20.00	
236.833796	20.00	
237.837587	20.00	
238.846459	20.00	
239.843849	20.00	
240.848416	20.00	
241.861283	20.00	
242.86164	20.00	
243.885743	20.00	
244.875628	20.00	
245.875442	20.00	
246.893583	20.00	
247.889239	20.00	
248.892362	20.00	
249.894721	20.00	
250.907413	20.00	
251.903354	20.00	
252.908382	20.00	
253.914467	20.00	
254.923785	20.00	
255.931351	20.00	
256.93356	20.00	
257.933499	20.00	
258.949115	20.00	
259.954458	20.00	
260.972159	20.00	
261.956897	20.00	
262.976781	20.00	
263.962627	20.00	
264.98143	20.00	
265.974319	20.00	
266.97898	20.00	
268.001536	20.00	
268.992405	20.00	
269.997637	20.00	
271.000463	20.00	
272.01581	20.00	
273.006401	20.00	
274.012887	20.00	
275.030207	20.00	
276.024473	20.00	
277.030457	20.00	
278.04151	20.00	
279.043475	20.00	
280.045355	20.00	
281.046631	20.00	
282.060425	20.00	
283.064867	20.00	
284.081443	20.00	
285.067464	20.00	
286.077476	20.00	
287.078518	20.00	
288.087333	20.00	
289.090253	20.00	
290.098738	20.00	
291.104646	20.00	
292.10812	20.00	
293.109191	20.00	
294.131468	20.00	
295.117637	20.00	
296.124557	20.00	
297.12768	20.00	
298.133486	20.00	
299.145541	20.00	
300.143173	20.00	
