0.917789	1658.00	
1.91979	1658.00	
2.927835	1654.00	
3.930784	1654.00	
4.934776	1654.00	
5.937807	1654.00	
6.959858	1654.00	
7.946723	1654.00	
8.955002	1654.00	
9.958696	1654.00	
10.965754	1654.00	
11.970748	1654.00	
12.983821	1654.00	
13.983926	1654.00	
14.981719	1654.00	
15.99076	1654.00	
16.995842	1654.00	
17.995523	1654.00	
19.001904	1654.00	
20.009852	1654.00	
21.017896	1654.00	
22.018806	1654.00	
23.025915	1654.00	
24.028811	1654.00	
25.037768	1654.00	
26.039804	1654.00	
27.052149	1654.00	
28.049801	1654.00	
29.054713	1654.00	
30.059724	1654.00	
31.060939	1654.00	
32.076665	1654.00	
33.076782	1654.00	
34.080949	1654.00	
35.081213	1654.00	
36.099564	1654.00	
37.094803	1654.00	
38.101793	1654.00	
39.106937	1654.00	
40.111821	1654.00	
41.122273	1654.00	
42.119812	1654.00	
43.127778	1654.00	
44.12984	1654.00	
45.133779	1654.00	
46.140724	1654.00	
47.142743	1654.00	
48.153403	1654.00	
49.162641	1654.00	
50.158964	1654.00	
51.16881	1654.00	
52.168777	1654.00	
53.178078	1654.00	
54.194117	1654.00	
55.201914	1654.00	
56.187776	1654.00	
57.197722	1654.00	
58.198755	1654.00	
59.208849	1654.00	
60.209837	1654.00	
61.217815	1654.00	
62.222169	1654.00	
63.227785	1654.00	
64.227858	1654.00	
65.236841	1654.00	
66.240963	1654.00	
67.246245	1654.00	
68.262035	1654.00	
69.257781	1654.00	
70.258786	1654.00	
71.268375	1654.00	
72.270792	1654.00	
73.271813	1654.00	
74.279812	1654.00	
75.280828	1654.00	
76.287909	1654.00	
77.297798	1654.00	
78.298843	1654.00	
79.299694	1654.00	
80.308841	1654.00	
81.30885	1654.00	
82.317808	1654.00	
83.327823	1654.00	
84.32777	1654.00	
85.330746	1654.00	
86.339986	1654.00	
87.344297	1654.00	
88.358401	1654.00	
89.361713	1654.00	
90.360807	1654.00	
91.360803	1654.00	
92.369762	1654.00	
93.3708	1654.00	
94.376785	1654.00	
95.380769	1654.00	
96.403285	1654.00	
97.388381	1654.00	
98.393229	1654.00	
99.407897	1654.00	
100.407818	1654.00	
101.415846	1654.00	
102.419909	1654.00	
103.418948	1654.00	
104.430784	1654.00	
105.451544	1654.00	
106.439841	1654.00	
107.438819	1654.00	
108.450826	1654.00	
109.448804	1654.00	
110.45879	1654.00	
111.458956	1654.00	
112.471357	1654.00	
113.468056	1654.00	
114.49447	1654.00	
115.479896	1654.00	
116.490135	1654.00	
117.492771	1654.00	
118.49787	1654.00	
119.498318	1654.00	
120.510821	1654.00	
121.521868	1654.00	
122.517825	1654.00	
123.518704	1654.00	
124.530044	1654.00	
125.528346	1654.00	
126.539735	1654.00	
127.53871	1654.00	
128.547768	1654.00	
129.552163	1654.00	
130.570524	1654.00	
131.561818	1654.00	
132.569744	1654.00	
133.569751	1654.00	
134.579873	1654.00	
135.585768	1654.00	
136.589989	1654.00	
137.58987	1654.00	
138.599735	1654.00	
139.605887	1654.00	
140.607838	1654.00	
141.611864	1654.00	
142.630319	1654.00	
143.617857	1654.00	
144.629816	1654.00	
145.628883	1654.00	
146.64691	1654.00	
147.640755	1654.00	
148.650086	1654.00	
149.647082	1654.00	
150.659789	1654.00	
151.657427	1654.00	
152.670926	1654.00	
153.67672	1654.00	
154.677785	1654.00	
155.679915	1654.00	
156.689877	1654.00	
157.68975	1654.00	
158.692531	1654.00	
159.700449	1654.00	
160.709821	1654.00	
161.709858	1654.00	
162.711883	1654.00	
163.718743	1654.00	
164.722938	1654.00	
165.727865	1654.00	
166.747425	1654.00	
167.739355	1654.00	
168.759793	1654.00	
169.747766	1654.00	
170.754179	1654.00	
171.760859	1654.00	
172.769722	1654.00	
173.777548	1654.00	
174.771545	1654.00	
175.777826	1654.00	
176.785944	1654.00	
177.790412	1654.00	
178.796141	1654.00	
179.804844	1654.00	
180.806886	1654.00	
181.809821	1654.00	
182.816806	1654.00	
183.81644	1654.00	
184.828866	1654.00	
185.829789	1654.00	
186.831803	1654.00	
187.837765	1654.00	
188.84588	1654.00	
189.84771	1654.00	
190.851826	1654.00	
191.859914	1654.00	
192.870603	1654.00	
193.868863	1654.00	
194.872048	1654.00	
195.878811	1654.00	
196.887839	1654.00	
197.889868	1654.00	
198.895787	1654.00	
199.899803	1654.00	
200.907936	1654.00	
201.907984	1654.00	
202.910264	1654.00	
203.916977	1654.00	
204.926551	1654.00	
205.929816	1654.00	
206.934832	1654.00	
207.939863	1654.00	
208.96454	1654.00	
209.950846	1654.00	
210.954846	1654.00	
211.959738	1654.00	
212.96783	1654.00	
213.967803	1654.00	
214.978818	1654.00	
215.980009	1654.00	
216.997954	1654.00	
217.99175	1654.00	
218.995841	1654.00	
220.000831	1654.00	
221.008766	1654.00	
222.009753	1654.00	
223.017822	1654.00	
224.020777	1654.00	
225.022006	1654.00	
226.026885	1654.00	
227.035865	1654.00	
228.036788	1654.00	
229.040268	1654.00	
230.048783	1654.00	
231.055797	1654.00	
232.058797	1654.00	
233.059728	1654.00	
234.069846	1654.00	
235.075726	1654.00	
236.07873	1654.00	
237.087941	1654.00	
238.088817	1654.00	
239.097805	1654.00	
240.099853	1654.00	
241.101801	1654.00	
242.109873	1654.00	
243.110898	1654.00	
244.119834	1654.00	
245.121834	1654.00	
246.129806	1654.00	
247.129846	1654.00	
248.137769	1654.00	
249.138944	1654.00	
250.147901	1654.00	
251.155684	1654.00	
252.158747	1654.00	
253.166776	1654.00	
254.16883	1654.00	
255.177685	1654.00	
256.177534	1654.00	
257.179265	1654.00	
258.197251	1654.00	
259.190948	1654.00	
260.21195	1654.00	
261.203318	1654.00	
262.205742	1654.00	
263.215828	1654.00	
264.219869	1654.00	
265.221787	1654.00	
266.242984	1654.00	
267.229895	1654.00	
268.237436	1654.00	
269.24575	1654.00	
270.260195	1654.00	
271.248847	1654.00	
272.272997	1654.00	
273.265888	1654.00	
274.271017	1654.00	
275.270801	1654.00	
276.278766	1654.00	
277.281921	1654.00	
278.288861	1654.00	
279.298583	1654.00	
280.299778	1654.00	
281.300765	1654.00	
282.308848	1654.00	
283.315901	1654.00	
284.318892	1654.00	
285.318861	1654.00	
286.324046	1654.00	
287.328307	1654.00	
288.338846	1654.00	
289.338337	1654.00	
290.34884	1654.00	
291.34742	1654.00	
292.359806	1654.00	
293.35973	1654.00	
294.367441	1654.00	
295.367478	1654.00	
296.372545	1654.00	
297.39326	1654.00	
298.38884	1654.00	
299.387947	1654.00	
