0.005659	65.00	
1.013344	1662.00	
2.010363	1643.00	
3.019003	1643.00	
4.022601	1617.00	
5.029778	1615.00	
6.034062	1600.00	
7.0407	1350.00	
8.058878	1350.00	
9.048673	710.00	
10.061765	490.00	
11.061818	490.00	
12.071213	490.00	
13.072771	490.00	
14.080488	490.00	
15.08072	490.00	
16.089692	490.00	
17.095592	490.00	
18.100726	490.00	
19.106865	490.00	
20.118554	490.00	
21.111694	490.00	
22.121695	490.00	
23.128878	490.00	
24.134904	490.00	
25.134573	490.00	
26.143597	490.00	
27.151761	490.00	
28.158734	490.00	
29.157812	490.00	
30.16125	490.00	
31.17173	490.00	
32.179568	490.00	
33.199713	490.00	
34.187885	490.00	
35.19169	490.00	
36.201644	490.00	
37.202794	490.00	
38.220456	490.00	
39.216131	490.00	
40.227846	490.00	
41.223753	490.00	
42.23284	490.00	
43.233932	490.00	
44.246781	490.00	
45.244467	490.00	
46.257806	490.00	
47.254906	490.00	
48.265687	490.00	
49.268709	490.00	
50.279653	490.00	
51.280975	490.00	
52.283795	490.00	
53.292037	490.00	
54.291764	490.00	
55.315646	490.00	
56.304867	490.00	
57.321896	490.00	
58.320731	490.00	
59.320723	490.00	
60.330892	490.00	
61.339415	490.00	
62.336643	490.00	
63.341367	490.00	
64.350917	490.00	
65.356715	490.00	
66.360693	490.00	
67.373926	490.00	
68.37276	490.00	
69.378722	490.00	
70.392433	490.00	
71.390859	490.00	
72.390898	490.00	
73.399882	490.00	
74.407631	490.00	
75.410778	490.00	
76.4119	490.00	
77.420048	490.00	
78.430853	490.00	
79.434	490.00	
80.434756	490.00	
81.44586	490.00	
82.443877	490.00	
83.449992	490.00	
84.460837	490.00	
85.459829	490.00	
86.465611	490.00	
87.471693	490.00	
88.481789	490.00	
89.484575	490.00	
90.491733	490.00	
91.498939	490.00	
92.499571	490.00	
93.509843	490.00	
94.51161	490.00	
95.523362	490.00	
96.525371	490.00	
97.531822	490.00	
98.534122	490.00	
99.538619	490.00	
100.540946	490.00	
101.548776	490.00	
102.553815	490.00	
103.558597	490.00	
104.562969	490.00	
105.568852	490.00	
106.584077	490.00	
107.578741	490.00	
108.583868	490.00	
109.589938	490.00	
110.59585	490.00	
111.600577	490.00	
112.610854	490.00	
113.611849	490.00	
114.620806	490.00	
115.627686	490.00	
116.629045	490.00	
117.639835	490.00	
118.644846	490.00	
119.645461	490.00	
120.655864	490.00	
121.659822	490.00	
122.659367	490.00	
123.681877	490.00	
124.677754	490.00	
125.682733	490.00	
126.685858	490.00	
127.692662	490.00	
128.698838	490.00	
129.698705	490.00	
130.710771	490.00	
131.715858	490.00	
132.719824	490.00	
133.721456	490.00	
134.730945	490.00	
135.738726	490.00	
136.740644	490.00	
137.744787	490.00	
138.752112	490.00	
139.75981	490.00	
140.760781	490.00	
141.771832	490.00	
142.77983	490.00	
143.79136	490.00	
144.785683	490.00	
145.787304	490.00	
146.813054	490.00	
147.80363	490.00	
148.804827	490.00	
149.810186	490.00	
150.815451	490.00	
151.826851	490.00	
152.833723	490.00	
153.837863	490.00	
154.844832	490.00	
155.84166	490.00	
156.851769	490.00	
157.853354	490.00	
158.865748	490.00	
159.872662	490.00	
160.87268	490.00	
161.883899	490.00	
162.883845	490.00	
163.894869	490.00	
164.914696	490.00	
165.902823	490.00	
166.904834	490.00	
167.91512	490.00	
168.919594	490.00	
169.918912	490.00	
170.929768	490.00	
171.937854	490.00	
172.943707	490.00	
173.958843	490.00	
174.961165	490.00	
175.959573	490.00	
176.967291	490.00	
177.967817	490.00	
178.968807	490.00	
179.979763	490.00	
180.98566	490.00	
181.99175	490.00	
182.991831	490.00	
184.004844	490.00	
185.008046	490.00	
186.01956	490.00	
187.029056	490.00	
188.033095	490.00	
189.026905	490.00	
190.029674	490.00	
191.03979	490.00	
192.050071	490.00	
193.051716	490.00	
194.059707	490.00	
195.058745	490.00	
196.06716	490.00	
197.074606	490.00	
198.090177	490.00	
199.092058	490.00	
200.107212	490.00	
201.087958	490.00	
202.096676	490.00	
203.113891	490.00	
204.115021	490.00	
205.110818	490.00	
206.112309	490.00	
207.118971	490.00	
208.128873	490.00	
209.136763	490.00	
210.142738	490.00	
211.140823	490.00	
212.152033	490.00	
213.164416	490.00	
214.157671	490.00	
215.16245	490.00	
216.170876	490.00	
217.180269	490.00	
218.178572	490.00	
219.189076	490.00	
220.191996	490.00	
221.20192	490.00	
222.200766	490.00	
223.206861	490.00	
224.212853	490.00	
225.217979	490.00	
226.231585	490.00	
227.229644	490.00	
228.241843	490.00	
229.239412	490.00	
230.24504	490.00	
231.256791	490.00	
232.257785	490.00	
233.264836	490.00	
234.277672	490.00	
235.289515	490.00	
236.281894	490.00	
237.286237	490.00	
238.29517	490.00	
239.307736	490.00	
240.31621	490.00	
241.324298	490.00	
242.312693	490.00	
243.316751	490.00	
244.321873	490.00	
245.326521	490.00	
246.337886	490.00	
247.340712	490.00	
248.350846	490.00	
249.349823	490.00	
250.361903	490.00	
251.359684	490.00	
252.373603	490.00	
253.378507	490.00	
254.399239	490.00	
255.393107	490.00	
256.392796	490.00	
257.398898	490.00	
258.401847	490.00	
259.401758	490.00	
260.405919	490.00	
261.412771	490.00	
262.423833	490.00	
263.426866	490.00	
264.431694	490.00	
265.442489	490.00	
266.450217	490.00	
267.463615	490.00	
268.452951	490.00	
269.460966	490.00	
270.461814	490.00	
271.471793	490.00	
272.489873	490.00	
273.484512	490.00	
274.505748	490.00	
275.499048	490.00	
276.498938	490.00	
277.505601	490.00	
278.511749	490.00	
279.512972	490.00	
280.529965	490.00	
281.521757	490.00	
282.525825	490.00	
283.535066	490.00	
284.54494	490.00	
285.549817	490.00	
286.552737	490.00	
287.565291	490.00	
288.563187	490.00	
289.570352	490.00	
290.570769	490.00	
291.582819	490.00	
292.584811	490.00	
293.586392	490.00	
294.592465	490.00	
295.599875	490.00	
296.611014	490.00	
297.609677	490.00	
298.620725	490.00	
299.619258	490.00	
