0.077191	1656.00	
1.069387	1050.00	
2.08315	1050.00	
3.081842	1050.00	
4.085236	1050.00	
5.091284	1050.00	
6.111787	1050.00	
7.115676	1050.00	
8.102187	1050.00	
9.103928	1050.00	
10.109327	1050.00	
11.118215	1050.00	
12.126989	1050.00	
13.128391	1050.00	
14.134379	1050.00	
15.139346	1050.00	
16.14129	1050.00	
17.151927	1050.00	
18.15125	1050.00	
19.161302	1050.00	
20.161316	1050.00	
21.169836	1050.00	
22.172249	1050.00	
23.17405	1050.00	
24.183179	1050.00	
25.183275	1050.00	
26.191237	1050.00	
27.199207	1050.00	
28.202194	1050.00	
29.204386	1050.00	
30.211386	1050.00	
31.214239	1050.00	
32.224216	1050.00	
33.223564	1050.00	
34.232453	1050.00	
35.233267	1050.00	
36.244353	1050.00	
37.243469	1050.00	
38.26852	1050.00	
39.256283	1050.00	
40.264313	1050.00	
41.263384	1050.00	
42.273471	1050.00	
43.272735	1050.00	
44.288613	1050.00	
45.284254	1050.00	
46.29145	1050.00	
47.29448	1050.00	
48.302301	1050.00	
49.303054	1050.00	
50.313317	1050.00	
51.321816	1050.00	
52.326759	1050.00	
53.323205	1050.00	
54.334218	1050.00	
55.349621	1050.00	
56.341307	1050.00	
57.342252	1050.00	
58.353284	1050.00	
59.360241	1050.00	
60.365346	1050.00	
61.363527	1050.00	
62.392801	1050.00	
63.376001	1050.00	
64.388321	1050.00	
65.384227	1050.00	
66.389419	1050.00	
67.393226	1050.00	
68.414472	1050.00	
69.409988	1050.00	
70.41167	1050.00	
71.414482	1050.00	
72.422277	1050.00	
73.431532	1050.00	
74.433278	1050.00	
75.432488	1050.00	
76.440267	1050.00	
77.445375	1050.00	
78.449383	1050.00	
79.451939	1050.00	
80.464299	1050.00	
81.469301	1050.00	
82.469339	1050.00	
83.476305	1050.00	
84.484237	1050.00	
85.482387	1050.00	
86.495323	1050.00	
87.495453	1050.00	
88.512426	1050.00	
89.509378	1050.00	
90.512326	1050.00	
91.512233	1050.00	
92.521315	1050.00	
93.524253	1050.00	
94.531273	1050.00	
95.533392	1050.00	
96.539776	1050.00	
97.544309	1050.00	
98.563424	1050.00	
99.551465	1050.00	
100.559179	1050.00	
101.565373	1050.00	
102.574357	1050.00	
103.571206	1050.00	
104.584276	1050.00	
105.580898	1050.00	
106.591294	1050.00	
107.595715	1050.00	
108.60125	1050.00	
109.605565	1050.00	
110.606409	1050.00	
111.619259	1050.00	
112.623236	1050.00	
113.626884	1050.00	
114.63988	1050.00	
115.644878	1050.00	
116.641356	1050.00	
117.64154	1050.00	
118.646611	1050.00	
119.651258	1050.00	
120.656541	1050.00	
121.665233	1050.00	
122.673285	1050.00	
123.679048	1050.00	
124.686154	1050.00	
125.683292	1050.00	
126.692229	1050.00	
127.69234	1050.00	
128.698373	1050.00	
129.707988	1050.00	
130.706381	1050.00	
131.712313	1050.00	
132.718407	1050.00	
133.725336	1050.00	
134.732412	1050.00	
135.732338	1050.00	
136.742247	1050.00	
137.754984	1050.00	
138.753517	1050.00	
139.760827	1050.00	
140.76244	1050.00	
141.76327	1050.00	
142.773345	1050.00	
143.77224	1050.00	
144.780325	1050.00	
145.782287	1050.00	
146.791211	1050.00	
147.793385	1050.00	
148.807794	1050.00	
149.802391	1050.00	
150.815102	1050.00	
151.815286	1050.00	
152.820149	1050.00	
153.821504	1050.00	
154.842747	1050.00	
155.835338	1050.00	
156.840375	1050.00	
157.844444	1050.00	
158.844719	1050.00	
159.849839	1050.00	
160.861404	1050.00	
161.861749	1050.00	
162.871236	1050.00	
163.873254	1050.00	
164.875095	1050.00	
165.884299	1050.00	
166.885332	1050.00	
167.890305	1050.00	
168.908937	1050.00	
169.904378	1050.00	
170.904275	1050.00	
171.915487	1050.00	
172.92162	1050.00	
173.935512	1050.00	
174.931256	1050.00	
175.934292	1050.00	
176.941638	1050.00	
177.943425	1050.00	
178.951179	1050.00	
179.957678	1050.00	
180.971828	1050.00	
181.962499	1050.00	
182.963763	1050.00	
183.971532	1050.00	
184.981413	1050.00	
185.984393	1050.00	
186.983871	1050.00	
187.994294	1050.00	
189.001349	1050.00	
190.004217	1050.00	
191.010244	1050.00	
192.011218	1050.00	
193.020243	1050.00	
194.025222	1050.00	
195.031231	1050.00	
196.031363	1050.00	
197.04131	1050.00	
198.042193	1050.00	
199.043782	1050.00	
200.051429	1050.00	
201.061288	1050.00	
202.069712	1050.00	
203.064229	1050.00	
204.073308	1050.00	
205.072501	1050.00	
206.083344	1050.00	
207.08359	1050.00	
208.093286	1050.00	
209.093379	1050.00	
210.102252	1050.00	
211.103285	1050.00	
212.112271	1050.00	
213.116279	1050.00	
214.125324	1050.00	
215.122863	1050.00	
216.134265	1050.00	
217.135331	1050.00	
218.144228	1050.00	
219.149333	1050.00	
220.15346	1050.00	
221.152073	1050.00	
222.158342	1050.00	
223.172134	1050.00	
224.174264	1050.00	
225.17347	1050.00	
226.182341	1050.00	
227.184207	1050.00	
228.196427	1050.00	
229.193355	1050.00	
230.202374	1050.00	
231.20527	1050.00	
232.212346	1050.00	
233.214454	1050.00	
234.22029	1050.00	
235.224252	1050.00	
236.234291	1050.00	
237.234342	1050.00	
238.241217	1050.00	
239.244304	1050.00	
240.253288	1050.00	
241.253414	1050.00	
242.2643	1050.00	
243.264436	1050.00	
244.271282	1050.00	
245.27149	1050.00	
246.280246	1050.00	
247.287292	1050.00	
248.291307	1050.00	
249.293258	1050.00	
250.304253	1050.00	
251.319016	1050.00	
252.306231	1050.00	
253.315425	1050.00	
254.333328	1050.00	
255.32533	1050.00	
256.332357	1050.00	
257.332427	1050.00	
258.342301	1050.00	
259.348404	1050.00	
260.352187	1050.00	
261.354236	1050.00	
262.361981	1050.00	
263.363638	1050.00	
264.367173	1050.00	
265.372587	1050.00	
266.383027	1050.00	
267.386317	1050.00	
268.402659	1050.00	
269.408575	1050.00	
270.40066	1050.00	
271.405299	1050.00	
272.406262	1050.00	
273.420396	1050.00	
274.417895	1050.00	
275.422987	1050.00	
276.443387	1050.00	
277.432383	1050.00	
278.441303	1050.00	
279.441184	1050.00	
280.451251	1050.00	
281.455225	1050.00	
282.47242	1050.00	
283.465358	1050.00	
284.470458	1050.00	
285.47431	1050.00	
286.484314	1050.00	
287.482303	1050.00	
288.491235	1050.00	
289.492943	1050.00	
290.496086	1050.00	
291.508845	1050.00	
292.521801	1050.00	
293.511383	1050.00	
294.516331	1050.00	
295.523202	1050.00	
296.533349	1050.00	
297.530778	1050.00	
298.552585	1050.00	
299.545354	1050.00	
