0.990188	1911.00	
1.990144	1812.00	
2.995564	1812.00	
4.002183	1656.00	
5.026437	1656.00	
6.014095	1656.00	
7.019224	1656.00	
8.021548	1656.00	
9.032119	1656.00	
10.038154	1656.00	
11.041729	1656.00	
12.043174	1656.00	
13.045331	1656.00	
14.059253	1656.00	
15.05818	1656.00	
16.074431	1656.00	
17.073174	1656.00	
18.072099	1656.00	
19.075046	1656.00	
20.083368	1656.00	
21.093098	1656.00	
22.089894	1656.00	
23.101146	1656.00	
24.105209	1656.00	
25.106159	1656.00	
26.120678	1656.00	
27.122088	1656.00	
28.123056	1656.00	
29.1251	1656.00	
30.13303	1656.00	
31.136184	1656.00	
32.156044	1656.00	
33.148181	1656.00	
34.153595	1656.00	
35.159103	1656.00	
36.160768	1656.00	
37.170186	1656.00	
38.182689	1656.00	
39.180131	1656.00	
40.193294	1656.00	
41.185192	1656.00	
42.196135	1656.00	
43.196125	1656.00	
44.226251	1656.00	
45.20918	1656.00	
46.209781	1656.00	
47.22924	1656.00	
48.230575	1656.00	
49.237437	1656.00	
50.229126	1656.00	
51.239152	1656.00	
52.246099	1656.00	
53.251091	1656.00	
54.251088	1652.00	
55.254267	1652.00	
56.271344	1652.00	
57.28126	1652.00	
58.277144	1652.00	
59.280308	525.00	
60.282203	525.00	
61.28356	525.00	
62.295172	525.00	
63.30961	525.00	
64.300198	525.00	
65.306122	525.00	
66.309108	525.00	
67.313383	525.00	
68.323105	525.00	
69.327037	525.00	
70.336138	525.00	
71.33509	525.00	
72.346128	525.00	
73.35558	525.00	
74.350187	525.00	
75.366424	525.00	
76.376484	525.00	
77.371121	525.00	
78.380677	525.00	
79.378551	525.00	
80.381223	525.00	
81.390639	525.00	
82.388145	525.00	
83.400159	525.00	
84.403228	525.00	
85.420506	525.00	
86.411416	525.00	
87.412332	525.00	
88.420224	525.00	
89.426721	525.00	
90.43508	525.00	
91.434276	525.00	
92.444115	525.00	
93.447904	525.00	
94.464159	525.00	
95.455182	525.00	
96.462025	525.00	
97.473127	525.00	
98.46952	525.00	
99.485016	525.00	
100.483556	525.00	
101.489286	525.00	
102.495429	525.00	
103.493246	525.00	
104.508607	525.00	
105.509339	525.00	
106.513294	525.00	
107.521488	525.00	
108.524241	525.00	
109.523532	525.00	
110.534078	525.00	
111.538696	525.00	
112.547159	525.00	
113.54534	525.00	
114.550103	525.00	
115.561132	525.00	
116.561221	525.00	
117.566272	525.00	
118.575232	525.00	
119.574263	525.00	
120.577641	525.00	
121.59137	525.00	
122.598829	525.00	
123.593653	525.00	
124.598906	525.00	
125.618136	525.00	
126.615402	525.00	
127.615037	525.00	
128.626849	525.00	
129.626243	525.00	
130.630077	525.00	
131.632835	525.00	
132.641192	525.00	
133.645291	525.00	
134.655432	525.00	
135.657048	525.00	
136.662067	525.00	
137.664599	525.00	
138.670342	525.00	
139.67544	525.00	
140.68223	525.00	
141.685114	525.00	
142.687508	525.00	
143.695015	525.00	
144.698365	525.00	
145.709348	525.00	
146.711221	525.00	
147.719639	525.00	
148.72124	525.00	
149.72414	525.00	
150.731325	525.00	
151.7393	525.00	
152.74323	525.00	
153.748111	525.00	
154.752309	525.00	
155.753355	525.00	
156.784581	525.00	
157.769009	525.00	
158.795249	525.00	
159.781059	525.00	
160.811187	525.00	
161.786229	525.00	
162.797841	525.00	
163.797214	525.00	
164.801526	525.00	
165.815944	525.00	
166.812281	525.00	
167.817242	525.00	
168.822993	525.00	
169.824152	525.00	
170.839258	525.00	
171.833121	525.00	
172.839449	525.00	
173.843081	525.00	
174.847239	525.00	
175.851622	525.00	
176.862668	525.00	
177.874469	525.00	
178.866484	525.00	
179.873917	525.00	
180.878233	525.00	
181.887543	525.00	
182.88706	525.00	
183.898242	525.00	
184.901559	525.00	
185.901253	525.00	
186.90809	525.00	
187.91822	525.00	
188.925227	525.00	
189.924325	525.00	
190.933451	525.00	
191.93929	525.00	
192.944152	525.00	
193.950347	525.00	
194.95148	525.00	
195.952639	525.00	
196.966295	525.00	
197.961411	525.00	
198.971099	525.00	
199.985537	525.00	
200.981165	525.00	
201.994644	525.00	
202.987088	525.00	
203.998446	525.00	
205.013606	525.00	
206.00405	525.00	
207.029625	525.00	
208.0163	525.00	
209.023306	525.00	
210.026245	525.00	
211.034139	525.00	
212.03421	525.00	
213.040866	525.00	
214.058295	525.00	
215.049771	525.00	
216.05329	525.00	
217.056213	525.00	
218.079854	525.00	
219.06713	525.00	
220.072599	525.00	
221.079187	525.00	
222.082781	525.00	
223.089243	525.00	
224.105442	525.00	
225.101384	525.00	
226.108015	525.00	
227.109416	525.00	
228.11208	525.00	
229.116171	525.00	
230.121343	525.00	
231.146882	525.00	
232.132118	525.00	
233.137283	525.00	
234.143774	525.00	
235.150029	525.00	
236.154262	525.00	
237.162008	525.00	
238.182011	525.00	
239.171329	525.00	
240.174246	525.00	
241.187275	525.00	
242.18664	525.00	
243.18359	525.00	
244.196113	525.00	
245.195259	525.00	
246.209304	525.00	
247.214904	525.00	
248.211166	525.00	
249.221349	525.00	
250.224429	525.00	
251.22921	525.00	
252.23369	525.00	
253.239423	525.00	
254.243503	525.00	
255.245418	525.00	
256.265196	525.00	
257.254982	525.00	
258.288718	525.00	
259.271244	525.00	
260.280051	525.00	
261.294161	525.00	
262.287084	525.00	
263.286197	525.00	
264.291066	525.00	
265.299197	525.00	
266.306358	525.00	
267.309216	525.00	
268.323402	525.00	
269.322311	525.00	
270.328247	525.00	
271.345887	525.00	
272.336258	525.00	
273.346557	525.00	
274.343331	525.00	
275.350442	525.00	
276.356345	525.00	
277.360831	525.00	
278.378263	525.00	
279.369352	525.00	
280.370446	525.00	
281.377416	525.00	
282.381329	525.00	
283.388153	525.00	
284.40826	525.00	
285.400961	525.00	
286.402749	525.00	
287.406199	525.00	
288.412403	525.00	
289.422607	525.00	
290.426207	525.00	
291.426133	525.00	
292.436686	525.00	
293.447964	525.00	
294.44225	525.00	
295.448714	525.00	
296.454172	525.00	
297.45845	525.00	
298.461385	525.00	
299.483907	525.00	
