0.032622	1110.00	
1.030803	1459.00	
2.041886	1459.00	
3.042931	1459.00	
4.049382	1459.00	
5.073081	1459.00	
6.076164	1459.00	
7.069805	1459.00	
8.074073	1459.00	
9.075038	1459.00	
10.088848	1459.00	
11.087056	1459.00	
12.092778	1459.00	
13.094007	1459.00	
14.09909	1459.00	
15.106629	1459.00	
16.110952	1459.00	
17.118076	1459.00	
18.122826	1459.00	
19.12941	1459.00	
20.139195	1459.00	
21.138728	1459.00	
22.160934	1406.00	
23.171228	1406.00	
24.159507	1406.00	
25.208634	1406.00	
26.166537	1406.00	
27.170618	1406.00	
28.176084	1406.00	
29.193211	1406.00	
30.189107	1406.00	
31.217665	1406.00	
32.204873	1406.00	
33.210826	1406.00	
34.211891	1406.00	
35.230598	1406.00	
36.22579	1406.00	
37.225411	1406.00	
38.234825	1406.00	
39.236871	1406.00	
40.241086	1406.00	
41.249694	1406.00	
42.251305	1406.00	
43.261003	1406.00	
44.263172	1406.00	
45.278092	1406.00	
46.276127	1406.00	
47.299893	1406.00	
48.286811	1406.00	
49.292881	1406.00	
50.301977	1406.00	
51.299858	1406.00	
52.310888	1406.00	
53.309993	1406.00	
54.315854	1406.00	
55.328184	1406.00	
56.335485	1406.00	
57.343795	1406.00	
58.343766	1406.00	
59.361316	1406.00	
60.355037	1406.00	
61.365576	1406.00	
62.3638	1406.00	
63.374083	1406.00	
64.376005	1406.00	
65.381057	1406.00	
66.383217	1406.00	
67.390394	1406.00	
68.394817	1406.00	
69.413107	1406.00	
70.407038	1406.00	
71.415908	1406.00	
72.418969	1406.00	
73.417085	1406.00	
74.426927	1406.00	
75.43303	1406.00	
76.435753	1406.00	
77.462173	1406.00	
78.447847	1406.00	
79.451976	1406.00	
80.462675	1406.00	
81.467727	1406.00	
82.476578	1406.00	
83.482779	1406.00	
84.484978	1406.00	
85.490025	1406.00	
86.497866	1406.00	
87.499794	1406.00	
88.521675	1406.00	
89.50721	1406.00	
90.511914	1406.00	
91.541241	1406.00	
92.523059	1406.00	
93.534817	1406.00	
94.553436	1406.00	
95.538861	1406.00	
96.543846	1362.00	
97.55795	1362.00	
98.559014	1362.00	
99.565955	1362.00	
100.570929	1362.00	
101.581645	1362.00	
102.576969	1362.00	
103.582254	1362.00	
104.592609	1362.00	
105.592434	1362.00	
106.613588	1362.00	
107.606006	1362.00	
108.623336	1362.00	
109.622608	1362.00	
110.62914	1362.00	
111.625763	1362.00	
112.637933	1362.00	
113.645273	1362.00	
114.663662	1362.00	
115.655318	1362.00	
116.657049	1362.00	
117.659765	1362.00	
118.66492	1362.00	
119.692362	1362.00	
120.682897	1362.00	
121.700998	1362.00	
122.689066	1362.00	
123.694926	1362.00	
124.697007	1362.00	
125.7081	1362.00	
126.711041	1362.00	
127.724044	1362.00	
128.728884	1362.00	
129.731008	1362.00	
130.736964	1362.00	
131.737843	1362.00	
132.7468	1362.00	
133.749836	1362.00	
134.753649	1362.00	
135.779781	1362.00	
136.767884	1362.00	
137.77714	1362.00	
138.779973	1362.00	
139.794237	1362.00	
140.799139	1362.00	
141.806018	1362.00	
142.801848	1362.00	
143.807784	1362.00	
144.809897	1362.00	
145.817972	1352.00	
146.828878	1352.00	
147.830028	1352.00	
148.830878	1352.00	
149.846994	1352.00	
150.849223	1352.00	
151.85702	1352.00	
152.855059	1352.00	
153.860783	1352.00	
154.871756	1352.00	
155.87294	1352.00	
156.875186	1352.00	
157.88592	1352.00	
158.891108	1352.00	
159.921279	1352.00	
160.898353	1352.00	
161.903851	1352.00	
162.909418	1352.00	
163.924509	1352.00	
164.920451	1352.00	
165.929987	1352.00	
166.937862	1352.00	
167.936748	1352.00	
168.944932	1352.00	
169.956273	1352.00	
170.961175	1352.00	
171.960131	1352.00	
172.968033	1352.00	
173.97392	1352.00	
174.981857	1352.00	
175.988858	1352.00	
176.986437	1352.00	
177.996825	1352.00	
178.99791	1352.00	
180.007871	1325.00	
181.017084	1325.00	
182.016797	1325.00	
183.020046	1325.00	
184.034733	1325.00	
185.034859	1325.00	
186.046291	1325.00	
187.051675	1325.00	
188.054261	1325.00	
189.064352	1325.00	
190.068081	1325.00	
191.071594	1325.00	
192.083313	1325.00	
193.08154	1325.00	
194.087965	1325.00	
195.085531	1325.00	
196.09622	1325.00	
197.10218	1325.00	
198.103914	1325.00	
199.115788	1325.00	
200.118907	1325.00	
201.126182	1325.00	
202.147408	1325.00	
203.136855	1325.00	
204.136912	1325.00	
205.139956	1325.00	
206.146687	1325.00	
207.152816	1325.00	
208.159907	1325.00	
209.172415	1325.00	
210.173604	1325.00	
211.176441	1325.00	
212.180885	1325.00	
213.184366	1325.00	
214.193621	1325.00	
215.198562	1325.00	
216.199193	1325.00	
217.211786	1325.00	
218.217618	1325.00	
219.216874	1325.00	
220.221222	1325.00	
221.232907	1325.00	
222.231324	1325.00	
223.237977	1325.00	
224.257878	1325.00	
225.248875	1325.00	
226.253592	1325.00	
227.258983	1325.00	
228.269857	1325.00	
229.277248	1325.00	
230.277766	1325.00	
231.288013	1325.00	
232.285008	1325.00	
233.296935	1325.00	
234.302285	1325.00	
235.307683	1325.00	
236.31628	1325.00	
237.316854	1325.00	
238.322012	1325.00	
239.324009	1325.00	
240.330098	1325.00	
241.356502	1325.00	
242.342882	1325.00	
243.347052	1325.00	
244.360587	1325.00	
245.361945	1325.00	
246.369333	1325.00	
247.3765	1325.00	
248.376861	1325.00	
249.37939	1325.00	
250.387828	1325.00	
251.411272	1325.00	
252.396889	1325.00	
253.399437	1325.00	
254.417612	1325.00	
255.411735	1325.00	
256.422009	1325.00	
257.438279	1325.00	
258.432061	1325.00	
259.435951	1325.00	
260.44045	1325.00	
261.441796	1325.00	
262.447826	1325.00	
263.453713	1325.00	
264.460566	1325.00	
265.463922	1325.00	
266.472004	1325.00	
267.481172	1325.00	
268.47992	1325.00	
269.488828	1325.00	
270.50577	1325.00	
271.497861	1325.00	
272.504942	1325.00	
273.508902	1325.00	
274.511796	1325.00	
275.515864	1325.00	
276.537015	1325.00	
277.530834	1325.00	
278.530468	1325.00	
279.537873	1325.00	
280.543852	1325.00	
281.547061	1325.00	
282.550405	1325.00	
283.559342	1325.00	
284.566202	1325.00	
285.566786	1325.00	
286.571879	1325.00	
287.578666	1325.00	
288.588681	1325.00	
289.587888	1325.00	
290.598862	1325.00	
291.598742	1325.00	
292.607777	1325.00	
293.611079	1325.00	
294.620917	1325.00	
295.620752	1325.00	
296.631966	1325.00	
297.62986	1325.00	
298.641047	1325.00	
299.646906	1325.00	
