0.109082	1634.00	
1.112797	425.00	
2.114739	425.00	
3.146065	425.00	
4.121858	425.00	
5.145415	425.00	
6.146445	425.00	
7.14343	425.00	
8.145747	425.00	
9.151408	425.00	
10.159783	425.00	
11.162293	425.00	
12.163881	425.00	
13.172671	425.00	
14.174701	425.00	
15.182805	425.00	
16.189018	425.00	
17.189574	425.00	
18.195878	425.00	
19.198614	425.00	
20.203673	425.00	
21.212326	425.00	
22.223547	425.00	
23.21767	425.00	
24.229145	425.00	
25.231613	425.00	
26.236616	425.00	
27.235928	425.00	
28.248016	425.00	
29.248832	425.00	
30.252601	425.00	
31.266037	425.00	
32.268775	425.00	
33.271785	425.00	
34.274624	425.00	
35.279571	425.00	
36.296997	425.00	
37.296834	425.00	
38.313331	425.00	
39.299537	425.00	
40.318683	425.00	
41.326106	425.00	
42.317721	425.00	
43.322579	425.00	
44.322341	425.00	
45.32866	425.00	
46.329614	425.00	
47.342635	425.00	
48.339862	425.00	
49.349691	425.00	
50.350674	425.00	
51.363538	425.00	
52.370495	425.00	
53.371785	425.00	
54.370853	425.00	
55.377594	425.00	
56.381127	425.00	
57.385195	425.00	
58.394381	425.00	
59.407187	425.00	
60.403713	425.00	
61.410727	425.00	
62.409532	425.00	
63.418548	425.00	
64.441799	425.00	
65.431741	425.00	
66.439232	425.00	
67.44066	425.00	
68.443582	425.00	
69.447339	425.00	
70.449575	425.00	
71.459657	425.00	
72.465533	425.00	
73.466645	425.00	
74.477352	425.00	
75.490302	425.00	
76.479596	425.00	
77.483833	425.00	
78.493697	425.00	
79.502572	425.00	
80.498921	425.00	
81.507451	425.00	
82.510748	425.00	
83.520766	425.00	
84.525632	425.00	
85.524353	425.00	
86.546041	425.00	
87.540716	425.00	
88.541894	425.00	
89.54417	425.00	
90.563459	425.00	
91.554227	425.00	
92.560561	425.00	
93.563658	425.00	
94.570679	425.00	
95.577665	425.00	
96.585795	425.00	
97.590676	425.00	
98.590709	425.00	
99.593819	425.00	
100.600606	425.00	
101.60573	425.00	
102.609604	425.00	
103.617882	425.00	
104.618569	425.00	
105.627603	425.00	
106.632675	425.00	
107.639735	425.00	
108.643118	425.00	
109.650621	425.00	
110.654275	425.00	
111.655665	425.00	
112.660006	425.00	
113.670631	425.00	
114.690897	425.00	
115.673715	425.00	
116.68562	425.00	
117.686724	425.00	
118.691772	425.00	
119.716849	425.00	
120.706191	425.00	
121.710704	425.00	
122.720726	425.00	
123.719795	425.00	
124.722603	425.00	
125.722823	425.00	
126.734057	425.00	
127.740679	425.00	
128.738894	425.00	
129.742728	425.00	
130.752615	425.00	
131.751606	425.00	
132.763649	425.00	
133.769751	425.00	
134.770381	425.00	
135.781377	425.00	
136.778562	425.00	
137.789668	425.00	
138.804487	425.00	
139.800844	425.00	
140.800808	425.00	
141.815918	425.00	
142.809612	425.00	
143.811924	425.00	
144.820555	425.00	
145.822001	425.00	
146.830607	425.00	
147.831152	425.00	
148.843369	425.00	
149.849648	425.00	
150.863567	425.00	
151.851347	425.00	
152.863786	425.00	
153.861664	425.00	
154.870566	425.00	
155.884292	425.00	
156.880985	425.00	
157.883977	425.00	
158.895703	425.00	
159.892593	425.00	
160.919188	425.00	
161.901943	425.00	
162.910704	425.00	
163.923259	425.00	
164.920792	425.00	
165.921971	425.00	
166.947792	425.00	
167.949024	425.00	
168.958353	425.00	
169.942599	425.00	
170.950749	425.00	
171.957806	425.00	
172.959799	425.00	
173.961161	425.00	
174.970603	425.00	
175.970876	425.00	
176.982571	425.00	
177.981715	425.00	
178.989733	425.00	
179.991463	425.00	
181.016503	425.00	
182.005695	425.00	
183.006663	425.00	
184.010466	425.00	
185.030462	425.00	
186.032894	425.00	
187.031926	425.00	
188.042706	425.00	
189.039443	425.00	
190.047725	425.00	
191.051647	425.00	
192.053189	425.00	
193.05778	425.00	
194.06488	425.00	
195.071667	425.00	
196.085407	425.00	
197.075025	425.00	
198.080842	425.00	
199.093485	425.00	
200.104212	425.00	
201.100657	425.00	
202.114224	425.00	
203.112667	425.00	
204.12598	425.00	
205.126446	425.00	
206.124198	425.00	
207.131824	425.00	
208.130559	425.00	
209.149294	425.00	
210.145417	425.00	
211.165844	425.00	
212.153825	425.00	
213.161773	425.00	
214.163856	425.00	
215.171764	425.00	
216.171878	425.00	
217.194004	425.00	
218.185841	425.00	
219.189602	425.00	
220.197599	425.00	
221.202639	425.00	
222.206627	425.00	
223.207645	425.00	
224.209889	425.00	
225.22145	425.00	
226.220026	425.00	
227.228544	425.00	
228.231757	425.00	
229.239155	425.00	
230.23891	425.00	
231.244282	425.00	
232.25656	425.00	
233.256581	425.00	
234.260538	425.00	
235.282712	425.00	
236.270595	425.00	
237.280668	425.00	
238.28666	425.00	
239.289858	425.00	
240.289649	425.00	
241.301721	425.00	
242.306665	425.00	
243.307754	425.00	
244.311575	425.00	
245.320613	425.00	
246.31862	425.00	
247.329875	425.00	
248.331571	425.00	
249.336622	425.00	
250.344695	425.00	
251.34391	425.00	
252.355664	425.00	
253.361909	425.00	
254.364052	425.00	
255.369686	425.00	
256.368057	425.00	
257.396338	425.00	
258.379232	425.00	
259.391704	425.00	
260.389618	425.00	
261.399595	425.00	
262.399622	425.00	
263.403089	425.00	
264.408046	425.00	
265.417705	425.00	
266.423642	425.00	
267.431668	425.00	
268.442872	425.00	
269.433869	425.00	
270.446459	425.00	
271.443655	425.00	
272.453877	425.00	
273.457744	425.00	
274.459166	425.00	
275.468791	425.00	
276.501858	425.00	
277.479851	425.00	
278.478773	425.00	
279.496144	425.00	
280.48876	425.00	
281.499831	425.00	
282.498955	425.00	
283.502918	425.00	
284.509802	425.00	
285.514595	425.00	
286.524765	425.00	
287.529697	425.00	
288.530665	425.00	
289.534659	425.00	
290.538403	425.00	
291.550064	425.00	
292.551921	425.00	
293.564128	425.00	
294.568672	425.00	
295.563068	425.00	
296.573692	425.00	
297.573006	425.00	
298.578452	425.00	
299.585954	425.00	
