0.564531	305.00	
1.568102	72.00	
2.575278	72.00	
3.583181	72.00	
4.58186	65.00	
5.592475	65.00	
6.600989	65.00	
7.603982	65.00	
8.611131	65.00	
9.623108	65.00	
10.617987	65.00	
11.619171	65.00	
12.630205	65.00	
13.636605	65.00	
14.63336	65.00	
15.644067	65.00	
16.650144	65.00	
17.651081	65.00	
18.667812	65.00	
19.661177	65.00	
20.669143	65.00	
21.670143	65.00	
22.679975	65.00	
23.681852	65.00	
24.691229	65.00	
25.687982	65.00	
26.701143	65.00	
27.70002	65.00	
28.702429	65.00	
29.717659	65.00	
30.718899	65.00	
31.721019	65.00	
32.734034	65.00	
33.729272	65.00	
34.743686	65.00	
35.754537	65.00	
36.748824	65.00	
37.750975	65.00	
38.751738	65.00	
39.758932	65.00	
40.771589	65.00	
41.769115	65.00	
42.77538	65.00	
43.782076	65.00	
44.781863	65.00	
45.78742	65.00	
46.800036	65.00	
47.812141	65.00	
48.804211	65.00	
49.81016	65.00	
50.813274	65.00	
51.827124	65.00	
52.840445	65.00	
53.82913	65.00	
54.836799	65.00	
55.837992	65.00	
56.859147	65.00	
57.850913	65.00	
58.859206	65.00	
59.860194	65.00	
60.867062	65.00	
61.870167	65.00	
62.871947	65.00	
63.882552	31.00	
64.881959	31.00	
65.88822	31.00	
66.899273	31.00	
67.898989	31.00	
68.902097	31.00	
69.908482	31.00	
70.918003	31.00	
71.918003	31.00	
72.921895	31.00	
73.935553	31.00	
74.933187	31.00	
75.948842	31.00	
76.940655	31.00	
77.952905	31.00	
78.95174	31.00	
79.961172	31.00	
80.965604	31.00	
81.968246	31.00	
82.973213	31.00	
83.981064	31.00	
84.981139	31.00	
85.989327	31.00	
86.994324	31.00	
88.006825	31.00	
89.007045	31.00	
90.00821	31.00	
91.015231	31.00	
92.020077	31.00	
93.037523	31.00	
94.029207	31.00	
95.032245	31.00	
96.035298	31.00	
97.039231	31.00	
98.062544	31.00	
99.065594	31.00	
100.061159	31.00	
101.066049	31.00	
102.067023	31.00	
103.069834	31.00	
104.081199	31.00	
105.086005	31.00	
106.092093	31.00	
107.102765	31.00	
108.094932	31.00	
109.108077	31.00	
110.11012	31.00	
111.115579	31.00	
112.121252	31.00	
113.121091	31.00	
114.128135	31.00	
115.131086	31.00	
116.13557	31.00	
117.14113	31.00	
118.155956	31.00	
119.149501	31.00	
120.158789	31.00	
121.165192	31.00	
122.167334	31.00	
123.177114	31.00	
124.178197	31.00	
125.185771	31.00	
126.191028	31.00	
127.189827	31.00	
128.205982	31.00	
129.21159	31.00	
130.212597	31.00	
131.218144	31.00	
132.221183	31.00	
133.219762	31.00	
134.230021	31.00	
135.229045	31.00	
136.238127	31.00	
137.244493	31.00	
138.247991	31.00	
139.266278	31.00	
140.261274	31.00	
141.258999	31.00	
142.271174	31.00	
143.275113	31.00	
144.280235	31.00	
145.279166	31.00	
146.288074	31.00	
147.30578	31.00	
148.315798	31.00	
149.301127	31.00	
150.308047	31.00	
151.31534	31.00	
152.320288	31.00	
153.318393	31.00	
154.324953	31.00	
155.329529	31.00	
156.338024	31.00	
157.340101	31.00	
158.364796	31.00	
159.357124	31.00	
160.354204	31.00	
161.361595	31.00	
162.365964	31.00	
163.375226	31.00	
164.379992	31.00	
165.397641	31.00	
166.391036	31.00	
167.403914	31.00	
168.393158	31.00	
169.397996	31.00	
170.408344	31.00	
171.410203	31.00	
172.419149	31.00	
173.419187	31.00	
174.43007	31.00	
175.432116	31.00	
176.435168	31.00	
177.441286	31.00	
178.442294	31.00	
179.457216	31.00	
180.459909	31.00	
181.461188	31.00	
182.470118	31.00	
183.471301	31.00	
184.472875	31.00	
185.480423	31.00	
186.482885	31.00	
187.490119	31.00	
188.500277	31.00	
189.513239	31.00	
190.517152	31.00	
191.510121	31.00	
192.520311	31.00	
193.52803	31.00	
194.522018	31.00	
195.528073	31.00	
196.538187	31.00	
197.538471	31.00	
198.555467	31.00	
199.559089	31.00	
200.554164	31.00	
201.559212	31.00	
202.56211	31.00	
203.573135	31.00	
204.580865	31.00	
205.582767	31.00	
206.590026	31.00	
207.59118	31.00	
208.6026	31.00	
209.60325	31.00	
210.601562	31.00	
211.614191	31.00	
212.620132	31.00	
213.621143	31.00	
214.623169	31.00	
215.629222	31.00	
216.640097	31.00	
217.643987	31.00	
218.643494	31.00	
219.648855	31.00	
220.651903	31.00	
221.661239	31.00	
222.682923	31.00	
223.668254	31.00	
224.678118	31.00	
225.680114	31.00	
226.681473	31.00	
227.691016	31.00	
228.699089	31.00	
229.701285	31.00	
230.702512	31.00	
231.711056	31.00	
232.718216	31.00	
233.718198	31.00	
234.754229	31.00	
235.730043	31.00	
236.744603	31.00	
237.73621	31.00	
238.753846	31.00	
239.748241	31.00	
240.753659	31.00	
241.772782	31.00	
242.767205	31.00	
243.771031	31.00	
244.775961	31.00	
245.780221	31.00	
246.783277	31.00	
247.790445	31.00	
248.794671	31.00	
249.798231	31.00	
250.80614	31.00	
251.81302	31.00	
252.813967	31.00	
253.819164	31.00	
254.828274	31.00	
255.830201	31.00	
256.838024	31.00	
257.845482	31.00	
258.862535	31.00	
259.863361	31.00	
260.858308	31.00	
261.859055	31.00	
262.869168	31.00	
263.869284	31.00	
264.877048	31.00	
265.881176	31.00	
266.884383	31.00	
267.893246	31.00	
268.895235	31.00	
269.899042	31.00	
270.909333	31.00	
271.911142	31.00	
272.917141	31.00	
273.920164	31.00	
274.924676	31.00	
275.940769	31.00	
276.932157	31.00	
277.937083	31.00	
278.943831	31.00	
279.949218	31.00	
280.950345	31.00	
281.958436	31.00	
282.965179	31.00	
283.971251	31.00	
284.978128	31.00	
285.981706	31.00	
286.979512	31.00	
287.989098	31.00	
288.990427	31.00	
290.001971	31.00	
291.002173	31.00	
292.004419	31.00	
293.009316	31.00	
294.019957	31.00	
295.024181	31.00	
296.031179	31.00	
297.035201	31.00	
298.034991	31.00	
299.051325	31.00	
300.051041	31.00	
