0.383793	52.00	
1.388253	52.00	
2.392611	52.00	
3.39058	52.00	
4.40169	52.00	
5.402521	52.00	
6.404453	52.00	
7.41337	52.00	
8.429176	52.00	
9.430273	52.00	
10.43433	52.00	
11.430438	52.00	
12.442408	52.00	
13.44998	52.00	
14.452669	52.00	
15.456172	52.00	
16.463735	52.00	
17.46163	52.00	
18.468216	52.00	
19.475339	52.00	
20.482192	52.00	
21.48724	52.00	
22.492371	52.00	
23.509112	52.00	
24.496341	52.00	
25.50152	52.00	
26.506742	52.00	
27.514406	52.00	
28.516978	52.00	
29.526599	52.00	
30.528358	52.00	
31.559827	52.00	
32.543257	52.00	
33.550877	52.00	
34.546478	52.00	
35.553428	52.00	
36.565655	52.00	
37.56652	52.00	
38.565005	52.00	
39.571536	52.00	
40.576172	52.00	
41.584316	52.00	
42.599952	52.00	
43.59987	52.00	
44.595794	52.00	
45.600422	52.00	
46.605353	52.00	
47.611325	52.00	
48.614904	52.00	
49.62298	52.00	
50.632769	52.00	
51.639976	52.00	
52.636535	52.00	
53.6502	52.00	
54.644581	52.00	
55.655637	52.00	
56.66466	52.00	
57.6691	52.00	
58.665886	52.00	
59.672524	52.00	
60.683434	52.00	
61.686188	52.00	
62.694567	52.00	
63.691698	52.00	
64.695783	52.00	
65.704411	52.00	
66.720563	52.00	
67.729129	52.00	
68.726279	52.00	
69.721422	52.00	
70.725374	52.00	
71.7344	52.00	
72.758271	52.00	
73.740812	52.00	
74.746621	52.00	
75.753546	52.00	
76.757472	52.00	
77.761547	52.00	
78.774638	52.00	
79.778632	52.00	
80.785214	52.00	
81.780477	52.00	
82.785428	52.00	
83.790385	52.00	
84.795442	52.00	
85.801356	52.00	
86.805402	52.00	
87.823337	52.00	
88.81574	52.00	
89.824426	52.00	
90.82839	52.00	
91.833419	52.00	
92.850723	52.00	
93.860521	52.00	
94.845632	52.00	
95.854637	52.00	
96.857357	52.00	
97.860531	52.00	
98.866508	52.00	
99.872628	52.00	
100.875819	52.00	
101.892543	52.00	
102.886371	52.00	
103.894541	52.00	
104.902434	52.00	
105.904552	52.00	
106.907406	52.00	
107.9145	52.00	
108.915264	52.00	
109.932019	52.00	
110.925544	52.00	
111.934494	52.00	
112.947616	52.00	
113.942244	52.00	
114.945353	52.00	
115.962506	52.00	
116.964127	52.00	
117.964484	52.00	
118.964407	52.00	
119.981355	52.00	
120.977801	52.00	
121.985378	52.00	
122.986379	52.00	
124.012002	52.00	
125.010561	52.00	
126.013654	52.00	
127.016494	52.00	
128.022014	52.00	
129.017335	52.00	
130.025114	52.00	
131.026299	52.00	
132.038612	52.00	
133.035503	52.00	
134.039721	52.00	
135.047443	52.00	
136.05358	52.00	
137.057574	52.00	
138.061485	52.00	
139.065457	52.00	
140.081607	52.00	
141.076664	52.00	
142.099707	52.00	
143.088485	52.00	
144.096766	52.00	
145.096634	52.00	
146.104031	52.00	
147.110566	52.00	
148.13069	52.00	
149.122372	52.00	
150.122238	52.00	
151.126678	52.00	
152.137566	52.00	
153.151168	52.00	
154.146128	52.00	
155.152609	52.00	
156.150714	52.00	
157.16255	52.00	
158.164384	52.00	
159.165431	52.00	
160.171116	52.00	
161.186135	52.00	
162.185607	52.00	
163.203438	52.00	
164.191613	52.00	
165.201009	52.00	
166.20105	52.00	
167.204398	52.00	
168.215639	52.00	
169.222525	52.00	
170.229119	52.00	
171.230341	52.00	
172.229476	52.00	
173.237613	52.00	
174.242365	52.00	
175.252405	52.00	
176.251543	52.00	
177.260274	52.00	
178.261272	52.00	
179.283354	52.00	
180.269903	52.00	
181.274081	52.00	
182.281005	52.00	
183.288402	52.00	
184.29562	52.00	
185.29867	52.00	
186.303672	52.00	
187.304017	52.00	
188.313752	52.00	
189.314051	52.00	
190.326418	52.00	
191.332865	52.00	
192.333834	52.00	
193.342437	52.00	
194.342481	52.00	
195.352338	52.00	
196.35754	52.00	
197.369189	52.00	
198.358466	52.00	
199.36324	52.00	
200.372474	52.00	
201.374629	52.00	
202.378348	52.00	
203.383451	52.00	
204.395508	52.00	
205.401666	52.00	
206.405262	52.00	
207.410823	52.00	
208.411529	52.00	
209.420594	52.00	
210.43066	52.00	
211.431087	52.00	
212.4317	52.00	
213.433204	52.00	
214.443614	52.00	
215.450597	52.00	
216.451073	52.00	
217.461999	52.00	
218.466589	52.00	
219.472137	52.00	
220.470407	52.00	
221.474518	52.00	
222.483671	52.00	
223.487312	52.00	
224.493498	52.00	
225.499682	52.00	
226.503665	52.00	
227.522333	52.00	
228.515676	52.00	
229.52151	52.00	
230.520475	52.00	
231.531384	52.00	
232.538674	52.00	
233.539494	52.00	
234.540709	52.00	
235.559685	52.00	
236.551388	52.00	
237.560889	52.00	
238.569227	52.00	
239.570475	52.00	
240.571269	52.00	
241.579467	52.00	
242.5892	52.00	
243.583743	52.00	
244.611969	52.00	
245.599197	52.00	
246.602654	52.00	
247.603356	52.00	
248.612512	52.00	
249.627192	52.00	
250.620502	52.00	
251.625874	52.00	
252.643449	52.00	
253.6412	52.00	
254.642543	52.00	
255.650437	52.00	
256.651308	52.00	
257.659941	52.00	
258.674513	52.00	
259.668766	52.00	
260.680785	52.00	
261.681532	52.00	
262.681533	52.00	
263.684576	52.00	
264.691474	52.00	
265.714346	52.00	
266.705004	52.00	
267.703678	52.00	
268.710349	52.00	
269.713806	52.00	
270.719589	52.00	
271.730621	52.00	
272.740568	52.00	
273.737246	52.00	
274.746567	52.00	
275.751564	52.00	
276.758528	52.00	
277.753487	52.00	
278.766003	52.00	
279.766548	52.00	
280.772633	52.00	
281.773589	52.00	
282.790946	52.00	
283.795931	52.00	
284.792591	52.00	
285.794349	52.00	
286.799745	52.00	
287.807421	52.00	
288.82792	52.00	
289.818442	52.00	
290.821477	52.00	
291.823909	52.00	
292.834722	52.00	
293.832804	52.00	
294.842446	52.00	
295.84958	52.00	
296.853482	52.00	
297.852884	52.00	
298.861365	52.00	
299.86948	52.00	
