0.9568	225.00	
1.959586	225.00	
2.961516	225.00	
3.967678	225.00	
4.979727	225.00	
5.984802	225.00	
6.991781	225.00	
7.991612	225.00	
8.999596	225.00	
9.998551	225.00	
11.007512	225.00	
12.014571	225.00	
13.020596	225.00	
14.021576	225.00	
15.03155	225.00	
16.036612	225.00	
17.04071	225.00	
18.051537	225.00	
19.052353	225.00	
20.05562	225.00	
21.061647	225.00	
22.069538	225.00	
23.079786	225.00	
24.081645	225.00	
25.082596	225.00	
26.092547	225.00	
27.100592	225.00	
28.1006	225.00	
29.110531	225.00	
30.110513	225.00	
31.120501	225.00	
32.121228	225.00	
33.131854	225.00	
34.140636	225.00	
35.139598	225.00	
36.164142	225.00	
37.151581	225.00	
38.159561	225.00	
39.166535	225.00	
40.171831	225.00	
41.188503	225.00	
42.180584	225.00	
43.189539	225.00	
44.18891	225.00	
45.20066	225.00	
46.199628	225.00	
47.208593	225.00	
48.208792	225.00	
49.21862	225.00	
50.232667	225.00	
51.233303	225.00	
52.235632	225.00	
53.262992	225.00	
54.242632	225.00	
55.255223	225.00	
56.259952	225.00	
57.267716	225.00	
58.278545	225.00	
59.270532	225.00	
60.278591	225.00	
61.298668	225.00	
62.292647	225.00	
63.295747	225.00	
64.300795	225.00	
65.304507	225.00	
66.309601	225.00	
67.320547	225.00	
68.331543	225.00	
69.336228	225.00	
70.331451	225.00	
71.337601	225.00	
72.346623	225.00	
73.354705	225.00	
74.354634	225.00	
75.359634	225.00	
76.370694	225.00	
77.377878	225.00	
78.374088	225.00	
79.386827	225.00	
80.388484	225.00	
81.396629	225.00	
82.400564	225.00	
83.413781	225.00	
84.41262	225.00	
85.419686	225.00	
86.420212	225.00	
87.438251	225.00	
88.430751	225.00	
89.440526	225.00	
90.461116	225.00	
91.447271	225.00	
92.459634	225.00	
93.465557	225.00	
94.469776	225.00	
95.478688	225.00	
96.479525	225.00	
97.48877	225.00	
98.489609	225.00	
99.50784	225.00	
100.50054	225.00	
101.504858	225.00	
102.51161	225.00	
103.516614	225.00	
104.519805	225.00	
105.527835	225.00	
106.530942	225.00	
107.537834	225.00	
108.542347	225.00	
109.550892	225.00	
110.563532	225.00	
111.568712	225.00	
112.582176	225.00	
113.576567	225.00	
114.579712	225.00	
115.580224	225.00	
116.591602	225.00	
117.594005	225.00	
118.611454	225.00	
119.605773	225.00	
120.610571	225.00	
121.616573	225.00	
122.621621	225.00	
123.630618	225.00	
124.630576	225.00	
125.640572	225.00	
126.642734	225.00	
127.651569	225.00	
128.652815	225.00	
129.664676	225.00	
130.66967	225.00	
131.67257	225.00	
132.685863	225.00	
133.698556	225.00	
134.688608	225.00	
135.698681	225.00	
136.701691	225.00	
137.707532	225.00	
138.711541	225.00	
139.719633	225.00	
140.720869	225.00	
141.728617	225.00	
142.733397	225.00	
143.736569	225.00	
144.742993	225.00	
145.749515	225.00	
146.759654	225.00	
147.764577	225.00	
148.769635	225.00	
149.781529	225.00	
150.788663	225.00	
151.780103	225.00	
152.788714	225.00	
153.790507	225.00	
154.801556	225.00	
155.809711	225.00	
156.811779	225.00	
157.817328	225.00	
158.8186	225.00	
159.830544	225.00	
160.829929	225.00	
161.835647	225.00	
162.840966	225.00	
163.847564	225.00	
164.850985	225.00	
165.864569	225.00	
166.862307	225.00	
167.876598	225.00	
168.880771	225.00	
169.886249	225.00	
170.891666	225.00	
171.890302	225.00	
172.898732	225.00	
173.908667	225.00	
174.908785	225.00	
175.919696	225.00	
176.919679	225.00	
177.927577	225.00	
178.928552	225.00	
179.954198	225.00	
180.941092	225.00	
181.95165	225.00	
182.951818	225.00	
183.95861	225.00	
184.969569	225.00	
185.970539	225.00	
186.979763	225.00	
187.979814	225.00	
188.982896	225.00	
189.991508	225.00	
190.999651	225.00	
192.000966	225.00	
193.008623	225.00	
194.01677	225.00	
195.020664	225.00	
196.029611	225.00	
197.031617	225.00	
198.03959	225.00	
199.040659	225.00	
200.049687	225.00	
201.050489	225.00	
202.059569	225.00	
203.069643	225.00	
204.072712	225.00	
205.07955	225.00	
206.080547	225.00	
207.090585	225.00	
208.090098	225.00	
209.099584	225.00	
210.099595	225.00	
211.108559	225.00	
212.110616	225.00	
213.1185	225.00	
214.120826	225.00	
215.129136	225.00	
216.139652	225.00	
217.138776	225.00	
218.146554	225.00	
219.152542	225.00	
220.160748	225.00	
221.159883	225.00	
222.17168	225.00	
223.178586	225.00	
224.179687	225.00	
225.182015	225.00	
226.190634	225.00	
227.200577	225.00	
228.199736	225.00	
229.211667	225.00	
230.209287	225.00	
231.220629	225.00	
232.232224	225.00	
233.247354	225.00	
234.238638	225.00	
235.246348	225.00	
236.244512	225.00	
237.254462	225.00	
238.2586	225.00	
239.264869	225.00	
240.269664	225.00	
241.274107	225.00	
242.278632	225.00	
243.28555	225.00	
244.289707	225.00	
245.300675	225.00	
246.300534	225.00	
247.309267	225.00	
248.311643	225.00	
249.317632	225.00	
250.327641	225.00	
251.344929	225.00	
252.33108	225.00	
253.349616	225.00	
254.342619	225.00	
255.352562	225.00	
256.360549	225.00	
257.35935	225.00	
258.369615	225.00	
259.370858	225.00	
260.395621	225.00	
261.387955	225.00	
262.39158	225.00	
263.40551	225.00	
264.39956	225.00	
265.409603	225.00	
266.410622	225.00	
267.420488	225.00	
268.431447	225.00	
269.437929	225.00	
270.432869	225.00	
271.440648	225.00	
272.449593	225.00	
273.449701	225.00	
274.459572	225.00	
275.461612	225.00	
276.476002	225.00	
277.471676	225.00	
278.482378	225.00	
279.481321	225.00	
280.489523	225.00	
281.500047	225.00	
282.50049	225.00	
283.511827	225.00	
284.516879	225.00	
285.516536	225.00	
286.526534	225.00	
287.534589	225.00	
288.531412	225.00	
289.53965	225.00	
290.546603	225.00	
291.557706	225.00	
292.565586	225.00	
293.573308	225.00	
294.568676	225.00	
295.576545	225.00	
296.578568	225.00	
297.588796	225.00	
298.592614	225.00	
299.597536	225.00	
