0.901945	1648.00	
1.902775	1602.00	
2.905794	1400.00	
3.933487	1400.00	
4.939374	1375.00	
5.929849	1375.00	
6.928674	1375.00	
7.931975	1375.00	
8.939049	1375.00	
9.948836	1375.00	
10.954656	1363.00	
11.967541	1363.00	
12.967479	1362.00	
13.967745	1362.00	
14.977655	1350.00	
15.980769	1350.00	
16.988529	1350.00	
18.004689	1350.00	
18.993688	250.00	
20.005847	250.00	
21.012467	250.00	
22.014521	250.00	
23.018755	250.00	
24.019825	250.00	
25.0265	250.00	
26.036519	250.00	
27.036769	250.00	
28.05694	250.00	
29.047572	250.00	
30.055857	250.00	
31.060603	250.00	
32.063533	250.00	
33.068209	250.00	
34.079675	250.00	
35.086697	250.00	
36.092913	250.00	
37.100988	250.00	
38.096705	250.00	
39.101559	250.00	
40.117852	250.00	
41.11365	250.00	
42.11859	250.00	
43.127602	250.00	
44.127964	250.00	
45.140455	250.00	
46.14141	250.00	
47.156436	250.00	
48.152654	250.00	
49.155574	250.00	
50.1636	250.00	
51.165642	250.00	
52.177821	250.00	
53.187698	250.00	
54.189834	250.00	
55.187587	250.00	
56.191568	250.00	
57.198572	250.00	
58.214693	250.00	
59.223343	250.00	
60.215656	250.00	
61.218828	250.00	
62.227641	250.00	
63.231764	250.00	
64.238699	250.00	
65.238786	250.00	
66.25685	250.00	
67.253596	250.00	
68.257591	250.00	
69.263588	250.00	
70.270341	250.00	
71.27762	250.00	
72.276534	250.00	
73.286679	250.00	
74.287747	250.00	
75.299167	250.00	
76.308052	250.00	
77.308235	250.00	
78.315673	250.00	
79.316823	250.00	
80.328677	250.00	
81.329634	250.00	
82.332422	250.00	
83.337877	250.00	
84.346739	250.00	
85.349024	250.00	
86.357419	250.00	
87.366686	250.00	
88.365612	250.00	
89.373497	250.00	
90.37762	250.00	
91.387591	250.00	
92.38733	250.00	
93.397586	250.00	
94.408644	250.00	
95.409636	250.00	
96.428931	250.00	
97.417548	250.00	
98.433785	250.00	
99.443683	250.00	
100.461835	250.00	
101.443575	250.00	
102.443178	250.00	
103.449503	250.00	
104.474255	250.00	
105.461624	250.00	
106.46666	250.00	
107.476496	250.00	
108.476604	250.00	
109.486716	250.00	
110.491432	250.00	
111.49644	250.00	
112.50162	250.00	
113.503504	250.00	
114.50865	250.00	
115.525208	250.00	
116.524188	250.00	
117.53362	250.00	
118.536651	250.00	
119.537556	250.00	
120.541052	250.00	
121.547457	250.00	
122.566179	250.00	
123.563634	250.00	
124.564335	250.00	
125.57664	250.00	
126.583637	250.00	
127.597767	250.00	
128.58958	250.00	
129.591981	250.00	
130.611664	250.00	
131.616444	250.00	
132.610748	250.00	
133.630926	250.00	
134.629487	250.00	
135.631368	250.00	
136.636483	250.00	
137.638078	250.00	
138.658545	250.00	
139.64945	250.00	
140.663759	250.00	
141.662373	250.00	
142.677044	250.00	
143.675566	250.00	
144.685461	250.00	
145.688667	250.00	
146.688618	250.00	
147.697637	250.00	
148.698361	250.00	
149.707452	250.00	
150.720291	250.00	
151.716629	250.00	
152.724618	250.00	
153.732672	250.00	
154.731681	250.00	
155.738529	250.00	
156.740458	250.00	
157.74677	250.00	
158.753612	250.00	
159.757838	250.00	
160.763754	250.00	
161.767769	250.00	
162.774004	250.00	
163.786457	250.00	
164.789545	250.00	
165.800885	250.00	
166.796842	250.00	
167.801117	250.00	
168.808457	250.00	
169.821259	250.00	
170.825549	250.00	
171.826529	250.00	
172.828219	250.00	
173.837739	250.00	
174.846724	250.00	
175.848472	250.00	
176.851179	250.00	
177.856418	250.00	
178.867572	250.00	
179.867689	250.00	
180.879881	250.00	
181.88349	250.00	
182.885585	250.00	
183.889607	250.00	
184.917703	250.00	
185.900485	250.00	
186.907729	250.00	
187.91267	250.00	
188.915575	250.00	
189.926558	250.00	
190.929171	250.00	
191.93668	250.00	
192.94365	250.00	
193.947511	250.00	
194.952636	250.00	
195.959564	250.00	
196.96243	250.00	
197.985841	250.00	
198.978116	250.00	
199.975527	250.00	
200.980422	250.00	
201.992649	250.00	
202.997572	250.00	
204.002591	250.00	
205.004804	250.00	
206.007627	250.00	
207.022909	250.00	
208.018892	250.00	
209.030641	250.00	
210.034809	250.00	
211.043501	250.00	
212.047708	250.00	
213.057747	250.00	
214.061631	250.00	
215.062587	250.00	
216.067672	250.00	
217.069697	250.00	
218.083615	250.00	
219.089438	250.00	
220.090393	250.00	
221.097617	250.00	
222.103464	250.00	
223.107605	250.00	
224.115597	250.00	
225.122768	250.00	
226.122549	250.00	
227.130976	250.00	
228.137582	250.00	
229.149675	250.00	
230.158972	250.00	
231.15338	250.00	
232.157676	250.00	
233.164551	250.00	
234.168568	250.00	
235.178296	250.00	
236.177508	250.00	
237.180093	250.00	
238.187657	250.00	
239.198558	250.00	
240.215476	250.00	
241.207511	250.00	
242.211644	250.00	
243.221983	250.00	
244.220889	250.00	
245.224592	250.00	
246.228814	250.00	
247.235646	250.00	
248.253032	250.00	
249.249369	250.00	
250.253596	250.00	
251.264079	250.00	
252.275766	250.00	
253.273512	250.00	
254.277991	250.00	
255.276277	250.00	
256.287668	250.00	
257.288008	250.00	
258.297629	250.00	
259.30057	250.00	
260.309107	250.00	
261.310072	250.00	
262.321731	250.00	
263.328635	250.00	
264.344294	250.00	
265.334595	250.00	
266.340133	250.00	
267.348746	250.00	
268.348683	250.00	
269.357675	250.00	
270.370399	250.00	
271.368649	250.00	
272.377659	250.00	
273.396703	250.00	
274.388618	250.00	
275.397596	250.00	
276.39164	250.00	
277.400923	250.00	
278.406625	250.00	
279.408572	250.00	
280.42686	250.00	
281.419917	250.00	
282.430727	250.00	
283.437678	250.00	
284.442516	250.00	
285.440359	250.00	
286.447583	250.00	
287.451112	250.00	
288.462897	250.00	
289.467936	250.00	
290.481783	250.00	
291.477656	250.00	
292.47926	250.00	
293.487604	250.00	
294.49542	250.00	
295.497617	250.00	
296.515088	250.00	
297.510637	250.00	
298.520667	250.00	
299.523548	250.00	
