0.67116	1656.00	
1.689262	1656.00	
2.681828	1656.00	
3.682612	1656.00	
4.688199	1656.00	
5.711524	1656.00	
6.702736	1656.00	
7.709757	1656.00	
8.712646	1656.00	
9.716688	1656.00	
10.723479	1656.00	
11.736933	1656.00	
12.752083	1656.00	
13.741668	1656.00	
14.751617	1656.00	
15.753889	1656.00	
16.762601	1656.00	
17.763384	1656.00	
18.770615	1656.00	
19.77307	1656.00	
20.795967	1656.00	
21.789586	1656.00	
22.799223	1656.00	
23.800695	1656.00	
24.801701	1656.00	
25.810582	1656.00	
26.810565	1656.00	
27.819733	1656.00	
28.820583	1656.00	
29.831319	1656.00	
30.841873	1656.00	
31.839862	1656.00	
32.843334	1656.00	
33.850639	1656.00	
34.860646	1656.00	
35.85977	1656.00	
36.87063	1656.00	
37.878685	1656.00	
38.890665	1656.00	
39.882003	1656.00	
40.893645	1656.00	
41.89763	1656.00	
42.905606	1656.00	
43.910788	1656.00	
44.911619	1656.00	
45.920638	1656.00	
46.921663	1656.00	
47.928704	1656.00	
48.942951	1656.00	
49.953874	1656.00	
50.961916	1656.00	
51.952622	1656.00	
52.960557	1656.00	
53.960664	1656.00	
54.964941	1656.00	
55.970673	1656.00	
56.993575	1656.00	
57.985639	1656.00	
58.992834	1656.00	
59.991677	1656.00	
61.000823	1656.00	
62.004583	1656.00	
63.009827	1656.00	
64.01873	1656.00	
65.022868	1656.00	
66.02664	1656.00	
67.045574	1656.00	
68.043698	1656.00	
69.043893	1656.00	
70.053633	1656.00	
71.06868	1656.00	
72.072213	1656.00	
73.070677	1656.00	
74.07072	1656.00	
75.074821	1656.00	
76.08559	1656.00	
77.096541	1656.00	
78.091961	1656.00	
79.10065	1656.00	
80.102738	1656.00	
81.111904	1656.00	
82.121708	1656.00	
83.12275	1656.00	
84.129658	1656.00	
85.133245	1656.00	
86.152118	1656.00	
87.142688	1656.00	
88.15164	1656.00	
89.152588	1656.00	
90.160808	1656.00	
91.171684	1656.00	
92.170662	1656.00	
93.180668	1656.00	
94.180663	1656.00	
95.190666	1656.00	
96.190641	1656.00	
97.200593	1656.00	
98.202836	1656.00	
99.212643	1656.00	
100.215699	1656.00	
101.225662	1656.00	
102.230559	1656.00	
103.231655	1656.00	
104.250423	1656.00	
105.247307	1656.00	
106.256865	1656.00	
107.25368	1656.00	
108.260634	1656.00	
109.263045	1656.00	
110.27802	1656.00	
111.281745	1656.00	
112.281677	1656.00	
113.291586	1656.00	
114.303901	1656.00	
115.303729	1656.00	
116.310714	1656.00	
117.313694	1656.00	
118.3197	1656.00	
119.322584	1656.00	
120.330756	1656.00	
121.344173	1656.00	
122.340865	1656.00	
123.371457	1656.00	
124.350805	1656.00	
125.371093	1656.00	
126.360659	1656.00	
127.366901	1656.00	
128.371621	1656.00	
129.374157	1656.00	
130.37965	1656.00	
131.385056	1656.00	
132.390617	1656.00	
133.397657	1656.00	
134.410859	1656.00	
135.414798	1656.00	
136.415656	1656.00	
137.42563	1656.00	
138.42401	1656.00	
139.431825	1656.00	
140.441628	1656.00	
141.448686	1656.00	
142.451712	1656.00	
143.455728	1656.00	
144.464528	1656.00	
145.471739	1656.00	
146.470695	1656.00	
147.479723	1656.00	
148.483442	1656.00	
149.488726	1656.00	
150.491623	1656.00	
151.503896	1656.00	
152.510616	1656.00	
153.512889	1656.00	
154.531716	1656.00	
155.521785	1656.00	
156.529734	1656.00	
157.532614	1656.00	
158.543673	1656.00	
159.541591	1656.00	
160.550711	1656.00	
161.565641	1656.00	
162.571507	1656.00	
163.568612	1656.00	
164.570658	1656.00	
165.574872	1656.00	
166.581692	1656.00	
167.590665	1656.00	
168.601532	1656.00	
169.602711	1656.00	
170.601204	1656.00	
171.606287	1656.00	
172.613745	1656.00	
173.617336	1656.00	
174.630601	1656.00	
175.630789	1656.00	
176.63437	1656.00	
177.640568	1656.00	
178.65188	1656.00	
179.657672	1656.00	
180.660727	1656.00	
181.66541	1656.00	
182.671941	1656.00	
183.673614	1656.00	
184.678651	1656.00	
185.691709	1656.00	
186.703158	1656.00	
187.696693	1656.00	
188.702678	1656.00	
189.708801	1656.00	
190.712061	1656.00	
191.722801	1656.00	
192.729575	1656.00	
193.737062	1656.00	
194.733966	1656.00	
195.743767	1656.00	
196.743943	1656.00	
197.762488	1656.00	
198.761609	1656.00	
199.77428	1656.00	
200.783379	1656.00	
201.788405	1656.00	
202.77781	1656.00	
203.7906	1656.00	
204.791633	1656.00	
205.802841	1656.00	
206.800658	1656.00	
207.81268	1656.00	
208.819682	1656.00	
209.821769	1656.00	
210.830819	1656.00	
211.831118	1656.00	
212.833548	1656.00	
213.840708	1656.00	
214.851694	1656.00	
215.850778	1656.00	
216.861592	1656.00	
217.860935	1656.00	
218.871779	1656.00	
219.873775	1656.00	
220.881627	1656.00	
221.882974	1656.00	
222.89167	1656.00	
223.901711	1656.00	
224.900729	1656.00	
225.911596	1656.00	
226.913709	1656.00	
227.915145	1656.00	
228.922245	1656.00	
229.929686	1656.00	
230.938822	1656.00	
231.938563	1656.00	
232.94366	1656.00	
233.949986	1656.00	
234.964511	1656.00	
235.96567	1656.00	
236.970656	1656.00	
237.970717	1656.00	
238.979647	1656.00	
239.98303	1656.00	
240.992525	1656.00	
241.995914	1656.00	
243.00474	1656.00	
244.010787	1656.00	
245.009889	1656.00	
246.020583	1656.00	
247.021935	1656.00	
248.032735	1656.00	
249.037821	1656.00	
250.040658	1656.00	
251.047844	1656.00	
252.064754	1656.00	
253.061842	1656.00	
254.061557	1656.00	
255.071661	1656.00	
256.071301	1656.00	
257.080639	1656.00	
258.082698	1656.00	
259.09164	1656.00	
260.099726	1656.00	
261.098651	1656.00	
262.109652	1656.00	
263.110576	1656.00	
264.122666	1656.00	
265.121441	1656.00	
266.131654	1656.00	
267.132601	1656.00	
268.13657	1656.00	
269.143115	1656.00	
270.151995	1656.00	
271.161691	1656.00	
272.161647	1656.00	
273.166497	1656.00	
274.171787	1656.00	
275.188408	1656.00	
276.182684	1656.00	
277.205872	1656.00	
278.192607	1656.00	
279.200712	1656.00	
280.208677	1656.00	
281.226129	1656.00	
282.221567	1656.00	
283.234796	1656.00	
284.231641	1656.00	
285.232766	1656.00	
286.244644	1656.00	
287.250632	1656.00	
288.250645	1656.00	
289.260617	1656.00	
290.264744	1656.00	
291.270717	1656.00	
292.270615	1656.00	
293.280744	1656.00	
294.281676	1656.00	
295.285832	1656.00	
296.291614	1656.00	
297.301576	1656.00	
298.302679	1656.00	
299.311835	1656.00	
300.313823	1656.00	
