0.098898	40.00	
1.092228	247.00	
2.098158	235.00	
3.104943	78.00	
4.105906	78.00	
5.116162	72.00	
6.116747	72.00	
7.124888	72.00	
8.127921	72.00	
9.132027	72.00	
10.13949	72.00	
11.137019	70.00	
12.142996	70.00	
13.153014	70.00	
14.156208	70.00	
15.156563	70.00	
16.166937	70.00	
17.175077	70.00	
18.177354	70.00	
19.183252	70.00	
20.186169	70.00	
21.187945	70.00	
22.196082	70.00	
23.196036	70.00	
24.206231	70.00	
25.207178	70.00	
26.227042	70.00	
27.216167	70.00	
28.225625	70.00	
29.228061	70.00	
30.236197	31.00	
31.24138	31.00	
32.246038	31.00	
33.253082	31.00	
34.257203	31.00	
35.264492	31.00	
36.282359	31.00	
37.272945	31.00	
38.276128	31.00	
39.291082	31.00	
40.285152	31.00	
41.28739	31.00	
42.296103	31.00	
43.299091	31.00	
44.30493	31.00	
45.326552	31.00	
46.316887	31.00	
47.323244	31.00	
48.335294	31.00	
49.333314	31.00	
50.335331	31.00	
51.339874	31.00	
52.34343	31.00	
53.361091	31.00	
54.356003	31.00	
55.362286	31.00	
56.365126	31.00	
57.370917	31.00	
58.374926	31.00	
59.384144	31.00	
60.387268	31.00	
61.392322	31.00	
62.395001	31.00	
63.396432	31.00	
64.41712	31.00	
65.408973	31.00	
66.414998	31.00	
67.416448	31.00	
68.427131	31.00	
69.42521	31.00	
70.434093	31.00	
71.435677	31.00	
72.448018	31.00	
73.451113	31.00	
74.455626	31.00	
75.455735	31.00	
76.460532	31.00	
77.475002	31.00	
78.476656	31.00	
79.488075	31.00	
80.487269	31.00	
81.493995	31.00	
82.49306	31.00	
83.498152	31.00	
84.506101	31.00	
85.509986	31.00	
86.515101	31.00	
87.515082	31.00	
88.528213	31.00	
89.524893	31.00	
90.535024	31.00	
91.535357	31.00	
92.543428	31.00	
93.549058	31.00	
94.555004	31.00	
95.554987	31.00	
96.567512	31.00	
97.56804	31.00	
98.576944	31.00	
99.579005	31.00	
100.585826	31.00	
101.587998	31.00	
102.597467	31.00	
103.60921	31.00	
104.606285	31.00	
105.621149	31.00	
106.618994	31.00	
107.616786	31.00	
108.628148	31.00	
109.625087	31.00	
110.651	31.00	
111.635946	31.00	
112.647138	31.00	
113.64526	31.00	
114.656213	31.00	
115.669145	31.00	
116.666113	31.00	
117.666159	31.00	
118.676973	31.00	
119.676986	31.00	
120.698897	31.00	
121.687223	31.00	
122.692974	31.00	
123.69606	31.00	
124.706156	31.00	
125.728418	31.00	
126.715571	31.00	
127.716049	31.00	
128.726192	31.00	
129.72508	31.00	
130.736068	31.00	
131.73599	31.00	
132.745172	31.00	
133.746162	31.00	
134.756025	31.00	
135.754933	31.00	
136.767101	31.00	
137.768233	31.00	
138.776174	31.00	
139.776034	31.00	
140.780958	31.00	
141.78627	31.00	
142.787867	31.00	
143.798959	31.00	
144.805953	31.00	
145.808173	31.00	
146.813603	31.00	
147.834859	31.00	
148.825969	31.00	
149.825131	31.00	
150.828358	31.00	
151.851126	31.00	
152.889994	31.00	
153.858	31.00	
154.863559	31.00	
155.855011	31.00	
156.862954	31.00	
157.866981	31.00	
158.886137	31.00	
159.875984	31.00	
160.884658	31.00	
161.886208	31.00	
162.894476	31.00	
163.908536	31.00	
164.901024	31.00	
165.906441	31.00	
166.916035	31.00	
167.926307	31.00	
168.921048	31.00	
169.927121	31.00	
170.932981	31.00	
171.939188	31.00	
172.956379	31.00	
173.949126	31.00	
174.949153	31.00	
175.954948	31.00	
176.961033	31.00	
177.96886	31.00	
178.974017	31.00	
179.979145	31.00	
180.980955	31.00	
181.988011	31.00	
182.996139	31.00	
183.998151	31.00	
185.006021	31.00	
186.018273	31.00	
187.014099	31.00	
188.018169	31.00	
189.035086	31.00	
190.028978	31.00	
191.035232	31.00	
192.045635	31.00	
193.042993	31.00	
194.047135	31.00	
195.054158	31.00	
196.057198	31.00	
197.057684	31.00	
198.069281	31.00	
199.074127	31.00	
200.085705	31.00	
201.083625	31.00	
202.08724	31.00	
203.09637	31.00	
204.098135	31.00	
205.108167	31.00	
206.120435	31.00	
207.115302	31.00	
208.116913	31.00	
209.120909	31.00	
210.137198	31.00	
211.132118	31.00	
212.135107	31.00	
213.13908	31.00	
214.145005	31.00	
215.156131	31.00	
216.159418	31.00	
217.161041	31.00	
218.16798	31.00	
219.175457	31.00	
220.175928	31.00	
221.184158	31.00	
222.206057	31.00	
223.187652	31.00	
224.196096	31.00	
225.20761	31.00	
226.211576	31.00	
227.217096	31.00	
228.225266	31.00	
229.236469	31.00	
230.226002	31.00	
231.231032	31.00	
232.235188	31.00	
233.244507	31.00	
234.249033	31.00	
235.248945	31.00	
236.255153	31.00	
237.257767	31.00	
238.273309	31.00	
239.267251	31.00	
240.279116	31.00	
241.280045	31.00	
242.286046	31.00	
243.288966	31.00	
244.292681	31.00	
245.297448	31.00	
246.306035	31.00	
247.31405	31.00	
248.321112	31.00	
249.326159	31.00	
250.337807	31.00	
251.328162	31.00	
252.33579	31.00	
253.346143	31.00	
254.347989	31.00	
255.347802	31.00	
256.358116	31.00	
257.365086	31.00	
258.383092	31.00	
259.374953	31.00	
260.378318	31.00	
261.386135	31.00	
262.386973	31.00	
263.395029	31.00	
264.39411	31.00	
265.406274	31.00	
266.407121	31.00	
267.408217	31.00	
268.416977	31.00	
269.425054	31.00	
270.425115	31.00	
271.434938	31.00	
272.439042	31.00	
273.439125	31.00	
274.464	31.00	
275.478363	31.00	
276.456983	31.00	
277.466362	31.00	
278.477075	31.00	
279.46802	31.00	
280.476051	31.00	
281.495293	31.00	
282.487036	31.00	
283.494973	31.00	
284.496783	31.00	
285.49808	31.00	
286.50719	31.00	
287.510016	31.00	
288.514916	31.00	
289.53557	31.00	
290.555559	31.00	
291.528095	31.00	
292.534874	31.00	
293.537478	31.00	
294.54219	31.00	
295.547991	31.00	
296.558962	31.00	
297.566345	31.00	
298.577979	31.00	
299.567508	31.00	
