0.673465	1773.00	
1.672575	1773.00	
2.681533	1773.00	
3.690654	1773.00	
4.687493	1773.00	
5.706526	1773.00	
6.703462	1773.00	
7.71147	1773.00	
8.717599	1773.00	
9.726934	1773.00	
10.727541	1773.00	
11.741211	1773.00	
12.732549	1773.00	
13.743542	1773.00	
14.744583	1773.00	
15.753524	1773.00	
16.758466	1773.00	
17.764687	1773.00	
18.772568	1773.00	
19.77357	1773.00	
20.776189	1773.00	
21.782629	1773.00	
22.787457	1773.00	
23.797533	1773.00	
24.800556	1773.00	
25.803212	1773.00	
26.809546	1773.00	
27.823728	1773.00	
28.824566	1773.00	
29.83645	1773.00	
30.841839	1773.00	
31.841541	1773.00	
32.849601	1773.00	
33.860004	1773.00	
34.857761	1773.00	
35.859534	1773.00	
36.870512	1773.00	
37.872539	1773.00	
38.878521	1773.00	
39.883527	1773.00	
40.891467	1773.00	
41.894522	1773.00	
42.919708	1773.00	
43.904437	1773.00	
44.911555	1773.00	
45.920514	1773.00	
46.92171	1773.00	
47.928574	1773.00	
48.932474	1773.00	
49.94261	1773.00	
50.947518	1773.00	
51.953726	1773.00	
52.958572	1773.00	
53.969164	1773.00	
54.968687	1773.00	
55.970464	1773.00	
56.979434	1773.00	
57.986027	1773.00	
58.986609	1773.00	
59.996531	1773.00	
61.002492	1773.00	
62.001513	1773.00	
63.009727	1773.00	
64.014563	1773.00	
65.019564	1773.00	
66.033988	1773.00	
67.035018	1773.00	
68.042648	1773.00	
69.048483	1773.00	
70.051454	1773.00	
71.052667	1773.00	
72.06568	1773.00	
73.068901	1773.00	
74.070533	1773.00	
75.082043	1773.00	
76.081123	1773.00	
77.088489	1773.00	
78.092725	1773.00	
79.1155	1773.00	
80.107635	1773.00	
81.114283	1773.00	
82.115562	1773.00	
83.12349	1773.00	
84.129456	1773.00	
85.13052	1773.00	
86.139411	1773.00	
87.147313	1773.00	
88.152292	1773.00	
89.153544	1773.00	
90.162521	1773.00	
91.163888	1773.00	
92.170567	1773.00	
93.180461	1773.00	
94.182495	1773.00	
95.190621	1773.00	
96.19345	1773.00	
97.201263	1773.00	
98.206751	1773.00	
99.212671	1773.00	
100.214527	1773.00	
101.221611	1773.00	
102.223768	1773.00	
103.233504	1773.00	
104.238506	1773.00	
105.251768	1773.00	
106.254509	1773.00	
107.254551	1773.00	
108.263495	1773.00	
109.277153	1773.00	
110.272588	1773.00	
111.280407	1773.00	
112.279327	1773.00	
113.28849	1773.00	
114.290463	1773.00	
115.299441	1773.00	
116.303872	1773.00	
117.308504	1773.00	
118.320515	1773.00	
119.318595	1773.00	
120.329104	1773.00	
121.332486	1773.00	
122.334699	1773.00	
123.353837	1773.00	
124.351677	1773.00	
125.351489	1773.00	
126.360491	1773.00	
127.362603	1773.00	
128.373583	1773.00	
129.374508	1773.00	
130.380535	1773.00	
131.383791	1773.00	
132.393554	1773.00	
133.408847	1773.00	
134.402488	1773.00	
135.409432	1773.00	
136.414613	1773.00	
137.423615	1773.00	
138.44086	1773.00	
139.445651	1773.00	
140.449428	1773.00	
141.443526	1773.00	
142.445412	1773.00	
143.456486	1773.00	
144.460632	1773.00	
145.463522	1773.00	
146.470574	1773.00	
147.474526	1773.00	
148.483519	1773.00	
149.484844	1773.00	
150.489561	1773.00	
151.51013	1773.00	
152.503601	1773.00	
153.510663	1773.00	
154.51282	1773.00	
155.523658	1773.00	
156.531001	1773.00	
157.533685	1773.00	
158.534529	1773.00	
159.543504	1773.00	
160.553501	1773.00	
161.55159	1773.00	
162.565148	1773.00	
163.563519	1773.00	
164.573634	1773.00	
165.580716	1773.00	
166.584543	1773.00	
167.585492	1773.00	
168.590634	1773.00	
169.600765	1773.00	
170.604461	1773.00	
171.611467	1773.00	
172.616351	1773.00	
173.620697	1773.00	
174.631735	1773.00	
175.631571	1773.00	
176.641101	1773.00	
177.64608	1773.00	
178.652412	1773.00	
179.654487	1773.00	
180.665491	1773.00	
181.663746	1773.00	
182.666692	1773.00	
183.673209	1773.00	
184.685671	1773.00	
185.690579	1773.00	
186.694503	1773.00	
187.701933	1773.00	
188.712134	1773.00	
189.710642	1773.00	
190.711647	1773.00	
191.722534	1773.00	
192.723777	1773.00	
193.734516	1773.00	
194.737673	1773.00	
195.743616	1773.00	
196.755019	1773.00	
197.753474	1773.00	
198.761441	1773.00	
199.763444	1773.00	
200.769621	1773.00	
201.775516	1773.00	
202.780672	1773.00	
203.790545	1773.00	
204.791548	1773.00	
205.793651	1773.00	
206.80463	1773.00	
207.811555	1773.00	
208.817561	1773.00	
209.822469	1773.00	
210.822578	1773.00	
211.831863	1773.00	
212.839014	1773.00	
213.841529	1773.00	
214.84313	1773.00	
215.851755	1773.00	
216.862505	1773.00	
217.874568	1773.00	
218.871531	1773.00	
219.879575	1773.00	
220.88451	1773.00	
221.884535	1773.00	
222.904801	1773.00	
223.893509	1773.00	
224.901569	1773.00	
225.90427	1773.00	
226.912457	1773.00	
227.92055	1773.00	
228.921767	1773.00	
229.932539	1773.00	
230.932545	1773.00	
231.943931	1773.00	
232.947768	1773.00	
233.951576	1773.00	
234.965109	1773.00	
235.963592	1773.00	
236.972599	1773.00	
237.971501	1773.00	
238.983492	1773.00	
239.980838	1773.00	
240.993171	1773.00	
241.992912	1773.00	
242.99899	1773.00	
244.009538	1773.00	
245.017665	1773.00	
246.03553	1773.00	
247.020466	1773.00	
248.026545	1773.00	
249.033787	1773.00	
250.044578	1773.00	
251.050507	1773.00	
252.064235	1773.00	
253.05369	1773.00	
254.061557	1773.00	
255.069453	1773.00	
256.070456	1773.00	
257.082707	1773.00	
258.081478	1773.00	
259.089585	1773.00	
260.108657	1773.00	
261.104743	1773.00	
262.102629	1773.00	
263.110563	1773.00	
264.116683	1773.00	
265.121465	1773.00	
266.13069	1773.00	
267.137591	1773.00	
268.141566	1773.00	
269.142466	1773.00	
270.151542	1773.00	
271.154655	1773.00	
272.166871	1773.00	
273.171078	1773.00	
274.171489	1773.00	
275.175114	1773.00	
276.184546	1773.00	
277.190549	1773.00	
278.191578	1773.00	
279.200544	1773.00	
280.209521	1773.00	
281.219223	1773.00	
282.223936	1773.00	
283.223742	1773.00	
284.245069	1773.00	
285.230842	1773.00	
286.238508	1773.00	
287.243525	1773.00	
288.246619	1773.00	
289.26048	1773.00	
290.259451	1773.00	
291.270543	1773.00	
292.271633	1773.00	
293.280104	1773.00	
294.291051	1773.00	
295.293102	1773.00	
296.29466	1773.00	
297.304528	1773.00	
298.307594	1773.00	
299.317686	1773.00	
