0.653837	1940.00	
1.658629	1940.00	
2.672329	1940.00	
3.668745	1940.00	
4.677097	1940.00	
5.679096	1940.00	
6.687048	1940.00	
7.696952	1940.00	
8.696052	1940.00	
9.700101	1940.00	
10.708082	1940.00	
11.715263	1940.00	
12.724525	1940.00	
13.735251	1940.00	
14.728053	1940.00	
15.72997	1940.00	
16.737148	1940.00	
17.741257	1940.00	
18.748753	1940.00	
19.760626	1940.00	
20.754081	1940.00	
21.759085	1940.00	
22.768367	1940.00	
23.770009	1940.00	
24.776149	1940.00	
25.779206	1940.00	
26.800555	1940.00	
27.788739	1940.00	
28.799032	1940.00	
29.797687	1940.00	
30.809132	1940.00	
31.808966	1940.00	
32.817036	1940.00	
33.823476	1940.00	
34.841201	1940.00	
35.827986	1940.00	
36.840067	1940.00	
37.843639	1940.00	
38.858757	1940.00	
39.849091	1940.00	
40.861864	1940.00	
41.85733	1940.00	
42.868066	1940.00	
43.868978	1940.00	
44.8781	1940.00	
45.879004	1940.00	
46.887302	1940.00	
47.889298	1940.00	
48.898987	1940.00	
49.897993	1940.00	
50.906984	1940.00	
51.911018	1940.00	
52.918068	1940.00	
53.917487	1940.00	
54.937528	1940.00	
55.936254	1940.00	
56.936985	1940.00	
57.93794	1940.00	
58.948951	1940.00	
59.956059	1940.00	
60.958038	1940.00	
61.95803	1940.00	
62.961819	1940.00	
63.969007	1940.00	
64.979114	1940.00	
65.976999	1940.00	
66.984225	1940.00	
67.989164	1940.00	
69.00004	1940.00	
69.999076	1940.00	
71.008123	1940.00	
72.011069	1940.00	
73.019008	1940.00	
74.01707	1940.00	
75.028067	1940.00	
76.034025	1940.00	
77.032959	1940.00	
78.044116	1940.00	
79.04803	1940.00	
80.0502	1940.00	
81.058996	1940.00	
82.060173	1940.00	
83.066983	1940.00	
84.06911	1940.00	
85.077022	1940.00	
86.098697	1940.00	
87.082127	1940.00	
88.101106	1940.00	
89.091048	1940.00	
90.106733	1940.00	
91.110049	1940.00	
92.12153	1940.00	
93.133321	1940.00	
94.123083	1940.00	
95.122107	1940.00	
96.128119	1940.00	
97.131424	1940.00	
98.137082	1940.00	
99.146996	1940.00	
100.148019	1940.00	
101.158014	1940.00	
102.156218	1940.00	
103.160327	1940.00	
104.166072	1940.00	
105.170517	1940.00	
106.17541	1940.00	
107.189097	1940.00	
108.201654	1940.00	
109.19074	1940.00	
110.195684	1940.00	
111.200974	1940.00	
112.206081	1940.00	
113.217974	1940.00	
114.217276	1940.00	
115.220751	1940.00	
116.227027	1940.00	
117.241268	1940.00	
118.252449	1940.00	
119.262227	1940.00	
120.245009	1940.00	
121.249974	1940.00	
122.256099	1940.00	
123.263067	1940.00	
124.26797	1940.00	
125.277975	1940.00	
126.295589	1940.00	
127.286982	1940.00	
128.290071	1940.00	
129.291253	1940.00	
130.313845	1940.00	
131.308089	1940.00	
132.308059	1940.00	
133.333423	1940.00	
134.317986	1940.00	
135.319408	1940.00	
136.332506	1940.00	
137.330722	1940.00	
138.337087	1940.00	
139.339194	1940.00	
140.356403	1940.00	
141.35124	1940.00	
142.359172	1940.00	
143.368094	1940.00	
144.369112	1940.00	
145.377088	1940.00	
146.374964	1940.00	
147.380055	1940.00	
148.389088	1940.00	
149.398054	1940.00	
150.39402	1940.00	
151.399127	1940.00	
152.40698	1940.00	
153.416127	1940.00	
154.421363	1940.00	
155.421114	1940.00	
156.429639	1940.00	
157.429352	1940.00	
158.435257	1940.00	
159.4393	1940.00	
160.44805	1940.00	
161.457054	1940.00	
162.45886	1940.00	
163.460023	1940.00	
164.464604	1940.00	
165.471074	1940.00	
166.478245	1940.00	
167.480997	1940.00	
168.491186	1940.00	
169.504174	1940.00	
170.497075	1940.00	
171.49998	1940.00	
172.506998	1940.00	
173.516992	1940.00	
174.520099	1940.00	
175.527058	1940.00	
176.523216	1940.00	
177.531949	1940.00	
178.53499	1940.00	
179.538989	1940.00	
180.545075	1940.00	
181.550991	1940.00	
182.556976	1940.00	
183.55912	1940.00	
184.56611	1940.00	
185.568275	1940.00	
186.580007	1940.00	
187.579282	1940.00	
188.583371	1940.00	
189.597611	1940.00	
190.612252	1940.00	
191.599056	1940.00	
192.604947	1940.00	
193.610978	1940.00	
194.619937	1940.00	
195.617906	1940.00	
196.627093	1940.00	
197.628993	1940.00	
198.63786	1940.00	
199.638989	1940.00	
200.646998	1940.00	
201.650006	1940.00	
202.656993	1940.00	
203.66006	1940.00	
204.671027	1940.00	
205.669083	1940.00	
206.678168	1940.00	
207.691229	1940.00	
208.689012	1940.00	
209.690971	1940.00	
210.700017	1940.00	
211.712057	1940.00	
212.708521	1940.00	
213.711131	1940.00	
214.717076	1940.00	
215.720158	1940.00	
216.730102	1940.00	
217.731061	1940.00	
218.73705	1940.00	
219.738134	1940.00	
220.749106	1940.00	
221.754737	1940.00	
222.759199	1940.00	
223.757036	1940.00	
224.768583	1940.00	
225.770024	1940.00	
226.771942	1940.00	
227.780011	1940.00	
228.789061	1940.00	
229.788106	1940.00	
230.798022	1940.00	
231.797045	1940.00	
232.807113	1940.00	
233.814091	1940.00	
234.817074	1940.00	
235.817031	1940.00	
236.822078	1940.00	
237.840149	1940.00	
238.838165	1940.00	
239.855813	1940.00	
240.849182	1940.00	
241.851025	1940.00	
242.856035	1940.00	
243.860019	1940.00	
244.874785	1940.00	
245.87684	1940.00	
246.871412	1940.00	
247.880081	1940.00	
248.888008	1940.00	
249.888701	1940.00	
250.899137	1940.00	
251.898121	1940.00	
252.901492	1940.00	
253.908255	1940.00	
254.918232	1940.00	
255.920204	1940.00	
256.928002	1940.00	
257.928047	1940.00	
258.94762	1940.00	
259.938044	1940.00	
260.949196	1940.00	
261.951201	1940.00	
262.960558	1940.00	
263.962223	1940.00	
264.960361	1940.00	
265.97018	1940.00	
266.970333	1940.00	
267.981822	1940.00	
268.986969	1940.00	
269.987023	1940.00	
270.998115	1940.00	
272.009309	1940.00	
273.008028	1940.00	
274.010059	1940.00	
275.017954	1940.00	
276.017116	1940.00	
277.027181	1940.00	
278.029062	1940.00	
279.031118	1940.00	
280.037998	1940.00	
281.040158	1940.00	
282.046987	1940.00	
283.055741	1940.00	
284.06091	1940.00	
285.067013	1940.00	
286.066091	1940.00	
287.077787	1940.00	
288.093124	1940.00	
289.088144	1940.00	
290.098109	1940.00	
291.089067	1940.00	
292.101471	1940.00	
293.100166	1940.00	
294.109825	1940.00	
295.113074	1940.00	
296.121116	1940.00	
297.12021	1940.00	
298.145127	1940.00	
299.148803	1940.00	
300.142086	1940.00	
