0.001693	228.00	
1.006089	1713.00	
2.005857	1713.00	
3.021294	1713.00	
4.030164	1713.00	
5.023044	1713.00	
6.030895	1713.00	
7.034825	1713.00	
8.038897	1713.00	
9.043984	1713.00	
10.051806	1713.00	
11.051754	1713.00	
12.059877	1713.00	
13.075927	1713.00	
14.064292	1713.00	
15.075849	1713.00	
16.074792	1713.00	
17.080349	1713.00	
18.091425	1713.00	
19.095922	1713.00	
20.099802	1713.00	
21.107848	1713.00	
22.107843	1713.00	
23.115831	1713.00	
24.114751	1713.00	
25.125844	1713.00	
26.1251	1713.00	
27.1378	1713.00	
28.138864	1713.00	
29.145759	1713.00	
30.143807	1713.00	
31.154149	1713.00	
32.154051	1713.00	
33.163898	1713.00	
34.164245	1713.00	
35.171875	1713.00	
36.178728	1713.00	
37.183819	1713.00	
38.19253	1713.00	
39.204643	1713.00	
40.202431	1713.00	
41.210633	1713.00	
42.204237	1713.00	
43.213805	1713.00	
44.220751	1713.00	
45.220813	1713.00	
46.228758	1713.00	
47.233861	1713.00	
48.233534	1713.00	
49.246246	1713.00	
50.243883	1713.00	
51.253839	1713.00	
52.259069	1713.00	
53.265833	1713.00	
54.267797	1713.00	
55.274755	1713.00	
56.275991	1713.00	
57.277841	1713.00	
58.2899	1713.00	
59.293822	1713.00	
60.293451	1713.00	
61.30507	1713.00	
62.307867	1713.00	
63.314941	1713.00	
64.314843	1713.00	
65.317869	1713.00	
66.323977	1713.00	
67.333823	1713.00	
68.337781	1713.00	
69.346999	1713.00	
70.34671	1713.00	
71.354816	1713.00	
72.359845	1713.00	
73.362827	1713.00	
74.365376	1713.00	
75.367785	1713.00	
76.374147	1713.00	
77.392668	1713.00	
78.396097	1713.00	
79.393886	1713.00	
80.392725	1713.00	
81.400819	1713.00	
82.402785	1713.00	
83.412813	1713.00	
84.417864	1713.00	
85.424847	1713.00	
86.424828	1713.00	
87.432858	1713.00	
88.432902	1713.00	
89.437235	1713.00	
90.448991	1713.00	
91.453877	1713.00	
92.454877	1713.00	
93.457111	1713.00	
94.463878	1713.00	
95.473785	1713.00	
96.474812	1713.00	
97.480784	1713.00	
98.483733	1713.00	
99.493847	1713.00	
100.492842	1713.00	
101.503881	1713.00	
102.504884	1713.00	
103.508863	1713.00	
104.518815	1713.00	
105.51648	1713.00	
106.526102	1713.00	
107.533887	1713.00	
108.533803	1713.00	
109.544786	1713.00	
110.544807	1713.00	
111.553819	1713.00	
112.552791	1713.00	
113.560859	1713.00	
114.562181	1713.00	
115.573771	1713.00	
116.577789	1713.00	
117.583781	1713.00	
118.5879	1713.00	
119.592805	1713.00	
120.598862	1713.00	
121.596056	1713.00	
122.606856	1713.00	
123.608853	1713.00	
124.622899	1713.00	
125.634181	1713.00	
126.62587	1713.00	
127.625774	1713.00	
128.63578	1713.00	
129.643827	1713.00	
130.643819	1713.00	
131.64903	1713.00	
132.650553	1713.00	
133.655877	1713.00	
134.664765	1713.00	
135.673972	1713.00	
136.675868	1713.00	
137.70208	1713.00	
138.680922	1713.00	
139.720833	1713.00	
140.695817	1713.00	
141.706831	1713.00	
142.704822	1713.00	
143.717932	1713.00	
144.71381	1713.00	
145.721882	1713.00	
146.721008	1713.00	
147.730913	1713.00	
148.734833	1713.00	
149.738817	1713.00	
150.747043	1713.00	
151.748891	1713.00	
152.754865	1713.00	
153.75789	1713.00	
154.764867	1713.00	
155.769266	1713.00	
156.781921	1713.00	
157.793218	1713.00	
158.78785	1713.00	
159.78786	1713.00	
160.794821	1713.00	
161.795882	1713.00	
162.802928	1713.00	
163.807789	1713.00	
164.815944	1713.00	
165.818782	1713.00	
166.825786	1713.00	
167.82583	1713.00	
168.851016	1713.00	
169.849036	1713.00	
170.84085	1713.00	
171.849849	1713.00	
172.852804	1713.00	
173.855269	1713.00	
174.86383	1713.00	
175.873145	1713.00	
176.874089	1713.00	
177.876855	1713.00	
178.882835	1713.00	
179.884315	1713.00	
180.895833	1713.00	
181.900935	1713.00	
182.914295	1713.00	
183.904624	1713.00	
184.916799	1713.00	
185.913657	1713.00	
186.92384	1713.00	
187.9418	1713.00	
188.933889	1713.00	
189.941888	1713.00	
190.94684	1713.00	
191.950865	1713.00	
192.954901	1713.00	
193.954778	1713.00	
194.962859	1713.00	
195.963861	1713.00	
196.981588	1713.00	
197.975033	1713.00	
198.986864	1713.00	
199.984127	1713.00	
200.994136	1713.00	
201.995861	1713.00	
203.007881	1713.00	
204.008868	1713.00	
205.0159	1713.00	
206.016738	1713.00	
207.024961	1713.00	
208.02591	1713.00	
209.04271	1713.00	
210.039848	1713.00	
211.043988	1713.00	
212.049797	1713.00	
213.053904	1713.00	
214.060809	1713.00	
215.066482	1713.00	
216.063602	1713.00	
217.073753	1713.00	
218.080831	1713.00	
219.095256	1713.00	
220.091725	1713.00	
221.105678	1713.00	
222.094809	1713.00	
223.103786	1713.00	
224.10282	1713.00	
225.11397	1713.00	
226.125949	1713.00	
227.132805	1713.00	
228.130879	1713.00	
229.136107	1713.00	
230.132984	1713.00	
231.14384	1713.00	
232.14301	1713.00	
233.14719	1713.00	
234.158636	1713.00	
235.168052	1713.00	
236.168837	1713.00	
237.173885	1713.00	
238.177746	1713.00	
239.184848	1713.00	
240.186226	1713.00	
241.196327	1713.00	
242.203322	1713.00	
243.203878	1713.00	
244.204849	1713.00	
245.207998	1713.00	
246.218884	1713.00	
247.224143	1713.00	
248.225869	1713.00	
249.233748	1713.00	
250.233835	1713.00	
251.243821	1713.00	
252.242974	1713.00	
253.255773	1713.00	
254.254009	1713.00	
255.256853	1713.00	
256.263824	1713.00	
257.273792	1713.00	
258.27286	1713.00	
259.276981	1713.00	
260.28531	1713.00	
261.292951	1713.00	
262.309294	1713.00	
263.297275	1713.00	
264.301253	1713.00	
265.313885	1713.00	
266.313949	1713.00	
267.324904	1713.00	
268.327053	1713.00	
269.329039	1713.00	
270.33163	1713.00	
271.343766	1713.00	
272.342795	1713.00	
273.35193	1713.00	
274.353947	1713.00	
275.363961	1713.00	
276.371216	1713.00	
277.388056	1713.00	
278.37694	1713.00	
279.376849	1713.00	
280.381875	1713.00	
281.401619	1713.00	
282.393809	1713.00	
283.396984	1713.00	
284.404816	1713.00	
285.413085	1713.00	
286.412819	1713.00	
287.415966	1713.00	
288.421511	1713.00	
289.432828	1713.00	
290.435811	1713.00	
291.441898	1713.00	
292.443896	1713.00	
293.446256	1713.00	
294.453806	1713.00	
295.456312	1713.00	
296.466171	1713.00	
297.473751	1713.00	
298.474848	1713.00	
299.476816	1713.00	
