0.908789	1674.00	
1.408698	1811.00	f
1.408765	3635.00	l
1.418786	2765.00	r
1.948979	389.00	l
1.949045	1662.00	r
1.959634	1150.00	f
2.158844	1674.00	
2.948955	389.00	l
2.949022	1623.00	r
2.958946	836.00	f
3.158701	1375.00	
3.948878	364.00	l
3.958875	1551.00	r
3.958938	785.00	f
4.159378	477.00	
4.948907	362.00	l
4.958911	671.00	r
4.958974	710.00	f
5.158888	380.00	
5.948954	362.00	l
5.959095	540.00	r
5.959157	513.00	f
6.15885	334.00	
6.948956	154.00	l
6.958975	540.00	r
6.959037	451.00	f
7.168815	252.00	
7.95884	150.00	l
7.958913	461.00	r
7.958974	439.00	f
8.168974	250.00	
8.958769	150.00	l
8.958833	372.00	r
8.968759	427.00	f
9.168862	250.00	
9.958998	142.00	l
9.959062	372.00	r
9.96901	409.00	f
10.168799	250.00	
10.958879	142.00	l
10.958944	358.00	r
10.968859	403.00	f
11.168738	250.00	
11.958842	142.00	l
11.958907	268.00	r
11.968839	396.00	f
12.168994	250.00	
12.958738	115.00	l
12.958803	268.00	r
12.96873	353.00	f
13.168927	250.00	
13.958975	65.00	l
13.95904	235.00	r
13.969347	348.00	f
14.168864	250.00	
14.958959	65.00	l
14.968951	235.00	r
14.969014	342.00	f
15.169622	250.00	
15.958852	65.00	l
15.968861	225.00	r
15.968925	309.00	f
16.168979	250.00	
16.958758	65.00	l
16.968757	185.00	r
16.968821	307.00	f
17.168891	250.00	
17.958725	65.00	l
17.968724	174.00	r
17.968789	307.00	f
18.178817	250.00	
18.969252	65.00	l
18.969316	174.00	r
18.969377	125.00	f
19.178803	250.00	
19.968982	65.00	l
19.969046	174.00	r
19.978978	125.00	f
20.178834	65.00	
20.968902	65.00	l
20.968967	174.00	r
20.978884	125.00	f
21.178886	65.00	
21.968859	65.00	l
21.968924	174.00	r
21.978857	125.00	f
22.178846	65.00	
22.969094	65.00	l
22.969158	174.00	r
22.979721	125.00	f
23.178817	65.00	
23.96888	65.00	l
23.968944	174.00	r
23.978874	125.00	f
24.180047	65.00	
24.968872	65.00	l
24.978872	174.00	r
24.978936	125.00	f
25.178979	65.00	
25.968697	65.00	l
25.978696	174.00	r
25.978759	125.00	f
26.178808	65.00	
26.968925	65.00	l
26.978929	174.00	r
26.979003	125.00	f
27.178851	65.00	
27.968819	65.00	l
27.978818	174.00	r
27.978881	125.00	f
28.189076	65.00	
28.978846	65.00	l
28.978921	174.00	r
28.978984	125.00	f
29.188921	65.00	
29.978761	65.00	l
29.978826	174.00	r
29.988733	125.00	f
30.188851	65.00	
30.978947	65.00	l
30.979012	174.00	r
30.988927	125.00	f
31.189914	65.00	
31.978807	65.00	l
31.978873	174.00	r
31.98878	125.00	f
32.188893	65.00	
32.978946	65.00	l
32.979011	174.00	r
32.989057	125.00	f
33.188815	65.00	
33.978923	65.00	l
33.978989	174.00	r
33.988916	125.00	f
34.188957	65.00	
34.97882	65.00	l
34.978885	174.00	r
34.988799	125.00	f
35.188913	65.00	
35.983796	65.00	l
35.983861	174.00	r
35.983923	125.00	f
36.193902	65.00	
36.984235	65.00	l
36.984299	174.00	r
36.994872	125.00	f
37.193812	65.00	
37.984892	65.00	l
37.984956	174.00	r
37.993744	125.00	f
38.193816	65.00	
38.983998	65.00	l
38.984062	174.00	r
38.993989	125.00	f
39.19385	65.00	
39.983793	65.00	l
39.983857	174.00	r
39.993779	125.00	f
40.193885	65.00	
40.9837	65.00	l
40.993837	174.00	r
40.993901	125.00	f
41.193837	65.00	
41.984022	65.00	l
41.994556	174.00	r
41.994619	125.00	f
42.193765	65.00	
42.983818	65.00	l
42.99383	174.00	r
42.993894	125.00	f
43.195306	65.00	
43.983946	65.00	l
43.99395	174.00	r
43.994014	125.00	f
44.203805	65.00	
44.993862	65.00	l
44.993926	174.00	r
44.993988	125.00	f
45.203895	65.00	
45.993775	65.00	l
45.993839	174.00	r
46.003891	125.00	f
46.2038	65.00	
46.993949	65.00	l
46.994013	174.00	r
47.004161	125.00	f
47.203857	65.00	
47.993826	65.00	l
47.99389	174.00	r
48.003967	125.00	f
48.205177	65.00	
48.993883	65.00	l
48.993948	174.00	r
49.003872	125.00	f
49.203829	65.00	
49.993824	65.00	l
49.995416	174.00	r
50.003796	125.00	f
50.203769	65.00	
50.993978	65.00	l
51.00396	174.00	r
51.004023	125.00	f
51.203851	65.00	
51.993867	65.00	l
52.003875	174.00	r
52.003938	125.00	f
52.203764	65.00	
52.993891	65.00	l
53.003894	174.00	r
53.003958	125.00	f
53.204125	65.00	
53.993776	65.00	l
54.003896	174.00	r
54.00396	125.00	f
54.203996	65.00	
54.993792	65.00	l
55.003801	174.00	r
55.003866	125.00	f
55.203977	65.00	
56.003821	65.00	l
56.003885	174.00	r
56.003947	125.00	f
56.213846	65.00	
57.003854	65.00	l
57.003918	174.00	r
57.003986	125.00	f
57.213856	65.00	
58.003771	65.00	l
58.003836	174.00	r
58.013748	125.00	f
58.213771	65.00	
59.003978	65.00	l
59.004042	174.00	r
59.013955	125.00	f
59.21381	65.00	
60.003935	65.00	l
60.003999	174.00	r
60.01394	125.00	f
60.215317	65.00	
61.00385	65.00	l
61.003916	174.00	r
61.013846	125.00	f
61.21434	65.00	
62.003761	65.00	l
62.003826	174.00	r
62.013912	125.00	f
62.213871	65.00	
63.003804	65.00	l
63.013789	174.00	r
63.013853	125.00	f
63.213915	65.00	
64.003774	65.00	l
64.013765	174.00	r
64.013829	125.00	f
64.213828	65.00	
65.003896	65.00	l
65.013895	174.00	r
65.013958	125.00	f
65.213749	65.00	
66.013879	65.00	l
66.013942	174.00	r
66.014004	125.00	f
66.223877	65.00	
67.01383	65.00	l
67.013894	174.00	r
67.013957	125.00	f
67.223881	65.00	
68.013793	65.00	l
68.013857	174.00	r
68.023759	125.00	f
68.223867	65.00	
69.013835	65.00	l
69.013901	174.00	r
69.023757	125.00	f
69.223835	65.00	
70.013834	65.00	l
70.013899	174.00	r
70.023755	125.00	f
70.223838	65.00	
71.014478	65.00	l
71.014542	174.00	r
71.025115	125.00	f
71.223803	65.00	
72.013865	65.00	l
72.013939	174.00	r
72.02396	125.00	f
72.22381	65.00	
73.013866	65.00	l
73.023979	174.00	r
73.024043	125.00	f
73.22383	65.00	
74.013882	65.00	l
74.023859	174.00	r
74.023922	125.00	f
74.223742	65.00	
75.013853	65.00	l
75.023808	174.00	r
75.023872	125.00	f
75.223935	65.00	
76.013736	65.00	l
76.023853	174.00	r
76.023917	125.00	f
76.233859	65.00	
77.023959	65.00	l
77.024023	174.00	r
77.024089	125.00	f
77.233738	65.00	
78.023973	65.00	l
78.024036	174.00	r
78.024103	125.00	f
78.233722	65.00	
79.023963	65.00	l
79.024027	174.00	r
79.033943	125.00	f
79.233754	65.00	
80.023866	65.00	l
80.023931	174.00	r
80.033853	125.00	f
80.233934	65.00	
81.023904	65.00	l
81.023969	174.00	r
81.03389	125.00	f
81.233954	65.00	
82.023769	65.00	l
82.023833	174.00	r
82.03375	125.00	f
82.233816	65.00	
83.023879	65.00	l
83.023942	174.00	r
83.034028	125.00	f
83.233742	65.00	
84.023896	65.00	l
84.033895	174.00	r
84.033958	125.00	f
84.233826	65.00	
85.02389	65.00	l
85.03388	174.00	r
85.033944	125.00	f
85.234407	65.00	
86.023876	65.00	l
86.033894	174.00	r
86.033958	125.00	f
86.23462	65.00	
87.023912	65.00	l
87.033908	174.00	r
87.033972	125.00	f
87.244329	65.00	
88.023822	65.00	l
88.033829	174.00	r
88.033893	125.00	f
88.243992	65.00	
89.034806	65.00	l
89.03487	174.00	r
89.034932	125.00	f
89.24487	65.00	
90.034963	65.00	l
90.035026	174.00	r
90.035088	125.00	f
90.244823	65.00	
91.034819	65.00	l
91.034882	174.00	r
91.044956	125.00	f
91.244697	65.00	
92.034873	65.00	l
92.034937	174.00	r
92.044865	125.00	f
92.244922	65.00	
93.034763	65.00	l
93.034827	174.00	r
93.044812	125.00	f
93.244882	65.00	
94.035004	65.00	l
94.035067	174.00	r
94.044929	125.00	f
94.244776	65.00	
95.034811	65.00	l
95.044926	174.00	r
95.044991	125.00	f
95.245621	65.00	
96.035845	65.00	l
96.035911	174.00	r
96.04583	125.00	f
96.245944	65.00	
97.035789	65.00	l
97.045805	174.00	r
97.045869	125.00	f
97.245908	65.00	
98.035892	65.00	l
98.045929	174.00	r
98.045992	125.00	f
98.24581	65.00	
99.035952	65.00	l
99.045974	174.00	r
99.046037	125.00	f
99.245866	65.00	
100.035946	65.00	l
100.045965	174.00	r
100.046029	125.00	f
100.255798	65.00	
101.045843	65.00	l
101.045907	174.00	r
101.045969	125.00	f
101.256163	65.00	
102.04587	65.00	l
102.045935	174.00	r
102.055841	125.00	f
102.255977	65.00	
103.045829	65.00	l
103.045894	174.00	r
103.05581	125.00	f
103.255916	65.00	
104.047242	65.00	l
104.047307	174.00	r
104.055703	125.00	f
104.255847	65.00	
105.045867	65.00	l
105.045932	174.00	r
105.056014	125.00	f
105.255754	65.00	
106.045953	65.00	l
106.046017	174.00	r
106.055938	125.00	f
106.255848	65.00	
107.045842	65.00	l
107.045907	174.00	r
107.055843	125.00	f
107.255965	65.00	
108.045726	65.00	l
108.055731	174.00	r
108.055795	125.00	f
108.255848	65.00	
109.04576	65.00	l
109.055758	174.00	r
109.055821	125.00	f
109.255896	65.00	
110.046224	65.00	l
110.056811	174.00	r
110.056874	125.00	f
110.255806	65.00	
111.045913	65.00	l
111.055919	174.00	r
111.055983	125.00	f
111.265782	65.00	
112.055892	65.00	l
112.055957	174.00	r
112.056018	125.00	f
112.267061	65.00	
113.05575	65.00	l
113.055816	174.00	r
113.065875	125.00	f
113.26581	65.00	
114.055995	65.00	l
114.056059	174.00	r
114.066622	125.00	f
114.265866	65.00	
115.055875	65.00	l
115.05594	174.00	r
115.065872	125.00	f
115.265868	65.00	
116.055867	65.00	l
116.055942	174.00	r
116.065859	125.00	f
116.266662	65.00	
117.055892	65.00	l
117.055957	174.00	r
117.065889	125.00	f
117.266015	60.00	
118.055797	65.00	l
118.065811	174.00	r
118.065875	125.00	f
118.265907	60.00	
119.055916	65.00	l
119.066338	174.00	r
119.066401	125.00	f
119.265854	60.00	
120.055822	65.00	l
120.065834	174.00	r
120.065898	125.00	f
120.266292	60.00	
121.055844	65.00	l
121.06585	174.00	r
121.065914	125.00	f
121.275907	60.00	
122.056556	65.00	l
122.067176	174.00	r
122.067239	125.00	f
122.275833	60.00	
123.06596	65.00	l
123.066024	174.00	r
123.066087	125.00	f
123.276709	60.00	
124.065912	65.00	l
124.065977	174.00	r
124.066039	125.00	f
124.275852	60.00	
125.065834	65.00	l
125.065899	174.00	r
125.07582	125.00	f
125.275913	60.00	
126.065918	65.00	l
126.065982	174.00	r
126.075913	125.00	f
126.277351	60.00	
127.065814	65.00	l
127.065879	174.00	r
127.075808	125.00	f
127.275922	60.00	
128.065732	65.00	l
128.065798	174.00	r
128.075867	125.00	f
128.275832	60.00	
129.066251	65.00	l
129.076819	174.00	r
129.076882	125.00	f
129.275891	60.00	
130.065857	65.00	l
130.07588	174.00	r
130.075944	125.00	f
130.275832	60.00	
131.065855	65.00	l
131.075861	174.00	r
131.075925	125.00	f
131.276829	60.00	
132.065751	65.00	l
132.075751	174.00	r
132.075815	125.00	f
132.28596	60.00	
133.075913	65.00	l
133.075977	174.00	r
133.076039	125.00	f
133.285766	60.00	
134.075797	65.00	l
134.075861	174.00	r
134.085937	125.00	f
134.285948	60.00	
135.075733	65.00	l
135.075798	174.00	r
135.085755	125.00	f
135.285899	60.00	
136.075954	65.00	l
136.076019	174.00	r
136.085955	125.00	f
136.285855	60.00	
137.075818	65.00	l
137.075883	174.00	r
137.085799	125.00	f
137.285907	60.00	
138.076698	65.00	l
138.076764	174.00	r
138.085729	125.00	f
138.285855	60.00	
139.075788	65.00	l
139.08585	174.00	r
139.085914	125.00	f
139.285889	60.00	
140.075762	65.00	l
140.085781	174.00	r
140.085845	125.00	f
140.285857	60.00	
141.075855	65.00	l
141.085865	174.00	r
141.085929	125.00	f
141.28576	60.00	
142.075854	65.00	l
142.085859	174.00	r
142.085923	125.00	f
142.295921	60.00	
143.075983	65.00	l
143.086005	174.00	r
143.086069	125.00	f
143.295708	60.00	
144.085925	65.00	l
144.085989	174.00	r
144.086051	125.00	f
144.295926	60.00	
145.086662	65.00	l
145.086726	174.00	r
145.086787	125.00	f
145.295776	60.00	
146.085907	65.00	l
146.085971	174.00	r
146.095886	125.00	f
146.29593	60.00	
147.087192	65.00	l
147.087256	174.00	r
147.095753	125.00	f
147.29579	60.00	
148.085881	65.00	l
148.085945	174.00	r
148.095868	125.00	f
148.296604	60.00	
149.085833	65.00	l
149.085897	174.00	r
149.095831	125.00	f
149.295924	60.00	
150.085993	65.00	l
150.095997	174.00	r
150.096061	125.00	f
150.295774	60.00	
151.085893	65.00	l
151.095889	174.00	r
151.095952	125.00	f
151.295846	60.00	
152.085914	65.00	l
152.095991	174.00	r
152.096055	125.00	f
152.29581	60.00	
153.085947	65.00	l
153.095941	174.00	r
153.096005	125.00	f
153.306571	60.00	
154.085787	65.00	l
154.09579	174.00	r
154.095854	125.00	f
154.305817	60.00	
155.095927	65.00	l
155.095991	174.00	r
155.096052	125.00	f
155.305767	60.00	
156.096829	65.00	l
156.096893	174.00	r
156.10679	125.00	f
156.30696	60.00	
157.096832	65.00	l
157.096897	174.00	r
157.106831	125.00	f
157.306813	60.00	
158.096944	65.00	l
158.097009	174.00	r
158.106946	125.00	f
158.30676	60.00	
159.096727	65.00	l
159.096791	174.00	r
159.106876	125.00	f
159.306939	60.00	
160.096874	65.00	l
160.096949	174.00	r
160.106872	125.00	f
160.307067	60.00	
161.096725	65.00	l
161.106718	174.00	r
161.106782	125.00	f
161.306871	60.00	
162.096957	65.00	l
162.106983	174.00	r
162.107047	125.00	f
162.306798	60.00	
163.096808	65.00	l
163.1068	174.00	r
163.106864	125.00	f
163.306894	60.00	
164.096924	65.00	l
164.106925	174.00	r
164.106988	125.00	f
164.316748	60.00	
165.106844	65.00	l
165.106909	174.00	r
165.10697	125.00	f
165.317495	60.00	
166.096833	65.00	l
166.106826	174.00	r
166.106895	125.00	f
166.316859	60.00	
167.106856	65.00	l
167.106921	174.00	r
167.106983	125.00	f
167.317132	60.00	
168.106752	65.00	l
168.106816	174.00	r
168.116749	125.00	f
168.316882	60.00	
169.106873	65.00	l
169.106937	174.00	r
169.116874	125.00	f
169.316851	60.00	
170.106753	65.00	l
170.106817	174.00	r
170.116758	125.00	f
170.316854	60.00	
171.106908	65.00	l
171.106972	174.00	r
171.116897	125.00	f
171.316836	60.00	
172.106839	65.00	l
172.116835	174.00	r
172.116898	125.00	f
172.316868	60.00	
173.106816	65.00	l
173.116833	174.00	r
173.116897	125.00	f
173.317855	60.00	
174.106835	65.00	l
174.116846	174.00	r
174.116909	125.00	f
174.316828	60.00	
175.106979	65.00	l
175.11699	174.00	r
175.117054	125.00	f
175.326802	60.00	
176.106849	65.00	l
176.116849	174.00	r
176.116913	125.00	f
176.326905	60.00	
177.116873	65.00	l
177.116937	174.00	r
177.116998	125.00	f
177.326751	60.00	
178.116846	65.00	l
178.116909	174.00	r
178.126821	125.00	f
178.326843	60.00	
179.11733	65.00	l
179.117394	174.00	r
179.127961	125.00	f
179.326827	60.00	
180.116869	65.00	l
180.116933	174.00	r
180.126874	125.00	f
180.328109	60.00	
181.116755	65.00	l
181.11682	174.00	r
181.126756	125.00	f
181.326901	60.00	
182.116916	65.00	l
182.126911	174.00	r
182.126975	125.00	f
182.326844	60.00	
183.116796	65.00	l
183.126798	174.00	r
183.126861	125.00	f
183.326947	60.00	
184.116852	65.00	l
184.126863	174.00	r
184.126927	125.00	f
184.326801	60.00	
185.116872	65.00	l
185.126885	174.00	r
185.126948	125.00	f
185.326862	60.00	
186.117341	65.00	l
186.127991	174.00	r
186.128055	125.00	f
186.336854	60.00	
187.1268	65.00	l
187.126864	174.00	r
187.126926	125.00	f
187.3369	60.00	
188.126778	65.00	l
188.128369	174.00	r
188.128432	125.00	f
188.336835	60.00	
189.126819	65.00	l
189.126884	174.00	r
189.136948	125.00	f
189.337106	60.00	
190.126807	65.00	l
190.126872	174.00	r
190.136802	125.00	f
190.336895	60.00	
191.126919	65.00	l
191.126984	174.00	r
191.136938	125.00	f
191.33677	60.00	
192.126757	65.00	l
192.126822	174.00	r
192.136755	125.00	f
192.336881	60.00	
193.126942	65.00	l
193.136939	174.00	r
193.137003	125.00	f
193.33735	60.00	
194.126839	65.00	l
194.136839	174.00	r
194.136903	125.00	f
194.336827	60.00	
195.126839	65.00	l
195.136847	174.00	r
195.13691	125.00	f
195.337735	60.00	
196.126746	65.00	l
196.13674	174.00	r
196.136804	125.00	f
196.336828	60.00	
197.126786	65.00	l
197.136783	174.00	r
197.136847	125.00	f
197.346918	60.00	
198.126704	65.00	l
198.13671	174.00	r
198.136774	125.00	f
198.346785	60.00	
199.136835	65.00	l
199.1369	174.00	r
199.136962	125.00	f
199.347965	60.00	
200.136929	65.00	l
200.136993	174.00	r
200.146904	125.00	f
200.34691	60.00	
201.136737	65.00	l
201.136802	174.00	r
201.146729	125.00	f
201.346843	60.00	
202.136835	65.00	l
202.136899	174.00	r
202.146835	125.00	f
202.347788	60.00	
203.136731	65.00	l
203.136796	174.00	r
203.146744	125.00	f
203.346838	60.00	
204.136875	65.00	l
204.146907	174.00	r
204.146971	125.00	f
204.346844	60.00	
205.137018	65.00	l
205.147396	174.00	r
205.14746	125.00	f
205.346858	60.00	
206.136827	65.00	l
206.14685	174.00	r
206.146914	125.00	f
206.346947	60.00	
207.137461	65.00	l
207.148046	174.00	r
207.148116	125.00	f
207.356809	60.00	
208.146877	65.00	l
208.146941	174.00	r
208.147003	125.00	f
208.356793	60.00	
209.136868	65.00	l
209.146869	174.00	r
209.146932	125.00	f
209.356931	60.00	
210.1469	65.00	l
210.146964	174.00	r
210.147025	125.00	f
210.356814	60.00	
211.146894	65.00	l
211.146958	174.00	r
211.156892	125.00	f
211.356957	60.00	
212.146813	65.00	l
212.146878	174.00	r
212.156802	125.00	f
212.356945	60.00	
213.14674	65.00	l
213.146805	174.00	r
213.15673	125.00	f
213.356841	60.00	
214.146769	65.00	l
214.146836	174.00	r
214.156757	125.00	f
214.356915	60.00	
215.146948	65.00	l
215.156957	174.00	r
215.157021	125.00	f
215.356737	60.00	
216.147859	65.00	l
216.157839	174.00	r
216.157902	125.00	f
216.35799	60.00	
217.147771	65.00	l
217.157784	174.00	r
217.157848	125.00	f
217.357883	60.00	
218.149065	65.00	l
218.157721	174.00	r
218.157784	125.00	f
218.3578	60.00	
219.147855	65.00	l
219.157863	174.00	r
219.157926	125.00	f
219.357815	60.00	
220.14795	65.00	l
220.157958	174.00	r
220.158021	125.00	f
220.36782	60.00	
221.157853	65.00	l
221.157916	174.00	r
221.157979	125.00	f
221.368433	60.00	
222.157864	65.00	l
222.157928	174.00	r
222.167855	125.00	f
222.367959	60.00	
223.157807	65.00	l
223.157872	174.00	r
223.167785	125.00	f
223.367991	60.00	
224.157688	65.00	l
224.157753	174.00	r
224.167816	125.00	f
224.367893	60.00	
225.158674	65.00	l
225.158738	174.00	r
225.16773	125.00	f
225.367794	60.00	
226.15776	65.00	l
226.167759	174.00	r
226.167823	125.00	f
226.367811	60.00	
227.157879	65.00	l
227.167901	174.00	r
227.167964	125.00	f
227.367854	60.00	
228.15788	65.00	l
228.168249	174.00	r
228.168312	125.00	f
228.367889	60.00	
229.157955	65.00	l
229.167946	174.00	r
229.16801	125.00	f
229.377866	60.00	
230.157897	65.00	l
230.167907	174.00	r
230.16797	125.00	f
230.377815	60.00	
231.157824	65.00	l
231.167833	174.00	r
231.167896	125.00	f
231.377882	60.00	
232.167814	65.00	l
232.167878	174.00	r
232.16794	125.00	f
232.37783	60.00	
233.167947	65.00	l
233.168011	174.00	r
233.177921	125.00	f
233.377826	60.00	
234.167861	65.00	l
234.167926	174.00	r
234.177859	125.00	f
234.377699	60.00	
235.167986	65.00	l
235.16805	174.00	r
235.177981	125.00	f
235.377788	60.00	
236.167848	65.00	l
236.167912	174.00	r
236.177845	125.00	f
236.377766	60.00	
237.167823	65.00	l
237.17782	174.00	r
237.177884	125.00	f
237.377952	60.00	
238.167807	65.00	l
238.177802	174.00	r
238.177866	125.00	f
238.377923	60.00	
239.167827	65.00	l
239.177825	174.00	r
239.177889	125.00	f
239.377896	60.00	
240.168287	65.00	l
240.178981	174.00	r
240.179044	125.00	f
240.387818	60.00	
241.167788	65.00	l
241.177951	174.00	r
241.178014	125.00	f
241.388231	60.00	
242.177761	65.00	l
242.177825	174.00	r
242.177887	125.00	f
242.387877	60.00	
243.178482	65.00	l
243.178546	174.00	r
243.178607	125.00	f
243.387882	60.00	
244.177867	65.00	l
244.177932	174.00	r
244.187865	125.00	f
244.387763	60.00	
245.177929	65.00	l
245.177994	174.00	r
245.187907	125.00	f
245.387977	60.00	
246.177747	65.00	l
246.177812	174.00	r
246.187738	125.00	f
246.387802	60.00	
247.177737	65.00	l
247.187729	174.00	r
247.187793	125.00	f
247.387806	60.00	
248.177713	65.00	l
248.187698	174.00	r
248.187761	125.00	f
248.387758	60.00	
249.177725	65.00	l
249.187726	174.00	r
249.18779	125.00	f
249.387851	60.00	
250.17789	65.00	l
250.187899	174.00	r
250.187962	125.00	f
250.387777	60.00	
251.177894	65.00	l
251.187878	174.00	r
251.187942	125.00	f
251.398004	60.00	
252.177852	65.00	l
252.187854	174.00	r
252.187917	125.00	f
252.397883	60.00	
253.188463	65.00	l
253.188527	174.00	r
253.188589	125.00	f
253.397867	60.00	
254.187842	65.00	l
254.187907	174.00	r
254.187968	125.00	f
254.398638	60.00	
255.187822	65.00	l
255.187888	174.00	r
255.197934	125.00	f
255.398932	60.00	
256.187925	65.00	l
256.18799	174.00	r
256.197906	125.00	f
256.398024	60.00	
257.187789	65.00	l
257.187854	174.00	r
257.197792	125.00	f
257.397889	60.00	
258.187912	65.00	l
258.187977	174.00	r
258.197965	125.00	f
258.397789	60.00	
259.187894	65.00	l
259.197916	174.00	r
259.19798	125.00	f
259.398394	60.00	
260.187868	65.00	l
260.197886	174.00	r
260.19795	125.00	f
260.397878	60.00	
261.188313	65.00	l
261.198939	174.00	r
261.199002	125.00	f
261.39782	60.00	
262.187881	65.00	l
262.197887	174.00	r
262.19795	125.00	f
262.407699	60.00	
263.197841	65.00	l
263.197905	174.00	r
263.197967	125.00	f
263.407912	60.00	
264.197935	65.00	l
264.197998	174.00	r
264.19806	125.00	f
264.407762	60.00	
265.197877	65.00	l
265.197941	174.00	r
265.20784	125.00	f
265.408023	60.00	
266.197859	65.00	l
266.197923	174.00	r
266.207843	125.00	f
266.407798	60.00	
267.198213	65.00	l
267.198277	174.00	r
267.208852	125.00	f
267.407843	60.00	
268.197851	65.00	l
268.197916	174.00	r
268.207829	125.00	f
268.407972	60.00	
269.193941	65.00	l
269.203949	174.00	r
269.204013	125.00	f
269.414782	60.00	
270.203867	65.00	l
270.203932	174.00	r
270.203995	125.00	f
270.413854	60.00	
271.203741	65.00	l
271.203807	174.00	r
271.213724	125.00	f
271.413771	60.00	
272.203882	65.00	l
272.203948	174.00	r
272.213863	125.00	f
272.413902	60.00	
273.203721	65.00	l
273.203788	174.00	r
273.21371	125.00	f
273.413799	60.00	
274.20415	65.00	l
274.204215	174.00	r
274.214807	125.00	f
274.413891	60.00	
275.203989	65.00	l
275.204053	174.00	r
275.213981	125.00	f
275.413772	60.00	
276.204938	65.00	l
276.205003	174.00	r
276.214781	125.00	f
276.414923	60.00	
277.204818	65.00	l
277.214817	174.00	r
277.214882	125.00	f
277.414872	60.00	
278.205714	65.00	l
278.216287	174.00	r
278.21635	125.00	f
278.414804	60.00	
279.204909	65.00	l
279.214921	174.00	r
279.214985	125.00	f
279.41484	60.00	
280.204853	65.00	l
280.214849	174.00	r
280.214913	125.00	f
280.424914	60.00	
281.205663	65.00	l
281.216287	174.00	r
281.21635	125.00	f
281.424833	60.00	
282.214976	65.00	l
282.21504	174.00	r
282.215101	125.00	f
282.424838	60.00	
283.214918	65.00	l
283.214982	174.00	r
283.224896	125.00	f
283.424893	60.00	
284.214856	65.00	l
284.21492	174.00	r
284.224848	125.00	f
284.424833	60.00	
285.214718	65.00	l
285.214783	174.00	r
285.224705	125.00	f
285.424806	60.00	
286.214945	65.00	l
286.215009	174.00	r
286.224934	125.00	f
286.424687	60.00	
287.214807	65.00	l
287.224969	174.00	r
287.225033	125.00	f
287.424682	60.00	
288.214892	65.00	l
288.224906	174.00	r
288.224969	125.00	f
288.42485	60.00	
289.215382	65.00	l
289.22598	174.00	r
289.226043	125.00	f
289.424879	60.00	
290.214937	65.00	l
290.22494	174.00	r
290.225014	125.00	f
290.424835	60.00	
291.21485	65.00	l
291.224861	174.00	r
291.224925	125.00	f
291.435029	60.00	
292.224919	65.00	l
292.224983	174.00	r
292.225045	125.00	f
292.435411	60.00	
293.224769	65.00	l
293.224833	174.00	r
293.224895	125.00	f
293.434863	60.00	
294.224745	65.00	l
294.22481	174.00	r
294.234737	125.00	f
294.434836	60.00	
295.224896	65.00	l
295.22496	174.00	r
295.234975	125.00	f
295.434827	60.00	
296.224907	65.00	l
296.224971	174.00	r
296.23486	125.00	f
296.435139	60.00	
297.224774	65.00	l
297.224839	174.00	r
297.234766	125.00	f
297.434867	60.00	
298.224932	65.00	l
298.234933	174.00	r
298.234996	125.00	f
298.434792	60.00	
299.224882	65.00	l
299.234883	174.00	r
299.234947	125.00	f
299.434902	60.00	
300.224841	65.00	l
300.234862	174.00	r
300.234926	125.00	f
300.434808	60.00	
301.225287	65.00	l
301.235905	174.00	r
301.235968	125.00	f
301.434837	60.00	
