0.6428	490.00	ff
0.928962	1654.00	fl
0.930375	1646.00	fr
0.954805	1629.00	f
1.224649	1652.00	ff
1.915175	1654.00	fl
1.915592	1646.00	fr
1.952976	1629.00	f
2.240322	1646.00	ff
2.916735	1631.00	fl
2.917221	1629.00	fr
2.964613	1228.00	f
3.225339	1646.00	ff
3.908246	1629.00	fl
3.908729	1625.00	fr
3.966887	802.00	f
4.216711	1646.00	ff
4.917294	1576.00	fl
4.917764	1625.00	fr
4.969953	740.00	f
5.226035	1644.00	ff
5.911639	1510.00	fl
5.9121	1601.00	fr
5.954797	480.00	f
6.21791	1600.00	ff
6.919235	1450.00	fl
6.919722	1550.00	fr
6.944857	480.00	f
7.226046	1600.00	ff
7.911869	1450.00	fl
7.924831	1525.00	fr
7.954865	480.00	f
8.226864	1600.00	ff
8.920799	1450.00	fl
8.921283	1500.00	fr
8.944869	480.00	f
9.218853	1600.00	ff
9.927945	1450.00	fl
9.928433	1475.00	fr
9.983472	397.00	f
10.227901	1600.00	ff
10.921936	1450.00	fl
10.922431	1475.00	fr
10.964867	397.00	f
11.220641	1600.00	ff
11.931818	1425.00	fl
11.932523	1375.00	fr
11.954812	397.00	f
12.230395	1600.00	ff
12.931826	1425.00	fl
12.932333	950.00	fr
12.964783	397.00	f
13.240437	1600.00	ff
13.947062	1425.00	fl
13.947664	618.00	fr
13.954865	397.00	f
14.247462	1600.00	ff
14.927455	1425.00	fl
14.927967	548.00	fr
14.97858	397.00	f
15.236104	1600.00	ff
15.928964	1425.00	fl
15.929454	539.00	fr
15.989582	397.00	f
16.229245	1600.00	ff
16.931296	1425.00	fl
16.931768	539.00	fr
16.964891	397.00	f
17.237734	1600.00	ff
17.924559	1425.00	fl
17.925057	457.00	fr
17.964854	397.00	f
18.230975	1600.00	ff
18.939823	1425.00	fl
18.940334	457.00	fr
18.954914	397.00	f
19.242608	1600.00	ff
19.916279	1425.00	fl
19.959375	455.00	fr
19.964811	397.00	f
20.254812	1600.00	ff
20.926909	1425.00	fl
20.927397	455.00	fr
20.981427	397.00	f
21.235133	1600.00	ff
21.935419	1425.00	fl
21.935852	455.00	fr
21.973237	397.00	f
22.234987	1300.00	ff
22.926438	1425.00	fl
22.926923	455.00	fr
22.981067	397.00	f
23.226287	1150.00	ff
23.935975	1425.00	fl
23.936462	455.00	fr
23.978456	397.00	f
24.235854	701.00	ff
24.929205	1425.00	fl
24.944849	455.00	fr
24.993594	397.00	f
25.230432	559.00	ff
25.941893	1425.00	fl
25.942387	455.00	fr
25.964775	397.00	f
26.24007	559.00	ff
26.950116	1425.00	fl
26.950788	455.00	fr
26.974866	397.00	f
27.248053	460.00	ff
27.942065	1425.00	fl
27.943367	455.00	fr
27.975018	397.00	f
28.240418	460.00	ff
28.943928	1425.00	fl
28.944413	455.00	fr
28.974828	397.00	f
29.250573	460.00	ff
29.961752	1425.00	fl
29.96223	455.00	fr
29.974858	397.00	f
30.259061	460.00	ff
30.936921	1425.00	fl
30.937425	455.00	fr
30.985924	397.00	f
31.245917	460.00	ff
31.947482	1425.00	fl
31.947964	455.00	fr
31.999578	397.00	f
32.255918	460.00	ff
32.940345	1425.00	fl
32.941402	455.00	fr
33.00901	397.00	f
33.249307	455.00	ff
33.952002	1425.00	fl
33.952474	455.00	fr
33.974758	397.00	f
34.250793	455.00	ff
34.958074	1425.00	fl
34.958567	455.00	fr
34.984798	397.00	f
35.25479	455.00	ff
35.945379	1425.00	fl
35.945828	455.00	fr
35.98239	397.00	f
36.27347	455.00	ff
36.939658	1425.00	fl
36.954778	455.00	fr
37.005484	397.00	f
37.248463	455.00	ff
37.950565	1425.00	fl
37.951658	455.00	fr
37.97486	397.00	f
38.248529	455.00	ff
38.958859	1425.00	fl
38.959337	455.00	fr
38.984823	397.00	f
39.256679	455.00	ff
39.949682	455.00	fr
39.950168	1425.00	fl
40.015217	397.00	f
40.250661	455.00	ff
40.962382	455.00	fr
40.962899	1425.00	fl
40.984805	397.00	f
41.260399	455.00	ff
41.963302	455.00	fr
41.963801	1425.00	fl
41.994772	397.00	f
42.260284	455.00	ff
42.946603	455.00	fr
42.947102	1425.00	fl
42.992815	397.00	f
43.283841	455.00	ff
43.957289	455.00	fr
43.957766	1425.00	fl
44.007072	397.00	f
44.265713	455.00	ff
44.950955	455.00	fr
44.95145	1425.00	fl
45.022122	397.00	f
45.259464	455.00	ff
45.962756	455.00	fr
45.96325	1425.00	fl
45.984845	397.00	f
46.268933	455.00	ff
46.967457	1425.00	fl
46.967992	455.00	fr
46.99487	397.00	f
47.264716	455.00	ff
47.955417	455.00	fr
47.955916	1425.00	fl
47.992932	397.00	f
48.283816	455.00	ff
48.96601	455.00	fr
48.966503	1425.00	fl
49.006519	397.00	f
49.265715	455.00	ff
49.958787	455.00	fr
49.959265	1425.00	fl
50.019072	397.00	f
50.25848	455.00	ff
50.968242	455.00	fr
50.968736	1425.00	fl
50.994808	397.00	f
51.266486	455.00	ff
51.959828	455.00	fr
51.960455	1425.00	fl
52.025412	397.00	f
52.260585	455.00	ff
52.971481	455.00	fr
52.971991	1425.00	fl
52.994875	397.00	f
53.269658	455.00	ff
53.972193	455.00	fr
53.97478	1425.00	fl
54.004862	397.00	f
54.268733	455.00	ff
54.985626	455.00	fr
54.986118	1425.00	fl
55.004868	397.00	f
55.280483	455.00	ff
55.965647	455.00	fr
55.966129	1425.00	fl
56.010888	397.00	f
56.292743	455.00	ff
56.967107	455.00	fr
56.967599	1425.00	fl
57.016996	397.00	f
57.266699	455.00	ff
57.968692	455.00	fr
57.969165	1425.00	fl
58.029394	397.00	f
58.277309	455.00	ff
58.972766	455.00	fr
58.973951	1425.00	fl
59.004847	397.00	f
59.27097	455.00	ff
59.983353	455.00	fr
59.983859	1425.00	fl
59.996829	397.00	f
60.277751	455.00	ff
60.957774	455.00	fr
60.995998	1425.00	fl
61.006804	397.00	f
61.289799	455.00	ff
61.968471	455.00	fr
61.968936	1425.00	fl
62.022288	397.00	f
62.267577	455.00	ff
62.977187	455.00	fr
62.977602	1425.00	fl
63.014448	397.00	f
63.303588	455.00	ff
63.972003	455.00	fr
63.97317	1425.00	fl
64.034983	397.00	f
64.272707	455.00	ff
64.984162	455.00	fr
64.985047	1425.00	fl
65.007866	397.00	f
65.282009	455.00	ff
65.985523	455.00	fr
65.986022	1425.00	fl
66.017789	397.00	f
66.29276	455.00	ff
66.991171	455.00	fr
66.991674	1425.00	fl
67.01781	397.00	f
67.286981	455.00	ff
67.978138	455.00	fr
67.978547	1425.00	fl
68.015147	397.00	f
68.302191	455.00	ff
68.971592	455.00	fr
68.972102	1425.00	fl
69.029702	397.00	f
69.279909	455.00	ff
69.982434	455.00	fr
69.982923	1425.00	fl
70.007819	397.00	f
70.289074	455.00	ff
70.975962	455.00	fr
70.987789	1425.00	fl
71.017815	397.00	f
71.281508	455.00	ff
71.984372	455.00	fr
71.984875	1425.00	fl
72.007816	397.00	f
72.28962	455.00	ff
72.991419	455.00	fr
72.991962	1425.00	fl
73.04382	397.00	f
73.290281	455.00	ff
73.983928	455.00	fr
73.984418	1425.00	fl
74.055805	397.00	f
74.285396	455.00	ff
75.000278	455.00	fr
75.000778	1425.00	fl
75.017781	397.00	f
75.296846	455.00	ff
75.979554	1425.00	fl
75.980051	455.00	fr
76.033886	397.00	f
76.278816	455.00	ff
76.989149	455.00	fr
76.989645	1425.00	fl
77.032495	397.00	f
77.288795	455.00	ff
77.98942	455.00	fr
77.989919	1425.00	fl
78.036872	397.00	f
78.324768	455.00	ff
78.991089	455.00	fr
78.991558	1425.00	fl
79.048275	397.00	f
79.291193	455.00	ff
79.993612	455.00	fr
79.994089	1425.00	fl
80.027845	397.00	f
80.299925	455.00	ff
80.993367	455.00	fr
80.993855	1425.00	fl
81.027841	397.00	f
81.291478	455.00	ff
81.994712	455.00	fr
81.995197	1425.00	fl
82.027789	397.00	f
82.300786	455.00	ff
82.989949	455.00	fr
82.997875	1425.00	fl
83.02781	397.00	f
83.302244	455.00	ff
83.996263	455.00	fr
83.99675	995.00	fl
84.017921	397.00	f
84.302669	455.00	ff
85.004969	455.00	fr
85.006061	703.00	fl
85.027802	397.00	f
85.303451	455.00	ff
86.004065	455.00	fr
86.004565	490.00	fl
86.037765	397.00	f
86.305734	455.00	ff
87.020249	455.00	fr
87.020732	490.00	fl
87.027833	397.00	f
87.317154	455.00	ff
87.991757	455.00	fr
87.992262	490.00	fl
88.05186	397.00	f
88.300503	455.00	ff
89.001449	455.00	fr
89.001938	490.00	fl
89.027869	397.00	f
89.299311	455.00	ff
90.009228	455.00	fr
90.01029	490.00	fl
90.053812	397.00	f
90.309115	455.00	ff
91.001375	455.00	fr
91.00186	490.00	fl
91.060579	397.00	f
91.301864	455.00	ff
92.012281	455.00	fr
92.012764	490.00	fl
92.037787	397.00	f
92.310566	455.00	ff
93.005397	455.00	fr
93.006103	397.00	fl
93.047827	397.00	f
93.304269	455.00	ff
94.016274	455.00	fr
94.016761	397.00	fl
94.037835	397.00	f
94.314434	455.00	ff
95.019925	455.00	fr
95.021154	397.00	fl
95.037832	397.00	f
95.324651	455.00	ff
95.998337	455.00	fr
95.998776	397.00	fl
96.051065	397.00	f
96.320329	455.00	ff
97.008129	455.00	fr
97.008548	397.00	fl
97.044986	397.00	f
97.333448	455.00	ff
98.001705	455.00	fr
98.002216	397.00	fl
98.061436	397.00	f
98.310168	455.00	ff
99.012604	455.00	fr
99.013096	397.00	fl
99.037813	397.00	f
99.319785	455.00	ff
100.00551	455.00	fr
100.005975	397.00	fl
100.04789	397.00	f
100.320171	455.00	ff
101.013836	455.00	fr
101.014321	397.00	fl
101.037796	397.00	f
101.311772	455.00	ff
102.021457	455.00	fr
102.021923	397.00	fl
102.047847	397.00	f
102.319568	455.00	ff
103.012671	455.00	fr
103.013163	397.00	fl
103.077964	397.00	f
103.31385	455.00	ff
104.026387	455.00	fr
104.026888	397.00	fl
104.047904	397.00	f
104.325214	455.00	ff
105.008334	455.00	fr
105.008791	397.00	fl
105.060979	397.00	f
105.331002	455.00	ff
106.04707	455.00	fr
106.047616	397.00	fl
106.047854	397.00	f
106.340922	455.00	ff
107.018998	455.00	fr
107.019481	397.00	fl
107.064963	397.00	f
107.352178	455.00	ff
108.020947	455.00	fr
108.021442	397.00	fl
108.0761	397.00	f
108.321257	455.00	ff
109.023956	455.00	fr
109.024433	397.00	fl
109.057849	397.00	f
109.330516	455.00	ff
110.025575	455.00	fr
110.026074	397.00	fl
110.057852	397.00	f
110.323768	455.00	ff
111.029027	455.00	fr
111.029525	397.00	fl
111.047793	397.00	f
111.334146	455.00	ff
112.038646	455.00	fr
112.039164	397.00	fl
112.057836	397.00	f
112.336177	455.00	ff
113.018131	455.00	fr
113.018537	397.00	fl
113.054719	397.00	f
113.342087	455.00	ff
114.028114	455.00	fr
114.028549	397.00	fl
114.064582	397.00	f
114.351557	455.00	ff
115.02183	455.00	fr
115.022291	397.00	fl
115.082403	397.00	f
115.330574	455.00	ff
116.032458	455.00	fr
116.032945	397.00	fl
116.057833	397.00	f
116.330788	455.00	ff
117.025189	455.00	fr
117.025687	397.00	fl
117.067778	397.00	f
117.339438	455.00	ff
118.03223	397.00	fl
118.032717	455.00	fr
118.057866	397.00	f
118.329974	455.00	ff
119.03996	397.00	fl
119.0405	455.00	fr
119.089324	397.00	f
119.339922	455.00	ff
120.034086	397.00	fl
120.034572	455.00	fr
120.106063	397.00	f
120.33549	455.00	ff
121.047512	397.00	fl
121.048016	455.00	fr
121.067807	397.00	f
121.346279	455.00	ff
122.028929	397.00	fl
122.029997	455.00	fr
122.082584	397.00	f
122.359826	455.00	ff
123.030039	397.00	fl
123.030526	455.00	fr
123.079238	397.00	f
123.338508	455.00	ff
124.039046	397.00	fl
124.03951	455.00	fr
124.081492	397.00	f
124.374422	455.00	ff
125.033469	397.00	fl
125.033962	455.00	fr
125.067887	397.00	f
125.339644	455.00	ff
126.04231	397.00	fl
126.042839	455.00	fr
126.067843	397.00	f
126.349236	455.00	ff
127.035403	455.00	fr
127.036464	397.00	fl
127.077782	397.00	f
127.350177	455.00	ff
128.045261	455.00	fr
128.045735	397.00	fl
128.067889	397.00	f
128.343272	455.00	ff
129.053509	455.00	fr
129.053979	397.00	fl
129.077876	397.00	f
129.351478	455.00	ff
130.046496	455.00	fr
130.046984	397.00	fl
130.067802	397.00	f
130.344616	455.00	ff
131.055839	455.00	fr
131.056362	397.00	fl
131.077828	397.00	f
131.353973	455.00	ff
132.061958	455.00	fr
132.062817	397.00	fl
132.087836	397.00	f
132.360561	455.00	ff
133.048702	455.00	fr
133.049189	397.00	fl
133.087558	397.00	f
133.348746	455.00	ff
134.042253	397.00	fl
134.047863	455.00	fr
134.10515	397.00	f
134.358986	455.00	ff
135.051497	455.00	fr
135.051977	397.00	fl
135.077879	397.00	f
135.349696	455.00	ff
136.050745	397.00	fl
136.05124	455.00	fr
136.105151	397.00	f
136.359415	455.00	ff
137.051384	397.00	fl
137.051865	455.00	fr
137.110618	397.00	f
137.35191	455.00	ff
138.055299	397.00	fl
138.055764	455.00	fr
138.078078	397.00	f
138.36138	455.00	ff
139.056288	455.00	fr
139.056805	397.00	fl
139.087826	397.00	f
139.355697	455.00	ff
140.066176	397.00	fl
140.066673	455.00	fr
140.077834	397.00	f
140.365817	455.00	ff
141.074588	397.00	fl
141.07507	455.00	fr
141.087836	397.00	f
141.369553	455.00	ff
142.048954	397.00	fl
142.049431	455.00	fr
142.08915	397.00	f
142.383156	455.00	ff
143.059474	397.00	fl
143.059979	455.00	fr
143.104452	397.00	f
143.359156	455.00	ff
144.053042	397.00	fl
144.053496	455.00	fr
144.116135	397.00	f
144.353258	455.00	ff
145.065522	397.00	fl
145.066172	455.00	fr
145.08779	397.00	f
145.362545	455.00	ff
146.057874	455.00	fr
146.068746	397.00	fl
146.097761	397.00	f
146.371098	455.00	ff
147.065229	455.00	fr
147.065904	397.00	fl
147.087804	397.00	f
147.363399	455.00	ff
148.066486	455.00	fr
148.067581	397.00	fl
148.097835	397.00	f
148.372609	455.00	ff
149.072548	455.00	fr
149.073049	397.00	fl
149.097854	397.00	f
149.37151	455.00	ff
150.059182	455.00	fr
150.059671	397.00	fl
150.106901	397.00	f
150.395014	455.00	ff
151.062147	455.00	fr
151.062643	397.00	fl
151.124124	397.00	f
151.378935	455.00	ff
152.063511	455.00	fr
152.064022	397.00	fl
152.097799	397.00	f
152.369852	455.00	ff
153.070891	455.00	fr
153.07218	397.00	fl
153.097784	397.00	f
153.369277	455.00	ff
154.062332	455.00	fr
154.062818	397.00	fl
154.087854	397.00	f
154.369152	455.00	ff
155.070141	455.00	fr
155.070626	397.00	fl
155.120506	397.00	f
155.370348	455.00	ff
156.06521	455.00	fr
156.065695	397.00	fl
156.107862	397.00	f
156.371665	455.00	ff
157.07323	455.00	fr
157.073719	397.00	fl
157.097848	397.00	f
157.370819	455.00	ff
158.064199	455.00	fr
158.077853	397.00	fl
158.137061	397.00	f
158.380897	455.00	ff
159.075425	455.00	fr
159.075926	397.00	fl
159.097823	397.00	f
159.373961	455.00	ff
160.086058	455.00	fr
160.086571	397.00	fl
160.107855	397.00	f
160.384312	455.00	ff
161.094243	455.00	fr
161.094749	397.00	fl
161.117833	397.00	f
161.392926	455.00	ff
162.078975	455.00	fr
162.079476	397.00	fl
162.118179	397.00	f
162.378351	455.00	ff
163.070437	455.00	fr
163.070926	397.00	fl
163.123417	397.00	f
163.388198	455.00	ff
164.072918	455.00	fr
164.073399	397.00	fl
164.107858	304.00	f
164.379413	455.00	ff
165.081609	455.00	fr
165.082087	397.00	fl
165.107899	304.00	f
165.38855	455.00	ff
166.073394	455.00	fr
166.073877	397.00	fl
166.14192	304.00	f
166.381929	455.00	ff
167.085388	455.00	fr
167.08584	397.00	fl
167.107831	304.00	f
167.391719	455.00	ff
168.085541	455.00	fr
168.08604	397.00	fl
168.11789	304.00	f
168.392673	455.00	ff
169.092526	455.00	fr
169.093624	397.00	fl
169.107824	304.00	f
169.389092	455.00	ff
170.069482	455.00	fr
170.1155	397.00	fl
170.117741	304.00	f
170.411268	455.00	ff
171.08113	455.00	fr
171.081625	397.00	fl
171.107789	304.00	f
171.379577	455.00	ff
172.090926	455.00	fr
172.091442	397.00	fl
172.139448	304.00	f
172.390229	455.00	ff
173.084677	455.00	fr
173.085163	397.00	fl
173.127806	304.00	f
173.38399	455.00	ff
174.094055	455.00	fr
174.095254	397.00	fl
174.117815	304.00	f
174.392384	455.00	ff
175.087424	455.00	fr
175.087954	397.00	fl
175.127793	304.00	f
175.40155	455.00	ff
176.09778	455.00	fr
176.098286	397.00	fl
176.117831	304.00	f
176.396323	455.00	ff
177.115971	455.00	fr
177.116485	397.00	fl
177.127867	304.00	f
177.412949	455.00	ff
178.090362	455.00	fr
178.090859	397.00	fl
178.143258	304.00	f
178.390862	455.00	ff
179.093969	455.00	fr
179.095008	397.00	fl
179.1179	304.00	f
179.400323	455.00	ff
180.087789	455.00	fr
180.088264	397.00	fl
180.127855	304.00	f
180.401606	455.00	ff
181.095974	455.00	fr
181.09646	397.00	fl
181.11776	304.00	f
181.402427	455.00	ff
182.104995	455.00	fr
182.105476	397.00	fl
182.127811	304.00	f
182.40386	455.00	ff
183.109349	455.00	fr
183.109828	397.00	fl
183.117878	304.00	f
183.407799	455.00	ff
184.09862	455.00	fr
184.099667	397.00	fl
184.138276	304.00	f
184.398644	455.00	ff
185.090793	455.00	fr
185.091258	397.00	fl
185.148008	304.00	f
185.390692	455.00	ff
186.100331	455.00	fr
186.10082	397.00	fl
186.154299	304.00	f
186.400552	455.00	ff
187.10957	455.00	fr
187.11006	397.00	fl
187.156991	304.00	f
187.410049	455.00	ff
188.103771	455.00	fr
188.10428	397.00	fl
188.12783	304.00	f
188.401818	455.00	ff
189.112496	455.00	fr
189.113675	397.00	fl
189.137807	304.00	f
189.41053	455.00	ff
190.105621	455.00	fr
190.106302	397.00	fl
190.147844	304.00	f
190.404269	455.00	ff
191.10934	455.00	fr
191.109811	397.00	fl
191.13781	304.00	f
191.414574	455.00	ff
192.11919	455.00	fr
192.119677	397.00	fl
192.137815	304.00	f
192.423422	455.00	ff
193.12493	455.00	fr
193.125424	397.00	fl
193.137885	304.00	f
193.421211	455.00	ff
194.109274	455.00	fr
194.10978	397.00	fl
194.149625	304.00	f
194.44778	455.00	ff
195.104961	455.00	fr
195.105446	397.00	fl
195.147795	304.00	f
195.411263	455.00	ff
196.114446	397.00	fl
196.114943	455.00	fr
196.137728	304.00	f
196.412117	455.00	ff
197.105073	397.00	fl
197.105539	455.00	fr
197.147864	304.00	f
197.410853	455.00	ff
198.111384	397.00	fl
198.111897	455.00	fr
198.137844	304.00	f
198.409512	455.00	ff
199.119191	397.00	fl
199.119678	455.00	fr
199.164287	304.00	f
199.419354	455.00	ff
200.113109	397.00	fl
200.113587	455.00	fr
200.178129	304.00	f
200.413409	455.00	ff
201.124687	397.00	fl
201.125418	455.00	fr
201.147809	304.00	f
201.423774	455.00	ff
202.122771	397.00	fl
202.123265	455.00	fr
202.157865	304.00	f
202.418331	455.00	ff
203.136039	397.00	fl
203.136514	455.00	fr
203.147816	304.00	f
203.432495	455.00	ff
204.11854	397.00	fl
204.118999	455.00	fr
204.163855	304.00	f
204.446047	455.00	ff
205.120276	397.00	fl
205.121509	455.00	fr
205.172401	304.00	f
205.420726	455.00	ff
206.123426	397.00	fl
206.123926	455.00	fr
206.157838	304.00	f
206.430265	455.00	ff
207.125385	397.00	fl
207.12585	455.00	fr
207.157875	304.00	f
207.423384	455.00	ff
208.126484	397.00	fl
208.126976	455.00	fr
208.147868	304.00	f
208.432743	455.00	ff
209.130837	397.00	fl
209.131325	455.00	fr
209.15788	304.00	f
209.427367	455.00	ff
210.118717	397.00	fl
210.119163	455.00	fr
210.156744	304.00	f
210.453116	455.00	ff
211.129785	397.00	fl
211.130285	455.00	fr
211.177191	304.00	f
211.429606	455.00	ff
212.123112	397.00	fl
212.123593	455.00	fr
212.190948	304.00	f
212.424755	455.00	ff
213.135941	397.00	fl
213.136556	455.00	fr
213.157815	304.00	f
213.434338	455.00	ff
214.140966	455.00	fr
214.141426	397.00	fl
214.167835	304.00	f
214.437236	455.00	ff
215.128089	455.00	fr
215.158192	397.00	fl
215.158682	304.00	f
215.454776	455.00	ff
216.138845	455.00	fr
216.139349	397.00	fl
216.178423	304.00	f
216.438925	455.00	ff
217.133038	455.00	fr
217.133562	397.00	fl
217.195995	304.00	f
217.433216	455.00	ff
218.136433	455.00	fr
218.136923	397.00	fl
218.16784	304.00	f
218.443229	455.00	ff
219.143427	455.00	fr
219.143942	397.00	fl
219.167766	304.00	f
219.438889	455.00	ff
220.128297	455.00	fr
220.128744	397.00	fl
220.173074	304.00	f
220.452796	455.00	ff
221.138101	455.00	fr
221.13914	397.00	fl
221.175261	304.00	f
221.464896	455.00	ff
222.131333	455.00	fr
222.131813	397.00	fl
222.190111	304.00	f
222.440103	455.00	ff
223.141286	455.00	fr
223.141761	397.00	fl
223.167784	304.00	f
223.440147	455.00	ff
224.133786	455.00	fr
224.134251	397.00	fl
224.204935	304.00	f
224.442466	455.00	ff
225.144135	455.00	fr
225.144599	397.00	fl
225.167761	304.00	f
225.44271	455.00	ff
226.137937	455.00	fr
226.139057	397.00	fl
226.177911	304.00	f
226.444391	455.00	ff
227.149886	455.00	fr
227.150379	397.00	fl
227.167802	304.00	f
227.449194	455.00	ff
228.168887	455.00	fr
228.169377	397.00	fl
228.177866	304.00	f
228.469091	455.00	ff
229.140803	455.00	fr
229.14129	397.00	fl
229.196928	304.00	f
229.441268	455.00	ff
230.151247	455.00	fr
230.151749	397.00	fl
230.177861	304.00	f
230.449345	455.00	ff
231.141136	455.00	fr
231.142178	397.00	fl
231.199171	304.00	f
231.441701	455.00	ff
232.151146	455.00	fr
232.151631	397.00	fl
232.177806	304.00	f
232.449449	455.00	ff
233.141587	455.00	fr
233.147931	397.00	fl
233.20144	304.00	f
233.459194	455.00	ff
234.144467	455.00	fr
234.144962	397.00	fl
234.217213	304.00	f
234.453863	455.00	ff
235.162299	455.00	fr
235.162808	397.00	fl
235.177856	304.00	f
235.466663	455.00	ff
236.139098	455.00	fr
236.13957	397.00	fl
236.192565	304.00	f
236.470793	455.00	ff
237.149022	455.00	fr
237.149499	397.00	fl
237.188811	304.00	f
237.486324	455.00	ff
238.143492	455.00	fr
238.144004	397.00	fl
238.211421	304.00	f
238.452628	455.00	ff
239.155506	455.00	fr
239.155991	397.00	fl
239.177844	304.00	f
239.45437	455.00	ff
240.167265	455.00	fr
240.16777	397.00	fl
240.187818	304.00	f
240.466692	455.00	ff
241.149537	455.00	fr
241.150026	397.00	fl
241.203693	304.00	f
241.449048	455.00	ff
242.158445	455.00	fr
242.158935	397.00	fl
242.196277	304.00	f
242.458233	455.00	ff
243.149385	455.00	fr
243.149884	397.00	fl
243.203625	304.00	f
243.448893	455.00	ff
244.158243	455.00	fr
244.158683	397.00	fl
244.195852	304.00	f
244.458095	455.00	ff
245.158448	397.00	fl
245.158922	455.00	fr
245.204062	304.00	f
245.489554	455.00	ff
246.161769	397.00	fl
246.162265	455.00	fr
246.222553	304.00	f
246.462842	455.00	ff
247.165833	397.00	fl
247.166936	455.00	fr
247.197886	304.00	f
247.472687	455.00	ff
248.169793	397.00	fl
248.170311	455.00	fr
248.197865	304.00	f
248.466838	455.00	ff
249.180271	397.00	fl
249.18077	455.00	fr
249.187822	304.00	f
249.47917	455.00	ff
250.197649	397.00	fl
250.198119	455.00	fr
250.198355	304.00	f
250.458865	455.00	ff
251.159636	397.00	fl
251.160159	455.00	fr
251.207956	304.00	f
251.468799	455.00	ff
252.169935	397.00	fl
252.170592	455.00	fr
252.220409	304.00	f
252.470696	455.00	ff
253.163021	397.00	fl
253.163497	455.00	fr
253.229325	304.00	f
253.464044	455.00	ff
254.173994	397.00	fl
254.174465	455.00	fr
254.19788	304.00	f
254.472401	455.00	ff
255.168757	397.00	fl
255.169368	455.00	fr
255.207912	304.00	f
255.466571	455.00	ff
256.182067	397.00	fl
256.182586	455.00	fr
256.197832	304.00	f
256.48182	455.00	ff
257.203413	397.00	fl
257.204765	455.00	fr
257.207653	304.00	f
257.503069	455.00	ff
258.170955	397.00	fl
258.171434	455.00	fr
258.227224	304.00	f
258.471091	455.00	ff
259.172044	397.00	fl
259.172525	455.00	fr
259.233185	304.00	f
259.480429	455.00	ff
260.173458	397.00	fl
260.173944	455.00	fr
260.207814	304.00	f
260.471627	455.00	ff
261.173273	397.00	fl
261.173762	455.00	fr
261.207926	304.00	f
261.479515	455.00	ff
262.172342	397.00	fl
262.177862	455.00	fr
262.236057	304.00	f
262.47319	455.00	ff
263.17679	397.00	fl
263.17727	455.00	fr
263.217814	304.00	f
263.483277	455.00	ff
264.186124	397.00	fl
264.186606	455.00	fr
264.20776	304.00	f
264.484287	455.00	ff
265.188566	397.00	fl
265.189032	455.00	fr
265.217801	304.00	f
265.486373	455.00	ff
266.19853	397.00	fl
266.199014	455.00	fr
266.207841	304.00	f
266.493133	455.00	ff
267.169782	397.00	fl
267.170272	455.00	fr
267.224233	304.00	f
267.47823	455.00	ff
268.178624	397.00	fl
268.179121	455.00	fr
268.217639	304.00	f
268.47836	455.00	ff
269.188396	397.00	fl
269.188841	455.00	fr
269.226051	304.00	f
269.488197	455.00	ff
270.180318	397.00	fl
270.180803	455.00	fr
270.235729	304.00	f
270.47953	455.00	ff
271.189018	397.00	fl
271.189504	455.00	fr
271.231276	304.00	f
271.488773	455.00	ff
272.181431	397.00	fl
272.181927	455.00	fr
272.240263	304.00	f
272.481525	455.00	ff
273.191729	397.00	fl
273.192835	455.00	fr
273.217863	304.00	f
273.489854	455.00	ff
274.19186	397.00	fl
274.192347	455.00	fr
274.253161	304.00	f
274.500806	455.00	ff
275.19744	397.00	fl
275.197926	455.00	fr
275.22779	304.00	f
275.494922	455.00	ff
276.204533	397.00	fl
276.20502	455.00	fr
276.217858	304.00	f
276.506463	455.00	ff
277.17885	397.00	fl
277.179313	455.00	fr
277.231928	304.00	f
277.504442	455.00	ff
278.188844	397.00	fl
278.18931	455.00	fr
278.227156	304.00	f
278.52382	455.00	ff
279.184012	397.00	fl
279.197784	455.00	fr
279.254215	304.00	f
279.492602	455.00	ff
280.195627	397.00	fl
280.196111	455.00	fr
280.237769	304.00	f
280.501832	455.00	ff
281.20465	397.00	fl
281.205137	455.00	fr
281.227814	304.00	f
281.502273	455.00	ff
282.198718	397.00	fl
282.199222	455.00	fr
282.23782	304.00	f
282.495593	455.00	ff
283.207581	397.00	fl
283.208127	455.00	fr
283.227898	304.00	f
283.505611	455.00	ff
284.188653	397.00	fl
284.18971	455.00	fr
284.241642	304.00	f
284.510456	455.00	ff
285.199137	397.00	fl
285.199621	455.00	fr
285.240531	304.00	f
285.498791	455.00	ff
286.209234	397.00	fl
286.209734	455.00	fr
286.253271	304.00	f
286.509147	455.00	ff
287.201153	397.00	fl
287.201632	455.00	fr
287.258396	304.00	f
287.500931	455.00	ff
288.203103	397.00	fl
288.203561	455.00	fr
288.23784	304.00	f
288.509359	455.00	ff
289.202439	397.00	fl
289.203708	455.00	fr
289.237832	304.00	f
289.500365	455.00	ff
290.201366	397.00	fl
290.201851	455.00	fr
290.2618	304.00	f
290.510086	455.00	ff
291.204217	397.00	fl
291.207695	455.00	fr
291.237825	304.00	f
291.50174	455.00	ff
292.204897	397.00	fl
292.205381	455.00	fr
292.247869	304.00	f
292.511166	455.00	ff
293.212246	397.00	fl
293.212731	455.00	fr
293.237864	304.00	f
293.510041	455.00	ff
294.203149	397.00	fl
294.204369	455.00	fr
294.271175	304.00	f
294.511436	455.00	ff
295.213857	397.00	fl
295.214325	455.00	fr
295.237848	304.00	f
295.51191	455.00	ff
296.206901	397.00	fl
296.217771	455.00	fr
296.24783	304.00	f
296.513698	455.00	ff
297.218949	397.00	fl
297.219457	455.00	fr
297.237815	304.00	f
297.517178	455.00	ff
298.235725	397.00	fl
298.236232	455.00	fr
298.247935	304.00	f
298.530188	455.00	ff
299.209679	397.00	fl
299.210826	455.00	fr
299.263999	304.00	f
299.509044	455.00	ff
300.219218	397.00	fl
300.21971	455.00	fr
300.262615	304.00	f
300.519163	455.00	ff
301.212076	397.00	fl
301.212565	455.00	fr
301.273847	304.00	f
301.512673	455.00	ff
302.223919	455.00	fr
302.224539	397.00	fl
302.247849	304.00	f
302.522027	455.00	ff
