0.678853	1650.00	f
0.679614	1662.00	ff
0.679876	1662.00	fl
0.68012	1662.00	fr
1.500227	1375.00	ff
1.500744	1600.00	fl
1.500987	1632.00	fr
1.658514	1650.00	f
2.499735	1375.00	ff
2.500229	1600.00	fl
2.500489	1632.00	fr
2.649131	1600.00	f
3.499634	1375.00	ff
3.500119	1600.00	fl
3.508398	1632.00	fr
3.68442	1600.00	f
4.501037	1375.00	ff
4.501527	1600.00	fl
4.501776	1629.00	fr
4.659173	1600.00	f
5.49168	1375.00	ff
5.5084	1600.00	fl
5.508819	1629.00	fr
5.649804	1600.00	f
6.499108	1375.00	ff
6.499581	1600.00	fl
6.499829	1629.00	fr
6.677036	1587.00	f
7.537057	1375.00	ff
7.537545	1600.00	fl
7.537794	1629.00	fr
7.649969	1578.00	f
8.500577	1375.00	ff
8.501063	1600.00	fl
8.501323	1629.00	fr
8.658823	1578.00	f
9.509037	1375.00	ff
9.510095	1600.00	fl
9.510384	1629.00	fr
9.688799	1578.00	f
10.501409	1375.00	ff
10.518451	1600.00	fl
10.518865	1619.00	fr
10.659341	1578.00	f
11.508766	1375.00	ff
11.509192	1600.00	fl
11.509445	1614.00	fr
11.682017	1578.00	f
12.500632	1375.00	ff
12.518383	1600.00	fl
12.518763	1614.00	fr
12.658766	1578.00	f
13.508824	1375.00	ff
13.509252	1600.00	fl
13.509502	1614.00	fr
13.684025	1578.00	f
14.544293	1375.00	ff
14.545368	1600.00	fl
14.545667	1596.00	fr
14.65963	1578.00	f
15.509941	1375.00	ff
15.510421	1600.00	fl
15.518428	1596.00	fr
15.697194	1578.00	f
16.510443	1375.00	ff
16.510935	1600.00	fl
16.511185	1596.00	fr
16.668592	1578.00	f
17.508888	1375.00	ff
17.543405	1600.00	fl
17.543861	1596.00	fr
17.697608	1578.00	f
18.511366	1375.00	ff
18.511837	1600.00	fl
18.512092	1596.00	fr
18.66929	1578.00	f
19.519384	1375.00	ff
19.519881	1600.00	fl
19.520127	1596.00	fr
19.668744	1578.00	f
20.510221	1375.00	ff
20.510724	1600.00	fl
20.510972	1596.00	fr
20.668614	1578.00	f
21.519112	1375.00	ff
21.519603	1600.00	fl
21.519849	1596.00	fr
21.699273	1578.00	f
22.511019	1375.00	ff
22.528407	1600.00	fl
22.528802	1591.00	fr
22.66893	1578.00	f
23.518994	1375.00	ff
23.519444	1600.00	fl
23.519691	1591.00	fr
23.695885	1578.00	f
24.510749	1375.00	ff
24.528351	1600.00	fl
24.528759	1591.00	fr
24.668974	1578.00	f
25.519189	1375.00	ff
25.520298	1600.00	fl
25.520638	1591.00	fr
25.69931	1578.00	f
26.529436	1375.00	ff
26.529935	1600.00	fl
26.530191	1579.00	fr
26.669312	1578.00	f
27.519441	1375.00	ff
27.5199	1600.00	fl
27.528416	1560.00	fr
27.699504	1578.00	f
28.528893	1375.00	ff
28.529324	1600.00	fl
28.529573	1560.00	fr
28.702459	1578.00	f
29.519963	1375.00	ff
29.528443	1600.00	fl
29.528871	1560.00	fr
29.70503	1578.00	f
30.521251	1375.00	ff
30.522364	1600.00	fl
30.522678	1560.00	fr
30.679158	1578.00	f
31.529321	1375.00	ff
31.529777	1600.00	fl
31.530028	1560.00	fr
31.704674	1578.00	f
32.520807	1375.00	ff
32.521299	1600.00	fl
32.521546	1560.00	fr
32.678838	1578.00	f
33.528865	1375.00	ff
33.529314	1600.00	fl
33.529564	1560.00	fr
33.70295	1578.00	f
34.519969	1375.00	ff
34.56317	1600.00	fl
34.563658	1560.00	fr
34.679335	1578.00	f
35.52931	1375.00	ff
35.530421	1600.00	fl
35.530738	1553.00	fr
35.710981	1578.00	f
36.521917	1375.00	ff
36.53847	1600.00	fl
36.538854	1547.00	fr
36.679554	1578.00	f
37.530071	1375.00	ff
37.530569	1600.00	fl
37.530816	1543.00	fr
37.718325	1578.00	f
38.540425	1375.00	ff
38.540945	1600.00	fl
38.541193	1481.00	fr
38.681123	1578.00	f
39.530914	1375.00	ff
39.531402	1600.00	fl
39.548381	1481.00	fr
39.689026	1578.00	f
40.538644	1375.00	ff
40.539681	1600.00	fl
40.53997	1481.00	fr
40.712702	1578.00	f
41.530961	1375.00	ff
41.538485	1600.00	fl
41.538873	1481.00	fr
41.68904	1578.00	f
42.539213	1375.00	ff
42.539694	1600.00	fl
42.539947	1481.00	fr
42.718877	1578.00	f
43.540348	1018.00	ff
43.540861	1600.00	fl
43.541107	1481.00	fr
43.68941	1578.00	f
44.539757	1018.00	ff
44.540246	1600.00	fl
44.548414	1481.00	fr
44.72296	1578.00	f
45.540084	1018.00	ff
45.541189	1600.00	fl
45.541489	1481.00	fr
45.726291	1578.00	f
46.531966	1003.00	ff
46.548517	1600.00	fl
46.548962	1425.00	fr
46.6898	1578.00	f
47.539905	1003.00	ff
47.540474	1600.00	fl
47.54073	1425.00	fr
47.723484	1578.00	f
48.534281	1003.00	ff
48.548431	1600.00	fl
48.548854	1425.00	fr
48.692209	1578.00	f
49.543881	1003.00	ff
49.544359	1600.00	fl
49.544622	1425.00	fr
49.701778	1578.00	f
50.551765	1003.00	ff
50.553041	1600.00	fl
50.553364	1425.00	fr
50.709637	1578.00	f
51.542834	1003.00	ff
51.558354	1600.00	fl
51.558744	1425.00	fr
51.700638	1578.00	f
52.550288	1003.00	ff
52.550778	1600.00	fl
52.551028	1425.00	fr
52.737923	1578.00	f
53.543462	987.00	ff
53.558449	1600.00	fl
53.558833	1425.00	fr
53.701152	1578.00	f
54.551442	977.00	ff
54.551945	1600.00	fl
54.552195	1425.00	fr
54.709412	1578.00	f
55.559486	977.00	ff
55.560732	1600.00	fl
55.561043	1425.00	fr
55.699799	1578.00	f
56.54969	977.00	ff
56.550206	1600.00	fl
56.558431	1425.00	fr
56.731784	1578.00	f
57.549807	977.00	ff
57.550304	1600.00	fl
57.55055	1425.00	fr
57.730614	1578.00	f
58.5499	977.00	ff
58.558437	1600.00	fl
58.558848	1425.00	fr
58.734613	1578.00	f
59.550657	977.00	ff
59.551125	1600.00	fl
59.551369	1425.00	fr
59.708754	1578.00	f
60.549681	977.00	ff
60.558367	1600.00	fl
60.558814	1425.00	fr
60.734642	1578.00	f
61.551861	977.00	ff
61.552356	1600.00	fl
61.552618	1425.00	fr
61.709527	1578.00	f
62.558996	977.00	ff
62.559481	1600.00	fl
62.559736	1425.00	fr
62.736194	1578.00	f
63.551759	977.00	ff
63.568522	1600.00	fl
63.568913	1425.00	fr
63.709745	1578.00	f
64.559371	977.00	ff
64.55987	1600.00	fl
64.560116	1425.00	fr
64.739792	1578.00	f
65.551377	977.00	ff
65.568434	1600.00	fl
65.568841	1400.00	fr
65.709391	1578.00	f
66.559051	977.00	ff
66.560212	1600.00	fl
66.561519	1400.00	fr
66.739501	1578.00	f
67.597539	977.00	ff
67.59805	1600.00	fl
67.598301	1400.00	fr
67.70974	1578.00	f
68.559536	977.00	ff
68.560038	1600.00	fl
68.568382	1400.00	fr
68.743093	1578.00	f
69.568905	977.00	ff
69.569354	1600.00	fl
69.569602	1400.00	fr
69.743496	1578.00	f
70.560413	977.00	ff
70.568405	1600.00	fl
70.568833	1400.00	fr
70.718752	1578.00	f
71.568568	977.00	ff
71.569638	1600.00	fl
71.569952	1400.00	fr
71.742615	1578.00	f
72.569857	977.00	ff
72.570361	1600.00	fl
72.570604	1400.00	fr
72.719125	1578.00	f
73.56101	977.00	ff
73.561503	1600.00	fl
73.561757	1400.00	fr
73.719169	1578.00	f
74.56879	977.00	ff
74.569223	1600.00	fl
74.569475	1400.00	fr
74.745047	1578.00	f
75.560642	977.00	ff
75.578498	1600.00	fl
75.578909	1400.00	fr
75.718885	1578.00	f
76.569055	977.00	ff
76.570208	1600.00	fl
76.570529	1400.00	fr
76.749279	1578.00	f
77.562095	977.00	ff
77.578419	1600.00	fl
77.578804	1400.00	fr
77.720098	1578.00	f
78.571021	977.00	ff
78.571515	1600.00	fl
78.571765	1400.00	fr
78.729072	1578.00	f
79.578647	977.00	ff
79.579051	1600.00	fl
79.579299	1400.00	fr
79.718718	1578.00	f
80.596698	977.00	ff
80.59719	1600.00	fl
80.597441	1400.00	fr
80.751661	1578.00	f
81.579512	977.00	ff
81.580665	1600.00	fl
81.58099	1400.00	fr
81.763491	1578.00	f
82.572338	977.00	ff
82.588528	1600.00	fl
82.588925	1400.00	fr
82.730259	1578.00	f
83.581258	977.00	ff
83.581766	1600.00	fl
83.582008	1400.00	fr
83.739313	1578.00	f
84.580188	977.00	ff
84.580709	1600.00	fl
84.580957	1400.00	fr
84.729532	1578.00	f
85.579061	977.00	ff
85.579589	1600.00	fl
85.579868	1400.00	fr
85.756968	1578.00	f
86.580381	977.00	ff
86.581579	1600.00	fl
86.581888	1400.00	fr
86.738646	1578.00	f
87.579314	977.00	ff
87.588422	1600.00	fl
87.588825	1400.00	fr
87.762459	1578.00	f
88.581352	977.00	ff
88.581847	1600.00	fl
88.582097	1400.00	fr
88.739395	1578.00	f
89.581907	977.00	ff
89.588486	1600.00	fl
89.588897	1400.00	fr
89.739822	1578.00	f
90.580754	977.00	ff
90.581221	1600.00	fl
90.581471	1400.00	fr
90.738824	1578.00	f
91.588835	916.00	ff
91.589896	1600.00	fl
91.590182	1400.00	fr
91.729013	1578.00	f
92.578863	916.00	ff
92.579303	1600.00	fl
92.613781	1400.00	fr
92.767459	1578.00	f
93.590407	916.00	ff
93.590914	1600.00	fl
93.591159	1400.00	fr
93.779491	1578.00	f
94.584342	916.00	ff
94.598462	1600.00	fl
94.598846	1375.00	fr
94.741987	1578.00	f
95.59325	916.00	ff
95.593768	1600.00	fl
95.594018	1375.00	fr
95.750773	1578.00	f
96.600101	916.00	ff
96.601254	1600.00	fl
96.601545	1375.00	fr
96.740649	1578.00	f
97.590794	916.00	ff
97.591294	1600.00	fl
97.59837	1375.00	fr
97.748946	1578.00	f
98.598521	916.00	ff
98.598916	1600.00	fl
98.59917	1375.00	fr
98.770097	1578.00	f
99.590256	916.00	ff
99.59839	1600.00	fl
99.598795	1375.00	fr
99.748495	1578.00	f
100.589967	916.00	ff
100.590588	1600.00	fl
100.590869	1375.00	fr
100.775646	1578.00	f
101.590907	916.00	ff
101.598399	1600.00	fl
101.598801	1375.00	fr
101.748894	1578.00	f
102.589323	916.00	ff
102.589819	1600.00	fl
102.590068	1375.00	fr
102.769376	1578.00	f
103.598791	916.00	ff
103.599218	1600.00	fl
103.599469	1375.00	fr
103.771953	1578.00	f
104.591496	916.00	ff
104.608469	1600.00	fl
104.608879	1375.00	fr
104.749597	1578.00	f
105.600141	916.00	ff
105.600661	1600.00	fl
105.600916	1375.00	fr
105.758673	1578.00	f
106.592128	916.00	ff
106.608466	1600.00	fl
106.608852	1375.00	fr
106.75021	1578.00	f
107.599988	916.00	ff
107.601109	1600.00	fl
107.60141	1375.00	fr
107.785659	1578.00	f
108.611461	916.00	ff
108.611955	1600.00	fl
108.612202	1375.00	fr
108.751995	1578.00	f
109.60325	916.00	ff
109.603745	1600.00	fl
109.609385	1375.00	fr
109.761149	1578.00	f
110.611933	916.00	ff
110.612431	1600.00	fl
110.612698	1375.00	fr
110.769981	1578.00	f
111.603685	916.00	ff
111.609412	1600.00	fl
111.609791	1375.00	fr
111.761761	1578.00	f
112.604609	916.00	ff
112.605712	1600.00	fl
112.606032	1375.00	fr
112.762354	1578.00	f
113.603217	916.00	ff
113.60937	1600.00	fl
113.609749	1375.00	fr
113.761227	1578.00	f
114.602503	916.00	ff
114.603	1600.00	fl
114.603251	1375.00	fr
114.760358	1578.00	f
115.610187	916.00	ff
115.610678	1600.00	fl
115.610931	1375.00	fr
115.789478	1578.00	f
116.602436	916.00	ff
116.619522	1600.00	fl
116.619904	1375.00	fr
116.760429	1578.00	f
117.610825	916.00	ff
117.611949	1600.00	fl
117.61226	1375.00	fr
117.797821	1578.00	f
118.603725	916.00	ff
118.619402	1600.00	fl
118.619792	1375.00	fr
118.761216	1578.00	f
119.610627	916.00	ff
119.611127	1600.00	fl
119.611379	1375.00	fr
119.793587	1578.00	f
120.620489	916.00	ff
120.620979	1600.00	fl
120.621235	1375.00	fr
120.760656	1578.00	f
121.611253	916.00	ff
121.611746	1600.00	fl
121.658159	1375.00	fr
121.770704	1578.00	f
122.620213	916.00	ff
122.621316	1600.00	fl
122.621618	1375.00	fr
122.79988	1578.00	f
123.613038	916.00	ff
123.629466	1600.00	fl
123.629855	1375.00	fr
123.770857	1578.00	f
124.619977	916.00	ff
124.620419	1600.00	fl
124.620692	1375.00	fr
124.793971	1578.00	f
125.611606	916.00	ff
125.619396	1600.00	fl
125.619798	1375.00	fr
125.769677	1578.00	f
126.619683	916.00	ff
126.620081	1600.00	fl
126.620321	1375.00	fr
126.793096	1578.00	f
127.620627	916.00	ff
127.621745	1600.00	fl
127.622055	1375.00	fr
127.803128	1578.00	f
128.621939	916.00	ff
128.629418	1600.00	fl
128.629806	1375.00	fr
128.779935	1578.00	f
129.621049	916.00	ff
129.621539	1600.00	fl
129.621785	1375.00	fr
129.805894	1578.00	f
130.613842	916.00	ff
130.629449	1600.00	fl
130.629855	1375.00	fr
130.771425	1578.00	f
131.620974	916.00	ff
131.621471	1600.00	fl
131.621718	1375.00	fr
131.806953	1578.00	f
132.630382	916.00	ff
132.631448	1600.00	fl
132.631765	1375.00	fr
132.770611	1578.00	f
133.620753	916.00	ff
133.621262	1600.00	fl
133.664282	1375.00	fr
133.780289	1578.00	f
134.630279	916.00	ff
134.630773	1600.00	fl
134.631021	1375.00	fr
134.810798	1578.00	f
135.6231	916.00	ff
135.639416	1600.00	fl
135.639802	1375.00	fr
135.781044	1578.00	f
136.630637	916.00	ff
136.631141	1600.00	fl
136.631391	1375.00	fr
136.812977	1578.00	f
137.640971	916.00	ff
137.642139	1600.00	fl
137.64247	1375.00	fr
137.78143	1578.00	f
138.633443	916.00	ff
138.634057	1600.00	fl
138.639327	1375.00	fr
138.790754	1578.00	f
139.633437	916.00	ff
139.633943	1600.00	fl
139.634195	1375.00	fr
139.791731	1578.00	f
140.634047	916.00	ff
140.640398	1600.00	fl
140.640801	1375.00	fr
140.784138	1578.00	f
141.633779	916.00	ff
141.63428	1600.00	fl
141.634526	1375.00	fr
141.791823	1578.00	f
142.623749	916.00	ff
142.640493	1600.00	fl
142.641431	1375.00	fr
142.781897	1578.00	f
143.632587	916.00	ff
143.63308	1600.00	fl
143.633327	1375.00	fr
143.790856	1578.00	f
144.640574	916.00	ff
144.64098	1600.00	fl
144.641228	1375.00	fr
144.780737	1578.00	f
145.630704	916.00	ff
145.631095	1600.00	fl
145.663986	1375.00	fr
145.819352	1578.00	f
146.641445	916.00	ff
146.641924	1600.00	fl
146.642172	1375.00	fr
146.820896	1578.00	f
147.632397	916.00	ff
147.679363	1600.00	fl
147.680441	1375.00	fr
147.791873	1578.00	f
148.642221	916.00	ff
148.642828	1600.00	fl
148.643108	1375.00	fr
148.80068	1578.00	f
149.6509	916.00	ff
149.651315	1600.00	fl
149.651561	1375.00	fr
149.791228	1578.00	f
150.641455	916.00	ff
150.641949	1600.00	fl
150.650386	1375.00	fr
150.826234	1578.00	f
151.652617	808.00	ff
151.653103	1600.00	fl
151.653351	1375.00	fr
151.810874	1578.00	f
152.643216	808.00	ff
152.65042	1600.00	fl
152.650802	1375.00	fr
152.801479	1578.00	f
153.643296	808.00	ff
153.643804	1600.00	fl
153.644059	1375.00	fr
153.801469	1578.00	f
154.642395	808.00	ff
154.650406	1600.00	fl
154.650794	1375.00	fr
154.800845	1578.00	f
155.642201	808.00	ff
155.64268	1600.00	fl
155.642927	1375.00	fr
155.800593	1578.00	f
156.650621	808.00	ff
156.651025	1600.00	fl
156.651263	1375.00	fr
156.825001	1578.00	f
157.64409	808.00	ff
157.660445	1600.00	fl
157.660873	1375.00	fr
157.802236	1578.00	f
158.651658	808.00	ff
158.65217	1600.00	fl
158.652417	1375.00	fr
158.836769	1578.00	f
159.643976	808.00	ff
159.660513	1600.00	fl
159.660905	1375.00	fr
159.802733	1578.00	f
160.651615	808.00	ff
160.652099	1600.00	fl
160.652354	1375.00	fr
160.835479	1578.00	f
161.66182	808.00	ff
161.662397	1600.00	fl
161.662658	1375.00	fr
161.802075	1578.00	f
162.652525	808.00	ff
162.653023	1600.00	fl
162.670399	1375.00	fr
162.810816	1578.00	f
163.660994	808.00	ff
163.661995	1600.00	fl
163.662287	1375.00	fr
163.837404	1578.00	f
164.652584	808.00	ff
164.66043	1600.00	fl
164.660885	1375.00	fr
164.81069	1578.00	f
165.660905	808.00	ff
165.661351	1600.00	fl
165.661598	1375.00	fr
165.83733	1578.00	f
166.653524	808.00	ff
166.660508	1600.00	fl
166.660887	1375.00	fr
166.811585	1578.00	f
167.662242	808.00	ff
167.662718	1600.00	fl
167.662964	1375.00	fr
167.820543	1578.00	f
168.662424	808.00	ff
168.663543	1600.00	fl
168.663852	1375.00	fr
168.820958	1578.00	f
169.6535	808.00	ff
169.670475	1600.00	fl
169.670863	1375.00	fr
169.811662	1578.00	f
170.661252	744.00	ff
170.661748	1600.00	fl
170.661999	1375.00	fr
170.840426	1578.00	f
171.653025	744.00	ff
171.67047	1600.00	fl
171.670842	1375.00	fr
171.810933	1578.00	f
172.660945	744.00	ff
172.661413	1600.00	fl
172.661663	1375.00	fr
172.836561	1578.00	f
173.70035	744.00	ff
173.701504	1600.00	fl
173.701813	1375.00	fr
173.811981	1578.00	f
174.663088	744.00	ff
174.663583	1600.00	fl
174.680475	1375.00	fr
174.821108	1578.00	f
175.670501	744.00	ff
175.700022	1600.00	fl
175.700525	1375.00	fr
175.853691	1578.00	f
176.663262	744.00	ff
176.680405	1600.00	fl
176.680821	1375.00	fr
176.821157	1578.00	f
177.670944	744.00	ff
177.671368	1600.00	fl
177.671611	1375.00	fr
177.845261	1578.00	f
178.663629	744.00	ff
178.680471	1600.00	fl
178.680867	1375.00	fr
178.82165	1578.00	f
179.671991	744.00	ff
179.672498	1600.00	fl
179.672745	1375.00	fr
179.858659	1578.00	f
180.673111	744.00	ff
180.673608	1600.00	fl
180.673854	1375.00	fr
180.83098	1578.00	f
181.671713	744.00	ff
181.680479	1600.00	fl
181.68086	1375.00	fr
181.857805	1578.00	f
182.672773	744.00	ff
182.673271	1600.00	fl
182.673514	1375.00	fr
182.830749	1578.00	f
183.672014	744.00	ff
183.680377	1600.00	fl
183.680782	1375.00	fr
183.83047	1578.00	f
184.671355	744.00	ff
184.671865	1600.00	fl
184.672116	1375.00	fr
184.853311	1578.00	f
185.68205	744.00	ff
185.682548	1600.00	fl
185.682793	1375.00	fr
185.822736	1578.00	f
186.673043	744.00	ff
186.673518	1600.00	fl
186.690483	1375.00	fr
186.831031	1578.00	f
187.681021	744.00	ff
187.681493	1600.00	fl
187.681766	1375.00	fr
187.857795	1578.00	f
188.672811	744.00	ff
188.690506	1600.00	fl
188.69092	1375.00	fr
188.830922	1578.00	f
189.680699	744.00	ff
189.681688	1600.00	fl
189.681978	1375.00	fr
189.854474	1578.00	f
190.690666	744.00	ff
190.721115	1600.00	fl
190.721617	1375.00	fr
190.831945	1578.00	f
191.682948	744.00	ff
191.683446	1600.00	fl
191.690443	1375.00	fr
191.841264	1578.00	f
192.69086	744.00	ff
192.69129	1600.00	fl
192.691534	1375.00	fr
192.863883	1578.00	f
193.681909	744.00	ff
193.690452	1600.00	fl
193.69086	1375.00	fr
193.866879	1578.00	f
194.691275	744.00	ff
194.6925	1600.00	fl
194.692808	1375.00	fr
194.869653	1578.00	f
195.682981	744.00	ff
195.690379	1600.00	fl
195.690762	1375.00	fr
195.841337	1578.00	f
196.682764	744.00	ff
196.683259	1600.00	fl
196.683506	1375.00	fr
196.841102	1578.00	f
197.691069	744.00	ff
197.69153	1600.00	fl
197.691775	1350.00	fr
197.868184	1578.00	f
198.68271	744.00	ff
198.6832	1600.00	fl
198.700391	1350.00	fr
198.840887	1578.00	f
199.690477	744.00	ff
199.690873	1600.00	fl
199.691123	1350.00	fr
199.864281	1578.00	f
200.681755	744.00	ff
200.724686	1600.00	fl
200.72514	1350.00	fr
200.841354	1578.00	f
201.691912	744.00	ff
201.692431	1600.00	fl
201.6927	1350.00	fr
201.879477	1578.00	f
202.701621	744.00	ff
202.702116	1600.00	fl
202.702363	1350.00	fr
202.841976	1578.00	f
203.692277	744.00	ff
203.692792	1600.00	fl
203.739929	1350.00	fr
203.851878	1578.00	f
204.701616	744.00	ff
204.702116	1600.00	fl
204.702369	1350.00	fr
204.886452	1578.00	f
205.694042	744.00	ff
205.700528	1600.00	fl
205.700921	1350.00	fr
205.851938	1578.00	f
206.701742	744.00	ff
206.702247	1600.00	fl
206.702496	1350.00	fr
206.887703	1578.00	f
207.696066	744.00	ff
207.700418	1600.00	fl
207.700822	1350.00	fr
207.85392	1578.00	f
208.704348	744.00	ff
208.704864	1600.00	fl
208.70511	1350.00	fr
208.862304	1578.00	f
209.70291	744.00	ff
209.703381	1600.00	fl
209.703624	1350.00	fr
209.852211	1578.00	f
210.693132	744.00	ff
210.710427	1600.00	fl
210.710826	1350.00	fr
210.851736	1578.00	f
211.701406	744.00	ff
211.701892	1600.00	fl
211.702141	1350.00	fr
211.884347	1578.00	f
212.694777	744.00	ff
212.710425	1600.00	fl
212.710811	1350.00	fr
212.852888	1578.00	f
213.704163	744.00	ff
213.704678	1600.00	fl
213.704929	1350.00	fr
213.862744	1578.00	f
214.712874	744.00	ff
214.713356	1600.00	fl
214.7136	1350.00	fr
214.853778	1578.00	f
215.70351	744.00	ff
215.703999	1600.00	fl
215.72042	1350.00	fr
215.86169	1578.00	f
216.711466	744.00	ff
216.711962	1600.00	fl
216.712216	1350.00	fr
216.896668	1578.00	f
217.704206	744.00	ff
217.720499	1600.00	fl
217.720917	1350.00	fr
217.862532	1578.00	f
218.711921	744.00	ff
218.712423	1600.00	fl
218.712691	1350.00	fr
218.870569	1578.00	f
219.70274	744.00	ff
219.720467	1600.00	fl
219.720862	1350.00	fr
219.861413	1578.00	f
220.711076	744.00	ff
220.711555	1600.00	fl
220.711809	1350.00	fr
220.889376	1578.00	f
221.711394	744.00	ff
221.711891	1600.00	fl
221.712219	1350.00	fr
221.860696	1578.00	f
222.738377	744.00	ff
222.73888	1600.00	fl
222.739138	1350.00	fr
222.894664	1578.00	f
223.711877	744.00	ff
223.712369	1600.00	fl
223.712646	1350.00	fr
223.898487	1578.00	f
224.713647	744.00	ff
224.720387	1600.00	fl
224.720783	1350.00	fr
224.871999	1578.00	f
225.714134	744.00	ff
225.714622	1600.00	fl
225.714867	1350.00	fr
225.872489	1578.00	f
226.721773	744.00	ff
226.722868	1600.00	fl
226.723151	1350.00	fr
226.862627	1578.00	f
227.712479	744.00	ff
227.712971	1600.00	fl
227.730416	1350.00	fr
227.870831	1578.00	f
228.720532	744.00	ff
228.720933	1600.00	fl
228.72118	1350.00	fr
228.895749	1578.00	f
229.71205	744.00	ff
229.756895	1600.00	fl
229.757363	1350.00	fr
229.87188	1578.00	f
230.72236	744.00	ff
230.722849	1600.00	fl
230.723096	1350.00	fr
230.880884	1578.00	f
231.71326	744.00	ff
231.730404	1600.00	fl
231.731368	1350.00	fr
231.871543	1578.00	f
232.721079	744.00	ff
232.721552	1600.00	fl
232.757681	1350.00	fr
232.881807	1578.00	f
233.730987	744.00	ff
233.731424	1600.00	fl
233.731663	1350.00	fr
233.912031	1578.00	f
234.723331	744.00	ff
234.730372	1600.00	fl
234.73076	1350.00	fr
234.88138	1578.00	f
235.731157	744.00	ff
235.731611	1600.00	fl
235.73185	1350.00	fr
235.911401	1578.00	f
236.725065	744.00	ff
236.73043	1600.00	fl
236.731329	1350.00	fr
236.883242	1578.00	f
237.725014	744.00	ff
237.72551	1600.00	fl
237.72576	1325.00	fr
237.882944	1578.00	f
238.732263	744.00	ff
238.732759	1600.00	fl
238.733033	1325.00	fr
238.881595	1578.00	f
239.722649	744.00	ff
239.723136	1600.00	fl
239.740423	1325.00	fr
239.881081	1578.00	f
240.73093	744.00	ff
240.731368	1600.00	fl
240.731615	1325.00	fr
240.908097	1578.00	f
241.723487	744.00	ff
241.74047	1600.00	fl
241.741425	1325.00	fr
241.881673	1578.00	f
242.731713	744.00	ff
242.732214	1600.00	fl
242.732485	1325.00	fr
242.917093	1578.00	f
243.725211	744.00	ff
243.740443	1600.00	fl
243.740864	1325.00	fr
243.882973	1578.00	f
244.732988	744.00	ff
244.733487	1600.00	fl
244.750461	1325.00	fr
244.891259	1578.00	f
245.741128	744.00	ff
245.741624	1600.00	fl
245.741879	1325.00	fr
245.921175	1578.00	f
246.733291	744.00	ff
246.750459	1600.00	fl
246.751565	1325.00	fr
246.891473	1578.00	f
247.742044	744.00	ff
247.742531	1600.00	fl
247.742776	1325.00	fr
247.93049	1578.00	f
248.734517	744.00	ff
248.740465	1600.00	fl
248.740853	1325.00	fr
248.892151	1578.00	f
249.741645	744.00	ff
249.742142	1600.00	fl
249.742392	1325.00	fr
249.926092	1578.00	f
250.743159	744.00	ff
250.743652	1600.00	fl
250.743905	1325.00	fr
250.892126	1578.00	f
251.743194	744.00	ff
251.750374	1600.00	fl
251.751314	1325.00	fr
251.901419	1578.00	f
252.743453	744.00	ff
252.743956	1600.00	fl
252.744205	1325.00	fr
252.901623	1578.00	f
253.744295	744.00	ff
253.750369	1600.00	fl
253.750754	1325.00	fr
253.902388	1578.00	f
254.743696	744.00	ff
254.744179	1600.00	fl
254.744433	1325.00	fr
254.901729	1578.00	f
255.751295	744.00	ff
255.751793	1600.00	fl
255.75204	1325.00	fr
255.891616	1578.00	f
256.741657	744.00	ff
256.742162	1600.00	fl
256.783221	1325.00	fr
256.901091	1578.00	f
257.750857	744.00	ff
257.751301	1600.00	fl
257.751541	1325.00	fr
257.925999	1578.00	f
258.743616	744.00	ff
258.760479	1600.00	fl
258.760874	1325.00	fr
258.901613	1578.00	f
259.751283	744.00	ff
259.751782	1600.00	fl
259.752037	1325.00	fr
259.92998	1578.00	f
260.743004	744.00	ff
260.76051	1600.00	fl
260.760943	1325.00	fr
260.900974	1578.00	f
261.776764	744.00	ff
261.777242	1600.00	fl
261.777497	1325.00	fr
261.929804	1578.00	f
262.76077	744.00	ff
262.761201	1600.00	fl
262.761445	1325.00	fr
262.900685	1578.00	f
263.751407	744.00	ff
263.760382	1600.00	fl
263.760793	1325.00	fr
263.931935	1578.00	f
264.75259	744.00	ff
264.753086	1600.00	fl
264.753337	1325.00	fr
264.910716	1578.00	f
265.751045	744.00	ff
265.789076	1600.00	fl
265.789583	1325.00	fr
265.91067	1578.00	f
266.751185	744.00	ff
266.751674	1600.00	fl
266.751925	1325.00	fr
266.929954	1578.00	f
267.76071	744.00	ff
267.761745	1600.00	fl
267.762034	1325.00	fr
267.93338	1578.00	f
268.753113	744.00	ff
268.75358	1600.00	fl
268.770422	1325.00	fr
268.911213	1578.00	f
269.76146	744.00	ff
269.76195	1600.00	fl
269.762196	1325.00	fr
269.943851	1578.00	f
270.755922	744.00	ff
270.770391	1600.00	fl
270.770776	1325.00	fr
270.913788	1578.00	f
271.763369	744.00	ff
271.763847	1600.00	fl
271.764103	1325.00	fr
271.921314	1578.00	f
272.753326	744.00	ff
272.770384	1600.00	fl
272.770767	1325.00	fr
272.911299	1578.00	f
273.761311	744.00	ff
273.761811	1600.00	fl
273.762063	1325.00	fr
273.94073	1578.00	f
274.770937	744.00	ff
274.771382	1600.00	fl
274.771626	1325.00	fr
274.911067	1578.00	f
275.761323	744.00	ff
275.770603	1600.00	fl
275.771012	1325.00	fr
275.942578	1578.00	f
276.771273	744.00	ff
276.771748	1600.00	fl
276.771997	1325.00	fr
276.949559	1578.00	f
277.762436	744.00	ff
277.770464	1600.00	fl
277.770836	1325.00	fr
277.920729	1578.00	f
278.793888	744.00	ff
278.794387	1600.00	fl
278.794641	1325.00	fr
278.946993	1578.00	f
279.771412	744.00	ff
279.771909	1600.00	fl
279.772157	1325.00	fr
279.920664	1578.00	f
280.762739	744.00	ff
280.763235	1600.00	fl
280.805489	1325.00	fr
280.921528	1578.00	f
281.772136	744.00	ff
281.772657	1600.00	fl
281.772907	1325.00	fr
281.930523	1578.00	f
282.76246	744.00	ff
282.780333	1600.00	fl
282.780753	1325.00	fr
282.92085	1578.00	f
283.798094	744.00	ff
283.798706	1600.00	fl
283.798963	1325.00	fr
283.952229	1578.00	f
284.762943	744.00	ff
284.780404	1600.00	fl
284.780831	1325.00	fr
284.921132	1578.00	f
285.770864	744.00	ff
285.771304	1600.00	fl
285.807153	1325.00	fr
285.930704	1578.00	f
286.781369	744.00	ff
286.781845	1600.00	fl
286.782096	1325.00	fr
286.963489	1578.00	f
287.774937	744.00	ff
287.790442	1600.00	fl
287.791512	1325.00	fr
287.933244	1578.00	f
288.783243	744.00	ff
288.783749	1600.00	fl
288.783995	1325.00	fr
288.941336	1578.00	f
289.772869	744.00	ff
289.780737	1600.00	fl
289.781132	1325.00	fr
289.931195	1578.00	f
290.780932	744.00	ff
290.781398	1600.00	fl
290.781647	1325.00	fr
290.95685	1578.00	f
291.781323	744.00	ff
291.781805	1600.00	fl
291.782054	1325.00	fr
291.930472	1578.00	f
292.780646	744.00	ff
292.781064	1600.00	fl
292.813463	1325.00	fr
292.969813	1578.00	f
293.783462	744.00	ff
293.783969	1600.00	fl
293.784219	1325.00	fr
293.941352	1578.00	f
294.773719	744.00	ff
294.790399	1600.00	fl
294.790797	1325.00	fr
294.931561	1578.00	f
295.781082	744.00	ff
295.781564	1600.00	fl
295.781812	1325.00	fr
295.9559	1578.00	f
296.772564	744.00	ff
296.790499	1600.00	fl
296.790901	1325.00	fr
296.930821	1578.00	f
297.78075	744.00	ff
297.781169	1600.00	fl
297.814829	1325.00	fr
297.970788	1578.00	f
298.791855	744.00	ff
298.792359	1600.00	fl
298.792629	1325.00	fr
298.977537	1578.00	f
299.78429	744.00	ff
299.800442	1600.00	fl
299.80084	1325.00	fr
299.94217	1578.00	f
300.791383	744.00	ff
300.791885	1600.00	fl
300.792139	1325.00	fr
