0.60951	1825.00	
0.609608	1695.00	f
0.609678	417.00	l
0.60974	1825.00	r
1.248997	1869.00	l
1.249072	1889.00	f
1.249135	1825.00	r
1.609209	1825.00	
2.250163	1869.00	l
2.25024	1889.00	f
2.250302	1825.00	r
2.608859	1825.00	
3.248916	1869.00	l
3.248993	1889.00	f
3.249056	1825.00	r
3.609078	1825.00	
4.249094	1869.00	l
4.249173	1889.00	f
4.249237	1825.00	r
4.609145	1825.00	
5.250216	1869.00	l
5.250294	1889.00	f
5.250357	1825.00	r
5.608967	1825.00	
6.248996	1851.00	l
6.249073	1881.00	f
6.249137	1825.00	r
6.608867	1825.00	
7.24891	1851.00	l
7.248987	1881.00	f
7.249051	1825.00	r
7.608957	1825.00	
8.248972	1851.00	l
8.249052	1881.00	f
8.258901	1825.00	r
8.61898	1825.00	
9.248952	1851.00	l
9.249032	1881.00	f
9.258968	1825.00	r
9.619032	1825.00	
10.250314	1851.00	l
10.258865	1881.00	f
10.258932	1825.00	r
10.619009	1825.00	
11.259002	1851.00	l
11.259079	1881.00	f
11.259153	1825.00	r
11.618932	1825.00	
12.25895	1851.00	l
12.259031	1881.00	f
12.259095	1825.00	r
12.618989	1825.00	
13.259061	1851.00	l
13.259147	1881.00	f
13.259223	1825.00	r
13.618881	1656.00	
14.25923	1650.00	l
14.259329	1881.00	f
14.259395	1825.00	r
14.619036	1656.00	
15.255897	1498.00	l
15.255979	1881.00	f
15.256044	1825.00	r
15.626026	1491.00	
16.255954	1498.00	l
16.256032	1881.00	f
16.265873	1825.00	r
16.625974	1491.00	
17.255943	1498.00	l
17.265946	1881.00	f
17.266013	1825.00	r
17.625864	1491.00	
18.255962	1498.00	l
18.265943	1881.00	f
18.266012	1825.00	r
18.625871	1491.00	
19.265968	1498.00	l
19.266048	1881.00	f
19.266112	1825.00	r
19.625961	1491.00	
20.266035	1498.00	l
20.266115	1881.00	f
20.266179	1825.00	r
20.626007	1491.00	
21.265918	1366.00	l
21.265998	1881.00	f
21.266063	1825.00	r
21.626089	1491.00	
22.266149	1366.00	l
22.266233	1881.00	f
22.266308	1825.00	r
22.625912	1399.00	
23.265864	1125.00	l
23.265943	1881.00	f
23.266008	1825.00	r
23.625992	1325.00	
24.265917	925.00	l
24.265997	1881.00	f
24.266062	1825.00	r
24.626062	1250.00	
25.265997	925.00	l
25.266078	1881.00	f
25.266142	1825.00	r
25.625992	1250.00	
26.265944	756.00	l
26.266021	1881.00	f
26.266086	1825.00	r
26.636021	1250.00	
27.265919	689.00	l
27.265999	1881.00	f
27.275963	1825.00	r
27.63594	1250.00	
28.266019	689.00	l
28.275889	1881.00	f
28.275956	1825.00	r
28.636032	1250.00	
29.275986	689.00	l
29.276065	1881.00	f
29.276141	1825.00	r
29.635964	1150.00	
30.276042	689.00	l
30.276121	1881.00	f
30.276185	1825.00	r
30.637368	1040.00	
31.276045	689.00	l
31.276122	1825.00	f
31.276186	1825.00	r
31.637287	955.00	
32.275903	689.00	l
32.275982	1825.00	f
32.276076	1825.00	r
32.636025	955.00	
33.276124	689.00	l
33.276217	1825.00	f
33.279231	1825.00	r
33.63693	955.00	
34.276972	689.00	l
34.277053	1825.00	f
34.277117	1825.00	r
34.637017	955.00	
35.276875	689.00	l
35.276955	1825.00	f
35.277049	1825.00	r
35.637002	865.00	
36.276989	689.00	l
36.277097	1825.00	f
36.277161	1825.00	r
36.63712	865.00	
37.282079	689.00	l
37.282158	1825.00	f
37.282223	1825.00	r
37.642126	772.00	
38.282035	689.00	l
38.282114	1825.00	f
38.282178	1825.00	r
38.642116	772.00	
39.281989	689.00	l
39.282095	1825.00	f
39.28216	1825.00	r
39.64194	772.00	
40.28201	689.00	l
40.28212	1825.00	f
40.282185	1825.00	r
40.64298	772.00	
41.282984	689.00	l
41.283063	1825.00	f
41.283128	1825.00	r
41.642933	762.00	
42.282956	674.00	l
42.283067	1825.00	f
42.283141	1825.00	r
42.643021	762.00	
43.283035	674.00	l
43.283115	1825.00	f
43.28318	1825.00	r
43.643111	762.00	
44.283227	674.00	l
44.283307	1825.00	f
44.283371	1825.00	r
44.642844	677.00	
45.282958	674.00	l
45.283039	1825.00	f
45.292943	1825.00	r
45.653051	677.00	
46.282958	674.00	l
46.292997	1825.00	f
46.293064	1825.00	r
46.652957	677.00	
47.289077	607.00	l
47.289154	1825.00	f
47.289218	1825.00	r
47.649829	677.00	
48.291237	586.00	l
48.291313	1825.00	f
48.291376	1825.00	r
48.650853	677.00	
49.290854	586.00	l
49.290927	1825.00	f
49.290991	1825.00	r
49.650843	677.00	
50.290963	586.00	l
50.291038	1825.00	f
50.291103	1825.00	r
50.650922	677.00	
51.290836	586.00	l
51.290906	1825.00	f
51.29097	1825.00	r
51.650936	677.00	
52.290903	586.00	l
52.290976	1825.00	f
52.29104	1825.00	r
52.650893	677.00	
53.290875	586.00	l
53.290949	1825.00	f
53.300856	1825.00	r
53.660968	677.00	
54.291353	586.00	l
54.291426	1825.00	f
54.302152	1825.00	r
54.660916	630.00	
55.291228	586.00	l
55.302085	1825.00	f
55.302151	1825.00	r
55.660949	526.00	
56.300968	586.00	l
56.301043	1825.00	f
56.301117	1825.00	r
56.660993	526.00	
57.300845	504.00	l
57.300919	1825.00	f
57.300984	1825.00	r
57.661	526.00	
58.30083	504.00	l
58.300904	1825.00	f
58.300969	1825.00	r
58.660894	526.00	
59.300951	504.00	l
59.301027	1825.00	f
59.301092	1825.00	r
59.661024	526.00	
60.301921	504.00	l
60.301999	1825.00	f
60.302063	1825.00	r
60.661877	526.00	
61.301876	504.00	l
61.301946	1825.00	f
61.302011	1825.00	r
61.661944	526.00	
62.30189	504.00	l
62.301966	1825.00	f
62.302031	1825.00	r
62.661949	526.00	
63.30194	504.00	l
63.302015	1825.00	f
63.302079	1825.00	r
63.661948	526.00	
64.301997	504.00	l
64.302072	1825.00	f
64.302137	1825.00	r
64.661962	526.00	
65.301906	504.00	l
65.301982	1825.00	f
65.311978	1825.00	r
65.671917	526.00	
66.302001	504.00	l
66.302076	1825.00	f
66.31194	1825.00	r
66.672021	526.00	
67.301898	504.00	l
67.311902	1825.00	f
67.311969	1825.00	r
67.672	526.00	
68.311987	504.00	l
68.312061	1825.00	f
68.312126	1825.00	r
68.671983	526.00	
69.311915	504.00	l
69.311996	1825.00	f
69.312061	1825.00	r
69.671973	526.00	
70.312068	504.00	l
70.312148	1825.00	f
70.312212	1825.00	r
70.67212	526.00	
71.31237	504.00	l
71.312449	1825.00	f
71.312514	1825.00	r
71.671914	525.00	
72.311877	504.00	l
72.311956	1825.00	f
72.312022	1825.00	r
72.672001	525.00	
73.312021	504.00	l
73.312101	1825.00	f
73.312165	1825.00	r
73.672046	417.00	
74.311995	504.00	l
74.312075	1825.00	f
74.312139	1825.00	r
74.672107	417.00	
75.312031	504.00	l
75.312112	1825.00	f
75.322512	1825.00	r
75.681894	417.00	
76.312742	504.00	l
76.312819	1825.00	f
76.321832	1825.00	r
76.68186	417.00	
77.311953	504.00	l
77.32195	1825.00	f
77.322018	1825.00	r
77.682022	417.00	
78.322024	504.00	l
78.322104	1825.00	f
78.322169	1825.00	r
78.682065	417.00	
79.322007	504.00	l
79.322087	1825.00	f
79.322152	1825.00	r
79.682075	417.00	
80.323543	504.00	l
80.323626	1825.00	f
80.323691	1825.00	r
80.681998	417.00	
81.321969	504.00	l
81.322046	1825.00	f
81.32211	1825.00	r
81.682008	417.00	
82.322026	504.00	l
82.322106	1825.00	f
82.322171	1825.00	r
82.682092	417.00	
83.321959	504.00	l
83.322039	1825.00	f
83.322104	1825.00	r
83.682119	417.00	
84.321995	504.00	l
84.322074	1825.00	f
84.322139	1825.00	r
84.682143	417.00	
85.322684	504.00	l
85.322763	1825.00	f
85.322827	1825.00	r
85.691992	417.00	
86.321923	504.00	l
86.322001	1825.00	f
86.331858	1825.00	r
86.691936	417.00	
87.321947	504.00	l
87.322028	1825.00	f
87.331881	1825.00	r
87.692036	417.00	
88.321933	504.00	l
88.33204	1825.00	f
88.332107	1825.00	r
88.691955	417.00	
89.321978	504.00	l
89.331973	1825.00	f
89.332067	1825.00	r
89.691963	417.00	
90.332001	504.00	l
90.332081	1825.00	f
90.332145	1825.00	r
90.693386	417.00	
91.332136	504.00	l
91.332207	1825.00	f
91.332271	1825.00	r
91.692057	417.00	
92.325042	504.00	l
92.33498	1825.00	f
92.335048	1825.00	r
92.695106	417.00	
93.334993	504.00	l
93.335073	1825.00	f
93.335138	1825.00	r
93.695167	417.00	
94.335469	504.00	l
94.33555	1825.00	f
94.335614	1825.00	r
94.694863	417.00	
95.33508	499.00	l
95.335161	1825.00	f
95.335226	1825.00	r
95.696162	417.00	
96.335088	499.00	l
96.335167	1825.00	f
96.335231	1825.00	r
96.695003	417.00	
97.336966	499.00	l
97.337048	1825.00	f
97.337124	1825.00	r
97.697985	417.00	
98.338008	499.00	l
98.338089	1825.00	f
98.338154	1825.00	r
98.697987	417.00	
99.338067	499.00	l
99.338154	1825.00	f
99.338219	1825.00	r
99.698001	417.00	
100.339259	499.00	l
100.339341	1825.00	f
100.339405	1825.00	r
100.698017	417.00	
101.33793	499.00	l
101.338007	1825.00	f
101.338072	1825.00	r
101.697972	417.00	
102.337956	499.00	l
102.338048	1825.00	f
102.338113	1825.00	r
102.708081	417.00	
103.337911	499.00	l
103.337994	1825.00	f
103.347979	1825.00	r
103.708154	417.00	
104.33791	499.00	l
104.337992	1825.00	f
104.347877	1825.00	r
104.707985	417.00	
105.337906	499.00	l
105.347878	1825.00	f
105.347945	1825.00	r
105.707943	417.00	
106.339242	499.00	l
106.347877	1825.00	f
106.347952	1825.00	r
106.707902	417.00	
107.348001	499.00	l
107.348082	1825.00	f
107.348148	1825.00	r
107.709261	417.00	
108.34796	499.00	l
108.348045	1825.00	f
108.348109	1825.00	r
108.708003	417.00	
109.348097	499.00	l
109.348177	1825.00	f
109.348245	1825.00	r
109.707933	417.00	
110.344056	499.00	l
110.34415	1825.00	f
110.354015	1825.00	r
110.715149	417.00	
111.344135	499.00	l
111.35418	1825.00	f
111.354246	1825.00	r
111.714459	417.00	
112.343988	499.00	l
112.35397	1825.00	f
112.354038	1825.00	r
112.714039	417.00	
113.353948	499.00	l
113.354042	1825.00	f
113.354108	1825.00	r
113.714057	417.00	
114.354065	499.00	l
114.354148	1825.00	f
114.354212	1825.00	r
114.714013	417.00	
115.353971	499.00	l
115.354051	1825.00	f
115.354115	1825.00	r
115.714991	417.00	
116.354964	499.00	l
116.35504	1825.00	f
116.355105	1825.00	r
116.715154	417.00	
117.355042	499.00	l
117.355121	1825.00	f
117.355187	1825.00	r
117.715118	417.00	
118.354848	499.00	l
118.354928	1825.00	f
118.354993	1825.00	r
118.71496	417.00	
119.355073	499.00	l
119.355158	1825.00	f
119.355225	1825.00	r
119.715024	417.00	
120.354875	499.00	l
120.354955	1825.00	f
120.35502	1825.00	r
120.714995	417.00	
121.355885	499.00	l
121.355963	1825.00	f
121.356028	1825.00	r
121.715926	417.00	
122.356019	499.00	l
122.356101	1825.00	f
122.365931	1825.00	r
122.725936	417.00	
123.355982	499.00	l
123.356063	1825.00	f
123.366113	1825.00	r
123.726101	417.00	
124.356073	499.00	l
124.366145	1825.00	f
124.366212	1825.00	r
124.725865	417.00	
125.365904	499.00	l
125.365992	1825.00	f
125.366057	1825.00	r
125.725976	417.00	
126.366015	499.00	l
126.366093	1825.00	f
126.366158	1825.00	r
126.725993	417.00	
127.365897	499.00	l
127.365979	1825.00	f
127.366044	1825.00	r
127.725945	417.00	
128.366061	499.00	l
128.366142	1825.00	f
128.366208	1825.00	r
128.726116	417.00	
129.366103	499.00	l
129.366184	1825.00	f
129.366248	1825.00	r
129.725859	417.00	
130.365916	499.00	l
130.365995	1825.00	f
130.366059	1825.00	r
130.726054	417.00	
131.365923	499.00	l
131.366001	1825.00	f
131.366075	1825.00	r
131.725929	417.00	
132.365963	499.00	l
132.366044	1825.00	f
132.366109	1825.00	r
132.725969	417.00	
133.365912	499.00	l
133.365991	1825.00	f
133.376037	1825.00	r
133.736103	417.00	
134.366058	499.00	l
134.366138	1825.00	f
134.376511	1825.00	r
134.735906	417.00	
135.365957	499.00	l
135.376091	1825.00	f
135.376158	1825.00	r
135.736018	417.00	
136.365983	499.00	l
136.37604	1825.00	f
136.376108	1825.00	r
136.736092	417.00	
137.376205	499.00	l
137.376285	1825.00	f
137.376349	1825.00	r
137.735895	417.00	
138.37596	499.00	l
138.376038	1825.00	f
138.376102	1825.00	r
138.735975	417.00	
139.376096	499.00	l
139.376175	1825.00	f
139.376244	1825.00	r
139.736108	417.00	
140.375951	499.00	l
140.376032	1825.00	f
140.376097	1825.00	r
140.735998	417.00	
141.375906	425.00	l
141.375983	1825.00	f
141.376048	1825.00	r
141.736051	417.00	
142.376037	425.00	l
142.376117	1825.00	f
142.376183	1825.00	r
142.736007	417.00	
143.377088	425.00	l
143.377168	1825.00	f
143.377232	1825.00	r
143.745992	417.00	
144.376011	425.00	l
144.376091	1825.00	f
144.385953	1825.00	r
144.746023	417.00	
145.37731	425.00	l
145.385888	1825.00	f
145.385954	1825.00	r
145.745909	417.00	
146.375854	425.00	l
146.385874	1825.00	f
146.385942	1825.00	r
146.745913	417.00	
147.385966	425.00	l
147.386048	1825.00	f
147.386113	1825.00	r
147.746018	417.00	
148.385978	425.00	l
148.386059	1825.00	f
148.746078	417.00	
149.38613	425.00	l
149.386211	1825.00	f
149.745958	417.00	
150.385981	406.00	l
150.386062	1825.00	f
150.745982	417.00	
151.38604	406.00	l
151.386118	1825.00	f
151.746059	417.00	
152.385956	406.00	l
152.386038	1825.00	f
152.746089	417.00	
153.38615	406.00	l
153.38623	1825.00	f
153.745967	417.00	
154.38724	406.00	l
154.387321	1825.00	f
154.755888	417.00	
155.386028	406.00	l
155.386109	1825.00	f
155.756096	417.00	
156.385971	406.00	l
156.396011	1825.00	f
156.756024	417.00	
157.386057	406.00	l
157.396075	1825.00	f
157.756064	417.00	
158.396082	406.00	l
158.396161	1825.00	f
158.757145	417.00	
159.397269	406.00	l
159.39735	1825.00	f
159.755904	417.00	
160.396007	406.00	l
160.396088	1825.00	f
160.756012	417.00	
161.396871	406.00	l
161.396948	1825.00	f
161.757011	417.00	
162.396963	406.00	l
162.397044	1825.00	f
162.75702	417.00	
163.396914	406.00	l
163.396993	1825.00	f
163.758131	417.00	
164.398976	406.00	l
164.399057	1825.00	f
164.758956	417.00	
165.399146	406.00	l
165.399226	1825.00	f
165.758956	417.00	
166.399231	406.00	l
166.399307	1825.00	f
166.75961	417.00	
167.40004	406.00	l
167.40012	1825.00	f
167.759846	417.00	
168.400855	406.00	l
168.400951	1825.00	f
168.760917	417.00	
169.40205	406.00	l
169.402131	1825.00	f
169.762003	417.00	
170.402033	406.00	l
170.402114	1825.00	f
170.762012	417.00	
171.402022	406.00	l
171.4021	1825.00	f
171.77202	417.00	
172.402123	406.00	l
172.402203	1825.00	f
172.772427	417.00	
173.408047	406.00	l
173.40813	1825.00	f
173.768962	417.00	
174.407922	406.00	l
174.408002	1825.00	f
174.768148	417.00	
175.40799	406.00	l
175.408071	1825.00	f
175.769011	417.00	
176.407945	406.00	l
176.408025	1825.00	f
176.768005	417.00	
177.408005	340.00	l
177.408085	1825.00	f
177.767983	417.00	
178.407915	340.00	l
178.407996	1825.00	f
178.778059	417.00	
179.408016	340.00	l
179.408096	1825.00	f
179.777904	417.00	
180.408044	340.00	l
180.418095	1825.00	f
180.777856	417.00	
181.407956	340.00	l
181.417983	1825.00	f
181.778763	417.00	
182.41805	340.00	l
182.41813	1825.00	f
182.778577	417.00	
183.418065	340.00	l
183.418145	1825.00	f
183.778553	417.00	
184.417866	340.00	l
184.417947	1825.00	f
184.777909	417.00	
185.418044	340.00	l
185.418124	1825.00	f
185.778099	417.00	
186.418033	340.00	l
186.41811	1825.00	f
186.778062	417.00	
187.417996	340.00	l
187.418077	1825.00	f
187.778118	417.00	
188.418605	340.00	l
188.418686	1825.00	f
188.78795	417.00	
189.417992	340.00	l
189.418073	1825.00	f
189.787987	417.00	
190.419052	340.00	l
190.419131	1825.00	f
190.789146	417.00	
191.419099	340.00	l
191.429104	1825.00	f
191.78904	417.00	
192.427016	340.00	l
192.427098	1825.00	f
192.786932	417.00	
193.427005	340.00	l
193.427081	1825.00	f
193.786917	417.00	
194.427039	340.00	l
194.427112	1825.00	f
194.786951	417.00	
195.42392	340.00	l
195.423997	1825.00	f
195.793941	417.00	
196.423837	340.00	l
196.425445	1825.00	f
196.794869	417.00	
197.425217	340.00	l
197.425291	1825.00	f
197.794869	417.00	
198.424917	340.00	l
198.434909	1825.00	f
198.794966	417.00	
199.424921	340.00	l
199.434944	1825.00	f
199.794987	417.00	
200.43613	340.00	l
200.436209	1825.00	f
200.796175	417.00	
201.436048	340.00	l
201.436124	1825.00	f
201.796103	417.00	
202.436074	340.00	l
202.436153	1825.00	f
202.797184	417.00	
203.436158	340.00	l
203.436237	1825.00	f
203.797379	417.00	
204.43692	340.00	l
204.437	1825.00	f
204.795903	417.00	
205.436001	340.00	l
205.436081	1825.00	f
205.796044	417.00	
206.436029	340.00	l
206.436108	1825.00	f
206.795989	417.00	
207.436032	340.00	l
207.436112	1825.00	f
207.806009	417.00	
208.436045	340.00	l
208.436124	1825.00	f
208.806108	417.00	
209.436251	340.00	l
209.43633	1825.00	f
209.805993	417.00	
210.435964	340.00	l
210.445955	1825.00	f
210.805971	417.00	
211.44596	340.00	l
211.446037	1825.00	f
211.8059	417.00	
212.445902	340.00	l
212.445978	1825.00	f
212.80595	417.00	
213.445939	340.00	l
213.446016	1825.00	f
213.80598	417.00	
214.445853	340.00	l
214.445928	1825.00	f
214.805871	417.00	
215.445966	340.00	l
215.446047	1825.00	f
215.80595	417.00	
216.445862	340.00	l
216.44594	1825.00	f
216.805911	417.00	
217.446035	340.00	l
217.446116	1825.00	f
217.806005	417.00	
218.446026	340.00	l
218.446105	1825.00	f
218.816119	417.00	
219.446115	340.00	l
219.446196	1825.00	f
219.816434	417.00	
220.445868	340.00	l
220.445949	1825.00	f
220.815951	417.00	
221.445936	340.00	l
221.455929	1825.00	f
221.815882	417.00	
222.455934	340.00	l
222.456014	1825.00	f
222.815948	417.00	
223.455967	340.00	l
223.456058	1825.00	f
223.816049	417.00	
224.456009	340.00	l
224.456089	1825.00	f
224.816073	417.00	
225.455905	340.00	l
225.455987	1825.00	f
225.815947	417.00	
226.455994	340.00	l
226.456071	1825.00	f
226.816003	417.00	
227.455977	340.00	l
227.456068	1825.00	f
227.81601	417.00	
228.45601	340.00	l
228.456087	1825.00	f
228.826038	417.00	
229.455929	340.00	l
229.456017	1825.00	f
229.825907	417.00	
230.459937	340.00	l
230.460019	1825.00	f
230.819967	417.00	
231.461262	340.00	l
231.461339	1825.00	f
231.820005	417.00	
232.460021	340.00	l
232.460101	1825.00	f
232.830073	417.00	
233.459967	340.00	l
233.460048	1825.00	f
233.830118	417.00	
234.460147	340.00	l
234.460234	1825.00	f
234.829936	417.00	
235.459984	340.00	l
235.469995	1825.00	f
235.830021	417.00	
236.47012	340.00	l
236.470206	1825.00	f
236.830685	417.00	
237.471528	340.00	l
237.471626	1825.00	f
237.829931	417.00	
238.470023	340.00	l
238.470103	1825.00	f
238.8301	417.00	
239.470171	340.00	l
239.470251	1825.00	f
239.829982	417.00	
240.470075	340.00	l
240.470154	1825.00	f
240.831154	417.00	
241.470121	340.00	l
241.470199	1825.00	f
241.831035	417.00	
242.471363	340.00	l
242.471444	1825.00	f
242.830015	417.00	
243.470998	340.00	l
243.47108	1825.00	f
243.831038	417.00	
244.471044	340.00	l
244.471126	1825.00	f
244.841011	417.00	
245.471094	340.00	l
245.471174	1825.00	f
245.841572	417.00	
246.471272	340.00	l
246.471351	1825.00	f
246.840835	417.00	
247.47098	340.00	l
247.480929	1825.00	f
247.841059	417.00	
248.471965	340.00	l
248.472047	1825.00	f
248.842408	417.00	
249.471988	340.00	l
249.481879	1825.00	f
249.84201	417.00	
250.481998	340.00	l
250.482078	1825.00	f
250.841925	417.00	
251.482039	340.00	l
251.482117	1825.00	f
251.842106	417.00	
252.481877	340.00	l
252.483509	1825.00	f
252.842019	417.00	
253.482152	340.00	l
253.482234	1825.00	f
253.841859	417.00	
254.48207	340.00	l
254.482151	1825.00	f
254.842081	417.00	
255.48202	340.00	l
255.482101	1825.00	f
255.852025	417.00	
256.482134	340.00	l
256.482224	1825.00	f
256.85212	417.00	
257.482372	340.00	l
257.482452	1825.00	f
257.85202	417.00	
258.482985	340.00	l
258.491884	1825.00	f
258.852012	417.00	
259.482098	340.00	l
259.491964	1825.00	f
259.853104	417.00	
260.481946	340.00	l
260.491867	1825.00	f
260.851913	417.00	
261.491983	340.00	l
261.492061	1825.00	f
261.851947	417.00	
262.492003	340.00	l
262.492083	1825.00	f
262.852689	417.00	
263.491949	340.00	l
263.492031	1825.00	f
263.852052	417.00	
264.492233	340.00	l
264.49233	1825.00	f
264.851967	417.00	
265.491958	340.00	l
265.492042	1825.00	f
265.851937	417.00	
266.492781	340.00	l
266.49286	1825.00	f
266.851908	417.00	
267.491906	340.00	l
267.491987	1825.00	f
267.862067	417.00	
268.493458	340.00	l
268.49354	1825.00	f
268.861902	417.00	
269.491978	340.00	l
269.492061	1825.00	f
269.862055	417.00	
270.491928	340.00	l
270.501942	1825.00	f
270.862037	417.00	
271.501911	340.00	l
271.501988	1825.00	f
271.861962	417.00	
272.503262	340.00	l
272.503343	1825.00	f
272.861969	417.00	
273.501995	340.00	l
273.502075	1825.00	f
273.861965	417.00	
274.50198	340.00	l
274.50206	1825.00	f
274.861964	417.00	
275.504957	340.00	l
275.505037	1825.00	f
275.864954	417.00	
276.506074	340.00	l
276.506152	1825.00	f
276.867079	417.00	
277.499949	340.00	l
277.500031	1825.00	f
277.870083	417.00	
278.50059	340.00	l
278.511343	1825.00	f
278.869881	417.00	
279.510009	340.00	l
279.51009	1825.00	f
279.870066	417.00	
280.509991	340.00	l
280.510071	1825.00	f
280.86998	417.00	
281.509946	340.00	l
281.510026	1825.00	f
281.86995	417.00	
282.509958	340.00	l
282.510041	1825.00	f
282.870004	417.00	
283.510004	340.00	l
283.510086	1825.00	f
283.870086	417.00	
284.51298	340.00	l
284.513062	1825.00	f
284.873058	417.00	
285.513125	340.00	l
285.513204	1825.00	f
285.873095	417.00	
286.513171	340.00	l
286.513253	1825.00	f
286.874398	417.00	
287.51295	340.00	l
287.513032	1825.00	f
287.873009	417.00	
288.512978	340.00	l
288.51306	1825.00	f
288.873041	417.00	
289.513085	340.00	l
289.513168	1825.00	f
289.883134	417.00	
290.512878	340.00	l
290.512959	1825.00	f
290.882936	417.00	
291.513092	340.00	l
291.51317	1825.00	f
291.883014	417.00	
292.512926	340.00	l
292.522973	1825.00	f
292.883091	417.00	
293.513055	340.00	l
293.523869	1825.00	f
293.882935	417.00	
294.523048	340.00	l
294.523155	1825.00	f
294.883053	417.00	
295.523053	340.00	l
295.523136	1825.00	f
295.882953	417.00	
296.522993	340.00	l
296.523071	1825.00	f
296.883158	417.00	
297.522925	340.00	l
297.523006	1825.00	f
297.88297	417.00	
298.523177	340.00	l
298.523259	1825.00	f
298.882948	417.00	
299.522886	340.00	l
299.522968	1825.00	f
299.883156	417.00	
300.522989	340.00	l
300.523075	1825.00	f
300.892951	417.00	
301.524043	340.00	l
301.524122	1825.00	f
