0.097438	1578.00	f
0.929235	1629.00	ff
0.946737	1649.00	fl
0.947165	1650.00	fr
1.087594	565.00	f
1.937404	1629.00	ff
1.937846	1649.00	fl
1.938098	1650.00	fr
2.120273	565.00	f
2.947818	1629.00	ff
2.949085	1649.00	fl
2.949467	1650.00	fr
3.088173	565.00	f
3.938961	1629.00	ff
3.939432	1649.00	fl
3.946725	1650.00	fr
4.097233	565.00	f
4.938212	1629.00	ff
4.938707	1649.00	fl
4.938981	1650.00	fr
5.121884	565.00	f
5.938439	1629.00	ff
5.946656	1649.00	fl
5.94705	1650.00	fr
6.126032	565.00	f
6.939421	1629.00	ff
6.939901	1649.00	fl
6.940146	1650.00	fr
7.097447	565.00	f
7.947642	1629.00	ff
7.94871	1629.00	fl
7.949003	1650.00	fr
8.096906	565.00	f
8.938354	1629.00	ff
8.938865	1600.00	fl
8.986293	1650.00	fr
9.098169	565.00	f
9.948864	1629.00	ff
9.949345	1600.00	fl
9.949584	1650.00	fr
10.106989	565.00	f
10.939137	1629.00	ff
10.956772	1600.00	fl
10.957174	1650.00	fr
11.097275	545.00	f
11.94721	1629.00	ff
11.947648	1600.00	fl
11.947893	1650.00	fr
12.121504	545.00	f
12.939055	1629.00	ff
12.956696	1600.00	fl
12.957635	1644.00	fr
13.09723	545.00	f
13.947449	1629.00	ff
13.947914	1600.00	fl
13.948173	1644.00	fr
14.124226	545.00	f
14.986614	1629.00	ff
14.987109	1600.00	fl
14.987368	1644.00	fr
15.098303	545.00	f
15.948561	1629.00	ff
15.956791	1600.00	fl
15.9572	1644.00	fr
16.106938	475.00	f
16.981322	1629.00	ff
16.98182	1600.00	fl
16.982136	1644.00	fr
17.138521	475.00	f
17.949809	1629.00	ff
17.956735	1600.00	fl
17.957669	1644.00	fr
18.107745	475.00	f
18.95819	1629.00	ff
18.95866	1600.00	fl
18.958924	1644.00	fr
19.141882	410.00	f
19.950414	1629.00	ff
19.956691	1600.00	fl
19.957089	1644.00	fr
20.108357	410.00	f
20.958918	1629.00	ff
20.959406	1600.00	fl
20.966732	1644.00	fr
21.108143	410.00	f
21.95738	1629.00	ff
21.957827	1600.00	fl
21.958071	1633.00	fr
22.133446	410.00	f
22.949948	1629.00	ff
22.966667	1600.00	fl
22.967662	1633.00	fr
23.107685	410.00	f
23.957404	1629.00	ff
23.957895	1600.00	fl
23.958154	1629.00	fr
24.136866	410.00	f
24.950925	1629.00	ff
24.96676	1600.00	fl
24.967147	1629.00	fr
25.108855	410.00	f
25.959646	1629.00	ff
25.960137	1600.00	fl
25.960387	1629.00	fr
26.117792	410.00	f
26.968315	1629.00	ff
26.968808	1600.00	fl
26.969058	1629.00	fr
27.108807	410.00	f
27.958433	1629.00	ff
28.006083	1458.00	fl
28.007331	1629.00	fr
28.118215	410.00	f
28.968545	1629.00	ff
28.969044	1458.00	fl
28.969289	1629.00	fr
29.155863	410.00	f
29.961419	1629.00	ff
29.976733	1458.00	fl
29.977143	1629.00	fr
30.119025	410.00	f
30.969591	1629.00	ff
30.97008	1458.00	fl
30.970333	1629.00	fr
31.127548	410.00	f
31.977813	1629.00	ff
31.978305	1458.00	fl
31.978554	1629.00	fr
32.118778	410.00	f
32.969287	1629.00	ff
32.969768	965.00	fl
32.97683	1629.00	fr
33.127132	410.00	f
33.967829	1629.00	ff
33.968376	965.00	fl
33.968625	1629.00	fr
34.149109	410.00	f
34.968499	1629.00	ff
34.976781	965.00	fl
34.97719	1629.00	fr
35.156304	410.00	f
35.969188	1629.00	ff
35.969676	965.00	fl
35.969925	1629.00	fr
36.127303	410.00	f
36.968745	1629.00	ff
36.976689	965.00	fl
36.977081	1629.00	fr
37.127089	410.00	f
37.968606	1629.00	ff
37.969088	965.00	fl
37.986734	1629.00	fr
38.126979	410.00	f
39.004289	1629.00	ff
39.005445	965.00	fl
39.005763	1629.00	fr
39.117929	410.00	f
39.96846	1629.00	ff
40.013436	965.00	fl
40.013907	1629.00	fr
40.127968	364.00	f
40.978409	1629.00	ff
40.978924	965.00	fl
40.979195	1629.00	fr
41.164438	364.00	f
41.971332	1629.00	ff
41.986656	965.00	fl
41.987057	1629.00	fr
42.129111	364.00	f
42.980184	1629.00	ff
42.980665	965.00	fl
42.980911	1629.00	fr
43.138115	364.00	f
43.988856	1629.00	ff
43.989345	965.00	fl
43.989591	1629.00	fr
44.129173	364.00	f
44.978692	1629.00	ff
44.979209	965.00	fl
44.986739	1629.00	fr
45.136928	364.00	f
46.012454	1629.00	ff
46.012958	965.00	fl
46.013219	1629.00	fr
46.166146	364.00	f
46.979136	1629.00	ff
46.986828	965.00	fl
46.987222	1629.00	fr
47.13746	364.00	f
47.987447	1629.00	ff
47.98792	965.00	fl
47.988173	1629.00	fr
48.16575	364.00	f
48.980014	1629.00	ff
48.986679	965.00	fl
48.98708	1629.00	fr
49.137941	364.00	f
49.979115	1629.00	ff
49.980186	965.00	fl
49.996686	1629.00	fr
50.137288	364.00	f
50.986889	1629.00	ff
50.987287	965.00	fl
50.987533	1629.00	fr
51.157189	364.00	f
51.978059	1629.00	ff
52.020941	965.00	fl
52.021413	1629.00	fr
52.137513	364.00	f
52.988965	1629.00	ff
52.989474	965.00	fl
52.989722	1629.00	fr
53.173324	364.00	f
53.980947	1629.00	ff
53.996741	965.00	fl
53.997088	1629.00	fr
54.138952	364.00	f
54.989845	1629.00	ff
54.991109	965.00	fl
54.991406	1629.00	fr
55.147902	364.00	f
55.99747	1629.00	ff
55.997948	964.00	fl
55.998203	1629.00	fr
56.137764	364.00	f
56.987474	1629.00	ff
56.987948	964.00	fl
57.027147	1629.00	fr
57.14721	364.00	f
57.997762	1629.00	ff
57.998249	964.00	fl
57.998499	1629.00	fr
58.180159	364.00	f
58.991521	1629.00	ff
58.99695	964.00	fl
58.997344	1629.00	fr
59.149474	364.00	f
59.999784	1629.00	ff
60.000873	964.00	fl
60.001171	1629.00	fr
60.158027	364.00	f
60.992607	1629.00	ff
60.996649	964.00	fl
60.99702	1629.00	fr
61.150518	364.00	f
62.000283	1629.00	ff
62.000783	964.00	fl
62.006606	1629.00	fr
62.158592	364.00	f
63.000077	1629.00	ff
63.000558	964.00	fl
63.000805	1629.00	fr
63.157973	364.00	f
63.991264	1629.00	ff
64.006664	964.00	fl
64.007074	1629.00	fr
64.149423	364.00	f
64.999604	1629.00	ff
65.000667	947.00	fl
65.000958	1629.00	fr
65.157775	364.00	f
65.991144	1629.00	ff
66.006714	947.00	fl
66.007102	1629.00	fr
66.149418	364.00	f
66.99939	1629.00	ff
66.999873	947.00	fl
67.000127	1629.00	fr
67.157375	364.00	f
68.035718	1629.00	ff
68.036201	947.00	fl
68.036463	1629.00	fr
68.148224	364.00	f
68.998491	1629.00	ff
68.999003	947.00	fl
69.045331	1629.00	fr
69.15823	364.00	f
70.00903	1629.00	ff
70.010141	947.00	fl
70.010431	1629.00	fr
70.167436	364.00	f
71.001131	1629.00	ff
71.01669	947.00	fl
71.017065	1629.00	fr
71.159424	364.00	f
72.010423	1629.00	ff
72.010915	947.00	fl
72.011167	1629.00	fr
72.168142	364.00	f
73.01746	1629.00	ff
73.017931	947.00	fl
73.01818	1629.00	fr
73.157558	364.00	f
74.035798	1629.00	ff
74.036299	947.00	fl
74.036551	1629.00	fr
74.191595	364.00	f
75.008726	1629.00	ff
75.009796	947.00	fl
75.010083	1629.00	fr
75.195754	364.00	f
76.008968	1629.00	ff
76.016741	947.00	fl
76.017115	1629.00	fr
76.167021	364.00	f
77.008464	1629.00	ff
77.008942	947.00	fl
77.009191	1629.00	fr
77.167022	364.00	f
78.007728	1629.00	ff
78.016723	947.00	fl
78.017115	1629.00	fr
78.188332	364.00	f
79.008166	1629.00	ff
79.008629	947.00	fl
79.050527	1629.00	fr
79.16744	364.00	f
80.045639	1629.00	ff
80.046802	947.00	fl
80.047115	1629.00	fr
80.158179	364.00	f
81.007945	1629.00	ff
81.050641	947.00	fl
81.051164	1629.00	fr
81.167495	364.00	f
82.017472	1629.00	ff
82.017942	947.00	fl
82.018193	1629.00	fr
82.195586	364.00	f
83.01062	1629.00	ff
83.026707	947.00	fl
83.027105	1629.00	fr
83.168506	364.00	f
84.01802	1629.00	ff
84.018508	947.00	fl
84.018784	1629.00	fr
84.201246	364.00	f
85.027436	1629.00	ff
85.027904	947.00	fl
85.028149	1629.00	fr
85.167483	364.00	f
86.017357	1629.00	ff
86.017823	947.00	fl
86.053917	1629.00	fr
86.176909	364.00	f
87.026998	1629.00	ff
87.027407	947.00	fl
87.027655	1629.00	fr
87.200085	364.00	f
88.019052	1629.00	ff
88.026695	947.00	fl
88.027099	1629.00	fr
88.177123	364.00	f
89.027528	1629.00	ff
89.028017	947.00	fl
89.02827	1629.00	fr
89.176972	364.00	f
90.017407	1629.00	ff
90.055232	947.00	fl
90.055702	1629.00	fr
90.176961	364.00	f
91.019098	1629.00	ff
91.02017	776.00	fl
91.036757	1629.00	fr
91.177256	364.00	f
92.027542	1629.00	ff
92.027998	776.00	fl
92.028252	1629.00	fr
92.177221	298.00	f
93.0192	1629.00	ff
93.036767	776.00	fl
93.037155	1629.00	fr
93.177435	298.00	f
94.028269	1629.00	ff
94.028766	776.00	fl
94.029016	1629.00	fr
94.216424	298.00	f
95.022296	1629.00	ff
95.036821	776.00	fl
95.0372	1629.00	fr
95.179918	298.00	f
96.029374	1629.00	ff
96.030446	776.00	fl
96.0308	1629.00	fr
96.187534	298.00	f
97.03725	1629.00	ff
97.037719	776.00	fl
97.03797	1629.00	fr
97.177318	298.00	f
98.027176	1629.00	ff
98.027585	513.00	fl
98.061617	1629.00	fr
98.217203	298.00	f
99.038326	1629.00	ff
99.038836	513.00	fl
99.039082	1629.00	fr
99.225103	298.00	f
100.032072	1629.00	ff
100.046784	513.00	fl
100.047203	1629.00	fr
100.190172	298.00	f
101.04038	1629.00	ff
101.041462	513.00	fl
101.041751	1629.00	fr
101.198287	298.00	f
102.03114	1629.00	ff
102.036584	513.00	fl
102.037123	1629.00	fr
102.188802	298.00	f
103.038704	1629.00	ff
103.039221	513.00	fl
103.046697	1629.00	fr
103.196837	298.00	f
104.037474	1629.00	ff
104.037955	513.00	fl
104.038202	1629.00	fr
104.186741	298.00	f
105.06346	1629.00	ff
105.063963	513.00	fl
105.06421	1629.00	fr
105.21796	298.00	f
106.039026	1629.00	ff
106.040288	513.00	fl
106.040585	1629.00	fr
106.197199	298.00	f
107.028791	1629.00	ff
107.046717	513.00	fl
107.047199	1629.00	fr
107.187235	298.00	f
108.037059	1629.00	ff
108.037481	513.00	fl
108.037728	1629.00	fr
108.21103	298.00	f
109.073513	1629.00	ff
109.074008	513.00	fl
109.074273	1629.00	fr
109.187918	298.00	f
110.038651	1629.00	ff
110.039156	513.00	fl
110.086413	1629.00	fr
110.198144	298.00	f
111.049114	1629.00	ff
111.050205	513.00	fl
111.050493	1629.00	fr
111.208133	298.00	f
112.041233	1629.00	ff
112.056662	513.00	fl
112.057048	1629.00	fr
112.199022	298.00	f
113.049196	1629.00	ff
113.049678	513.00	fl
113.049923	1629.00	fr
113.207206	298.00	f
114.039356	1629.00	ff
114.056758	513.00	fl
114.057167	1629.00	fr
114.197396	298.00	f
115.0473	1629.00	ff
115.047769	513.00	fl
115.083041	1629.00	fr
115.236313	298.00	f
116.058509	1629.00	ff
116.059609	513.00	fl
116.059917	1629.00	fr
116.216922	298.00	f
117.049652	1629.00	ff
117.056701	513.00	fl
117.057083	1629.00	fr
117.20792	298.00	f
118.049327	1629.00	ff
118.049778	513.00	fl
118.050028	1629.00	fr
118.207369	298.00	f
119.047806	1629.00	ff
119.056708	513.00	fl
119.057095	1629.00	fr
119.229714	298.00	f
120.048613	1629.00	ff
120.04911	513.00	fl
120.049359	1629.00	fr
120.235989	298.00	f
121.05814	1629.00	ff
121.058614	513.00	fl
121.058886	1629.00	fr
121.207775	298.00	f
122.048954	1629.00	ff
122.049464	513.00	fl
122.066739	1629.00	fr
122.207683	298.00	f
123.058024	1629.00	ff
123.058508	484.00	fl
123.058777	1629.00	fr
123.240117	298.00	f
124.049106	1629.00	ff
124.066685	484.00	fl
124.067113	1629.00	fr
124.207497	298.00	f
125.057102	1629.00	ff
125.057512	484.00	fl
125.057761	1629.00	fr
125.231313	298.00	f
126.048456	1629.00	ff
126.094347	484.00	fl
126.094859	1629.00	fr
126.208153	298.00	f
127.058186	1629.00	ff
127.0587	484.00	fl
127.104004	1629.00	fr
127.21799	298.00	f
128.06898	1629.00	ff
128.06946	484.00	fl
128.069706	1629.00	fr
128.227341	298.00	f
129.060613	1629.00	ff
129.066685	484.00	fl
129.067091	1629.00	fr
129.218482	298.00	f
130.068174	1629.00	ff
130.068668	484.00	fl
130.068915	1629.00	fr
130.255522	298.00	f
131.060802	1629.00	ff
131.066616	484.00	fl
131.067005	1629.00	fr
131.21883	298.00	f
132.068653	1629.00	ff
132.069725	484.00	fl
132.076626	1629.00	fr
132.227135	298.00	f
133.067602	1629.00	ff
133.068084	484.00	fl
133.068332	1629.00	fr
133.217164	298.00	f
134.058327	1629.00	ff
134.102783	484.00	fl
134.103292	1629.00	fr
134.218295	298.00	f
135.067716	1629.00	ff
135.068189	484.00	fl
135.068457	1629.00	fr
135.247776	298.00	f
136.059108	1629.00	ff
136.076761	484.00	fl
136.077144	1629.00	fr
136.217338	298.00	f
137.09545	1629.00	ff
137.096557	484.00	fl
137.096846	1629.00	fr
137.254492	298.00	f
138.078627	1629.00	ff
138.079137	484.00	fl
138.079391	1629.00	fr
138.219723	298.00	f
139.070681	1629.00	ff
139.071182	484.00	fl
139.086826	1629.00	fr
139.228668	298.00	f
140.079166	1629.00	ff
140.07965	484.00	fl
140.079897	1629.00	fr
140.237365	298.00	f
141.068974	1629.00	ff
141.086792	484.00	fl
141.087183	1629.00	fr
141.22726	298.00	f
142.101429	1629.00	ff
142.102541	484.00	fl
142.102843	1629.00	fr
142.262512	298.00	f
143.0696	1629.00	ff
143.086722	484.00	fl
143.087129	1629.00	fr
143.227643	298.00	f
144.077147	1629.00	ff
144.077566	484.00	fl
144.11172	1629.00	fr
144.237027	298.00	f
145.07885	1629.00	ff
145.079332	484.00	fl
145.079577	1629.00	fr
145.227996	298.00	f
146.078121	1629.00	ff
146.086708	484.00	fl
146.087136	1629.00	fr
146.265323	298.00	f
147.079219	1629.00	ff
147.079706	484.00	fl
147.079954	1629.00	fr
147.237245	298.00	f
148.07783	1629.00	ff
148.086696	484.00	fl
148.087101	1629.00	fr
148.263392	298.00	f
149.078893	1629.00	ff
149.079371	484.00	fl
149.079617	1629.00	fr
149.236984	298.00	f
150.087225	1629.00	ff
150.087694	484.00	fl
150.087938	1629.00	fr
150.227651	298.00	f
151.077702	1629.00	ff
151.07815	484.00	fl
151.119201	1629.00	fr
151.237407	298.00	f
152.087311	1629.00	ff
152.087744	484.00	fl
152.087986	1629.00	fr
152.267502	298.00	f
153.079732	1629.00	ff
153.096676	484.00	fl
153.097094	1629.00	fr
153.237729	298.00	f
154.087653	1629.00	ff
154.088135	484.00	fl
154.088394	1629.00	fr
154.268308	298.00	f
155.080211	1629.00	ff
155.096742	484.00	fl
155.097127	1629.00	fr
155.238029	298.00	f
156.088366	1629.00	ff
156.088855	484.00	fl
156.096661	1629.00	fr
156.24696	298.00	f
157.097223	1629.00	ff
157.097664	484.00	fl
157.097912	1629.00	fr
157.237355	298.00	f
158.086945	1629.00	ff
158.119153	484.00	fl
158.119654	1629.00	fr
158.273821	298.00	f
159.088651	1629.00	ff
159.08914	484.00	fl
159.089385	1629.00	fr
159.27382	298.00	f
160.0899	1629.00	ff
160.096753	484.00	fl
160.097099	1629.00	fr
160.248138	298.00	f
161.08958	1629.00	ff
161.090059	484.00	fl
161.09031	1629.00	fr
161.247817	298.00	f
162.09789	1629.00	ff
162.098378	484.00	fl
162.098625	1629.00	fr
162.247326	298.00	f
163.088296	1629.00	ff
163.088754	484.00	fl
163.134447	1629.00	fr
163.248015	298.00	f
164.09794	1629.00	ff
164.098422	484.00	fl
164.098671	1629.00	fr
164.282121	298.00	f
165.090025	1629.00	ff
165.106726	484.00	fl
165.107129	1629.00	fr
165.247848	298.00	f
166.097895	1629.00	ff
166.098388	484.00	fl
166.098638	1629.00	fr
166.282011	298.00	f
167.090545	1629.00	ff
167.106744	484.00	fl
167.107199	1629.00	fr
167.249018	298.00	f
168.10002	1629.00	ff
168.1005	484.00	fl
168.11674	1629.00	fr
168.258128	298.00	f
169.107578	1629.00	ff
169.108076	484.00	fl
169.108325	1629.00	fr
169.286618	298.00	f
170.099381	1629.00	ff
170.106812	460.00	fl
170.107196	1629.00	fr
170.257363	298.00	f
171.107444	1629.00	ff
171.107904	460.00	fl
171.10816	1629.00	fr
171.286231	298.00	f
172.099431	1629.00	ff
172.106767	460.00	fl
172.107159	1629.00	fr
172.257513	298.00	f
173.107558	1629.00	ff
173.108046	460.00	fl
173.108303	1629.00	fr
173.288576	298.00	f
174.10902	1629.00	ff
174.110092	460.00	fl
174.110371	1629.00	fr
174.258122	298.00	f
175.098403	1629.00	ff
175.098919	460.00	fl
175.144456	1629.00	fr
175.257954	298.00	f
176.10766	1629.00	ff
176.108134	460.00	fl
176.108385	1629.00	fr
176.288328	298.00	f
177.099527	1629.00	ff
177.11673	460.00	fl
177.11712	1629.00	fr
177.257483	298.00	f
178.107618	1629.00	ff
178.108104	460.00	fl
178.108353	1629.00	fr
178.289166	298.00	f
179.09956	1629.00	ff
179.11677	460.00	fl
179.117708	1629.00	fr
179.257645	298.00	f
180.107765	1629.00	ff
180.108229	460.00	fl
180.148042	1629.00	fr
180.267232	298.00	f
181.145711	1629.00	ff
181.146177	460.00	fl
181.146434	1629.00	fr
181.299605	298.00	f
182.109902	1629.00	ff
182.126801	460.00	fl
182.127202	1629.00	fr
182.268343	298.00	f
183.118256	1629.00	ff
183.118744	460.00	fl
183.119018	1629.00	fr
183.303781	298.00	f
184.111049	1629.00	ff
184.12671	460.00	fl
184.127637	1629.00	fr
184.269175	298.00	f
185.120463	1629.00	ff
185.120951	460.00	fl
185.126736	1629.00	fr
185.27843	298.00	f
186.119617	1629.00	ff
186.120106	460.00	fl
186.120356	1629.00	fr
186.268742	298.00	f
187.118188	1629.00	ff
187.126693	460.00	fl
187.127099	1629.00	fr
187.302817	298.00	f
188.119006	1629.00	ff
188.119495	460.00	fl
188.119736	1629.00	fr
188.277245	298.00	f
189.118155	1629.00	ff
189.126688	460.00	fl
189.127689	1629.00	fr
189.306338	298.00	f
190.121292	1629.00	ff
190.121765	460.00	fl
190.122013	1629.00	fr
190.279264	298.00	f
191.114199	1629.00	ff
191.126678	460.00	fl
191.127072	1629.00	fr
191.272179	298.00	f
192.121481	1629.00	ff
192.121938	460.00	fl
192.136735	1629.00	fr
192.279467	298.00	f
193.12921	1629.00	ff
193.129683	460.00	fl
193.129941	1629.00	fr
193.287328	298.00	f
194.119128	1629.00	ff
194.136848	460.00	fl
194.137791	1629.00	fr
194.277521	298.00	f
195.127348	1629.00	ff
195.127818	460.00	fl
195.128087	1629.00	fr
195.303328	298.00	f
196.119217	1629.00	ff
196.136656	460.00	fl
196.137036	1629.00	fr
196.27758	298.00	f
197.127004	1629.00	ff
197.127429	460.00	fl
197.163994	1629.00	fr
197.28687	298.00	f
198.159291	1629.00	ff
198.159884	460.00	fl
198.160135	1629.00	fr
198.277426	298.00	f
199.126934	1629.00	ff
199.159034	460.00	fl
199.160331	1629.00	fr
199.313709	298.00	f
200.137862	1629.00	ff
200.138312	460.00	fl
200.138562	1629.00	fr
200.322283	298.00	f
201.130581	1629.00	ff
201.136738	460.00	fl
201.137119	1629.00	fr
201.288739	298.00	f
202.139037	1629.00	ff
202.139527	460.00	fl
202.139771	1629.00	fr
202.28918	298.00	f
203.137789	1629.00	ff
203.138264	460.00	fl
203.138513	1629.00	fr
203.286953	298.00	f
204.126953	1629.00	ff
204.127371	460.00	fl
204.159158	1629.00	fr
204.314975	298.00	f
205.137767	1629.00	ff
205.138236	460.00	fl
205.138488	1629.00	fr
205.319507	298.00	f
206.130935	1629.00	ff
206.146708	460.00	fl
206.147158	1629.00	fr
206.28912	298.00	f
207.140055	1629.00	ff
207.140524	460.00	fl
207.140775	1629.00	fr
207.298012	298.00	f
208.132178	1629.00	ff
208.146764	460.00	fl
208.147156	1629.00	fr
208.290322	298.00	f
209.140059	1629.00	ff
209.14052	460.00	fl
209.156649	1629.00	fr
209.298129	298.00	f
210.147606	1629.00	ff
210.148082	460.00	fl
210.148329	1629.00	fr
210.287965	298.00	f
211.138162	1629.00	ff
211.182806	460.00	fl
211.183309	1629.00	fr
211.298066	298.00	f
212.148552	1629.00	ff
212.14902	460.00	fl
212.149267	1629.00	fr
212.307386	298.00	f
213.141635	1629.00	ff
213.156711	460.00	fl
213.1571	1629.00	fr
213.299619	298.00	f
214.149268	1629.00	ff
214.149758	460.00	fl
214.150005	1629.00	fr
214.307423	298.00	f
215.147847	1629.00	ff
215.148905	460.00	fl
215.14919	1629.00	fr
215.297201	298.00	f
216.146898	1629.00	ff
216.147291	460.00	fl
216.178616	1629.00	fr
216.334663	298.00	f
217.149193	1629.00	ff
217.149675	460.00	fl
217.149922	1629.00	fr
217.307264	298.00	f
218.148067	1629.00	ff
218.156773	460.00	fl
218.157161	1629.00	fr
218.33481	298.00	f
219.150621	1629.00	ff
219.151101	460.00	fl
219.151351	1629.00	fr
219.309365	298.00	f
220.142048	1629.00	ff
220.156788	460.00	fl
220.157716	1629.00	fr
220.300002	298.00	f
221.149603	1629.00	ff
221.150095	460.00	fl
221.16677	1629.00	fr
221.307646	298.00	f
222.157387	1629.00	ff
222.157856	460.00	fl
222.158116	1629.00	fr
222.29782	298.00	f
223.148914	1629.00	ff
223.188189	460.00	fl
223.18864	1629.00	fr
223.307295	298.00	f
224.157803	1629.00	ff
224.158285	460.00	fl
224.158533	1629.00	fr
224.341072	298.00	f
225.150248	1629.00	ff
225.16677	460.00	fl
225.167737	1629.00	fr
225.308287	298.00	f
226.157482	1629.00	ff
226.157957	460.00	fl
226.166774	1629.00	fr
226.338257	298.00	f
227.160988	1629.00	ff
227.161475	460.00	fl
227.161714	1629.00	fr
227.30848	298.00	f
228.158685	1629.00	ff
228.159198	460.00	fl
228.167943	1629.00	fr
228.317221	298.00	f
229.158773	1629.00	ff
229.159263	460.00	fl
229.159511	1629.00	fr
229.317143	298.00	f
230.158367	1629.00	ff
230.166731	460.00	fl
230.167685	1629.00	fr
230.317145	298.00	f
231.157721	1629.00	ff
231.158201	460.00	fl
231.158449	1629.00	fr
231.341421	298.00	f
232.158381	1629.00	ff
232.166745	460.00	fl
232.167156	1629.00	fr
232.316837	298.00	f
233.157399	1629.00	ff
233.157886	460.00	fl
233.196913	1629.00	fr
233.317263	298.00	f
234.167273	1629.00	ff
234.167715	460.00	fl
234.167964	1629.00	fr
234.346057	298.00	f
235.159684	1629.00	ff
235.176725	460.00	fl
235.177696	1629.00	fr
235.317823	298.00	f
236.168245	1629.00	ff
236.168715	460.00	fl
236.168963	1629.00	fr
236.326837	298.00	f
237.15818	1629.00	ff
237.205324	460.00	fl
237.205805	1629.00	fr
237.318014	298.00	f
238.167756	1629.00	ff
238.168227	460.00	fl
238.210896	1629.00	fr
238.327661	298.00	f
239.178398	1629.00	ff
239.178911	460.00	fl
239.179158	1629.00	fr
239.319201	298.00	f
240.169761	1629.00	ff
240.176758	460.00	fl
240.177667	1629.00	fr
240.328115	298.00	f
241.178997	1629.00	ff
241.179476	460.00	fl
241.179723	1629.00	fr
241.337432	298.00	f
242.171484	1629.00	ff
242.176634	460.00	fl
242.177012	1629.00	fr
242.329656	298.00	f
243.179394	1629.00	ff
243.179878	460.00	fl
243.180132	1629.00	fr
243.337733	298.00	f
244.170263	1629.00	ff
244.176721	460.00	fl
244.177098	1629.00	fr
244.328457	298.00	f
245.170286	1629.00	ff
245.170801	460.00	fl
245.186674	1629.00	fr
245.32853	298.00	f
246.179095	1629.00	ff
246.179582	460.00	fl
246.179829	1629.00	fr
246.337531	298.00	f
247.170551	1629.00	ff
247.186663	460.00	fl
247.187063	1629.00	fr
247.329053	298.00	f
248.178856	1629.00	ff
248.179339	460.00	fl
248.179598	1629.00	fr
248.337057	298.00	f
249.168157	1629.00	ff
249.213478	460.00	fl
249.213988	1629.00	fr
249.328067	298.00	f
250.177787	1629.00	ff
250.178261	460.00	fl
250.218553	1629.00	fr
250.337557	298.00	f
251.188549	1629.00	ff
251.18904	460.00	fl
251.189282	1629.00	fr
251.329366	298.00	f
252.179892	1629.00	ff
252.196708	460.00	fl
252.197098	1629.00	fr
252.338363	298.00	f
253.188917	1629.00	ff
253.189399	460.00	fl
253.189652	1629.00	fr
253.347302	298.00	f
254.178679	1629.00	ff
254.186893	460.00	fl
254.187303	1629.00	fr
254.337137	298.00	f
255.213979	1629.00	ff
255.214478	460.00	fl
255.214729	1629.00	fr
255.36806	298.00	f
256.178824	1629.00	ff
256.186701	460.00	fl
256.187672	1629.00	fr
256.337224	298.00	f
257.18739	1629.00	ff
257.187848	460.00	fl
257.224097	1629.00	fr
257.34698	298.00	f
258.187841	1629.00	ff
258.188325	460.00	fl
258.188569	1629.00	fr
258.371378	298.00	f
259.180187	1629.00	ff
259.196699	460.00	fl
259.19712	1629.00	fr
259.337989	298.00	f
260.186948	1629.00	ff
260.187381	460.00	fl
260.187627	1629.00	fr
260.361934	298.00	f
261.177872	1629.00	ff
261.21876	460.00	fl
261.219867	1629.00	fr
261.337584	298.00	f
262.187253	1629.00	ff
262.187682	460.00	fl
262.227629	1629.00	fr
262.347393	298.00	f
263.197522	1629.00	ff
263.197998	460.00	fl
263.198251	1629.00	fr
263.337912	298.00	f
264.188021	1629.00	ff
264.231684	460.00	fl
264.232203	1629.00	fr
264.347903	298.00	f
265.19755	1629.00	ff
265.198026	460.00	fl
265.198277	1629.00	fr
265.376661	298.00	f
266.189107	1629.00	ff
266.206716	460.00	fl
266.207216	1629.00	fr
266.347434	298.00	f
267.197015	1629.00	ff
267.197435	460.00	fl
267.197684	1629.00	fr
267.372111	298.00	f
268.234515	1629.00	ff
268.235033	460.00	fl
268.235285	1629.00	fr
268.348261	298.00	f
269.198184	1629.00	ff
269.198666	460.00	fl
269.206725	1629.00	fr
269.356874	298.00	f
270.198046	1629.00	ff
270.198532	460.00	fl
270.198802	1620.00	fr
270.384867	298.00	f
271.198664	1629.00	ff
271.206746	460.00	fl
271.207676	1617.00	fr
271.357108	298.00	f
272.197983	1629.00	ff
272.199094	460.00	fl
272.199392	1617.00	fr
272.385079	298.00	f
273.199156	1629.00	ff
273.206716	460.00	fl
273.207116	1617.00	fr
273.35754	298.00	f
274.198047	1629.00	ff
274.198523	460.00	fl
274.245104	1617.00	fr
274.358238	298.00	f
275.208686	1629.00	ff
275.209174	460.00	fl
275.209418	1617.00	fr
275.358043	298.00	f
276.199232	1629.00	ff
276.216703	460.00	fl
276.217098	1617.00	fr
276.357552	298.00	f
277.20723	1629.00	ff
277.208276	460.00	fl
277.208568	1617.00	fr
277.385375	298.00	f
278.199235	1629.00	ff
278.216783	460.00	fl
278.217197	1617.00	fr
278.357495	298.00	f
279.207177	1629.00	ff
279.207629	460.00	fl
279.242236	1617.00	fr
279.36704	298.00	f
280.21812	1629.00	ff
280.218623	460.00	fl
280.218897	1617.00	fr
280.358658	298.00	f
281.210034	1629.00	ff
281.210535	460.00	fl
281.226727	1617.00	fr
281.367846	298.00	f
282.21764	1629.00	ff
282.218842	460.00	fl
282.219154	1617.00	fr
282.400099	298.00	f
283.208841	1629.00	ff
283.216757	460.00	fl
283.217169	1617.00	fr
283.367154	298.00	f
284.21682	1629.00	ff
284.246632	460.00	fl
284.247146	1617.00	fr
284.403771	298.00	f
285.211184	1629.00	ff
285.21665	460.00	fl
285.217031	1617.00	fr
285.369316	298.00	f
286.220336	1629.00	ff
286.220823	460.00	fl
286.226643	1617.00	fr
286.378462	298.00	f
287.222012	1629.00	ff
287.223115	460.00	fl
287.223409	1617.00	fr
287.379776	298.00	f
288.213045	1629.00	ff
288.226713	460.00	fl
288.227143	1617.00	fr
288.371058	298.00	f
289.22078	1629.00	ff
289.221289	460.00	fl
289.221547	1617.00	fr
289.378674	298.00	f
290.212805	1629.00	ff
290.226769	460.00	fl
290.227153	1617.00	fr
290.370669	298.00	f
291.221864	1629.00	ff
291.222365	460.00	fl
291.236701	1617.00	fr
291.380716	298.00	f
292.230713	1629.00	ff
292.231805	460.00	fl
292.232113	1617.00	fr
292.372643	298.00	f
293.224156	1629.00	ff
293.23673	460.00	fl
293.237189	1617.00	fr
293.382162	298.00	f
294.232618	1629.00	ff
294.233101	460.00	fl
294.233343	1617.00	fr
294.390096	298.00	f
295.224361	1629.00	ff
295.236703	460.00	fl
295.237057	1617.00	fr
295.382406	298.00	f
296.233786	1629.00	ff
296.234567	460.00	fl
296.234983	1617.00	fr
296.391753	298.00	f
297.233206	1629.00	ff
297.236729	460.00	fl
297.237106	1617.00	fr
297.38926	298.00	f
298.256039	1629.00	ff
298.256535	460.00	fl
298.256788	1617.00	fr
298.411141	298.00	f
299.228317	1629.00	ff
299.228809	460.00	fl
299.229055	1617.00	fr
299.412691	298.00	f
300.228909	1629.00	ff
300.236771	460.00	fl
300.237144	1617.00	fr
300.38712	298.00	f
