0.629087	1646.00	
0.629162	65.00	f
0.629225	135.00	l
0.629287	230.00	r
1.38887	1652.00	l
1.388937	1644.00	r
1.398773	1662.00	f
1.628822	1646.00	
2.388852	1644.00	l
2.388919	1629.00	r
2.398761	1662.00	f
2.628811	1612.00	
3.388954	1640.00	l
3.399032	1400.00	r
3.399098	1630.00	f
3.628851	1375.00	
4.398914	1600.00	l
4.39898	1200.00	r
4.399044	1584.00	f
4.628778	1375.00	
5.3989	1600.00	l
5.398966	1150.00	r
5.39903	1458.00	f
5.628763	1375.00	
6.398929	1550.00	l
6.398993	765.00	r
6.399056	1225.00	f
6.628937	1050.00	
7.39989	1074.00	l
7.399954	624.00	r
7.400019	1225.00	f
7.629914	964.00	
8.400806	1050.00	l
8.400871	624.00	r
8.400935	1125.00	f
8.629849	958.00	
9.401105	1014.00	l
9.401169	624.00	r
9.401233	1125.00	f
9.629909	925.00	
10.400269	1006.00	l
10.400334	755.00	f
10.400396	518.00	r
10.629822	710.00	
11.399995	842.00	l
11.400059	452.00	f
11.400127	518.00	r
11.629763	545.00	
12.399905	826.00	l
12.39997	452.00	f
12.400033	459.00	r
12.629824	545.00	
13.399905	324.00	l
13.39997	412.00	f
13.400033	330.00	r
13.631128	298.00	
14.39993	324.00	l
14.399996	351.00	f
14.409842	330.00	r
14.639841	109.00	
15.409901	254.00	l
15.409967	264.00	f
15.41003	330.00	r
15.640383	109.00	
16.409781	240.00	l
16.409846	165.00	f
16.409909	194.00	r
16.64002	109.00	
17.409819	204.00	l
17.409884	101.00	f
17.409946	114.00	r
17.639902	109.00	
18.411313	204.00	l
18.411375	65.00	f
18.411437	109.00	r
18.639885	109.00	
19.409964	204.00	l
19.410026	65.00	f
19.410088	109.00	r
19.639825	109.00	
20.409894	200.00	l
20.409957	65.00	f
20.410019	109.00	r
20.640286	109.00	
21.409795	200.00	l
21.409857	65.00	f
21.40992	109.00	r
21.640003	109.00	
22.410726	170.00	l
22.410788	65.00	f
22.410851	109.00	r
22.639781	109.00	
23.409958	170.00	l
23.410021	65.00	f
23.410083	109.00	r
23.649844	109.00	
24.410005	170.00	l
24.419981	65.00	f
24.420046	109.00	r
24.649759	109.00	
25.409905	170.00	l
25.419989	65.00	f
25.420054	109.00	r
25.649835	109.00	
26.419967	170.00	l
26.42003	65.00	f
26.420092	109.00	r
26.649801	109.00	
27.419913	170.00	l
27.419975	65.00	f
27.420037	109.00	r
27.64997	109.00	
28.41986	170.00	l
28.419932	65.00	f
28.419996	109.00	r
28.649873	109.00	
29.420031	170.00	l
29.420094	65.00	f
29.420156	109.00	r
29.649845	109.00	
30.419878	65.00	f
30.419944	170.00	l
30.420006	109.00	r
30.651288	109.00	
31.419852	170.00	l
31.419915	65.00	f
31.419978	109.00	r
31.649945	109.00	
32.419737	170.00	l
32.4198	65.00	f
32.419863	109.00	r
32.649892	109.00	
33.419937	170.00	l
33.420002	65.00	f
33.420064	109.00	r
33.649807	109.00	
34.419998	170.00	l
34.420061	65.00	f
34.420124	109.00	r
34.659876	109.00	
35.419993	170.00	l
35.420055	65.00	f
35.42997	109.00	r
35.659744	109.00	
36.429967	170.00	l
36.430031	65.00	f
36.430094	109.00	r
36.660941	109.00	
37.429923	170.00	l
37.429986	65.00	f
37.430049	109.00	r
37.660021	109.00	
38.430678	170.00	l
38.430741	65.00	f
38.430803	109.00	r
38.659886	109.00	
39.429973	170.00	l
39.430035	65.00	f
39.430097	109.00	r
39.659791	109.00	
40.429912	65.00	f
40.429978	154.00	l
40.43004	109.00	r
40.661327	109.00	
41.429792	154.00	l
41.429855	65.00	f
41.429918	109.00	r
41.6599	109.00	
42.430488	154.00	l
42.430551	65.00	f
42.430613	109.00	r
42.659816	109.00	
43.429886	154.00	l
43.429948	65.00	f
43.43001	109.00	r
43.659815	109.00	
44.429908	150.00	l
44.429971	65.00	f
44.430033	109.00	r
44.660014	109.00	
45.429758	150.00	l
45.429821	65.00	f
45.439726	109.00	r
45.669856	109.00	
46.429933	150.00	l
46.439927	65.00	f
46.439992	109.00	r
46.669868	109.00	
47.439976	150.00	l
47.440039	65.00	f
47.440102	109.00	r
47.669803	109.00	
48.439898	150.00	l
48.43996	65.00	f
48.440022	109.00	r
48.669837	109.00	
49.439803	150.00	l
49.439865	65.00	f
49.439927	109.00	r
49.669987	109.00	
50.440854	150.00	l
50.440916	65.00	f
50.440979	109.00	r
50.669853	109.00	
51.439961	150.00	l
51.440024	65.00	f
51.440086	109.00	r
51.669837	109.00	
52.439901	150.00	l
52.439963	65.00	f
52.440026	109.00	r
52.670544	109.00	
53.439849	150.00	l
53.439912	65.00	f
53.439975	109.00	r
53.669935	109.00	
54.440039	150.00	l
54.440102	65.00	f
54.440163	109.00	r
54.669813	109.00	
55.439887	150.00	l
55.439949	65.00	f
55.440011	109.00	r
55.669805	109.00	
56.43981	150.00	l
56.439873	65.00	f
56.449919	109.00	r
56.679915	109.00	
57.440411	150.00	l
57.451013	65.00	f
57.451077	109.00	r
57.679859	109.00	
58.449886	150.00	l
58.44995	65.00	f
58.450012	109.00	r
58.679846	109.00	
59.449928	150.00	l
59.44999	65.00	f
59.450053	109.00	r
59.679991	109.00	
60.449865	150.00	l
60.449928	65.00	f
60.449991	109.00	r
60.679963	109.00	
61.450046	150.00	l
61.450108	65.00	f
61.450171	109.00	r
61.679805	109.00	
62.44986	150.00	l
62.449923	65.00	f
62.449986	109.00	r
62.681249	109.00	
63.449817	65.00	f
63.449884	150.00	l
63.449947	109.00	r
63.679937	109.00	
64.451321	65.00	f
64.451386	150.00	l
64.451449	109.00	r
64.679896	109.00	
65.45003	65.00	f
65.450095	150.00	l
65.450157	109.00	r
65.679892	109.00	
66.449942	65.00	f
66.450007	150.00	l
66.459908	109.00	r
66.691183	109.00	
67.450804	65.00	f
67.45087	150.00	l
67.460779	109.00	r
67.690979	109.00	
68.450841	65.00	f
68.460852	150.00	l
68.460917	109.00	r
68.690858	109.00	
69.461391	65.00	f
69.461456	150.00	l
69.461519	109.00	r
69.690793	109.00	
70.460929	65.00	f
70.460994	150.00	l
70.461056	109.00	r
70.690734	109.00	
71.460851	65.00	f
71.460916	150.00	l
71.460978	109.00	r
71.691996	109.00	
72.460843	65.00	f
72.460908	150.00	l
72.460971	109.00	r
72.690916	109.00	
73.460804	65.00	f
73.460869	150.00	l
73.460932	109.00	r
73.691578	109.00	
74.460877	65.00	f
74.460943	150.00	l
74.461006	109.00	r
74.691994	109.00	
75.460838	65.00	f
75.460903	150.00	l
75.460966	109.00	r
75.690947	109.00	
76.460727	65.00	f
76.460792	150.00	l
76.460855	109.00	r
76.690938	109.00	
77.460935	65.00	f
77.461001	150.00	l
77.461063	109.00	r
77.690786	109.00	
78.461011	65.00	f
78.461077	150.00	l
78.470982	109.00	r
78.70079	109.00	
79.460866	65.00	f
79.460931	150.00	l
79.470853	109.00	r
79.701846	109.00	
80.470882	65.00	f
80.470948	150.00	l
80.471011	109.00	r
80.701004	109.00	
81.470843	65.00	f
81.470909	150.00	l
81.470972	109.00	r
81.700902	109.00	
82.471756	65.00	f
82.471821	150.00	l
82.471883	109.00	r
82.700873	109.00	
83.47103	65.00	f
83.471095	150.00	l
83.471157	109.00	r
83.700877	109.00	
84.470966	65.00	f
84.471031	150.00	l
84.471094	109.00	r
84.700795	109.00	
85.470894	65.00	f
85.470959	150.00	l
85.471021	109.00	r
85.700978	109.00	
86.470862	65.00	f
86.470928	150.00	l
86.470991	109.00	r
86.700906	109.00	
87.470731	65.00	f
87.470796	150.00	l
87.470859	109.00	r
87.700934	109.00	
88.470907	65.00	f
88.470972	150.00	l
88.471034	109.00	r
88.710838	109.00	
89.470961	65.00	f
89.480952	150.00	l
89.481017	109.00	r
89.71084	109.00	
90.48084	65.00	f
90.480906	150.00	l
90.480968	109.00	r
90.710905	109.00	
91.480829	65.00	f
91.480895	150.00	l
91.480958	109.00	r
91.710947	109.00	
92.480738	65.00	f
92.480801	65.00	l
92.480864	109.00	r
92.710926	109.00	
93.48091	65.00	f
93.480973	65.00	l
93.481035	109.00	r
93.710923	109.00	
94.481001	65.00	f
94.481063	65.00	l
94.481126	109.00	r
94.710801	109.00	
95.480833	65.00	f
95.480895	62.00	l
95.480958	109.00	r
95.712382	109.00	
96.48084	65.00	f
96.480903	62.00	l
96.480966	109.00	r
96.711164	109.00	
97.480861	65.00	f
97.480924	62.00	l
97.480987	109.00	r
97.711813	109.00	
98.480817	65.00	f
98.480882	62.00	l
98.480944	109.00	r
98.720924	109.00	
99.482333	65.00	f
99.482395	60.00	l
99.482458	109.00	r
99.720833	109.00	
100.480922	65.00	f
100.49091	60.00	l
100.490974	109.00	r
100.72085	109.00	
101.48092	65.00	f
101.490919	60.00	l
101.490983	109.00	r
101.72092	109.00	
102.490972	65.00	f
102.491035	60.00	l
102.491097	109.00	r
102.720904	109.00	
103.490861	65.00	f
103.490924	60.00	l
103.490986	109.00	r
103.721487	109.00	
104.49075	65.00	f
104.490812	60.00	l
104.490875	109.00	r
104.720888	109.00	
105.492171	65.00	f
105.492234	60.00	l
105.492296	109.00	r
105.720827	109.00	
106.491074	65.00	f
106.491137	60.00	l
106.491199	109.00	r
106.720772	109.00	
107.490916	65.00	f
107.490979	60.00	l
107.491041	109.00	r
107.720764	109.00	
108.490983	65.00	f
108.491046	60.00	l
108.491108	109.00	r
108.720758	109.00	
109.4909	65.00	f
109.490963	60.00	l
109.491026	109.00	r
109.722208	109.00	
110.490923	65.00	f
110.490987	60.00	l
110.50091	109.00	r
110.73104	109.00	
111.490817	65.00	f
111.500809	60.00	l
111.500874	109.00	r
111.730896	109.00	
112.502297	65.00	f
112.502359	60.00	l
112.502422	109.00	r
112.730904	109.00	
113.501197	65.00	f
113.501259	60.00	l
113.501321	109.00	r
113.730895	109.00	
114.501022	65.00	f
114.501085	60.00	l
114.501147	109.00	r
114.730801	109.00	
115.500887	65.00	f
115.50095	60.00	l
115.501012	109.00	r
115.730771	109.00	
116.500919	65.00	f
116.500982	60.00	l
116.501045	109.00	r
116.73085	109.00	
117.500854	65.00	f
117.500916	60.00	l
117.500978	109.00	r
117.731264	109.00	
118.50083	65.00	f
118.500893	60.00	l
118.500956	109.00	r
118.731059	109.00	
119.500871	65.00	f
119.500934	60.00	l
119.500996	109.00	r
119.730909	109.00	
120.500811	65.00	f
120.500874	60.00	l
120.500936	109.00	r
120.730848	109.00	
121.50083	65.00	f
121.500893	60.00	l
121.51082	109.00	r
121.740937	109.00	
122.500898	65.00	f
122.510901	60.00	l
122.510965	109.00	r
122.740927	109.00	
123.510813	65.00	f
123.510877	60.00	l
123.510939	109.00	r
123.740813	109.00	
124.510996	65.00	f
124.511058	60.00	l
124.51112	109.00	r
124.740838	109.00	
125.510881	65.00	f
125.510944	60.00	l
125.511006	109.00	r
125.740824	109.00	
126.510943	65.00	f
126.511006	60.00	l
126.511069	109.00	r
126.740728	109.00	
127.51191	65.00	f
127.511973	60.00	l
127.512035	109.00	r
127.74206	109.00	
128.511896	65.00	f
128.511959	60.00	l
128.512021	109.00	r
128.741902	109.00	
129.511876	65.00	f
129.511938	60.00	l
129.512001	109.00	r
129.741828	109.00	
130.511854	65.00	f
130.511917	60.00	l
130.51198	109.00	r
130.741809	109.00	
131.512066	65.00	f
131.512128	60.00	l
131.51219	109.00	r
131.74186	109.00	
132.511891	65.00	f
132.521982	60.00	l
132.522046	109.00	r
132.751856	109.00	
133.51192	65.00	f
133.521922	60.00	l
133.521986	109.00	r
133.751867	109.00	
134.521994	65.00	f
134.522057	60.00	l
134.522119	109.00	r
134.751807	109.00	
135.521784	65.00	f
135.521846	60.00	l
135.521909	109.00	r
135.751902	109.00	
136.521824	65.00	f
136.521887	60.00	l
136.521959	109.00	r
136.751871	109.00	
137.522003	65.00	f
137.522066	60.00	l
137.522128	109.00	r
137.751927	109.00	
138.522937	65.00	f
138.522999	60.00	l
138.523062	109.00	r
138.751884	109.00	
139.521941	65.00	f
139.522003	60.00	l
139.522066	109.00	r
139.751851	109.00	
140.52185	65.00	f
140.521913	60.00	l
140.521974	109.00	r
140.752694	109.00	
141.521852	65.00	f
141.521916	60.00	l
141.521979	109.00	r
141.752835	109.00	
142.521946	65.00	f
142.522009	60.00	l
142.522072	109.00	r
142.761981	109.00	
143.521893	65.00	f
143.521957	60.00	l
143.53186	109.00	r
143.761978	109.00	
144.521877	65.00	f
144.531862	60.00	l
144.531926	109.00	r
144.761849	109.00	
145.532248	65.00	f
145.53231	60.00	l
145.532373	109.00	r
145.761823	109.00	
146.531884	65.00	f
146.531946	60.00	l
146.532009	109.00	r
146.761841	109.00	
147.531868	65.00	f
147.531931	60.00	l
147.531993	109.00	r
147.76202	109.00	
148.531877	65.00	f
148.531939	60.00	l
148.532002	109.00	r
148.761952	109.00	
149.531847	65.00	f
149.53191	60.00	l
149.531972	109.00	r
149.761876	109.00	
150.53193	65.00	f
150.531992	60.00	l
150.532054	109.00	r
150.761774	109.00	
151.531827	65.00	f
151.531891	60.00	l
151.531953	109.00	r
151.762141	109.00	
152.531932	65.00	f
152.531995	60.00	l
152.532057	109.00	r
152.762036	109.00	
153.531854	65.00	f
153.531917	60.00	l
153.541822	109.00	r
153.771929	109.00	
154.531852	65.00	f
154.541844	60.00	l
154.541909	109.00	r
154.771928	109.00	
155.532118	65.00	f
155.542782	60.00	l
155.542846	109.00	r
155.771871	109.00	
156.542032	65.00	f
156.542094	60.00	l
156.542156	109.00	r
156.771882	109.00	
157.541893	65.00	f
157.541955	60.00	l
157.542018	109.00	r
157.771822	109.00	
158.541855	65.00	f
158.541917	60.00	l
158.541979	109.00	r
158.772033	109.00	
159.541884	65.00	f
159.541948	60.00	l
159.542011	109.00	r
159.771852	109.00	
160.541783	65.00	f
160.541846	60.00	l
160.541908	109.00	r
160.771808	109.00	
161.542146	65.00	f
161.542211	109.00	r
161.54227	60.00	l
161.771862	109.00	
162.541952	65.00	f
162.542017	109.00	r
162.542077	60.00	l
162.771867	109.00	
163.541839	65.00	f
163.541906	109.00	r
163.551976	60.00	l
163.771731	109.00	
164.541974	65.00	f
164.54204	109.00	r
164.551947	60.00	l
164.782448	73.00	
165.541828	65.00	f
165.551824	109.00	r
165.551886	60.00	l
165.781922	73.00	
166.541823	65.00	f
166.551828	109.00	r
166.55189	60.00	l
166.781953	73.00	
167.551949	65.00	f
167.552013	109.00	r
167.552073	60.00	l
167.781797	65.00	
168.551921	65.00	f
168.551985	109.00	r
168.552045	60.00	l
168.781879	65.00	
169.551968	65.00	f
169.552033	109.00	r
169.552094	60.00	l
169.781765	65.00	
170.551944	65.00	f
170.55201	109.00	r
170.55207	60.00	l
170.781797	65.00	
171.551792	65.00	f
171.551857	109.00	r
171.551916	60.00	l
171.781944	65.00	
172.551852	65.00	f
172.551918	109.00	r
172.551978	60.00	l
172.781837	65.00	
173.551781	65.00	f
173.551846	109.00	r
173.551907	60.00	l
173.781807	65.00	
174.551959	65.00	f
174.552024	109.00	r
174.561944	60.00	l
174.781765	65.00	
175.551993	65.00	f
175.561993	109.00	r
175.562055	60.00	l
175.79178	65.00	
176.551897	65.00	f
176.561894	109.00	r
176.561957	60.00	l
176.791818	65.00	
177.561855	65.00	f
177.56192	109.00	r
177.56198	60.00	l
177.79261	65.00	
178.561793	65.00	f
178.561858	109.00	r
178.561919	60.00	l
178.791956	65.00	
179.561801	65.00	f
179.561865	109.00	r
179.561925	60.00	l
179.791908	65.00	
180.561754	65.00	f
180.561819	109.00	r
180.561879	60.00	l
180.79191	65.00	
181.562492	65.00	f
181.562557	109.00	r
181.562616	60.00	l
181.791887	65.00	
182.562039	65.00	f
182.562103	109.00	r
182.562163	60.00	l
182.791875	65.00	
183.561884	65.00	f
183.561949	109.00	r
183.562009	60.00	l
183.791807	65.00	
184.561798	65.00	f
184.561863	109.00	r
184.561923	60.00	l
184.791957	65.00	
185.561899	65.00	f
185.561965	109.00	r
185.571883	60.00	l
185.791931	65.00	
186.562813	65.00	f
186.571741	109.00	r
186.571803	60.00	l
186.801874	65.00	
187.562971	65.00	f
187.563036	109.00	r
187.57296	60.00	l
187.792791	65.00	
188.562914	65.00	f
188.572929	109.00	r
188.572991	60.00	l
188.802957	65.00	
189.572897	65.00	f
189.572962	109.00	r
189.573022	60.00	l
189.802893	65.00	
190.574175	65.00	f
190.57424	109.00	r
190.574299	60.00	l
190.802932	65.00	
191.57291	65.00	f
191.572974	109.00	r
191.573034	60.00	l
191.802789	65.00	
192.57291	65.00	f
192.572975	109.00	r
192.573035	60.00	l
192.803325	65.00	
193.572889	65.00	f
193.572958	109.00	r
193.573018	60.00	l
193.802948	65.00	
194.572803	65.00	f
194.572869	109.00	r
194.572929	60.00	l
194.802815	65.00	
195.572965	65.00	f
195.57303	109.00	r
195.57309	60.00	l
195.802742	65.00	
196.572797	65.00	f
196.572861	109.00	r
196.572921	60.00	l
196.802955	65.00	
197.572835	65.00	f
197.582823	109.00	r
197.582886	60.00	l
197.812974	65.00	
198.572867	65.00	f
198.582861	109.00	r
198.582922	60.00	l
198.812904	65.00	
199.57302	65.00	f
199.583033	109.00	r
199.583104	60.00	l
199.812866	65.00	
200.582843	65.00	f
200.582908	109.00	r
200.582968	60.00	l
200.812723	65.00	
201.582844	65.00	f
201.582909	109.00	r
201.582969	60.00	l
201.812946	65.00	
202.582793	65.00	f
202.582859	109.00	r
202.582919	60.00	l
202.812918	65.00	
203.582797	65.00	f
203.582863	109.00	r
203.582933	60.00	l
203.812945	65.00	
204.583037	65.00	f
204.583102	109.00	r
204.583162	60.00	l
204.812764	65.00	
205.582848	65.00	f
205.582913	109.00	r
205.582973	60.00	l
205.814208	65.00	
206.582912	65.00	f
206.582978	109.00	r
206.583039	60.00	l
206.813099	65.00	
207.582919	65.00	f
207.582985	109.00	r
207.592898	60.00	l
207.822881	65.00	
208.582731	65.00	f
208.592749	109.00	r
208.592811	60.00	l
208.822827	65.00	
209.582938	65.00	f
209.593061	109.00	r
209.593123	60.00	l
209.822857	65.00	
210.582897	65.00	f
210.592923	109.00	r
210.592984	60.00	l
210.822746	65.00	
211.592933	65.00	f
211.592999	109.00	r
211.593058	60.00	l
211.82279	65.00	
212.592878	65.00	f
212.592944	109.00	r
212.593004	60.00	l
212.823282	65.00	
213.592872	65.00	f
213.592937	109.00	r
213.592998	60.00	l
213.822891	65.00	
214.592759	65.00	f
214.592826	109.00	r
214.592886	60.00	l
214.822983	65.00	
215.593519	65.00	f
215.593583	109.00	r
215.593643	60.00	l
215.82288	65.00	
216.59287	65.00	f
216.592935	109.00	r
216.592994	60.00	l
216.822833	65.00	
217.592831	65.00	f
217.602962	109.00	r
217.603023	60.00	l
217.823996	65.00	
218.592921	65.00	f
218.602879	109.00	r
218.602947	60.00	l
218.822948	65.00	
219.592876	65.00	f
219.602883	109.00	r
219.602945	60.00	l
219.832919	65.00	
220.592829	65.00	f
220.602838	109.00	r
220.6029	60.00	l
220.832864	65.00	
221.592921	65.00	f
221.603015	109.00	r
221.603085	60.00	l
221.832845	65.00	
222.602922	65.00	f
222.602986	109.00	r
222.603047	60.00	l
222.83404	65.00	
223.602842	65.00	f
223.602909	109.00	r
223.602969	60.00	l
223.83292	65.00	
224.602823	65.00	f
224.602888	109.00	r
224.602948	60.00	l
224.832895	65.00	
225.602842	65.00	f
225.602907	109.00	r
225.602967	60.00	l
225.832925	65.00	
226.602834	65.00	f
226.6029	109.00	r
226.602961	60.00	l
226.832901	65.00	
227.602992	65.00	f
227.612965	109.00	r
227.613027	60.00	l
227.832759	65.00	
228.602958	65.00	f
228.612908	109.00	r
228.612969	60.00	l
228.833393	65.00	
229.602869	65.00	f
229.612814	109.00	r
229.612876	60.00	l
229.832975	65.00	
230.602821	65.00	f
230.612762	109.00	r
230.612825	60.00	l
230.842968	65.00	
231.602858	65.00	f
231.612804	109.00	r
231.612866	60.00	l
231.842856	65.00	
232.602962	65.00	f
232.612911	109.00	r
232.612973	60.00	l
232.842877	65.00	
233.612914	65.00	f
233.612979	109.00	r
233.613039	60.00	l
233.843914	65.00	
234.612868	65.00	f
234.612933	109.00	r
234.612993	60.00	l
234.842937	65.00	
235.612755	65.00	f
235.61282	109.00	r
235.612881	60.00	l
235.84299	65.00	
236.612746	65.00	f
236.612811	109.00	r
236.612871	60.00	l
236.842937	65.00	
237.612772	65.00	f
237.612835	60.00	l
237.612898	109.00	r
237.842873	65.00	
238.612942	65.00	f
238.613007	109.00	r
238.623009	60.00	l
238.842832	65.00	
239.612923	65.00	f
239.622906	109.00	r
239.622968	60.00	l
239.842707	65.00	
240.612901	65.00	f
240.622868	109.00	r
240.62293	60.00	l
240.854019	65.00	
241.612833	65.00	f
241.622935	109.00	r
241.622997	60.00	l
241.85324	65.00	
242.622894	65.00	f
242.622959	109.00	r
242.623019	60.00	l
242.852924	65.00	
243.623962	65.00	f
243.624026	109.00	r
243.624086	60.00	l
243.852821	65.00	
244.622989	65.00	f
244.623064	109.00	r
244.623124	60.00	l
244.852839	65.00	
245.622879	65.00	f
245.622944	109.00	r
245.623013	60.00	l
245.853703	65.00	
246.622887	65.00	f
246.622962	109.00	r
246.623022	60.00	l
246.852951	65.00	
247.62373	65.00	f
247.623794	60.00	l
247.623856	109.00	r
247.853902	65.00	
248.623929	65.00	f
248.623994	109.00	r
248.624053	60.00	l
248.853839	65.00	
249.623908	65.00	f
249.623974	109.00	r
249.633892	60.00	l
249.85456	65.00	
250.62378	65.00	f
250.633779	109.00	r
250.633841	60.00	l
250.853967	65.00	
251.623741	65.00	f
251.633746	109.00	r
251.633809	60.00	l
251.853911	65.00	
252.623902	65.00	f
252.633898	109.00	r
252.63396	60.00	l
252.863817	65.00	
253.623843	65.00	f
253.633864	109.00	r
253.633927	60.00	l
253.863775	65.00	
254.633899	65.00	f
254.633964	109.00	r
254.634024	60.00	l
254.863901	65.00	
255.63382	65.00	f
255.633885	109.00	r
255.633946	60.00	l
255.863932	65.00	
256.63394	65.00	f
256.634003	60.00	l
256.634065	109.00	r
256.863845	65.00	
257.633846	65.00	f
257.633909	60.00	l
257.633971	109.00	r
257.865293	65.00	
258.633862	65.00	f
258.633925	60.00	l
258.633988	109.00	r
258.864555	65.00	
259.633782	65.00	f
259.633848	109.00	r
259.633909	60.00	l
259.863885	65.00	
260.633715	65.00	f
260.633781	109.00	r
260.643709	60.00	l
260.863925	65.00	
261.633928	65.00	f
261.643931	109.00	r
261.643993	60.00	l
261.863744	65.00	
262.633948	65.00	f
262.643964	109.00	r
262.644026	60.00	l
262.863823	65.00	
263.633874	65.00	f
263.643874	109.00	r
263.643935	60.00	l
263.873915	65.00	
264.643903	65.00	f
264.643968	109.00	r
264.644029	60.00	l
264.87389	65.00	
265.644074	65.00	f
265.644139	109.00	r
265.644199	60.00	l
265.87383	65.00	
266.643864	65.00	f
266.64393	109.00	r
266.64399	60.00	l
266.873811	65.00	
267.643871	65.00	f
267.643936	109.00	r
267.643996	60.00	l
267.873932	65.00	
268.644862	65.00	f
268.644936	109.00	r
268.644996	60.00	l
268.873907	65.00	
269.644353	65.00	f
269.644418	109.00	r
269.644478	60.00	l
269.873859	65.00	
270.643904	65.00	f
270.643969	109.00	r
270.644029	60.00	l
270.873814	65.00	
271.643937	65.00	f
271.644004	109.00	r
271.653934	60.00	l
271.873909	65.00	
272.643802	65.00	f
272.653798	109.00	r
272.653861	60.00	l
272.87383	65.00	
273.645112	65.00	f
273.653696	109.00	r
273.653758	60.00	l
273.88381	65.00	
274.643851	65.00	f
274.653872	109.00	r
274.653934	60.00	l
274.883726	65.00	
275.653923	65.00	f
275.653988	109.00	r
275.654048	60.00	l
275.883887	65.00	
276.653768	65.00	f
276.653834	109.00	r
276.653894	60.00	l
276.88391	65.00	
277.654018	65.00	f
277.654082	109.00	r
277.654141	60.00	l
277.883882	65.00	
278.653866	65.00	f
278.653931	109.00	r
278.653991	60.00	l
278.884873	65.00	
279.653874	65.00	f
279.653939	109.00	r
279.653999	60.00	l
279.883906	65.00	
280.653731	65.00	f
280.653797	109.00	r
280.653857	60.00	l
280.883877	65.00	
281.654224	65.00	f
281.654288	109.00	r
281.654358	60.00	l
281.883914	65.00	
282.653833	65.00	f
282.653898	109.00	r
282.663977	60.00	l
282.883764	65.00	
283.653939	65.00	f
283.663945	109.00	r
283.664007	60.00	l
283.884577	65.00	
284.653859	65.00	f
284.663855	109.00	r
284.663918	60.00	l
284.894	65.00	
285.663824	65.00	f
285.663889	109.00	r
285.663949	60.00	l
285.893878	65.00	
286.663941	65.00	f
286.664006	109.00	r
286.664065	60.00	l
286.893832	65.00	
287.663857	65.00	f
287.663922	109.00	r
287.663982	60.00	l
287.89401	65.00	
288.663873	65.00	f
288.663938	109.00	r
288.663999	60.00	l
288.893882	65.00	
289.663777	65.00	f
289.663843	109.00	r
289.663903	60.00	l
289.893995	65.00	
290.663971	65.00	f
290.664036	109.00	r
290.664096	60.00	l
290.893877	65.00	
291.663834	65.00	f
291.663908	109.00	r
291.663969	60.00	l
291.893821	65.00	
292.66384	65.00	f
292.663906	109.00	r
292.673836	60.00	l
292.894018	65.00	
293.664779	65.00	f
293.673824	109.00	r
293.673886	60.00	l
293.893869	65.00	
294.663852	65.00	f
294.673853	109.00	r
294.673915	60.00	l
294.893802	65.00	
295.663843	65.00	f
295.673865	109.00	r
295.673927	60.00	l
295.904466	65.00	
296.663796	65.00	f
296.673793	109.00	r
296.673855	60.00	l
296.903937	65.00	
297.673794	65.00	f
297.673859	109.00	r
297.67392	60.00	l
297.903877	65.00	
298.673822	65.00	f
298.673888	109.00	r
298.673948	60.00	l
298.903855	65.00	
299.674907	65.00	f
299.674972	109.00	r
299.675032	60.00	l
299.903882	65.00	
300.674029	65.00	f
300.674094	109.00	r
300.674154	60.00	l
300.903784	65.00	
301.674013	65.00	f
301.674078	109.00	r
301.674138	60.00	l
