0.234229	1979.00	fr
0.506863	1979.00	ff
0.507542	3635.00	fl
1.013343	1979.00	f
1.013851	1827.00	ff
1.014124	1662.00	fl
1.014387	1979.00	fr
1.990236	1919.00	f
1.991373	1662.00	ff
1.991873	1662.00	fl
2.021706	1662.00	fr
2.990765	1662.00	f
3.029394	1662.00	ff
3.029904	1662.00	fl
3.030172	1662.00	fr
3.9932	1662.00	f
3.993686	1662.00	ff
3.99393	1662.00	fl
4.009857	1662.00	fr
5.001783	1662.00	f
5.002299	1662.00	ff
5.002547	1662.00	fl
5.002783	1662.00	fr
5.991532	1662.00	f
5.992032	1662.00	ff
6.038295	1662.00	fl
6.038772	1662.00	fr
7.000737	1662.00	f
7.001811	1662.00	ff
7.002139	1662.00	fl
7.002386	1662.00	fr
7.990814	1662.00	f
8.032009	1662.00	ff
8.032485	1662.00	fl
8.032737	1662.00	fr
9.000364	1662.00	f
9.000821	1662.00	ff
9.00106	1662.00	fl
9.001295	1662.00	fr
10.03057	1662.00	f
10.031034	1662.00	ff
10.031285	1662.00	fl
10.031535	1662.00	fr
11.000893	1662.00	f
11.001388	1662.00	ff
11.00991	1662.00	fl
11.010315	1662.00	fr
12.037037	1662.00	f
12.038168	1662.00	ff
12.038456	1662.00	fl
12.038702	1662.00	fr
13.00077	1662.00	f
13.001244	1662.00	ff
13.038592	1662.00	fl
13.039083	1662.00	fr
14.010501	1662.00	f
14.010943	1662.00	ff
14.011188	1662.00	fl
14.011425	1662.00	fr
15.000504	1662.00	f
15.036795	1662.00	ff
15.037282	1662.00	fl
15.037539	1662.00	fr
16.011403	1662.00	f
16.011869	1662.00	ff
16.012121	1662.00	fl
16.019875	1662.00	fr
17.010462	1662.00	f
17.010911	1662.00	ff
17.011158	1662.00	fl
17.011401	1662.00	fr
18.000901	1662.00	f
18.001389	1662.00	ff
18.041539	1662.00	fl
18.042062	1662.00	fr
19.011696	1662.00	f
19.012177	1662.00	ff
19.012421	1662.00	fl
19.012655	1662.00	fr
20.002615	1662.00	f
20.019982	1662.00	ff
20.020392	1662.00	fl
20.02064	1662.00	fr
21.010977	1662.00	f
21.011462	1662.00	ff
21.011719	1662.00	fl
21.011959	1662.00	fr
22.044952	1662.00	f
22.045459	1662.00	ff
22.045741	1662.00	fl
22.046019	1662.00	fr
23.011224	1662.00	f
23.012347	1662.00	ff
23.053407	1662.00	fl
23.053919	1662.00	fr
24.020844	1662.00	f
24.021309	1662.00	ff
24.021562	1662.00	fl
24.021809	1662.00	fr
25.011269	1662.00	f
25.054462	1662.00	ff
25.054951	1662.00	fl
25.055205	1662.00	fr
26.021276	1662.00	f
26.021774	1662.00	ff
26.022063	1662.00	fl
26.022305	1662.00	fr
27.011755	1662.00	f
27.020082	1662.00	ff
27.020469	1662.00	fl
27.020718	1662.00	fr
28.020423	1662.00	f
28.021423	1662.00	ff
28.021711	1662.00	fl
28.05515	1662.00	fr
29.020615	1662.00	f
29.021097	1662.00	ff
29.021343	1662.00	fl
29.021584	1662.00	fr
30.048459	1662.00	f
30.04896	1662.00	ff
30.04921	1662.00	fl
30.049461	1662.00	fr
31.020643	1662.00	f
31.021114	1662.00	ff
31.021361	1662.00	fl
31.021596	1662.00	fr
32.011511	1662.00	f
32.055668	1662.00	ff
32.056159	1662.00	fl
32.056411	1662.00	fr
33.021623	1662.00	f
33.022766	1662.00	ff
33.023055	1662.00	fl
33.023298	1662.00	fr
34.030095	1662.00	f
34.030525	1662.00	ff
34.030773	1662.00	fl
34.031009	1662.00	fr
35.048208	1662.00	f
35.048727	1662.00	ff
35.048984	1662.00	fl
35.049236	1662.00	fr
36.058438	1662.00	f
36.058911	1662.00	ff
36.059164	1662.00	fl
36.059437	1662.00	fr
37.021849	1662.00	f
37.069047	1662.00	ff
37.069537	1662.00	fl
37.069793	1662.00	fr
38.031459	1662.00	f
38.032554	1662.00	ff
38.032848	1662.00	fl
38.033092	1662.00	fr
39.022413	1662.00	f
39.039899	1662.00	ff
39.040315	1662.00	fl
39.040562	1662.00	fr
40.030381	1662.00	f
40.030812	1662.00	ff
40.031058	1662.00	fl
40.06358	1662.00	fr
41.067521	1662.00	f
41.068031	1662.00	ff
41.068283	1662.00	fl
41.068528	1662.00	fr
42.031612	1662.00	f
42.03211	1662.00	ff
42.039859	1662.00	fl
42.040248	1662.00	fr
43.031151	1662.00	f
43.032222	1662.00	ff
43.032532	1662.00	fl
43.032778	1662.00	fr
44.030962	1662.00	f
44.039897	1662.00	ff
44.040287	1662.00	fl
44.040535	1662.00	fr
45.030169	1662.00	f
45.030572	1662.00	ff
45.030819	1662.00	fl
45.031061	1662.00	fr
46.051007	1662.00	f
46.05174	1662.00	ff
46.051999	1662.00	fl
46.052246	1662.00	fr
47.059496	1662.00	f
47.060011	1662.00	ff
47.060262	1662.00	fl
47.060519	1662.00	fr
48.069151	1662.00	f
48.070285	1662.00	ff
48.070584	1662.00	fl
48.070834	1662.00	fr
49.033172	1662.00	f
49.049965	1662.00	ff
49.050353	1662.00	fl
49.050608	1662.00	fr
50.042122	1662.00	f
50.042731	1662.00	ff
50.042991	1662.00	fl
50.043229	1662.00	fr
51.032497	1662.00	f
51.05	1662.00	ff
51.050415	1662.00	fl
51.050665	1662.00	fr
52.040203	1662.00	f
52.04061	1662.00	ff
52.07272	1662.00	fl
52.073221	1662.00	fr
53.075613	1662.00	f
53.076879	1662.00	ff
53.077179	1662.00	fl
53.077429	1662.00	fr
54.041833	1662.00	f
54.042323	1662.00	ff
54.049922	1662.00	fl
54.050331	1662.00	fr
55.05044	1662.00	f
55.050877	1662.00	ff
55.051125	1662.00	fl
55.051365	1662.00	fr
56.041432	1662.00	f
56.049902	1662.00	ff
56.050341	1662.00	fl
56.050593	1662.00	fr
57.040668	1662.00	f
57.041139	1662.00	ff
57.041389	1662.00	fl
57.075553	1662.00	fr
58.075241	1662.00	f
58.076413	1662.00	ff
58.076735	1662.00	fl
58.076984	1662.00	fr
59.041547	1662.00	f
59.042071	1662.00	ff
59.084899	1662.00	fl
59.085395	1662.00	fr
60.051597	1662.00	f
60.05209	1662.00	ff
60.05234	1662.00	fl
60.05258	1662.00	fr
61.04214	1662.00	f
61.059928	1662.00	ff
61.060322	1662.00	fl
61.060569	1662.00	fr
62.050726	1662.00	f
62.05119	1662.00	ff
62.051438	1662.00	fl
62.051682	1662.00	fr
63.040093	1662.00	f
63.072071	1662.00	ff
63.072572	1662.00	fl
63.072823	1662.00	fr
64.050262	1662.00	f
64.050698	1662.00	ff
64.082051	1662.00	fl
64.082552	1662.00	fr
65.083683	1662.00	f
65.084211	1662.00	ff
65.084521	1662.00	fl
65.084869	1662.00	fr
66.050989	1662.00	f
66.051506	1662.00	ff
66.09116	1662.00	fl
66.091671	1662.00	fr
67.061763	1662.00	f
67.062276	1662.00	ff
67.062527	1662.00	fl
67.062763	1662.00	fr
68.051666	1662.00	f
68.059996	1662.00	ff
68.060411	1662.00	fl
68.060663	1662.00	fr
69.086349	1662.00	f
69.087453	1662.00	ff
69.087774	1662.00	fl
69.08804	1662.00	fr
70.089419	1662.00	f
70.089909	1662.00	ff
70.09018	1662.00	fl
70.090472	1662.00	fr
71.060337	1662.00	f
71.060763	1662.00	ff
71.093397	1662.00	fl
71.093872	1662.00	fr
72.061077	1662.00	f
72.061571	1662.00	ff
72.061814	1662.00	fl
72.062075	1662.00	fr
73.051685	1662.00	f
73.098965	1662.00	ff
73.099459	1662.00	fl
73.099713	1662.00	fr
74.060761	1662.00	f
74.061252	1662.00	ff
74.061504	1662.00	fl
74.061743	1662.00	fr
75.086096	1662.00	f
75.086609	1662.00	ff
75.086859	1662.00	fl
75.087107	1662.00	fr
76.060173	1662.00	f
76.060591	1662.00	ff
76.091493	1662.00	fl
76.091996	1662.00	fr
77.091985	1662.00	f
77.092456	1662.00	ff
77.092708	1662.00	fl
77.092953	1662.00	fr
78.060913	1662.00	f
78.100717	1662.00	ff
78.101213	1662.00	fl
78.101464	1662.00	fr
79.071359	1662.00	f
79.071872	1662.00	ff
79.07213	1662.00	fl
79.072376	1662.00	fr
80.061169	1662.00	f
80.10489	1662.00	ff
80.106013	1662.00	fl
80.10634	1662.00	fr
81.070739	1662.00	f
81.071225	1662.00	ff
81.071472	1662.00	fl
81.109054	1662.00	fr
82.080634	1662.00	f
82.081105	1662.00	ff
82.081353	1662.00	fl
82.081591	1662.00	fr
83.071264	1662.00	f
83.071771	1662.00	ff
83.079986	1662.00	fl
83.080384	1662.00	fr
84.080581	1662.00	f
84.08105	1662.00	ff
84.081295	1662.00	fl
84.081532	1662.00	fr
85.070478	1662.00	f
85.105172	1662.00	ff
85.105669	1662.00	fl
85.105915	1662.00	fr
86.070861	1662.00	f
86.071381	1662.00	ff
86.071634	1662.00	fl
86.071875	1662.00	fr
87.100136	1662.00	f
87.100636	1662.00	ff
87.100888	1662.00	fl
87.101131	1662.00	fr
88.071804	1662.00	f
88.072294	1662.00	ff
88.118188	1662.00	fl
88.118695	1662.00	fr
89.081855	1662.00	f
89.082363	1662.00	ff
89.082604	1662.00	fl
89.08284	1662.00	fr
90.073244	1662.00	f
90.089963	1662.00	ff
90.090381	1662.00	fl
90.090631	1662.00	fr
91.080633	1662.00	f
91.081747	1662.00	ff
91.082078	1662.00	fl
91.082332	1662.00	fr
92.070126	1662.00	f
92.101877	1662.00	ff
92.102387	1662.00	fl
92.10264	1662.00	fr
93.106947	1662.00	f
93.10746	1662.00	ff
93.10772	1662.00	fl
93.10797	1662.00	fr
94.115995	1662.00	f
94.116496	1662.00	ff
94.116748	1662.00	fl
94.116989	1662.00	fr
95.081248	1662.00	f
95.081752	1662.00	ff
95.124799	1662.00	fl
95.125304	1662.00	fr
96.091226	1662.00	f
96.092334	1662.00	ff
96.092627	1662.00	fl
96.092878	1662.00	fr
97.080898	1662.00	f
97.089876	1662.00	ff
97.090282	1662.00	fl
97.090538	1662.00	fr
98.1108	1662.00	f
98.111273	1662.00	ff
98.111531	1662.00	fl
98.111786	1662.00	fr
99.111673	1662.00	f
99.112164	1662.00	ff
99.112419	1662.00	fl
99.112658	1662.00	fr
100.119653	1662.00	f
100.120165	1662.00	ff
100.120425	1662.00	fl
100.120671	1662.00	fr
101.091202	1662.00	f
101.09245	1662.00	ff
101.092743	1662.00	fl
101.092998	1662.00	fr
102.081913	1662.00	f
102.099923	1662.00	ff
102.100333	1662.00	fl
102.100575	1662.00	fr
103.090127	1662.00	f
103.090537	1662.00	ff
103.090783	1662.00	fl
103.091022	1662.00	fr
104.080069	1662.00	f
104.111645	1662.00	ff
104.112139	1662.00	fl
104.112393	1662.00	fr
105.115339	1662.00	f
105.115835	1662.00	ff
105.116086	1662.00	fl
105.116332	1662.00	fr
106.128668	1662.00	f
106.129765	1662.00	ff
106.130111	1662.00	fl
106.130362	1662.00	fr
107.09252	1662.00	f
107.093026	1662.00	ff
107.11002	1662.00	fl
107.110416	1662.00	fr
108.10022	1662.00	f
108.100643	1662.00	ff
108.100889	1662.00	fl
108.101127	1662.00	fr
109.090378	1662.00	f
109.125052	1662.00	ff
109.125566	1662.00	fl
109.125821	1662.00	fr
110.120345	1662.00	f
110.130471	1662.00	ff
110.130955	1662.00	fl
110.131206	1662.00	fr
111.13891	1662.00	f
111.1401	1662.00	ff
111.140395	1662.00	fl
111.140643	1662.00	fr
112.102648	1662.00	f
112.103147	1662.00	ff
112.109969	1662.00	fl
112.110357	1662.00	fr
113.10251	1662.00	f
113.102995	1662.00	ff
113.103246	1662.00	fl
113.103491	1662.00	fr
114.101418	1662.00	f
114.109889	1662.00	ff
114.110322	1662.00	fl
114.110573	1662.00	fr
115.100728	1662.00	f
115.101228	1662.00	ff
115.101486	1662.00	fl
115.101732	1662.00	fr
116.129349	1662.00	f
116.129856	1662.00	ff
116.130124	1662.00	fl
116.130396	1662.00	fr
117.10135	1662.00	f
117.101862	1662.00	ff
117.144253	1662.00	fl
117.144866	1662.00	fr
118.111747	1662.00	f
118.112232	1662.00	ff
118.112476	1662.00	fl
118.112712	1662.00	fr
119.101873	1662.00	f
119.102392	1662.00	ff
119.119926	1662.00	fl
119.120322	1662.00	fr
120.138748	1662.00	f
120.139253	1662.00	ff
120.13951	1662.00	fl
120.139752	1662.00	fr
121.101565	1662.00	f
121.147365	1662.00	ff
121.147826	1662.00	fl
121.148083	1662.00	fr
122.111425	1662.00	f
122.112535	1662.00	ff
122.112823	1662.00	fl
122.11998	1662.00	fr
123.120192	1662.00	f
123.120625	1662.00	ff
123.120871	1662.00	fl
123.121107	1662.00	fr
124.110839	1662.00	f
124.111329	1662.00	ff
124.119873	1662.00	fl
124.12026	1662.00	fr
125.13552	1662.00	f
125.136016	1662.00	ff
125.136267	1662.00	fl
125.136515	1662.00	fr
126.110539	1662.00	f
126.145395	1662.00	ff
126.145855	1662.00	fl
126.146125	1662.00	fr
127.111327	1662.00	f
127.112476	1662.00	ff
127.112813	1662.00	fl
127.113058	1662.00	fr
128.110528	1662.00	f
128.147741	1662.00	ff
128.14823	1662.00	fl
128.148494	1662.00	fr
129.112338	1662.00	f
129.112842	1662.00	ff
129.129868	1662.00	fl
129.130296	1662.00	fr
130.121191	1662.00	f
130.121702	1662.00	ff
130.122008	1662.00	fl
130.122256	1662.00	fr
131.111151	1662.00	f
131.111641	1662.00	ff
131.153543	1662.00	fl
131.154061	1662.00	fr
132.120803	1662.00	f
132.121865	1662.00	ff
132.122181	1662.00	fl
132.122446	1662.00	fr
133.110882	1662.00	f
133.151286	1662.00	ff
133.151799	1662.00	fl
133.152052	1662.00	fr
134.120858	1662.00	f
134.121352	1662.00	ff
134.121607	1662.00	fl
134.159528	1662.00	fr
135.131442	1662.00	f
135.13192	1662.00	ff
135.13217	1662.00	fl
135.132416	1662.00	fr
136.121833	1662.00	f
136.122352	1662.00	ff
136.139975	1662.00	fl
136.14039	1662.00	fr
137.130271	1662.00	f
137.131378	1662.00	ff
137.131668	1662.00	fl
137.131919	1662.00	fr
138.120532	1662.00	f
138.157963	1662.00	ff
138.158449	1662.00	fl
138.1587	1662.00	fr
139.130852	1662.00	f
139.131347	1662.00	ff
139.131601	1662.00	fl
139.131839	1662.00	fr
140.130585	1662.00	f
140.131023	1662.00	ff
140.131266	1662.00	fl
140.131511	1662.00	fr
141.130359	1662.00	f
141.130778	1662.00	ff
141.163812	1662.00	fl
141.16429	1662.00	fr
142.130964	1662.00	f
142.132044	1662.00	ff
142.132359	1662.00	fl
142.132609	1662.00	fr
143.121073	1662.00	f
143.162858	1662.00	ff
143.163319	1662.00	fl
143.163573	1662.00	fr
144.131363	1662.00	f
144.131865	1662.00	ff
144.132113	1662.00	fl
144.132359	1662.00	fr
145.121687	1662.00	f
145.168671	1662.00	ff
145.169174	1662.00	fl
145.169429	1662.00	fr
146.132561	1662.00	f
146.133063	1662.00	ff
146.133314	1662.00	fl
146.149911	1662.00	fr
147.140706	1662.00	f
147.142012	1662.00	ff
147.142323	1662.00	fl
147.142593	1662.00	fr
148.130682	1662.00	f
148.131178	1662.00	ff
148.168507	1662.00	fl
148.168994	1662.00	fr
149.14033	1662.00	f
149.140757	1662.00	ff
149.141004	1662.00	fl
149.141242	1662.00	fr
150.13084	1662.00	f
150.163001	1662.00	ff
150.163473	1662.00	fl
150.163728	1662.00	fr
151.168233	1662.00	f
151.168732	1662.00	ff
151.168998	1662.00	fl
151.169248	1662.00	fr
152.18013	1662.00	f
152.18132	1662.00	ff
152.181622	1662.00	fl
152.18187	1662.00	fr
153.141918	1662.00	f
153.142423	1662.00	ff
153.149874	1662.00	fl
153.150266	1662.00	fr
154.141327	1662.00	f
154.141832	1662.00	ff
154.142099	1662.00	fl
154.142345	1662.00	fr
155.140354	1662.00	f
155.17519	1662.00	ff
155.175697	1662.00	fl
155.175951	1662.00	fr
156.141529	1662.00	f
156.142022	1662.00	ff
156.142292	1662.00	fl
156.142535	1662.00	fr
157.141159	1662.00	f
157.149906	1662.00	ff
157.150307	1662.00	fl
157.150558	1662.00	fr
158.141535	1662.00	f
158.142065	1662.00	ff
158.142313	1662.00	fl
158.187115	1662.00	fr
159.15056	1662.00	f
159.151017	1662.00	ff
159.151268	1662.00	fl
159.151501	1662.00	fr
160.14028	1662.00	f
160.140717	1662.00	ff
160.175228	1662.00	fl
160.175703	1662.00	fr
161.178699	1662.00	f
161.17921	1662.00	ff
161.17947	1662.00	fl
161.179718	1662.00	fr
162.141957	1662.00	f
162.159949	1662.00	ff
162.160357	1662.00	fl
162.160602	1662.00	fr
163.150523	1662.00	f
163.151558	1662.00	ff
163.151851	1662.00	fl
163.152101	1662.00	fr
164.179702	1662.00	f
164.180167	1662.00	ff
164.180429	1662.00	fl
164.180676	1662.00	fr
165.150117	1662.00	f
165.150538	1662.00	ff
165.182181	1662.00	fl
165.182678	1662.00	fr
166.190075	1662.00	f
166.19059	1662.00	ff
166.190847	1662.00	fl
166.191093	1662.00	fr
167.151761	1662.00	f
167.159957	1662.00	ff
167.160367	1662.00	fl
167.160617	1662.00	fr
168.16044	1662.00	f
168.161502	1662.00	ff
168.16179	1662.00	fl
168.162058	1662.00	fr
169.151679	1662.00	f
169.159911	1662.00	ff
169.160299	1662.00	fl
169.160544	1662.00	fr
170.15067	1662.00	f
170.151163	1662.00	ff
170.190305	1662.00	fl
170.19081	1662.00	fr
171.160155	1662.00	f
171.189861	1662.00	ff
171.191753	1662.00	fl
171.192047	1662.00	fr
172.152231	1662.00	f
172.152726	1662.00	ff
172.169983	1662.00	fl
172.170387	1662.00	fr
173.160487	1662.00	f
173.161587	1662.00	ff
173.161905	1662.00	fl
173.162173	1662.00	fr
174.150966	1662.00	f
174.193687	1662.00	ff
174.1942	1662.00	fl
174.194457	1662.00	fr
175.161584	1662.00	f
175.162071	1662.00	ff
175.162344	1662.00	fl
175.208494	1662.00	fr
176.170784	1662.00	f
176.17127	1662.00	ff
176.17152	1662.00	fl
176.171755	1662.00	fr
177.160475	1662.00	f
177.160917	1662.00	ff
177.195878	1662.00	fl
177.196378	1662.00	fr
178.19853	1662.00	f
178.199658	1662.00	ff
178.199953	1662.00	fl
178.200203	1662.00	fr
179.162142	1662.00	f
179.179935	1662.00	ff
179.180332	1662.00	fl
179.180593	1662.00	fr
180.170368	1662.00	f
180.1708	1662.00	ff
180.171053	1662.00	fl
180.171296	1662.00	fr
181.160592	1662.00	f
181.198002	1662.00	ff
181.198492	1662.00	fl
181.198746	1662.00	fr
182.197494	1662.00	f
182.19802	1662.00	ff
182.198276	1662.00	fl
182.198524	1662.00	fr
183.170369	1662.00	f
183.170803	1662.00	ff
183.171047	1662.00	fl
183.171289	1662.00	fr
184.170238	1662.00	f
184.170675	1662.00	ff
184.203103	1662.00	fl
184.203601	1662.00	fr
185.171039	1662.00	f
185.171534	1662.00	ff
185.171787	1662.00	fl
185.172032	1662.00	fr
186.162701	1662.00	f
186.179966	1662.00	ff
186.180373	1662.00	fl
186.180617	1662.00	fr
187.170357	1662.00	f
187.170799	1662.00	ff
187.171044	1662.00	fl
187.204186	1662.00	fr
188.20619	1662.00	f
188.206705	1662.00	ff
188.206961	1662.00	fl
188.207215	1662.00	fr
189.171311	1662.00	f
189.172407	1662.00	ff
189.214813	1662.00	fl
189.215334	1662.00	fr
190.181273	1662.00	f
190.181771	1662.00	ff
190.18204	1662.00	fl
190.182286	1662.00	fr
191.17202	1662.00	f
191.189899	1662.00	ff
191.190307	1662.00	fl
191.190557	1662.00	fr
192.180709	1662.00	f
192.181187	1662.00	ff
192.18143	1662.00	fl
192.181673	1662.00	fr
193.204077	1662.00	f
193.204585	1662.00	ff
193.204836	1662.00	fl
193.205103	1662.00	fr
194.180202	1662.00	f
194.181222	1662.00	ff
194.213069	1662.00	fl
194.213677	1662.00	fr
195.190215	1662.00	f
195.190642	1662.00	ff
195.190888	1662.00	fl
195.191129	1662.00	fr
196.181302	1662.00	f
196.181799	1662.00	ff
196.189908	1662.00	fl
196.190338	1662.00	fr
197.181686	1662.00	f
197.182199	1662.00	ff
197.182474	1662.00	fl
197.182713	1662.00	fr
198.181332	1662.00	f
198.189915	1662.00	ff
198.190331	1662.00	fl
198.190573	1662.00	fr
199.180733	1662.00	f
199.182015	1662.00	ff
199.182322	1662.00	fl
199.219638	1662.00	fr
200.190274	1662.00	f
200.190697	1662.00	ff
200.190941	1662.00	fl
200.191186	1662.00	fr
201.180182	1662.00	f
201.180594	1662.00	ff
201.213468	1662.00	fl
201.213986	1662.00	fr
202.190238	1662.00	f
202.190657	1662.00	ff
202.190904	1662.00	fl
202.191145	1662.00	fr
203.180961	1662.00	f
203.222902	1662.00	ff
203.223388	1662.00	fl
203.223646	1662.00	fr
204.191186	1662.00	f
204.192296	1662.00	ff
204.192611	1662.00	fl
204.192855	1662.00	fr
205.220333	1662.00	f
205.220842	1662.00	ff
205.221096	1662.00	fl
205.221338	1662.00	fr
206.190964	1662.00	f
206.191458	1662.00	ff
206.200142	1662.00	fl
206.200538	1662.00	fr
207.22627	1662.00	f
207.226769	1662.00	ff
207.227024	1662.00	fl
207.227291	1662.00	fr
208.191919	1662.00	f
208.199867	1662.00	ff
208.200256	1662.00	fl
208.200505	1662.00	fr
209.200607	1662.00	f
209.201639	1662.00	ff
209.20193	1662.00	fl
209.202222	1662.00	fr
210.190396	1662.00	f
210.224254	1662.00	ff
210.224744	1662.00	fl
210.224997	1662.00	fr
211.190871	1662.00	f
211.19135	1662.00	ff
211.191588	1662.00	fl
211.225903	1662.00	fr
212.200324	1662.00	f
212.200758	1662.00	ff
212.201002	1662.00	fl
212.201244	1662.00	fr
213.191301	1662.00	f
213.191808	1662.00	ff
213.234865	1662.00	fl
213.235358	1662.00	fr
214.202693	1662.00	f
214.203731	1662.00	ff
214.204054	1662.00	fl
214.204299	1662.00	fr
215.192434	1662.00	f
215.238295	1662.00	ff
215.238787	1662.00	fl
215.239037	1662.00	fr
216.201666	1662.00	f
216.20218	1662.00	ff
216.202436	1662.00	fl
216.202684	1662.00	fr
217.228044	1662.00	f
217.228538	1662.00	ff
217.228792	1662.00	fl
217.229038	1662.00	fr
218.201581	1662.00	f
218.202053	1662.00	ff
218.236789	1662.00	fl
218.237272	1662.00	fr
219.240395	1662.00	f
219.241472	1662.00	ff
219.24178	1662.00	fl
219.242067	1662.00	fr
220.202677	1662.00	f
220.249463	1662.00	ff
220.249964	1662.00	fl
220.250222	1662.00	fr
221.212132	1662.00	f
221.212614	1662.00	ff
221.212862	1662.00	fl
221.213121	1662.00	fr
222.201895	1662.00	f
222.21094	1662.00	ff
222.211348	1662.00	fl
222.211595	1662.00	fr
223.235875	1662.00	f
223.236363	1662.00	ff
223.236638	1662.00	fl
223.236881	1662.00	fr
224.239281	1662.00	f
224.240443	1662.00	ff
224.240896	1662.00	fl
224.241174	1662.00	fr
225.212038	1662.00	f
225.212538	1662.00	ff
225.220914	1662.00	fl
225.221302	1662.00	fr
226.212405	1662.00	f
226.212904	1662.00	ff
226.213148	1662.00	fl
226.213384	1662.00	fr
227.203116	1662.00	f
227.220909	1662.00	ff
227.221325	1662.00	fl
227.221566	1662.00	fr
228.240335	1662.00	f
228.240857	1662.00	ff
228.241112	1662.00	fl
228.241359	1662.00	fr
229.221213	1662.00	f
229.221626	1662.00	ff
229.221874	1662.00	fl
229.222134	1662.00	fr
230.212336	1662.00	f
230.212835	1662.00	ff
230.25709	1662.00	fl
230.257589	1662.00	fr
231.222806	1662.00	f
231.223304	1662.00	ff
231.223548	1662.00	fl
231.223786	1662.00	fr
232.213293	1662.00	f
232.230997	1662.00	ff
232.231359	1662.00	fl
232.231628	1662.00	fr
233.22116	1662.00	f
233.250758	1662.00	ff
233.251299	1662.00	fl
233.251573	1662.00	fr
234.212511	1662.00	f
234.2572	1662.00	ff
234.25771	1662.00	fl
234.257975	1662.00	fr
235.222337	1662.00	f
235.223419	1662.00	ff
235.230962	1662.00	fl
235.231377	1662.00	fr
236.222118	1662.00	f
236.222588	1662.00	ff
236.222838	1662.00	fl
236.223085	1662.00	fr
237.221274	1662.00	f
237.221693	1662.00	ff
237.255151	1662.00	fl
237.255615	1662.00	fr
238.221586	1662.00	f
238.222077	1662.00	ff
238.222328	1662.00	fl
238.222567	1662.00	fr
239.244052	1662.00	f
239.244559	1662.00	ff
239.244814	1662.00	fl
239.245059	1662.00	fr
240.221341	1662.00	f
240.221809	1662.00	ff
240.222077	1662.00	fl
240.254315	1662.00	fr
241.256392	1662.00	f
241.25691	1662.00	ff
241.257167	1662.00	fl
241.257413	1662.00	fr
242.222242	1662.00	f
242.222735	1662.00	ff
242.264615	1662.00	fl
242.265113	1662.00	fr
243.232326	1662.00	f
243.232826	1662.00	ff
243.23307	1662.00	fl
243.23331	1662.00	fr
244.221969	1662.00	f
244.263634	1662.00	ff
244.264112	1662.00	fl
244.26436	1662.00	fr
245.231219	1662.00	f
245.231638	1662.00	ff
245.231883	1662.00	fl
245.232121	1662.00	fr
246.221156	1662.00	f
246.253258	1662.00	ff
246.253743	1662.00	fl
246.254009	1662.00	fr
247.258613	1662.00	f
247.259114	1662.00	ff
247.259362	1662.00	fl
247.259607	1662.00	fr
248.262574	1662.00	f
248.263072	1662.00	ff
248.263346	1662.00	fl
248.263627	1662.00	fr
249.231822	1662.00	f
249.232326	1662.00	ff
249.269569	1662.00	fl
249.270066	1662.00	fr
250.265498	1662.00	f
250.265979	1662.00	ff
250.266254	1662.00	fl
250.266496	1662.00	fr
251.231613	1662.00	f
251.268936	1662.00	ff
251.269422	1662.00	fl
251.269678	1662.00	fr
252.232935	1662.00	f
252.233421	1662.00	ff
252.23367	1662.00	fl
252.272777	1662.00	fr
253.242766	1662.00	f
253.243243	1662.00	ff
253.243495	1662.00	fl
253.24374	1662.00	fr
254.233064	1662.00	f
254.233568	1662.00	ff
254.275455	1662.00	fl
254.275944	1662.00	fr
255.271016	1662.00	f
255.271529	1662.00	ff
255.271781	1662.00	fl
255.272023	1662.00	fr
256.232968	1662.00	f
256.273405	1662.00	ff
256.27456	1662.00	fl
256.27488	1662.00	fr
257.243063	1662.00	f
257.24355	1662.00	ff
257.243803	1662.00	fl
257.244045	1662.00	fr
258.275947	1662.00	f
258.27655	1662.00	ff
258.276835	1662.00	fl
258.277086	1662.00	fr
259.243478	1662.00	f
259.24398	1662.00	ff
259.288113	1662.00	fl
259.288609	1662.00	fr
260.253529	1662.00	f
260.254015	1662.00	ff
260.254287	1662.00	fl
260.254532	1662.00	fr
261.243123	1662.00	f
261.243619	1662.00	ff
261.251962	1662.00	fl
261.252368	1662.00	fr
262.271881	1662.00	f
262.272377	1662.00	ff
262.272626	1662.00	fl
262.272866	1662.00	fr
263.242495	1662.00	f
263.277732	1662.00	ff
263.278227	1662.00	fl
263.278482	1662.00	fr
264.252946	1662.00	f
264.253441	1662.00	ff
264.25369	1662.00	fl
264.261921	1662.00	fr
265.252418	1662.00	f
265.252871	1662.00	ff
265.253118	1662.00	fl
265.253354	1662.00	fr
266.243076	1662.00	f
266.243564	1662.00	ff
266.284641	1662.00	fl
266.285134	1662.00	fr
267.252473	1662.00	f
267.252912	1662.00	ff
267.253167	1662.00	fl
267.253412	1662.00	fr
268.242526	1662.00	f
268.278077	1662.00	ff
268.278576	1662.00	fl
268.278825	1662.00	fr
269.25254	1662.00	f
269.253006	1662.00	ff
269.253255	1662.00	fl
269.253494	1662.00	fr
270.286881	1662.00	f
270.28778	1662.00	ff
270.288067	1662.00	fl
270.288306	1662.00	fr
271.253733	1662.00	f
271.254246	1662.00	ff
271.30042	1662.00	fl
271.300925	1662.00	fr
272.263403	1662.00	f
272.263902	1662.00	ff
272.264145	1662.00	fl
272.264389	1662.00	fr
273.254183	1662.00	f
273.271899	1662.00	ff
273.272289	1662.00	fl
273.272538	1662.00	fr
274.263254	1662.00	f
274.263742	1662.00	ff
274.263986	1662.00	fl
274.264226	1662.00	fr
275.253434	1662.00	f
275.299577	1662.00	ff
275.300084	1662.00	fl
275.300337	1662.00	fr
276.263977	1662.00	f
276.264473	1662.00	ff
276.271924	1662.00	fl
276.272304	1662.00	fr
277.263526	1662.00	f
277.264023	1662.00	ff
277.264267	1662.00	fl
277.264507	1662.00	fr
278.262447	1662.00	f
278.262893	1662.00	ff
278.297008	1662.00	fl
278.298143	1662.00	fr
279.262823	1662.00	f
279.263318	1662.00	ff
279.263569	1662.00	fl
279.263812	1662.00	fr
280.290795	1662.00	f
280.291319	1662.00	ff
280.2916	1662.00	fl
280.29185	1662.00	fr
281.262997	1662.00	f
281.263493	1662.00	ff
281.26374	1662.00	fl
281.302574	1662.00	fr
282.274253	1662.00	f
282.274751	1662.00	ff
282.274996	1662.00	fl
282.275229	1662.00	fr
283.265584	1662.00	f
283.266098	1662.00	ff
283.282004	1662.00	fl
283.282398	1662.00	fr
284.273364	1662.00	f
284.273869	1662.00	ff
284.274143	1662.00	fl
284.274407	1662.00	fr
285.263471	1662.00	f
285.308405	1662.00	ff
285.308888	1662.00	fl
285.309137	1662.00	fr
286.27418	1662.00	f
286.274648	1662.00	ff
286.274891	1662.00	fl
286.275129	1662.00	fr
287.26599	1662.00	f
287.281883	1662.00	ff
287.282345	1662.00	fl
287.282589	1662.00	fr
288.274535	1662.00	f
288.275039	1662.00	ff
288.281883	1662.00	fl
288.282315	1662.00	fr
289.282722	1662.00	f
289.283982	1662.00	ff
289.284284	1662.00	fl
289.284536	1662.00	fr
290.272557	1662.00	f
290.273009	1662.00	ff
290.309891	1662.00	fl
290.310393	1662.00	fr
291.273137	1662.00	f
291.273629	1662.00	ff
291.273876	1662.00	fl
291.274142	1662.00	fr
292.272144	1662.00	f
292.305017	1662.00	ff
292.305499	1662.00	fl
292.305754	1662.00	fr
293.273562	1662.00	f
293.27408	1662.00	ff
293.274333	1662.00	fl
293.31801	1662.00	fr
294.283699	1662.00	f
294.284693	1662.00	ff
294.285191	1662.00	fl
294.285449	1662.00	fr
295.272979	1662.00	f
295.273487	1662.00	ff
295.313281	1662.00	fl
295.313767	1662.00	fr
296.28263	1662.00	f
296.283116	1662.00	ff
296.28336	1662.00	fl
296.2836	1662.00	fr
297.273173	1662.00	f
297.317336	1662.00	ff
297.317854	1662.00	fl
297.318144	1662.00	fr
298.282994	1662.00	f
298.283488	1662.00	ff
298.283736	1662.00	fl
298.283971	1662.00	fr
299.273329	1662.00	f
299.319332	1662.00	ff
299.320403	1662.00	fl
299.320724	1662.00	fr
300.283317	1662.00	f
300.283801	1662.00	ff
300.325863	1662.00	fl
300.326402	1662.00	fr
