0.727667	1644.00	
0.887425	1654.00	r
0.887491	1662.00	f
0.887555	1629.00	l
1.737592	1644.00	
1.887501	1654.00	r
1.887567	1662.00	f
1.887631	1629.00	l
2.7376	1644.00	
2.887388	1654.00	r
2.887455	1596.00	f
2.887518	1629.00	l
3.737534	1644.00	
3.887669	1654.00	r
3.887734	1596.00	f
3.88781	1629.00	l
4.737487	1644.00	
4.887607	1654.00	r
4.887672	1596.00	f
4.887735	1629.00	l
5.738294	1644.00	
5.887539	1596.00	f
5.887605	1654.00	r
5.887668	1629.00	l
6.737653	1644.00	
6.887529	1654.00	r
6.887595	1596.00	f
6.887669	1613.00	l
7.737546	1644.00	
7.887636	1596.00	f
7.887701	1654.00	r
7.887766	1613.00	l
8.738931	1644.00	
8.8875	1596.00	f
8.887578	1654.00	r
8.887642	1611.00	l
9.737665	1644.00	
9.887441	1596.00	f
9.887519	1654.00	r
9.897432	1611.00	l
10.737504	1644.00	
10.887655	1596.00	f
10.898203	1405.00	r
10.898269	1611.00	l
11.737517	1644.00	
11.897555	1596.00	f
11.897621	1405.00	r
11.897686	1611.00	l
12.747657	1644.00	
12.89745	1596.00	f
12.897517	1400.00	r
12.897582	1611.00	l
13.747627	1634.00	
13.897535	1596.00	f
13.897602	1400.00	r
13.897667	1611.00	l
14.747469	1634.00	
14.897776	1596.00	f
14.897842	1400.00	r
14.897906	1611.00	l
15.747501	1634.00	
15.897588	1596.00	f
15.897654	1400.00	r
15.897718	1611.00	l
16.748516	1634.00	
16.897514	1596.00	f
16.897581	1400.00	r
16.897645	1611.00	l
17.747562	1634.00	
17.897514	1596.00	f
17.897581	1400.00	r
17.897645	1611.00	l
18.74755	1634.00	
18.898815	1596.00	f
18.898881	1400.00	r
18.898946	1609.00	l
19.747447	1634.00	
19.897648	1596.00	f
19.897715	1400.00	r
19.897779	1609.00	l
20.747489	1626.00	
20.897534	1596.00	f
20.897601	1400.00	r
20.897664	1350.00	l
21.748762	1626.00	
21.897485	1596.00	f
21.907475	1400.00	r
21.907541	1350.00	l
22.757672	1626.00	
22.907516	1447.00	f
22.907583	1400.00	r
22.907647	1350.00	l
23.757476	1626.00	
23.907981	1447.00	f
23.908047	1400.00	r
23.908111	1350.00	l
24.757446	1626.00	
24.907605	1447.00	f
24.907672	1400.00	r
24.907735	1350.00	l
25.757506	1626.00	
25.907582	1447.00	f
25.907649	1400.00	r
25.907712	1350.00	l
26.757599	1626.00	
26.907465	1447.00	f
26.907532	1400.00	r
26.907597	1350.00	l
27.757478	1626.00	
27.907658	1447.00	f
27.907724	1400.00	r
27.907791	1350.00	l
28.759397	1609.00	
28.908531	1447.00	f
28.908599	1400.00	r
28.908674	1350.00	l
29.758643	1609.00	
29.908417	1447.00	f
29.908484	1400.00	r
29.908548	1350.00	l
30.75847	1609.00	
30.908634	1431.00	f
30.908701	1400.00	r
30.908764	1350.00	l
31.758472	1600.00	
31.908651	1431.00	f
31.908719	1400.00	r
31.918636	1350.00	l
32.758476	1600.00	
32.908578	1431.00	f
32.908645	1400.00	r
32.918577	1350.00	l
33.769649	1600.00	
33.91849	1400.00	f
33.918557	1400.00	r
33.918622	1350.00	l
34.768666	1600.00	
34.918464	1400.00	f
34.918531	1400.00	r
34.918596	1350.00	l
35.763941	1600.00	
35.912518	1400.00	f
35.912586	1400.00	r
35.912651	1350.00	l
36.762627	1600.00	
36.912465	1400.00	f
36.912533	1400.00	r
36.922448	970.00	l
37.76259	1600.00	
37.912627	1400.00	f
37.912693	1400.00	r
37.922609	970.00	l
38.762538	1594.00	
38.912566	1400.00	f
38.922575	1400.00	r
38.922639	970.00	l
39.772605	1594.00	
39.923929	1400.00	f
39.923996	1400.00	r
39.924057	970.00	l
40.77256	1594.00	
40.92258	1400.00	f
40.922646	1400.00	r
40.922708	970.00	l
41.772607	1350.00	
41.922411	1400.00	f
41.922478	1400.00	r
41.92254	970.00	l
42.772489	1350.00	
42.922561	1400.00	f
42.922628	1400.00	r
42.922689	970.00	l
43.773873	1350.00	
43.922523	1400.00	f
43.92259	1400.00	r
43.922651	970.00	l
44.77262	1350.00	
44.922377	1400.00	f
44.922444	1400.00	r
44.922506	970.00	l
45.772443	1350.00	
45.922594	1400.00	f
45.92266	1400.00	r
45.922721	970.00	l
46.773425	1350.00	
46.922586	1400.00	f
46.922653	1400.00	r
46.922715	970.00	l
47.772602	1350.00	
47.922506	1400.00	f
47.932507	1400.00	r
47.93257	970.00	l
48.772445	1350.00	
48.922554	1400.00	f
48.932563	1400.00	r
48.932626	970.00	l
49.782432	1350.00	
49.932585	1400.00	f
49.932661	1400.00	r
49.932723	970.00	l
50.782998	1350.00	
50.932549	1400.00	f
50.932616	1400.00	r
50.932678	970.00	l
51.782585	1350.00	
51.932523	1400.00	f
51.93259	1400.00	r
51.932652	970.00	l
52.782462	1350.00	
52.932571	1400.00	f
52.932638	1400.00	r
52.932699	970.00	l
53.78249	1350.00	
53.932617	1400.00	f
53.932691	1400.00	r
53.932753	970.00	l
54.782618	1350.00	
54.93253	1375.00	f
54.932597	1400.00	r
54.932659	970.00	l
55.782623	1350.00	
55.932446	1375.00	f
55.932513	1400.00	r
55.932576	970.00	l
56.782567	1350.00	
56.932575	1375.00	f
56.932641	1400.00	r
56.932703	970.00	l
57.782527	1350.00	
57.93254	1375.00	f
57.932607	1375.00	r
57.932668	970.00	l
58.782644	1350.00	
58.93256	1375.00	f
58.932627	1375.00	r
58.942557	955.00	l
59.782546	1350.00	
59.932501	1375.00	f
59.942496	1375.00	r
59.94256	955.00	l
60.792468	1350.00	
60.942696	1375.00	f
60.942762	1375.00	r
60.942824	955.00	l
61.792363	1350.00	
61.942528	1375.00	f
61.942594	1375.00	r
61.942656	955.00	l
62.792619	1350.00	
62.943899	1375.00	f
62.943965	1375.00	r
62.944026	955.00	l
63.792565	1350.00	
63.942617	1375.00	f
63.942683	1375.00	r
63.942744	955.00	l
64.792451	1350.00	
64.942596	1375.00	f
64.942662	1375.00	r
64.942724	725.00	l
65.792403	1350.00	
65.942589	1375.00	f
65.942656	1375.00	r
65.942717	725.00	l
66.792616	1025.00	
66.942399	1375.00	f
66.942466	1375.00	r
66.942528	725.00	l
67.792561	1025.00	
67.942671	1375.00	f
67.942737	1375.00	r
67.942798	710.00	l
68.792524	1025.00	
68.942472	1375.00	f
68.942538	1375.00	r
68.95262	710.00	l
69.792624	1025.00	
69.94255	1375.00	f
69.952547	1375.00	r
69.952612	710.00	l
70.802638	1025.00	
70.953801	1375.00	f
70.953868	1375.00	r
70.953929	710.00	l
71.802466	1025.00	
71.952655	1375.00	f
71.952722	1375.00	r
71.952784	710.00	l
72.802386	1025.00	
72.952546	1375.00	f
72.952613	1375.00	r
72.952675	710.00	l
73.802606	1025.00	
73.952543	1375.00	f
73.952611	1375.00	r
73.952673	710.00	l
74.802647	1025.00	
74.952476	1375.00	f
74.952542	1375.00	r
74.952605	710.00	l
75.802538	1025.00	
75.95259	1375.00	f
75.952656	1375.00	r
75.952718	710.00	l
76.802401	1025.00	
76.952573	1375.00	f
76.95264	1375.00	r
76.952702	710.00	l
77.803462	970.00	
77.952568	1375.00	f
77.952635	1375.00	r
77.952697	710.00	l
78.8026	970.00	
78.952381	1375.00	f
78.952449	1375.00	r
78.962518	545.00	l
79.802589	970.00	
79.952596	1375.00	f
79.952663	1375.00	r
79.962664	545.00	l
80.802553	970.00	
80.952569	1375.00	f
80.952636	1375.00	r
80.962563	545.00	l
81.812514	970.00	
81.962495	1375.00	f
81.962562	1375.00	r
81.962625	545.00	l
82.81262	970.00	
82.962367	1375.00	f
82.962434	1375.00	r
82.962496	545.00	l
83.812544	970.00	
83.962579	1375.00	f
83.962645	1375.00	r
83.962706	545.00	l
84.81242	970.00	
84.962595	1375.00	f
84.962661	1375.00	r
84.962723	490.00	l
85.812647	952.00	
85.962506	1375.00	f
85.962574	1375.00	r
85.962636	490.00	l
86.812525	952.00	
86.962603	1375.00	f
86.96267	1375.00	r
86.962731	490.00	l
87.812544	952.00	
87.962567	1375.00	f
87.962634	1375.00	r
87.962695	490.00	l
88.813724	952.00	
88.963556	1375.00	f
88.963623	1375.00	r
88.963685	490.00	l
89.813633	952.00	
89.96353	1375.00	f
89.963598	1375.00	r
89.96366	490.00	l
90.813572	952.00	
90.963915	1375.00	f
90.963982	1375.00	r
90.974688	490.00	l
91.813559	952.00	
91.963595	1375.00	f
91.973604	1375.00	r
91.973669	490.00	l
92.824646	952.00	
92.973509	1375.00	f
92.973576	1375.00	r
92.973638	490.00	l
93.823644	952.00	
93.973447	1375.00	f
93.973515	1375.00	r
93.973577	490.00	l
94.823556	952.00	
94.973691	1375.00	f
94.973757	1375.00	r
94.973819	490.00	l
95.824065	952.00	
95.973588	1375.00	f
95.973656	1375.00	r
95.973717	490.00	l
96.823538	952.00	
96.97346	1375.00	f
96.973537	1375.00	r
96.9736	490.00	l
97.82347	952.00	
97.973561	1375.00	f
97.973628	1375.00	r
97.973689	490.00	l
98.823459	952.00	
98.973529	1375.00	f
98.973595	1375.00	r
98.973656	490.00	l
99.823584	952.00	
99.973533	1375.00	f
99.9736	1375.00	r
99.973663	490.00	l
100.823495	952.00	
100.973648	1375.00	f
100.973714	1375.00	r
100.973776	490.00	l
101.824173	952.00	
101.973489	1375.00	f
101.973557	1375.00	r
101.973619	490.00	l
102.82359	952.00	
102.973483	1375.00	f
102.983471	1375.00	r
102.983535	490.00	l
103.833642	952.00	
103.973427	1375.00	f
103.983432	1375.00	r
103.983497	490.00	l
104.833546	952.00	
104.983466	1375.00	f
104.983534	1375.00	r
104.983595	490.00	l
105.833463	952.00	
105.984073	1375.00	f
105.984139	1375.00	r
105.984207	490.00	l
106.83346	952.00	
106.983592	1375.00	f
106.983659	1375.00	r
106.98372	490.00	l
107.834847	952.00	
107.983541	1375.00	f
107.983608	1375.00	r
107.98367	490.00	l
108.833632	952.00	
108.983549	1375.00	f
108.983616	1375.00	r
108.983678	490.00	l
109.833497	952.00	
109.98372	1375.00	f
109.98379	1375.00	r
109.983852	490.00	l
110.833417	952.00	
110.983551	1375.00	f
110.983618	1375.00	r
110.983679	490.00	l
111.834418	952.00	
111.983562	1375.00	f
111.983629	1375.00	r
111.983691	490.00	l
112.833527	952.00	
112.983426	1375.00	f
112.983494	1375.00	r
112.993405	490.00	l
113.843544	952.00	
113.983656	1375.00	f
113.993649	1375.00	r
113.993713	490.00	l
114.843573	952.00	
114.993486	1375.00	f
114.993553	1375.00	r
114.993615	490.00	l
115.843539	952.00	
115.994406	1375.00	f
115.994472	1375.00	r
115.994534	490.00	l
116.84349	952.00	
116.993577	1375.00	f
116.993644	1375.00	r
116.993705	490.00	l
117.843535	952.00	
117.993576	1375.00	f
117.993642	1375.00	r
117.993704	490.00	l
118.843635	952.00	
118.993472	1375.00	f
118.993551	1375.00	r
118.993613	490.00	l
119.843597	952.00	
119.993624	1375.00	f
119.993691	1375.00	r
119.993752	490.00	l
120.843502	952.00	
120.993606	1375.00	f
120.993673	1375.00	r
120.993734	490.00	l
121.84355	952.00	
121.993425	1375.00	f
121.993492	1375.00	r
121.993554	490.00	l
122.843543	952.00	
122.993672	1375.00	f
122.993738	1375.00	r
122.9938	490.00	l
123.843531	947.00	
123.993505	1375.00	f
123.993572	1375.00	r
124.003492	490.00	l
124.853617	947.00	
124.993482	1375.00	f
125.003485	1375.00	r
125.00355	490.00	l
125.853676	947.00	
126.003557	1375.00	f
126.003624	1375.00	r
126.003686	490.00	l
126.853574	947.00	
127.00368	1375.00	f
127.003747	1375.00	r
127.003812	490.00	l
127.853387	947.00	
128.003505	1375.00	f
128.003569	490.00	l
128.003634	1375.00	r
128.85339	947.00	
129.003532	1375.00	f
129.003599	1375.00	r
129.00366	490.00	l
129.853513	947.00	
130.00353	1375.00	f
130.003597	1375.00	r
130.003659	490.00	l
130.853588	947.00	
131.00357	1375.00	f
131.003637	1375.00	r
131.003698	490.00	l
131.853402	947.00	
132.003527	1375.00	f
132.003594	1375.00	r
132.003656	490.00	l
132.853611	947.00	
133.003471	1375.00	f
133.003539	1375.00	r
133.003601	490.00	l
133.853605	947.00	
134.004618	1375.00	f
134.004685	1375.00	r
134.013435	490.00	l
134.863543	947.00	
135.003638	1375.00	f
135.013632	1375.00	r
135.013696	490.00	l
135.863431	947.00	
136.013529	1375.00	f
136.013596	1375.00	r
136.013657	490.00	l
136.863641	947.00	
137.013391	1375.00	f
137.013458	1375.00	r
137.01352	490.00	l
137.863535	947.00	
138.013534	1375.00	f
138.013601	1375.00	r
138.013662	490.00	l
138.863704	947.00	
139.013576	1375.00	f
139.013643	1375.00	r
139.013705	490.00	l
139.863571	947.00	
140.013491	1375.00	f
140.013559	1375.00	r
140.013621	490.00	l
140.863552	947.00	
141.013696	1375.00	f
141.013763	1375.00	r
141.013824	490.00	l
141.863395	947.00	
142.0136	1375.00	f
142.013666	1375.00	r
142.013728	490.00	l
142.863547	625.00	
143.013469	1375.00	f
143.013536	1375.00	r
143.013598	490.00	l
143.863493	625.00	
144.013638	1375.00	f
144.013704	1375.00	r
144.013765	490.00	l
144.863531	625.00	
145.013648	1375.00	f
145.013715	1375.00	r
145.023607	490.00	l
145.863569	625.00	
146.013485	1375.00	f
146.013552	1375.00	r
146.023451	490.00	l
146.873504	625.00	
147.013614	1375.00	f
147.023821	1375.00	r
147.023885	490.00	l
147.875033	625.00	
148.023555	1375.00	f
148.023622	1375.00	r
148.023684	490.00	l
148.873558	625.00	
149.023445	1375.00	f
149.023512	1375.00	r
149.023574	490.00	l
149.873506	625.00	
150.023613	1375.00	f
150.02368	1375.00	r
150.023741	490.00	l
150.874422	625.00	
151.023566	1375.00	f
151.023634	1375.00	r
151.023696	490.00	l
151.873498	625.00	
152.023488	1375.00	f
152.023555	1375.00	r
152.023617	490.00	l
152.873483	625.00	
153.023575	1375.00	f
153.023642	1375.00	r
153.023704	490.00	l
153.873411	625.00	
154.023507	1375.00	f
154.023574	1375.00	r
154.023635	490.00	l
154.873538	625.00	
155.023444	1375.00	f
155.023511	1375.00	r
155.023573	490.00	l
155.87358	625.00	
156.023721	1375.00	f
156.023791	1375.00	r
156.034535	490.00	l
156.883468	625.00	
157.033535	1375.00	f
157.033603	1375.00	r
157.03367	490.00	l
157.88363	625.00	
158.033489	1375.00	f
158.033556	1375.00	r
158.033618	490.00	l
158.88352	625.00	
159.033455	1375.00	f
159.033522	1375.00	r
159.033584	490.00	l
159.883457	625.00	
160.033598	1375.00	f
160.033675	1375.00	r
160.033737	490.00	l
160.884227	545.00	
161.033477	1375.00	f
161.033544	1375.00	r
161.033606	490.00	l
161.883574	545.00	
162.03347	1375.00	f
162.033537	1375.00	r
162.033599	490.00	l
162.883513	545.00	
163.03363	1375.00	f
163.033697	1375.00	r
163.033759	490.00	l
163.883646	545.00	
164.033484	1375.00	f
164.033552	1375.00	r
164.033614	490.00	l
164.883507	485.00	
165.033571	1375.00	f
165.033637	1375.00	r
165.033699	490.00	l
165.883542	485.00	
166.033438	1375.00	f
166.033505	1375.00	r
166.043427	490.00	l
166.883527	460.00	
167.033644	1375.00	f
167.033711	1375.00	r
167.043625	490.00	l
167.893468	460.00	
168.03355	1375.00	f
168.043563	1375.00	r
168.043628	490.00	l
168.893645	460.00	
169.043451	1375.00	f
169.043519	1375.00	r
169.043581	490.00	l
169.89351	460.00	
170.04367	1375.00	f
170.043737	1375.00	r
170.043802	490.00	l
170.894505	460.00	
171.043472	1375.00	f
171.043539	1375.00	r
171.043601	490.00	l
171.893576	460.00	
172.043427	1375.00	f
172.043494	1375.00	r
172.043556	490.00	l
172.893455	457.00	
173.043605	1375.00	f
173.043672	1375.00	r
173.043734	490.00	l
173.893691	457.00	
174.04344	1375.00	f
174.043509	1375.00	r
174.043571	490.00	l
174.893581	457.00	
175.043495	1375.00	f
175.043562	1375.00	r
175.043623	490.00	l
175.893375	454.00	
176.043556	1375.00	f
176.043623	1375.00	r
176.043685	490.00	l
176.893645	454.00	
177.04356	1375.00	f
177.043628	1375.00	r
177.053534	490.00	l
177.903479	454.00	
178.044171	1375.00	f
178.054912	1375.00	r
178.054976	490.00	l
178.903472	454.00	
179.053623	1375.00	f
179.05369	1375.00	r
179.053752	490.00	l
179.903628	454.00	
180.053444	1375.00	f
180.053511	1375.00	r
180.053573	490.00	l
180.903505	454.00	
181.054184	1375.00	f
181.05425	1375.00	r
181.054311	490.00	l
181.903536	454.00	
182.053533	1375.00	f
182.0536	1375.00	r
182.053672	490.00	l
182.903574	454.00	
183.053511	1375.00	f
183.053578	1375.00	r
183.05364	490.00	l
183.903611	454.00	
184.054214	1375.00	f
184.054281	1375.00	r
184.054342	490.00	l
184.903477	454.00	
185.053513	1375.00	f
185.053579	1375.00	r
185.053641	490.00	l
185.903662	454.00	
186.053427	1375.00	f
186.053504	1375.00	r
186.053566	490.00	l
186.903575	454.00	
187.053367	1375.00	f
187.054949	1375.00	r
187.063483	490.00	l
187.903548	454.00	
188.053697	1375.00	f
188.053764	1375.00	r
188.063652	490.00	l
188.903435	454.00	
189.053562	1375.00	f
189.063543	1375.00	r
189.063608	490.00	l
189.913605	454.00	
190.063547	1375.00	f
190.063615	1375.00	r
190.063677	490.00	l
190.913602	454.00	
191.063762	1375.00	f
191.063829	1375.00	r
191.06389	490.00	l
191.913523	454.00	
192.063575	1375.00	f
192.063642	1375.00	r
192.063703	490.00	l
192.913407	454.00	
193.063554	1375.00	f
193.06362	1375.00	r
193.063682	490.00	l
193.913633	454.00	
194.063412	1375.00	f
194.063479	1375.00	r
194.063541	490.00	l
194.913587	454.00	
195.063622	1375.00	f
195.063688	1375.00	r
195.063749	490.00	l
195.913577	454.00	
196.063646	1375.00	f
196.063713	1375.00	r
196.063777	490.00	l
196.913476	454.00	
197.063484	1375.00	f
197.06355	1375.00	r
197.063612	490.00	l
197.913795	454.00	
198.063542	1375.00	f
198.06361	1375.00	r
198.073525	490.00	l
198.913526	454.00	
199.063484	1375.00	f
199.063552	1375.00	r
199.073461	490.00	l
199.923581	454.00	
200.063603	1375.00	f
200.073619	1375.00	r
200.073682	490.00	l
200.923419	454.00	
201.073548	1375.00	f
201.073614	1375.00	r
201.073677	490.00	l
201.924475	454.00	
202.073548	1375.00	f
202.073615	1375.00	r
202.073677	490.00	l
202.923594	454.00	
203.0735	1375.00	f
203.073568	1375.00	r
203.07363	490.00	l
203.923538	454.00	
204.073472	1375.00	f
204.07354	1375.00	r
204.073602	490.00	l
204.923548	454.00	
205.073585	1375.00	f
205.073652	1375.00	r
205.073713	490.00	l
205.923425	454.00	
206.073603	1375.00	f
206.07367	1375.00	r
206.073731	490.00	l
206.924457	454.00	
207.07359	1375.00	f
207.073657	1375.00	r
207.073719	490.00	l
207.923616	454.00	
208.073512	1375.00	f
208.073586	1375.00	r
208.073648	490.00	l
208.924505	454.00	
209.075569	1375.00	f
209.075635	1375.00	r
209.084427	490.00	l
209.924535	454.00	
210.074663	1375.00	f
210.07473	1375.00	r
210.074791	490.00	l
210.924577	454.00	
211.074661	1375.00	f
211.074728	1375.00	r
211.084939	490.00	l
211.934486	454.00	
212.07464	1375.00	f
212.0849	1375.00	r
212.084964	490.00	l
212.934566	454.00	
213.084556	1375.00	f
213.084623	1375.00	r
213.084684	490.00	l
213.934396	454.00	
214.084491	1375.00	f
214.084558	1375.00	r
214.084619	490.00	l
214.934579	454.00	
215.084488	1375.00	f
215.084555	1375.00	r
215.084617	490.00	l
215.93463	454.00	
216.084502	1375.00	f
216.084569	1375.00	r
216.084631	490.00	l
216.93456	454.00	
217.084569	1375.00	f
217.084636	1375.00	r
217.084697	490.00	l
217.93439	454.00	
218.084527	1375.00	f
218.084594	1375.00	r
218.084655	490.00	l
218.934683	454.00	
219.084451	1375.00	f
219.084518	1375.00	r
219.08458	490.00	l
219.934494	454.00	
220.084379	1375.00	f
220.084447	1375.00	r
220.094517	490.00	l
220.934478	454.00	
221.084537	1375.00	f
221.094531	1375.00	r
221.094595	490.00	l
221.944477	454.00	
222.094598	1375.00	f
222.094664	1375.00	r
222.094728	490.00	l
222.944555	454.00	
223.094444	1375.00	f
223.094511	1375.00	r
223.094573	490.00	l
223.944615	454.00	
224.09453	1375.00	f
224.094597	1375.00	r
224.094658	490.00	l
224.94467	454.00	
225.094428	1375.00	f
225.094495	1375.00	r
225.094557	490.00	l
225.944499	454.00	
226.09465	1375.00	f
226.094717	1375.00	r
226.094778	490.00	l
226.944408	454.00	
227.094525	1375.00	f
227.094591	1375.00	r
227.094653	490.00	l
227.945368	454.00	
228.094558	1375.00	f
228.094625	1375.00	r
228.094687	490.00	l
228.944618	454.00	
229.094522	1375.00	f
229.094589	1375.00	r
229.094651	490.00	l
229.944517	454.00	
230.094383	1375.00	f
230.09445	1375.00	r
230.094511	490.00	l
230.94444	454.00	
231.094577	1375.00	f
231.104561	1375.00	r
231.104624	490.00	l
231.954537	454.00	
232.094544	1375.00	f
232.104539	1375.00	r
232.104602	490.00	l
232.954434	454.00	
233.09457	1375.00	f
233.104578	1375.00	r
233.104642	490.00	l
233.954635	454.00	
234.104437	1375.00	f
234.104505	1375.00	r
234.104567	490.00	l
234.954517	454.00	
235.105666	1375.00	f
235.105733	1375.00	r
235.105794	490.00	l
235.954504	454.00	
236.105339	1375.00	f
236.105403	490.00	l
236.105466	1375.00	r
236.954523	454.00	
237.10468	1375.00	f
237.104747	1375.00	r
237.104809	490.00	l
237.954506	454.00	
238.104595	1375.00	f
238.104661	1375.00	r
238.104723	490.00	l
238.955731	454.00	
239.104452	1375.00	f
239.104519	1375.00	r
239.10458	490.00	l
239.954568	454.00	
240.104451	1375.00	f
240.104518	1375.00	r
240.10458	490.00	l
240.954493	454.00	
241.104693	1375.00	f
241.104757	490.00	l
241.104821	1375.00	r
241.954441	454.00	
242.104556	1375.00	f
242.10462	490.00	l
242.114513	1375.00	r
242.965324	454.00	
243.10445	1375.00	f
243.114537	490.00	l
243.114605	1375.00	r
243.964633	454.00	
244.115848	1375.00	f
244.115912	490.00	l
244.115975	1375.00	r
244.964502	454.00	
245.114667	1375.00	f
245.114731	490.00	l
245.114795	1375.00	r
245.964487	454.00	
246.11461	1375.00	f
246.114674	490.00	l
246.114738	1375.00	r
246.964532	454.00	
247.114518	1375.00	f
247.114582	490.00	l
247.114646	1375.00	r
247.964595	454.00	
248.11452	1375.00	f
248.114585	490.00	l
248.114649	1375.00	r
248.964503	454.00	
249.115202	1375.00	f
249.115266	490.00	l
249.11533	1375.00	r
249.964514	454.00	
250.114684	1375.00	f
250.114747	490.00	l
250.114812	1375.00	r
250.96444	454.00	
251.114562	1375.00	f
251.114626	490.00	l
251.11469	1375.00	r
251.964726	454.00	
252.114518	1375.00	f
252.114583	490.00	l
252.124491	1375.00	r
252.974674	454.00	
253.114547	1375.00	f
253.114612	490.00	l
253.124522	1375.00	r
253.974514	454.00	
254.114647	1375.00	f
254.124641	490.00	l
254.124707	1375.00	r
254.974506	454.00	
255.124617	1375.00	f
255.124681	490.00	l
255.124746	1375.00	r
255.975072	454.00	
256.124502	1375.00	f
256.124567	490.00	l
256.124632	1375.00	r
256.974593	454.00	
257.12451	1375.00	f
257.124575	490.00	l
257.124639	1375.00	r
257.974488	454.00	
258.124639	1375.00	f
258.124703	490.00	l
258.124767	1375.00	r
258.974559	454.00	
259.124552	1375.00	f
259.124622	490.00	l
259.124687	1375.00	r
259.974417	454.00	
260.124541	1375.00	f
260.124606	490.00	l
260.12467	1375.00	r
260.974634	454.00	
261.124403	1375.00	f
261.124468	490.00	l
261.124533	1375.00	r
261.97456	454.00	
262.124558	1375.00	f
262.124622	490.00	l
262.124685	1375.00	r
262.974415	454.00	
263.124538	1375.00	f
263.124602	490.00	l
263.124666	1375.00	r
263.974602	454.00	
264.124463	1375.00	f
264.134443	490.00	l
264.13451	1375.00	r
264.984524	454.00	
265.134456	1375.00	f
265.13452	490.00	l
265.134585	1375.00	r
265.984566	454.00	
266.134557	1375.00	f
266.13462	490.00	l
266.134684	1375.00	r
266.984463	454.00	
267.134574	1375.00	f
267.134638	490.00	l
267.134702	1375.00	r
267.984637	454.00	
268.134553	1375.00	f
268.134617	490.00	l
268.134682	1375.00	r
268.985564	454.00	
269.135967	1375.00	f
269.136031	490.00	l
269.136095	1375.00	r
269.985548	454.00	
270.135677	1375.00	f
270.135741	490.00	l
270.135811	1375.00	r
270.985412	454.00	
271.135554	1375.00	f
271.135618	490.00	l
271.135682	1375.00	r
271.986172	454.00	
272.135493	1375.00	f
272.135559	490.00	l
272.135623	1375.00	r
272.985649	454.00	
273.135451	1375.00	f
273.135517	490.00	l
273.135581	1375.00	r
273.985573	454.00	
274.135615	1375.00	f
274.135679	490.00	l
274.135743	1375.00	r
274.98553	454.00	
275.135636	1375.00	f
275.1357	490.00	l
275.145539	1375.00	r
275.995429	454.00	
276.135615	1375.00	f
276.135679	490.00	l
276.14556	1375.00	r
276.99569	454.00	
277.135498	1375.00	f
277.145436	490.00	l
277.145502	1375.00	r
277.995562	454.00	
278.145493	1375.00	f
278.145558	490.00	l
278.145623	1375.00	r
278.995593	454.00	
279.146214	1375.00	f
279.146278	490.00	l
279.146341	1375.00	r
279.995481	454.00	
280.145621	1375.00	f
280.145685	490.00	l
280.145749	1375.00	r
280.995514	454.00	
281.145613	1375.00	f
281.145677	490.00	l
281.145741	1375.00	r
281.99562	454.00	
282.145533	1375.00	f
282.145598	490.00	l
282.145662	1375.00	r
282.995633	454.00	
283.1454	1375.00	f
283.145465	490.00	l
283.14553	1375.00	r
283.99544	454.00	
284.145585	1375.00	f
284.145648	490.00	l
284.145712	1375.00	r
284.995522	454.00	
285.14549	1375.00	f
285.145554	490.00	l
285.145618	1375.00	r
285.996352	454.00	
286.145584	1375.00	f
286.145649	490.00	l
286.155578	1375.00	r
287.00552	454.00	
287.146866	1375.00	f
287.155427	490.00	l
287.155494	1375.00	r
288.005473	454.00	
288.155615	1375.00	f
288.155679	490.00	l
288.155743	1375.00	r
289.005423	454.00	
289.155547	1375.00	f
289.15561	490.00	l
289.155675	1375.00	r
290.00552	454.00	
290.155428	1375.00	f
290.155494	490.00	l
290.155559	1375.00	r
291.005485	454.00	
291.155636	1375.00	f
291.1557	490.00	l
291.155765	1375.00	r
292.005429	454.00	
292.155551	1375.00	f
292.155614	490.00	l
292.155678	1375.00	r
293.005507	454.00	
293.156608	1375.00	f
293.156672	490.00	l
293.156736	1375.00	r
294.00554	454.00	
294.155525	1375.00	f
294.155589	490.00	l
294.155653	1375.00	r
295.006616	454.00	
295.155524	1375.00	f
295.155589	490.00	l
295.155654	1375.00	r
296.00556	454.00	
296.155445	1375.00	f
296.15551	490.00	l
296.16544	1375.00	r
297.005521	454.00	
297.155635	1375.00	f
297.155699	490.00	l
297.165629	1375.00	r
298.006453	454.00	
298.155564	1375.00	f
298.165548	490.00	l
298.165615	1375.00	r
299.015603	454.00	
299.165518	1375.00	f
299.165583	490.00	l
299.165648	1375.00	r
300.015523	454.00	
300.165645	1375.00	f
300.16571	490.00	l
300.165775	1375.00	r
301.015631	454.00	
301.165543	1375.00	f
301.165608	490.00	l
301.165672	1375.00	r
