0.405774	1695.00	fl
0.40631	1557.00	fr
0.492868	1644.00	f
0.919819	1648.00	ff
1.397141	1642.00	fl
1.433492	1610.00	fr
1.475654	1644.00	f
1.757127	1629.00	ff
2.294936	1564.00	fr
2.29543	1596.00	fl
2.486164	1633.00	f
2.757755	1629.00	ff
3.305184	1500.00	fr
3.30567	1431.00	fl
3.479124	1629.00	f
3.768899	1629.00	ff
4.277427	1475.00	fr
4.278772	710.00	fl
4.488386	1629.00	f
4.761599	1623.00	ff
5.286753	1475.00	fr
5.287206	710.00	fl
5.496955	1629.00	f
5.768808	1623.00	ff
6.276943	1475.00	fr
6.277416	710.00	fl
6.487401	1629.00	f
6.759784	1600.00	ff
7.285918	1475.00	fr
7.286323	710.00	fl
7.495918	1588.00	f
7.768164	1600.00	ff
8.313857	1475.00	fr
8.314343	710.00	fl
8.488788	1549.00	f
8.777805	1464.00	ff
9.286225	1475.00	fr
9.287263	710.00	fl
9.496694	1400.00	f
9.769439	1464.00	ff
10.296039	1450.00	fr
10.296473	710.00	fl
10.497615	1125.00	f
10.777755	952.00	ff
11.286258	1450.00	fr
11.286721	710.00	fl
11.496297	1016.00	f
11.767789	952.00	ff
12.310572	1425.00	fr
12.311058	710.00	fl
12.49673	1016.00	f
12.77685	952.00	ff
13.310884	1400.00	fr
13.311386	710.00	fl
13.496861	773.00	f
13.769256	490.00	ff
14.324779	1375.00	fr
14.325862	710.00	fl
14.498904	773.00	f
14.779632	490.00	ff
15.296633	1316.00	fr
15.297142	710.00	fl
15.498363	700.00	f
15.780246	490.00	ff
16.289045	1316.00	fr
16.289541	710.00	fl
16.50049	676.00	f
16.774634	490.00	ff
17.298926	1316.00	fr
17.299408	710.00	fl
17.510103	661.00	f
17.784269	490.00	ff
18.293223	1316.00	fr
18.293682	710.00	fl
18.510768	658.00	f
18.766788	490.00	ff
19.302704	1316.00	fr
19.303177	710.00	fl
19.520166	658.00	f
19.77677	490.00	ff
20.314278	1312.00	fr
20.314746	710.00	fl
20.496969	658.00	f
20.786237	490.00	ff
21.31721	1300.00	fr
21.317674	710.00	fl
21.506402	658.00	f
21.778504	490.00	ff
22.323226	1300.00	fr
22.32374	710.00	fl
22.515939	658.00	f
22.787378	490.00	ff
23.296036	1300.00	fr
23.296452	710.00	fl
23.506051	658.00	f
23.777897	490.00	ff
24.323744	335.00	fr
24.324233	710.00	fl
24.515966	658.00	f
24.787145	490.00	ff
25.296	335.00	fr
25.330923	710.00	fl
25.508145	658.00	f
25.7977	490.00	ff
26.306287	335.00	fr
26.306763	710.00	fl
26.516534	658.00	f
26.78928	490.00	ff
27.342322	335.00	fr
27.342812	710.00	fl
27.518124	658.00	f
27.79113	490.00	ff
28.307292	335.00	fr
28.307773	710.00	fl
28.509161	658.00	f
28.790532	490.00	ff
29.307061	335.00	fr
29.307546	710.00	fl
29.517206	658.00	f
29.789942	490.00	ff
30.306565	335.00	fr
30.307641	710.00	fl
30.508084	585.00	f
30.789137	490.00	ff
31.306193	335.00	fr
31.306625	710.00	fl
31.51658	585.00	f
31.788801	490.00	ff
32.338263	335.00	fr
32.338753	710.00	fl
32.509428	538.00	f
32.799025	490.00	ff
33.307039	335.00	fr
33.307529	710.00	fl
33.516944	538.00	f
33.789088	490.00	ff
34.335212	335.00	fr
34.335677	710.00	fl
34.526122	538.00	f
34.797299	490.00	ff
35.305904	335.00	fr
35.306903	710.00	fl
35.515873	538.00	f
35.787369	490.00	ff
36.326526	335.00	fr
36.327039	710.00	fl
36.550635	538.00	f
36.798233	490.00	ff
37.306629	710.00	fl
37.347615	335.00	fr
37.519236	538.00	f
37.808928	490.00	ff
38.312989	335.00	fr
38.313463	710.00	fl
38.542165	538.00	f
38.798252	490.00	ff
39.323269	335.00	fr
39.323719	710.00	fl
39.533381	538.00	f
39.804416	490.00	ff
40.342203	335.00	fr
40.342718	710.00	fl
40.523722	477.00	f
40.797394	490.00	ff
41.323559	335.00	fr
41.324042	710.00	fl
41.535183	434.00	f
41.815382	490.00	ff
42.321021	335.00	fr
42.321501	710.00	fl
42.545943	434.00	f
42.792371	490.00	ff
43.338531	335.00	fr
43.339009	710.00	fl
43.530144	434.00	f
43.802355	490.00	ff
44.353168	335.00	fr
44.353642	710.00	fl
44.540555	434.00	f
44.81209	490.00	ff
45.320049	335.00	fr
45.320505	710.00	fl
45.530312	434.00	f
45.802572	490.00	ff
46.356149	335.00	fr
46.356684	710.00	fl
46.540796	434.00	f
46.812587	490.00	ff
47.320716	710.00	fl
47.321193	335.00	fr
47.530765	434.00	f
47.803205	490.00	ff
48.356615	335.00	fr
48.357128	710.00	fl
48.54113	434.00	f
48.813566	490.00	ff
49.322091	335.00	fr
49.341314	710.00	fl
49.534899	434.00	f
49.826247	490.00	ff
50.333744	335.00	fr
50.334211	710.00	fl
50.537691	434.00	f
50.82599	490.00	ff
51.336974	335.00	fr
51.337468	710.00	fl
51.552824	434.00	f
51.810617	490.00	ff
52.342366	335.00	fr
52.342852	710.00	fl
52.530457	434.00	f
52.81073	490.00	ff
53.345401	335.00	fr
53.345898	710.00	fl
53.539885	434.00	f
53.811666	490.00	ff
54.359886	335.00	fr
54.360389	710.00	fl
54.533168	434.00	f
54.81801	490.00	ff
55.33774	335.00	fr
55.338225	710.00	fl
55.553534	434.00	f
55.811638	490.00	ff
56.347697	335.00	fr
56.349199	710.00	fl
56.575127	434.00	f
56.822849	490.00	ff
57.331035	335.00	fr
57.331459	710.00	fl
57.541113	434.00	f
57.8146	490.00	ff
58.363345	335.00	fr
58.363834	710.00	fl
58.551454	434.00	f
58.824044	490.00	ff
59.331835	335.00	fr
59.332321	710.00	fl
59.545242	434.00	f
59.818975	490.00	ff
60.344216	335.00	fr
60.34472	710.00	fl
60.546339	434.00	f
60.831733	490.00	ff
61.349479	335.00	fr
61.35088	710.00	fl
61.558945	434.00	f
61.840306	490.00	ff
62.343895	335.00	fr
62.344382	710.00	fl
62.569059	434.00	f
62.815205	490.00	ff
63.358985	335.00	fr
63.359496	710.00	fl
63.552913	434.00	f
63.824329	490.00	ff
64.333249	335.00	fr
64.333692	710.00	fl
64.543663	434.00	f
64.815953	490.00	ff
65.369895	335.00	fr
65.370392	710.00	fl
65.554223	434.00	f
65.826426	490.00	ff
66.334748	335.00	fr
66.352594	710.00	fl
66.545759	434.00	f
66.822395	490.00	ff
67.346663	335.00	fr
67.347156	710.00	fl
67.557533	434.00	f
67.833861	490.00	ff
68.357859	335.00	fr
68.358355	710.00	fl
68.56131	434.00	f
68.843731	490.00	ff
69.351833	335.00	fr
69.352308	710.00	fl
69.568874	434.00	f
69.825829	490.00	ff
70.363818	335.00	fr
70.364286	710.00	fl
70.555221	434.00	f
70.835732	490.00	ff
71.344878	335.00	fr
71.345286	710.00	fl
71.554952	434.00	f
71.827583	490.00	ff
72.379693	335.00	fr
72.380194	710.00	fl
72.557119	434.00	f
72.830103	490.00	ff
73.354983	710.00	fl
73.355414	335.00	fr
73.565082	434.00	f
73.836524	490.00	ff
74.345025	335.00	fr
74.345435	710.00	fl
74.55499	434.00	f
74.826248	490.00	ff
75.363532	335.00	fr
75.364016	710.00	fl
75.586982	434.00	f
75.836695	490.00	ff
76.346571	335.00	fr
76.347049	710.00	fl
76.555887	434.00	f
76.828332	490.00	ff
77.381226	335.00	fr
77.381733	710.00	fl
77.566068	434.00	f
77.838489	490.00	ff
78.346739	710.00	fl
78.364597	335.00	fr
78.575097	434.00	f
78.830024	490.00	ff
79.354974	710.00	fl
79.355408	335.00	fr
79.565182	434.00	f
79.83667	490.00	ff
80.37831	710.00	fl
80.378804	335.00	fr
80.603542	434.00	f
80.847647	490.00	ff
81.355671	710.00	fl
81.356132	335.00	fr
81.566234	434.00	f
81.836497	490.00	ff
82.379391	710.00	fl
82.379886	335.00	fr
82.571268	434.00	f
82.84325	490.00	ff
83.351381	710.00	fl
83.351833	335.00	fr
83.561792	434.00	f
83.834175	490.00	ff
84.381872	710.00	fl
84.382377	335.00	fr
84.572339	434.00	f
84.844103	490.00	ff
85.393953	335.00	fr
85.394442	710.00	fl
85.581561	434.00	f
85.853216	490.00	ff
86.361493	710.00	fl
86.361995	335.00	fr
86.571651	434.00	f
86.844134	490.00	ff
87.395781	710.00	fl
87.396301	335.00	fr
87.581935	434.00	f
87.854423	490.00	ff
88.363053	710.00	fl
88.363558	335.00	fr
88.574573	434.00	f
88.849156	490.00	ff
89.373691	710.00	fl
89.374178	335.00	fr
89.585231	434.00	f
89.86008	490.00	ff
90.367558	710.00	fl
90.370498	335.00	fr
90.58823	434.00	f
90.876367	490.00	ff
91.38482	710.00	fl
91.385312	335.00	fr
91.571624	434.00	f
91.852198	490.00	ff
92.38873	710.00	fl
92.389225	335.00	fr
92.581095	434.00	f
92.853584	490.00	ff
93.371033	710.00	fl
93.372016	335.00	fr
93.57253	434.00	f
93.853915	490.00	ff
94.371066	710.00	fl
94.371501	335.00	fr
94.581439	434.00	f
94.853623	490.00	ff
95.362939	710.00	fl
95.363423	335.00	fr
95.573613	434.00	f
95.84715	490.00	ff
96.371406	710.00	fl
96.37188	335.00	fr
96.581584	434.00	f
96.855347	490.00	ff
97.406993	710.00	fl
97.407492	335.00	fr
97.591853	434.00	f
97.864222	490.00	ff
98.372193	710.00	fl
98.373385	335.00	fr
98.582895	434.00	f
98.856387	490.00	ff
99.38153	710.00	fl
99.382003	335.00	fr
99.591898	434.00	f
99.864692	490.00	ff
100.372409	710.00	fl
100.372924	335.00	fr
100.583461	434.00	f
100.857458	490.00	ff
101.382033	710.00	fl
101.382523	335.00	fr
101.592324	434.00	f
101.864741	490.00	ff
102.372369	710.00	fl
102.418867	335.00	fr
102.593784	434.00	f
102.87556	490.00	ff
103.383068	710.00	fl
103.384178	335.00	fr
103.594196	434.00	f
103.8692	490.00	ff
104.392941	710.00	fl
104.393417	335.00	fr
104.59614	434.00	f
104.879609	490.00	ff
105.389386	710.00	fl
105.389903	335.00	fr
105.581088	434.00	f
105.861446	490.00	ff
106.39804	710.00	fl
106.398542	335.00	fr
106.591086	434.00	f
106.862711	490.00	ff
107.403053	710.00	fl
107.403543	335.00	fr
107.582636	434.00	f
107.863306	490.00	ff
108.406192	710.00	fl
108.407439	335.00	fr
108.591823	434.00	f
108.863698	490.00	ff
109.412494	710.00	fl
109.413011	335.00	fr
109.601407	434.00	f
109.873502	490.00	ff
110.381615	710.00	fl
110.382094	335.00	fr
110.591865	434.00	f
110.864074	490.00	ff
111.414878	710.00	fl
111.415366	335.00	fr
111.60169	434.00	f
111.874139	490.00	ff
112.382416	710.00	fl
112.382893	335.00	fr
112.593041	434.00	f
112.866063	490.00	ff
113.391015	710.00	fl
113.391455	335.00	fr
113.601174	434.00	f
113.872849	490.00	ff
114.411793	710.00	fl
114.412264	335.00	fr
114.63644	434.00	f
114.883118	490.00	ff
115.391163	710.00	fl
115.391623	335.00	fr
115.60165	434.00	f
115.874455	490.00	ff
116.42768	335.00	fr
116.428162	710.00	fl
116.603639	434.00	f
116.885183	490.00	ff
117.392985	710.00	fl
117.393467	335.00	fr
117.604339	423.00	f
117.879529	490.00	ff
118.403043	710.00	fl
118.403531	335.00	fr
118.60578	423.00	f
118.888145	490.00	ff
119.395944	710.00	fl
119.400547	335.00	fr
119.615565	423.00	f
119.892498	490.00	ff
120.399017	710.00	fl
120.399501	335.00	fr
120.619677	423.00	f
120.872438	490.00	ff
121.411529	710.00	fl
121.412016	335.00	fr
121.638456	423.00	f
121.883825	490.00	ff
122.392081	710.00	fl
122.392579	335.00	fr
122.602537	423.00	f
122.875327	490.00	ff
123.401061	710.00	fl
123.401493	335.00	fr
123.611332	423.00	f
123.883035	490.00	ff
124.390898	710.00	fl
124.391307	335.00	fr
124.600893	423.00	f
124.872291	490.00	ff
125.409945	710.00	fl
125.410433	335.00	fr
125.635063	423.00	f
125.883079	490.00	ff
126.427346	710.00	fl
126.42785	335.00	fr
126.62168	423.00	f
126.892348	490.00	ff
127.400882	710.00	fl
127.401295	335.00	fr
127.610966	423.00	f
127.883337	490.00	ff
128.427756	710.00	fl
128.428247	335.00	fr
128.621042	423.00	f
128.892873	490.00	ff
129.401412	710.00	fl
129.401874	335.00	fr
129.611591	423.00	f
129.883365	490.00	ff
130.431842	710.00	fl
130.432341	335.00	fr
130.612695	423.00	f
130.894484	490.00	ff
131.401598	710.00	fl
131.410589	335.00	fr
131.621125	423.00	f
131.884077	490.00	ff
132.432555	710.00	fl
132.433025	335.00	fr
132.61293	423.00	f
132.894148	490.00	ff
133.4115	710.00	fl
133.411976	335.00	fr
133.622169	423.00	f
133.89477	490.00	ff
134.41157	710.00	fl
134.412042	335.00	fr
134.613492	423.00	f
134.895459	490.00	ff
135.411731	710.00	fl
135.412206	335.00	fr
135.622317	423.00	f
135.894446	490.00	ff
136.402817	710.00	fl
136.403303	335.00	fr
136.613658	423.00	f
136.88722	490.00	ff
137.411912	710.00	fl
137.412396	335.00	fr
137.622424	423.00	f
137.894934	490.00	ff
138.447758	710.00	fl
138.448262	335.00	fr
138.632352	423.00	f
138.905096	490.00	ff
139.413168	710.00	fl
139.413613	335.00	fr
139.624737	423.00	f
139.899175	490.00	ff
140.423858	710.00	fl
140.424318	335.00	fr
140.635	412.00	f
140.908878	490.00	ff
141.416702	710.00	fl
141.417194	335.00	fr
141.630083	412.00	f
141.890838	490.00	ff
142.425581	710.00	fl
142.426111	335.00	fr
142.6383	412.00	f
142.923219	490.00	ff
143.429012	710.00	fl
143.430463	335.00	fr
143.656581	412.00	f
143.895072	490.00	ff
144.448108	710.00	fl
144.448586	335.00	fr
144.632375	412.00	f
144.905065	490.00	ff
145.430808	710.00	fl
145.431248	335.00	fr
145.632495	412.00	f
145.913919	490.00	ff
146.422126	335.00	fr
146.423245	710.00	fl
146.626349	412.00	f
146.906206	490.00	ff
147.422162	710.00	fl
147.422653	335.00	fr
147.632695	412.00	f
147.905747	490.00	ff
148.422143	710.00	fl
148.422617	335.00	fr
148.641414	412.00	f
148.904723	490.00	ff
149.421582	710.00	fl
149.422061	335.00	fr
149.631902	412.00	f
149.904223	490.00	ff
150.456807	710.00	fl
150.457301	335.00	fr
150.643333	412.00	f
150.91424	490.00	ff
151.422963	710.00	fl
151.424066	335.00	fr
151.634146	412.00	f
151.908011	490.00	ff
152.432537	710.00	fl
152.433014	335.00	fr
152.643008	412.00	f
152.915899	490.00	ff
153.423074	710.00	fl
153.423626	335.00	fr
153.634115	412.00	f
153.908081	490.00	ff
154.432743	710.00	fl
154.433225	335.00	fr
154.643304	412.00	f
154.916912	490.00	ff
155.424832	710.00	fl
155.440655	335.00	fr
155.652931	412.00	f
155.926191	490.00	ff
156.434473	710.00	fl
156.435733	335.00	fr
156.64654	412.00	f
156.930953	490.00	ff
157.446777	710.00	fl
157.447262	335.00	fr
157.659837	412.00	f
157.921102	490.00	ff
158.444823	710.00	fl
158.445323	335.00	fr
158.669552	412.00	f
158.913887	490.00	ff
159.462382	710.00	fl
159.462884	335.00	fr
159.642946	412.00	f
159.923793	490.00	ff
160.431861	710.00	fl
160.432338	335.00	fr
160.65135	412.00	f
160.915333	490.00	ff
161.441174	710.00	fl
161.442197	335.00	fr
161.642914	412.00	f
161.924329	490.00	ff
162.441608	710.00	fl
162.442073	335.00	fr
162.651991	412.00	f
162.92499	490.00	ff
163.433418	710.00	fl
163.433913	335.00	fr
163.64441	412.00	f
163.918963	490.00	ff
164.442905	710.00	fl
164.44338	335.00	fr
164.653488	412.00	f
164.927289	490.00	ff
165.435611	710.00	fl
165.436095	335.00	fr
165.647646	412.00	f
165.935785	490.00	ff
166.451112	710.00	fl
166.452186	335.00	fr
166.678825	412.00	f
166.923793	490.00	ff
167.474127	710.00	fl
167.474594	332.00	fr
167.661799	412.00	f
167.934234	490.00	ff
168.442662	710.00	fl
168.443148	332.00	fr
168.653306	412.00	f
168.927807	490.00	ff
169.452384	710.00	fl
169.452895	332.00	fr
169.662917	412.00	f
169.936456	490.00	ff
170.444273	710.00	fl
170.444782	332.00	fr
170.655356	412.00	f
170.93306	490.00	ff
171.454824	710.00	fl
171.45592	332.00	fr
171.666917	412.00	f
171.948746	490.00	ff
172.458732	710.00	fl
172.460426	332.00	fr
172.683027	412.00	f
172.924708	490.00	ff
173.450753	710.00	fl
173.451154	332.00	fr
173.660863	412.00	f
173.932562	490.00	ff
174.474903	710.00	fl
174.475401	332.00	fr
174.66169	412.00	f
174.93379	490.00	ff
175.479647	710.00	fl
175.480141	332.00	fr
175.654068	412.00	f
175.935636	490.00	ff
176.452047	710.00	fl
176.452535	332.00	fr
176.662599	412.00	f
176.935922	490.00	ff
177.452347	710.00	fl
177.452848	332.00	fr
177.654763	412.00	f
177.937748	490.00	ff
178.454241	710.00	fl
178.4547	332.00	fr
178.665399	412.00	f
178.942794	490.00	ff
179.464691	710.00	fl
179.465178	332.00	fr
179.676548	412.00	f
179.959661	490.00	ff
180.466169	710.00	fl
180.46666	332.00	fr
180.688081	412.00	f
180.933869	490.00	ff
181.483422	710.00	fl
181.483924	332.00	fr
181.671568	412.00	f
181.943361	490.00	ff
182.45172	710.00	fl
182.452223	332.00	fr
182.661794	412.00	f
182.934471	490.00	ff
183.484769	710.00	fl
183.48526	332.00	fr
183.6718	412.00	f
183.944219	490.00	ff
184.452797	710.00	fl
184.470646	332.00	fr
184.681032	412.00	f
184.93713	490.00	ff
185.46278	710.00	fl
185.463257	332.00	fr
185.673674	412.00	f
185.947567	490.00	ff
186.471976	710.00	fl
186.472467	332.00	fr
186.67397	412.00	f
186.955698	490.00	ff
187.463383	710.00	fl
187.464488	332.00	fr
187.675526	412.00	f
187.953658	490.00	ff
188.474881	710.00	fl
188.475366	332.00	fr
188.67944	412.00	f
188.976437	490.00	ff
189.482831	710.00	fl
189.483325	332.00	fr
189.67165	412.00	f
189.943743	490.00	ff
190.461261	710.00	fl
190.461702	332.00	fr
190.671231	412.00	f
190.943602	490.00	ff
191.493597	710.00	fl
191.494077	332.00	fr
191.681716	412.00	f
191.954145	490.00	ff
192.461874	710.00	fl
192.462951	332.00	fr
192.67206	412.00	f
192.944917	490.00	ff
193.496091	710.00	fl
193.496567	332.00	fr
193.681845	412.00	f
193.954176	490.00	ff
194.462052	710.00	fl
194.462531	332.00	fr
194.672577	412.00	f
194.946062	490.00	ff
195.471351	710.00	fl
195.471828	332.00	fr
195.681804	412.00	f
195.954629	490.00	ff
196.463532	710.00	fl
196.480658	332.00	fr
196.691794	412.00	f
196.964609	490.00	ff
197.472791	710.00	fl
197.473866	332.00	fr
197.683707	412.00	f
197.958116	490.00	ff
198.482385	710.00	fl
198.482863	332.00	fr
198.692574	412.00	f
198.965838	490.00	ff
199.47362	710.00	fl
199.474111	332.00	fr
199.684809	412.00	f
199.959533	490.00	ff
200.484716	710.00	fl
200.48519	332.00	fr
200.688932	412.00	f
200.981943	490.00	ff
201.489571	710.00	fl
201.490057	332.00	fr
201.715728	412.00	f
201.955494	490.00	ff
202.481173	710.00	fl
202.482203	332.00	fr
202.682817	412.00	f
202.963897	490.00	ff
203.480879	710.00	fl
203.481431	332.00	fr
203.690936	412.00	f
203.962201	490.00	ff
204.496544	710.00	fl
204.497052	332.00	fr
204.681827	412.00	f
204.954304	490.00	ff
205.506535	710.00	fl
205.507029	332.00	fr
205.691903	412.00	f
205.963928	490.00	ff
206.472284	710.00	fl
206.472795	332.00	fr
206.682894	412.00	f
206.956635	490.00	ff
207.481968	710.00	fl
207.483279	332.00	fr
207.692822	412.00	f
207.965959	490.00	ff
208.474048	710.00	fl
208.490589	332.00	fr
208.7018	412.00	f
208.95813	490.00	ff
209.482567	710.00	fl
209.483058	332.00	fr
209.693387	412.00	f
209.96705	490.00	ff
210.491481	710.00	fl
210.491962	332.00	fr
210.701632	412.00	f
210.974008	490.00	ff
211.482496	710.00	fl
211.482987	332.00	fr
211.693173	412.00	f
211.966775	490.00	ff
212.491585	710.00	fl
212.492793	332.00	fr
212.702121	412.00	f
212.974802	490.00	ff
213.482691	710.00	fl
213.483185	332.00	fr
213.702199	412.00	f
213.9674	490.00	ff
214.491586	710.00	fl
214.492065	332.00	fr
214.701946	412.00	f
214.974062	490.00	ff
215.491239	710.00	fl
215.491678	332.00	fr
215.701317	412.00	f
215.973	490.00	ff
216.514776	710.00	fl
216.515283	332.00	fr
216.693228	412.00	f
216.974359	490.00	ff
217.49148	710.00	fl
217.491943	332.00	fr
217.701729	412.00	f
217.974923	490.00	ff
218.491879	710.00	fl
218.492362	332.00	fr
218.711344	412.00	f
218.97569	490.00	ff
219.492768	710.00	fl
219.493257	332.00	fr
219.704067	412.00	f
219.978297	490.00	ff
220.502482	710.00	fl
220.502967	332.00	fr
220.713159	412.00	f
220.986878	490.00	ff
221.4947	710.00	fl
221.495194	332.00	fr
221.707048	412.00	f
221.99158	490.00	ff
222.50759	710.00	fl
222.508054	332.00	fr
222.724391	412.00	f
222.981643	490.00	ff
223.514618	710.00	fl
223.515099	332.00	fr
223.70203	412.00	f
223.974852	490.00	ff
224.500992	710.00	fl
224.501406	332.00	fr
224.711333	412.00	f
224.98343	490.00	ff
225.49208	710.00	fl
225.492552	332.00	fr
225.711679	412.00	f
225.975582	490.00	ff
226.501963	710.00	fl
226.502392	332.00	fr
226.712161	412.00	f
226.983779	490.00	ff
227.526371	710.00	fl
227.52686	332.00	fr
227.712966	412.00	f
227.9932	490.00	ff
228.501929	710.00	fl
228.502343	332.00	fr
228.712106	412.00	f
228.983917	490.00	ff
229.528259	710.00	fl
229.529012	332.00	fr
229.713394	412.00	f
229.986663	490.00	ff
230.503632	710.00	fl
230.504122	332.00	fr
230.72312	412.00	f
230.988369	490.00	ff
231.50492	710.00	fl
231.505384	332.00	fr
231.71621	412.00	f
231.990677	490.00	ff
232.514684	710.00	fl
232.515178	332.00	fr
232.72599	412.00	f
233.000238	490.00	ff
233.509032	710.00	fl
233.509495	332.00	fr
233.727134	412.00	f
233.983048	490.00	ff
234.521234	710.00	fl
234.521738	332.00	fr
234.746479	412.00	f
234.994589	490.00	ff
235.503191	710.00	fl
235.503682	332.00	fr
235.713748	412.00	f
235.987913	490.00	ff
236.512572	710.00	fl
236.513058	332.00	fr
236.723149	412.00	f
236.996181	490.00	ff
237.503352	710.00	fl
237.549594	332.00	fr
237.733219	412.00	f
237.991451	490.00	ff
238.5149	710.00	fl
238.515387	332.00	fr
238.725793	412.00	f
239.0015	490.00	ff
239.524143	710.00	fl
239.525155	332.00	fr
239.734868	412.00	f
240.008771	490.00	ff
240.51733	710.00	fl
240.517821	332.00	fr
240.730188	412.00	f
240.991845	490.00	ff
241.528345	710.00	fl
241.529114	278.00	fr
241.744523	412.00	f
242.002986	490.00	ff
242.512074	710.00	fl
242.512505	278.00	fr
242.759524	412.00	f
242.996584	490.00	ff
243.521992	710.00	fl
243.522427	278.00	fr
243.723114	412.00	f
244.003873	490.00	ff
244.545328	710.00	fl
244.54619	278.00	fr
244.732583	412.00	f
245.004411	490.00	ff
245.512922	710.00	fl
245.51338	278.00	fr
245.722958	412.00	f
245.995784	490.00	ff
246.521895	710.00	fl
246.522304	278.00	fr
246.731949	412.00	f
247.003578	490.00	ff
247.51247	710.00	fl
247.512936	278.00	fr
247.735819	412.00	f
247.999203	490.00	ff
248.550708	710.00	fl
248.551222	278.00	fr
248.736608	412.00	f
249.008409	490.00	ff
249.516564	710.00	fl
249.557395	278.00	fr
249.737946	412.00	f
250.003341	490.00	ff
250.527961	710.00	fl
250.528424	278.00	fr
250.73097	412.00	f
251.013462	490.00	ff
251.529592	710.00	fl
251.530064	278.00	fr
251.741135	412.00	f
252.019457	490.00	ff
252.53366	710.00	fl
252.534138	278.00	fr
252.754123	412.00	f
253.007	490.00	ff
253.547838	710.00	fl
253.548337	278.00	fr
253.736805	412.00	f
254.009563	490.00	ff
254.52613	710.00	fl
254.526555	278.00	fr
254.772446	412.00	f
255.003199	490.00	ff
255.527302	710.00	fl
255.527791	278.00	fr
255.738036	412.00	f
256.011512	490.00	ff
256.536935	710.00	fl
256.537422	278.00	fr
256.747233	412.00	f
257.020131	490.00	ff
257.528143	710.00	fl
257.52863	278.00	fr
257.739144	412.00	f
258.013596	490.00	ff
258.538799	710.00	fl
258.539293	278.00	fr
258.750186	412.00	f
259.028224	490.00	ff
259.541339	710.00	fl
259.541839	278.00	fr
259.766384	412.00	f
260.008857	490.00	ff
260.557351	710.00	fl
260.557851	278.00	fr
260.746504	412.00	f
261.018146	490.00	ff
261.526641	710.00	fl
261.565818	278.00	fr
261.747479	412.00	f
262.011921	490.00	ff
262.53696	710.00	fl
262.537439	278.00	fr
262.747281	412.00	f
263.020301	490.00	ff
263.5459	710.00	fl
263.546315	278.00	fr
263.746963	412.00	f
264.027704	490.00	ff
264.536332	710.00	fl
264.536824	278.00	fr
264.755629	412.00	f
265.018609	490.00	ff
265.535926	710.00	fl
265.53633	278.00	fr
265.745933	412.00	f
266.017327	490.00	ff
266.554151	710.00	fl
266.554642	278.00	fr
266.778	412.00	f
267.019409	490.00	ff
267.536087	710.00	fl
267.536525	278.00	fr
267.746399	412.00	f
268.018117	490.00	ff
268.562228	710.00	fl
268.562713	278.00	fr
268.756132	412.00	f
269.027998	490.00	ff
269.536751	710.00	fl
269.537239	278.00	fr
269.747537	412.00	f
270.021167	490.00	ff
270.546651	710.00	fl
270.547131	278.00	fr
270.757459	412.00	f
271.030509	490.00	ff
271.539087	710.00	fl
271.539595	278.00	fr
271.767008	412.00	f
272.024312	490.00	ff
272.548587	710.00	fl
272.549124	278.00	fr
272.759796	412.00	f
273.034163	490.00	ff
273.558758	710.00	fl
273.559246	278.00	fr
273.770758	412.00	f
274.01589	490.00	ff
274.55083	710.00	fl
274.551313	278.00	fr
274.763828	412.00	f
275.056041	490.00	ff
275.564945	710.00	fl
275.565465	278.00	fr
275.790486	412.00	f
276.038361	490.00	ff
276.547085	710.00	fl
276.548191	278.00	fr
276.766378	412.00	f
277.029604	490.00	ff
277.583691	710.00	fl
277.58419	278.00	fr
277.758971	412.00	f
278.040086	490.00	ff
278.548176	710.00	fl
278.548669	278.00	fr
278.767666	412.00	f
279.032891	490.00	ff
279.557566	710.00	fl
279.558056	278.00	fr
279.760623	412.00	f
280.043264	490.00	ff
280.559862	710.00	fl
280.560344	278.00	fr
280.772117	412.00	f
281.05649	490.00	ff
281.565906	710.00	fl
281.566978	278.00	fr
281.756594	412.00	f
282.03722	490.00	ff
282.576676	710.00	fl
282.57717	278.00	fr
282.766639	412.00	f
283.038372	490.00	ff
283.546801	710.00	fl
283.547288	278.00	fr
283.803377	412.00	f
284.032771	490.00	ff
284.557594	710.00	fl
284.558086	278.00	fr
284.768416	412.00	f
285.042009	490.00	ff
285.566772	710.00	fl
285.567241	278.00	fr
285.777493	412.00	f
286.05058	490.00	ff
286.559563	710.00	fl
286.560037	278.00	fr
286.771759	412.00	f
287.055321	490.00	ff
287.572326	710.00	fl
287.57279	278.00	fr
287.789561	412.00	f
288.046468	490.00	ff
288.573172	710.00	fl
288.573637	278.00	fr
288.797988	412.00	f
289.03913	490.00	ff
289.587289	710.00	fl
289.587784	278.00	fr
289.776893	412.00	f
290.048702	490.00	ff
290.557322	710.00	fl
290.603129	278.00	fr
290.779026	412.00	f
291.046874	490.00	ff
291.570681	710.00	fl
291.571136	278.00	fr
291.784242	412.00	f
292.07404	490.00	ff
292.584847	710.00	fl
292.585359	278.00	fr
292.776058	412.00	f
293.056341	490.00	ff
293.589297	710.00	fl
293.589771	278.00	fr
293.815244	412.00	f
294.050662	490.00	ff
294.566629	710.00	fl
294.567112	278.00	fr
294.776877	412.00	f
295.048974	490.00	ff
295.565951	710.00	fl
295.566358	278.00	fr
295.81025	412.00	f
296.050004	490.00	ff
296.56665	710.00	fl
296.567134	278.00	fr
296.776918	412.00	f
297.048896	490.00	ff
297.595883	710.00	fl
297.597273	278.00	fr
297.786616	412.00	f
298.058683	490.00	ff
298.567094	710.00	fl
298.567575	278.00	fr
298.777597	412.00	f
299.050973	490.00	ff
299.57607	710.00	fl
299.57649	278.00	fr
299.786086	412.00	f
300.057404	490.00	ff
300.594643	710.00	fl
300.595149	278.00	fr
300.818326	412.00	f
301.051325	490.00	ff
301.576453	710.00	fl
301.576941	278.00	fr
301.786856	412.00	f
