0.65149	1600.00	f
0.652111	397.00	fl
0.652404	455.00	fr
0.906867	1636.00	ff
1.335805	1658.00	fl
1.337059	1650.00	fr
1.625177	1600.00	f
1.93659	1636.00	ff
2.371895	1629.00	fl
2.372343	1650.00	fr
2.635403	1600.00	f
2.912468	1528.00	ff
3.338354	1614.00	fl
3.338831	1646.00	fr
3.628234	1400.00	f
3.917936	1457.00	ff
4.348159	1600.00	fl
4.348637	1644.00	fr
4.637908	1200.00	f
4.912532	1375.00	ff
5.359264	1600.00	fl
5.359719	1629.00	fr
5.649179	1034.00	f
5.924685	1311.00	ff
6.364761	1600.00	fl
6.365822	1629.00	fr
6.659683	804.00	f
6.953482	1078.00	ff
7.355423	1600.00	fl
7.355834	1629.00	fr
7.666903	804.00	f
7.917167	987.00	ff
8.346558	1600.00	fl
8.347035	1629.00	fr
8.635812	804.00	f
8.925402	898.00	ff
9.381824	1600.00	fl
9.382314	1629.00	fr
9.636611	626.00	f
9.917073	780.00	ff
10.346638	1600.00	fl
10.355128	1600.00	fr
10.636161	626.00	f
10.917203	740.00	ff
11.355672	1600.00	fl
11.356148	1600.00	fr
11.636183	626.00	f
11.926178	740.00	ff
12.355695	1600.00	fl
12.35617	1600.00	fr
12.674036	626.00	f
12.918996	633.00	ff
13.356824	1600.00	fl
13.3573	1600.00	fr
13.637427	626.00	f
13.926797	633.00	ff
14.356655	1600.00	fl
14.357155	1600.00	fr
14.645829	615.00	f
14.917998	633.00	ff
15.34839	1600.00	fl
15.348885	1600.00	fr
15.63752	615.00	f
15.927033	633.00	ff
16.3572	1600.00	fl
16.357694	1600.00	fr
16.646618	615.00	f
16.919977	633.00	ff
17.367175	1600.00	fl
17.367676	1600.00	fr
17.656689	604.00	f
17.929233	633.00	ff
18.359165	1600.00	fl
18.359664	1600.00	fr
18.648651	545.00	f
18.938229	633.00	ff
19.367689	1600.00	fl
19.368172	1600.00	fr
19.657064	533.00	f
19.929777	633.00	ff
20.360444	1600.00	fl
20.360934	1600.00	fr
20.65059	533.00	f
20.941023	633.00	ff
21.372176	1600.00	fl
21.372639	1600.00	fr
21.663127	440.00	f
21.953864	633.00	ff
22.355923	1600.00	fl
22.393621	1600.00	fr
22.655894	440.00	f
22.936883	633.00	ff
23.36687	1600.00	fl
23.367361	1600.00	fr
23.65616	440.00	f
23.936611	633.00	ff
24.404168	1600.00	fl
24.404667	1600.00	fr
24.656979	440.00	f
24.930048	633.00	ff
25.368048	1600.00	fl
25.368541	1573.00	fr
25.649402	418.00	f
25.939506	633.00	ff
26.369832	1600.00	fl
26.370327	1350.00	fr
26.659854	418.00	f
26.94141	633.00	ff
27.381611	1600.00	fl
27.382651	1350.00	fr
27.645552	418.00	f
27.935221	633.00	ff
28.365136	1600.00	fl
28.365574	1225.00	fr
28.681046	418.00	f
28.945689	633.00	ff
29.403971	1600.00	fl
29.404486	1225.00	fr
29.665482	418.00	f
29.93735	633.00	ff
30.366933	1590.00	fl
30.36746	1015.00	fr
30.656026	418.00	f
30.945825	633.00	ff
31.37543	1586.00	fl
31.375858	466.00	fr
31.692148	418.00	f
31.93828	633.00	ff
32.368007	1579.00	fl
32.368501	465.00	fr
32.657302	418.00	f
32.94696	633.00	ff
33.377091	1579.00	fl
33.377601	424.00	fr
33.666496	418.00	f
33.939518	633.00	ff
34.370357	1535.00	fl
34.385013	424.00	fr
34.668765	381.00	f
34.950041	633.00	ff
35.379257	1478.00	fl
35.379723	424.00	fr
35.668002	381.00	f
35.949934	633.00	ff
36.387859	1228.00	fl
36.388329	424.00	fr
36.668347	381.00	f
36.950112	633.00	ff
37.379753	1112.00	fl
37.380233	424.00	fr
37.668901	349.00	f
37.951483	633.00	ff
38.390253	775.00	fl
38.390732	424.00	fr
38.672221	349.00	f
38.961909	633.00	ff
39.397914	720.00	fl
39.398408	424.00	fr
39.692973	314.00	f
39.946924	633.00	ff
40.376707	720.00	fl
40.377201	424.00	fr
40.665528	314.00	f
40.955132	633.00	ff
41.40587	372.00	fl
41.406357	424.00	fr
41.699137	314.00	f
41.948565	633.00	ff
42.378318	372.00	fl
42.37879	424.00	fr
42.667485	295.00	f
42.957246	633.00	ff
43.386909	372.00	fl
43.387435	424.00	fr
43.676115	282.00	f
43.948681	633.00	ff
44.3795	372.00	fl
44.379955	424.00	fr
44.668838	264.00	f
44.958561	633.00	ff
45.388273	372.00	fl
45.38878	424.00	fr
45.677374	264.00	f
45.951323	633.00	ff
46.381016	372.00	fl
46.395032	424.00	fr
46.686724	264.00	f
46.959259	633.00	ff
47.38841	372.00	fl
47.388893	424.00	fr
47.677229	264.00	f
47.966908	633.00	ff
48.396369	372.00	fl
48.397475	424.00	fr
48.685576	264.00	f
48.957471	633.00	ff
49.386873	372.00	fl
49.387384	424.00	fr
49.675839	264.00	f
49.965411	633.00	ff
50.42479	372.00	fl
50.425278	424.00	fr
50.685452	264.00	f
50.957479	633.00	ff
51.3874	372.00	fl
51.405004	424.00	fr
51.685337	264.00	f
51.956815	633.00	ff
52.395231	372.00	fl
52.395637	424.00	fr
52.703908	264.00	f
52.965567	633.00	ff
53.421967	372.00	fl
53.423249	424.00	fr
53.685279	264.00	f
53.956395	633.00	ff
54.423244	372.00	fl
54.423739	424.00	fr
54.676396	264.00	f
54.965895	633.00	ff
55.395545	372.00	fl
55.395974	424.00	fr
55.71118	264.00	f
55.95818	633.00	ff
56.396709	372.00	fl
56.397203	424.00	fr
56.677649	264.00	f
56.968351	633.00	ff
57.399315	372.00	fl
57.399825	424.00	fr
57.687271	264.00	f
57.960276	633.00	ff
58.406761	372.00	fl
58.407273	424.00	fr
58.695959	264.00	f
58.96787	633.00	ff
59.39755	372.00	fl
59.398008	424.00	fr
59.686915	264.00	f
59.977609	633.00	ff
60.405866	372.00	fl
60.40633	424.00	fr
60.695274	264.00	f
60.966963	633.00	ff
61.396899	372.00	fl
61.397377	424.00	fr
61.686123	264.00	f
61.975725	633.00	ff
62.405462	372.00	fl
62.405901	424.00	fr
62.724474	264.00	f
62.969962	633.00	ff
63.399888	372.00	fl
63.415017	424.00	fr
63.697884	264.00	f
63.978903	633.00	ff
64.409142	372.00	fl
64.409627	424.00	fr
64.698823	264.00	f
64.980903	633.00	ff
65.419514	372.00	fl
65.419999	424.00	fr
65.701723	264.00	f
65.98669	633.00	ff
66.427553	372.00	fl
66.428041	424.00	fr
66.721926	264.00	f
66.976785	633.00	ff
67.445198	372.00	fl
67.445693	424.00	fr
67.69726	264.00	f
67.978346	633.00	ff
68.408947	372.00	fl
68.415135	424.00	fr
68.691379	264.00	f
68.981257	633.00	ff
69.411611	372.00	fl
69.412108	424.00	fr
69.701855	264.00	f
69.985336	633.00	ff
70.423964	372.00	fl
70.424472	424.00	fr
70.720283	264.00	f
70.976594	633.00	ff
71.405882	372.00	fl
71.406349	424.00	fr
71.695315	264.00	f
71.985041	633.00	ff
72.442329	372.00	fl
72.443179	424.00	fr
72.705902	264.00	f
72.978234	633.00	ff
73.408609	372.00	fl
73.425011	424.00	fr
73.698517	264.00	f
73.988308	633.00	ff
74.418485	372.00	fl
74.419566	424.00	fr
74.708226	264.00	f
74.981584	633.00	ff
75.411904	372.00	fl
75.424985	424.00	fr
75.717859	264.00	f
75.991087	633.00	ff
76.421897	372.00	fl
76.422368	424.00	fr
76.712583	264.00	f
77.003569	633.00	ff
77.438058	372.00	fl
77.438551	424.00	fr
77.735282	264.00	f
77.986726	633.00	ff
78.416303	372.00	fl
78.459272	424.00	fr
78.707931	264.00	f
78.997453	633.00	ff
79.427695	372.00	fl
79.42878	424.00	fr
79.709799	264.00	f
79.991735	633.00	ff
80.422669	372.00	fl
80.424957	424.00	fr
80.713482	264.00	f
81.003619	633.00	ff
81.43915	372.00	fl
81.439613	424.00	fr
81.705269	264.00	f
81.985196	633.00	ff
82.442137	372.00	fl
82.442626	424.00	fr
82.737122	264.00	f
82.987485	633.00	ff
83.425713	372.00	fl
83.426147	424.00	fr
83.706018	264.00	f
83.995605	633.00	ff
84.425263	372.00	fl
84.425658	424.00	fr
84.740377	264.00	f
84.987811	633.00	ff
85.418003	372.00	fl
85.435012	424.00	fr
85.707562	264.00	f
85.996621	633.00	ff
86.426027	372.00	fl
86.42649	424.00	fr
86.715489	264.00	f
86.987208	633.00	ff
87.458658	372.00	fl
87.459148	424.00	fr
87.752889	264.00	f
87.997957	633.00	ff
88.42738	372.00	fl
88.427866	424.00	fr
88.716867	264.00	f
89.006161	633.00	ff
89.435597	372.00	fl
89.436065	424.00	fr
89.725186	264.00	f
89.996411	633.00	ff
90.426299	372.00	fl
90.469892	424.00	fr
90.717947	264.00	f
91.007694	633.00	ff
91.437404	372.00	fl
91.437893	424.00	fr
91.72671	264.00	f
91.99904	633.00	ff
92.428727	372.00	fl
92.445037	424.00	fr
92.726426	264.00	f
93.006679	633.00	ff
93.436001	372.00	fl
93.436489	424.00	fr
93.725336	264.00	f
94.0056	633.00	ff
94.435392	372.00	fl
94.465266	424.00	fr
94.725827	264.00	f
94.997739	633.00	ff
95.436026	372.00	fl
95.437076	424.00	fr
95.716498	264.00	f
96.005922	633.00	ff
96.435761	372.00	fl
96.436233	424.00	fr
96.72541	264.00	f
96.997026	633.00	ff
97.435618	372.00	fl
97.469765	424.00	fr
97.718507	264.00	f
98.006792	633.00	ff
98.436321	372.00	fl
98.436804	424.00	fr
98.725618	264.00	f
99.01513	633.00	ff
99.426807	372.00	fl
99.470994	424.00	fr
99.735337	264.00	f
100.006356	633.00	ff
100.435952	372.00	fl
100.437018	424.00	fr
100.725506	264.00	f
101.015178	633.00	ff
101.470384	372.00	fl
101.47087	424.00	fr
101.735359	264.00	f
102.00734	633.00	ff
102.437578	372.00	fl
102.455042	424.00	fr
102.72678	264.00	f
103.015944	633.00	ff
103.445327	372.00	fl
103.445747	424.00	fr
103.757952	264.00	f
104.007222	633.00	ff
104.436568	372.00	fl
104.481365	424.00	fr
104.736672	264.00	f
105.017067	633.00	ff
105.446829	372.00	fl
105.448117	424.00	fr
105.736117	264.00	f
106.016773	633.00	ff
106.45567	372.00	fl
106.456119	424.00	fr
106.735902	264.00	f
107.016445	633.00	ff
107.446368	372.00	fl
107.454968	424.00	fr
107.735927	264.00	f
108.016214	633.00	ff
108.483087	372.00	fl
108.483585	424.00	fr
108.736473	264.00	f
109.016793	633.00	ff
109.446389	372.00	fl
109.454947	424.00	fr
109.769805	264.00	f
110.017677	633.00	ff
110.448018	372.00	fl
110.449096	424.00	fr
110.7373	264.00	f
111.026924	633.00	ff
111.456868	372.00	fl
111.457338	424.00	fr
111.746323	264.00	f
112.019015	633.00	ff
112.449572	372.00	fl
112.465085	424.00	fr
112.739899	264.00	f
113.030509	633.00	ff
113.461674	372.00	fl
113.462121	424.00	fr
113.752422	264.00	f
114.038895	633.00	ff
114.474153	372.00	fl
114.474785	424.00	fr
114.735475	264.00	f
115.0541	633.00	ff
115.456002	372.00	fl
115.457046	424.00	fr
115.745127	264.00	f
116.016459	633.00	ff
116.487133	372.00	fl
116.487598	424.00	fr
116.783717	264.00	f
117.029011	633.00	ff
117.459253	372.00	fl
117.459738	424.00	fr
117.748986	264.00	f
118.03912	633.00	ff
118.46981	372.00	fl
118.470276	424.00	fr
118.759573	264.00	f
119.038584	633.00	ff
119.476641	372.00	fl
119.477133	424.00	fr
119.768953	264.00	f
120.026063	633.00	ff
120.486396	372.00	fl
120.487488	424.00	fr
120.745744	264.00	f
121.026165	633.00	ff
121.455896	372.00	fl
121.493942	424.00	fr
121.755521	264.00	f
122.027167	633.00	ff
122.465603	372.00	fl
122.466064	424.00	fr
122.745896	264.00	f
123.035867	633.00	ff
123.465291	372.00	fl
123.465697	424.00	fr
123.779024	264.00	f
124.027796	633.00	ff
124.46631	372.00	fl
124.475009	424.00	fr
124.746874	264.00	f
125.037064	633.00	ff
125.466607	372.00	fl
125.467181	424.00	fr
125.75563	264.00	f
126.02712	633.00	ff
126.456917	372.00	fl
126.502455	424.00	fr
126.747476	264.00	f
127.037038	633.00	ff
127.466343	372.00	fl
127.466831	424.00	fr
127.755582	264.00	f
128.027407	633.00	ff
128.503328	372.00	fl
128.503828	424.00	fr
128.765503	264.00	f
129.03747	633.00	ff
129.46815	372.00	fl
129.4687	424.00	fr
129.756447	264.00	f
130.045864	633.00	ff
130.476485	372.00	fl
130.476952	424.00	fr
130.793235	264.00	f
131.038853	633.00	ff
131.467761	372.00	fl
131.484992	424.00	fr
131.757086	264.00	f
132.046922	633.00	ff
132.476396	372.00	fl
132.476913	424.00	fr
132.765613	264.00	f
133.037585	633.00	ff
133.467224	372.00	fl
133.485019	424.00	fr
133.765522	264.00	f
134.045781	633.00	ff
134.475318	372.00	fl
134.475731	424.00	fr
134.79	264.00	f
135.046504	633.00	ff
135.514089	372.00	fl
135.514579	424.00	fr
135.767057	264.00	f
136.048263	633.00	ff
136.478804	372.00	fl
136.484972	424.00	fr
136.760227	264.00	f
137.050515	633.00	ff
137.480122	372.00	fl
137.480612	424.00	fr
137.769877	264.00	f
138.046247	633.00	ff
138.484115	372.00	fl
138.48479	424.00	fr
138.777131	264.00	f
139.074502	633.00	ff
139.475787	372.00	fl
139.476262	424.00	fr
139.765172	264.00	f
140.080116	633.00	ff
140.485848	372.00	fl
140.486312	424.00	fr
140.775277	264.00	f
141.047311	633.00	ff
141.477681	372.00	fl
141.478724	424.00	fr
141.767598	264.00	f
142.057743	633.00	ff
142.487361	372.00	fl
142.487847	424.00	fr
142.776797	264.00	f
143.049838	633.00	ff
143.479527	372.00	fl
143.495051	424.00	fr
143.769127	264.00	f
144.058614	633.00	ff
144.488225	372.00	fl
144.488711	424.00	fr
144.777522	264.00	f
145.050936	633.00	ff
145.481681	372.00	fl
145.494981	424.00	fr
145.788167	264.00	f
146.062221	633.00	ff
146.493483	372.00	fl
146.494632	424.00	fr
146.788118	264.00	f
147.089725	633.00	ff
147.495636	372.00	fl
147.496078	424.00	fr
147.813366	264.00	f
148.058031	633.00	ff
148.487419	372.00	fl
148.49499	424.00	fr
148.776856	264.00	f
149.057188	633.00	ff
149.495504	372.00	fl
149.495927	424.00	fr
149.775615	264.00	f
150.055845	633.00	ff
150.485349	372.00	fl
150.519146	424.00	fr
150.77629	264.00	f
151.057011	633.00	ff
151.495563	372.00	fl
151.49663	424.00	fr
151.775836	264.00	f
152.065607	633.00	ff
152.495331	372.00	fl
152.495774	424.00	fr
152.812573	264.00	f
153.058276	633.00	ff
153.496455	372.00	fl
153.504979	424.00	fr
153.777031	264.00	f
154.065995	633.00	ff
154.49539	372.00	fl
154.495789	424.00	fr
154.807456	264.00	f
155.05744	633.00	ff
155.486653	372.00	fl
155.532572	424.00	fr
155.778234	264.00	f
156.067743	633.00	ff
156.497824	372.00	fl
156.499062	424.00	fr
156.787733	264.00	f
157.061594	633.00	ff
157.50818	372.00	fl
157.508673	424.00	fr
157.797672	264.00	f
158.071391	633.00	ff
158.502873	372.00	fl
158.515043	424.00	fr
158.794113	264.00	f
159.090296	633.00	ff
159.523756	372.00	fl
159.524244	424.00	fr
159.816517	264.00	f
160.067024	633.00	ff
160.496357	372.00	fl
160.540333	424.00	fr
160.787619	264.00	f
161.076925	633.00	ff
161.506414	372.00	fl
161.507554	424.00	fr
161.795798	264.00	f
162.068091	633.00	ff
162.498162	372.00	fl
162.515019	424.00	fr
162.787437	264.00	f
163.076999	633.00	ff
163.506659	372.00	fl
163.507184	424.00	fr
163.796006	264.00	f
164.076427	633.00	ff
164.506445	372.00	fl
164.506931	424.00	fr
164.795768	264.00	f
165.067566	633.00	ff
165.506015	372.00	fl
165.515027	424.00	fr
165.786247	264.00	f
166.075596	633.00	ff
166.533941	372.00	fl
166.535133	424.00	fr
166.795884	264.00	f
167.067929	633.00	ff
167.506515	372.00	fl
167.514983	424.00	fr
167.787429	264.00	f
168.077002	633.00	ff
168.506665	372.00	fl
168.507184	424.00	fr
168.795994	264.00	f
169.085519	633.00	ff
169.515384	372.00	fl
169.515788	424.00	fr
169.832555	264.00	f
170.078146	633.00	ff
170.508373	372.00	fl
170.525049	424.00	fr
170.798398	264.00	f
171.086775	633.00	ff
171.516421	372.00	fl
171.516907	424.00	fr
171.805481	264.00	f
172.076951	633.00	ff
172.506661	372.00	fl
172.552647	424.00	fr
172.79787	264.00	f
173.087473	633.00	ff
173.517128	372.00	fl
173.517623	424.00	fr
173.806364	264.00	f
174.078929	633.00	ff
174.509531	372.00	fl
174.525011	424.00	fr
174.807799	264.00	f
175.089169	633.00	ff
175.519656	372.00	fl
175.520143	424.00	fr
175.809707	264.00	f
176.092641	633.00	ff
176.530798	372.00	fl
176.531437	424.00	fr
176.812736	264.00	f
177.108146	633.00	ff
177.543908	372.00	fl
177.544379	424.00	fr
177.805539	264.00	f
178.08581	633.00	ff
178.548718	372.00	fl
178.549214	424.00	fr
178.806081	264.00	f
179.087134	633.00	ff
179.516945	372.00	fl
179.525093	424.00	fr
179.798143	264.00	f
180.087909	633.00	ff
180.518331	372.00	fl
180.518823	424.00	fr
180.807904	264.00	f
181.09776	633.00	ff
181.527481	372.00	fl
181.527975	424.00	fr
181.816862	264.00	f
182.089914	633.00	ff
182.519672	372.00	fl
182.535051	424.00	fr
182.80909	264.00	f
183.099752	633.00	ff
183.529497	372.00	fl
183.529977	424.00	fr
183.819064	264.00	f
184.093778	633.00	ff
184.528887	372.00	fl
184.535052	424.00	fr
184.824126	264.00	f
185.120199	633.00	ff
185.525442	372.00	fl
185.525867	424.00	fr
185.84056	264.00	f
186.088527	633.00	ff
186.535507	372.00	fl
186.535933	424.00	fr
186.848857	264.00	f
187.09779	633.00	ff
187.527841	372.00	fl
187.528323	424.00	fr
187.817078	264.00	f
188.106046	633.00	ff
188.53546	372.00	fl
188.535902	424.00	fr
188.848586	264.00	f
189.097355	633.00	ff
189.526805	372.00	fl
189.535233	424.00	fr
189.816097	264.00	f
190.096509	633.00	ff
190.562916	372.00	fl
190.563427	424.00	fr
190.816432	264.00	f
191.097202	633.00	ff
191.535763	372.00	fl
191.536232	424.00	fr
191.855989	264.00	f
192.099539	633.00	ff
192.537479	372.00	fl
192.537967	424.00	fr
192.818633	264.00	f
193.109229	633.00	ff
193.538638	372.00	fl
193.539113	424.00	fr
193.827561	264.00	f
194.100475	633.00	ff
194.531114	372.00	fl
194.545032	424.00	fr
194.820349	264.00	f
195.110556	633.00	ff
195.540556	372.00	fl
195.541061	424.00	fr
195.830471	264.00	f
196.110326	633.00	ff
196.553859	372.00	fl
196.554325	424.00	fr
196.843961	264.00	f
197.105599	633.00	ff
197.563725	372.00	fl
197.564381	424.00	fr
197.825613	264.00	f
198.144773	633.00	ff
198.54622	372.00	fl
198.546708	424.00	fr
198.835524	264.00	f
199.106903	633.00	ff
199.536435	372.00	fl
199.536924	424.00	fr
199.825256	264.00	f
200.137885	633.00	ff
200.545632	372.00	fl
200.54607	424.00	fr
200.860734	264.00	f
201.107742	633.00	ff
201.536779	372.00	fl
201.555102	424.00	fr
201.825983	264.00	f
202.115404	633.00	ff
202.572149	372.00	fl
202.572653	424.00	fr
202.835284	264.00	f
203.106694	633.00	ff
203.576636	372.00	fl
203.578192	424.00	fr
203.835921	264.00	f
204.116193	633.00	ff
204.545903	372.00	fl
204.546381	424.00	fr
204.826251	264.00	f
205.115674	633.00	ff
205.574706	372.00	fl
205.575242	424.00	fr
205.835615	264.00	f
206.107107	633.00	ff
206.545534	372.00	fl
206.581458	424.00	fr
206.827567	264.00	f
207.117371	633.00	ff
207.547215	372.00	fl
207.547704	424.00	fr
207.836764	264.00	f
208.109718	633.00	ff
208.556661	372.00	fl
208.557113	424.00	fr
208.829904	264.00	f
209.120423	633.00	ff
209.551199	372.00	fl
209.551674	424.00	fr
209.841934	264.00	f
210.132702	633.00	ff
210.563702	372.00	fl
210.564183	424.00	fr
210.856116	264.00	f
211.116744	633.00	ff
211.571024	372.00	fl
211.571519	424.00	fr
211.835514	264.00	f
212.150393	633.00	ff
212.555466	372.00	fl
212.555891	424.00	fr
212.871286	264.00	f
213.118018	633.00	ff
213.565182	372.00	fl
213.565595	424.00	fr
213.836449	264.00	f
214.125991	633.00	ff
214.555595	372.00	fl
214.556059	424.00	fr
214.845161	264.00	f
215.161038	633.00	ff
215.565476	372.00	fl
215.565906	424.00	fr
215.855186	264.00	f
216.126295	633.00	ff
216.55592	372.00	fl
216.55639	424.00	fr
216.845312	264.00	f
217.125707	633.00	ff
217.584251	372.00	fl
217.584736	424.00	fr
217.845742	264.00	f
218.125954	633.00	ff
218.555731	372.00	fl
218.591175	424.00	fr
218.846568	264.00	f
219.12691	633.00	ff
219.565401	372.00	fl
219.565817	424.00	fr
219.845855	264.00	f
220.126273	633.00	ff
220.59353	372.00	fl
220.594013	424.00	fr
220.855927	264.00	f
221.12806	633.00	ff
221.558514	372.00	fl
221.559019	424.00	fr
221.848268	264.00	f
222.137333	633.00	ff
222.566575	372.00	fl
222.56706	424.00	fr
222.85596	264.00	f
223.127643	633.00	ff
223.557325	372.00	fl
223.575049	424.00	fr
223.846482	264.00	f
224.135853	633.00	ff
224.565259	372.00	fl
224.566229	424.00	fr
224.881671	264.00	f
225.128303	633.00	ff
225.57562	372.00	fl
225.576064	424.00	fr
225.847586	264.00	f
226.137137	633.00	ff
226.566875	372.00	fl
226.567379	424.00	fr
226.856625	264.00	f
227.14632	633.00	ff
227.575664	372.00	fl
227.576122	424.00	fr
227.865076	264.00	f
228.136299	633.00	ff
228.565662	372.00	fl
228.602519	424.00	fr
228.856675	264.00	f
229.145739	633.00	ff
229.575391	372.00	fl
229.576425	424.00	fr
229.891367	264.00	f
230.137885	633.00	ff
230.567427	372.00	fl
230.585026	424.00	fr
230.857542	264.00	f
231.147022	633.00	ff
231.576955	372.00	fl
231.577439	424.00	fr
231.866772	264.00	f
232.139639	633.00	ff
232.586758	372.00	fl
232.58725	424.00	fr
232.867813	264.00	f
233.141386	633.00	ff
233.579317	372.00	fl
233.579792	424.00	fr
233.861432	264.00	f
234.151223	633.00	ff
234.581155	372.00	fl
234.581793	424.00	fr
234.871803	264.00	f
235.156236	633.00	ff
235.598771	372.00	fl
235.599291	424.00	fr
235.856335	264.00	f
236.145666	633.00	ff
236.575296	372.00	fl
236.575703	424.00	fr
236.865072	264.00	f
237.136643	633.00	ff
237.607327	372.00	fl
237.607815	424.00	fr
237.875345	264.00	f
238.146845	633.00	ff
238.576696	372.00	fl
238.577179	424.00	fr
238.866051	264.00	f
239.155232	633.00	ff
239.608008	372.00	fl
239.609092	424.00	fr
239.875333	264.00	f
240.146995	633.00	ff
240.576776	372.00	fl
240.622948	424.00	fr
240.86841	264.00	f
241.157593	633.00	ff
241.586759	372.00	fl
241.587263	424.00	fr
241.876412	264.00	f
242.148966	633.00	ff
242.596318	372.00	fl
242.596804	424.00	fr
242.869385	264.00	f
243.159523	290.00	ff
243.590087	372.00	fl
243.590564	424.00	fr
243.88163	264.00	f
244.161628	290.00	ff
244.602283	372.00	fl
244.602779	424.00	fr
244.88809	264.00	f
245.183047	290.00	ff
245.585307	372.00	fl
245.616309	424.00	fr
245.876061	264.00	f
246.156747	290.00	ff
246.624526	372.00	fl
246.625044	424.00	fr
246.877126	264.00	f
247.158191	290.00	ff
247.587725	372.00	fl
247.595063	424.00	fr
247.877391	264.00	f
248.158674	290.00	ff
248.597064	372.00	fl
248.597566	424.00	fr
248.878201	264.00	f
249.160094	290.00	ff
249.598622	372.00	fl
249.599125	424.00	fr
249.887951	264.00	f
250.161064	290.00	ff
250.590813	372.00	fl
250.59131	424.00	fr
250.880484	264.00	f
251.170481	290.00	ff
251.600161	372.00	fl
251.600654	424.00	fr
251.890629	264.00	f
252.171474	290.00	ff
252.608374	372.00	fl
252.608983	424.00	fr
252.875308	264.00	f
253.193005	290.00	ff
253.595918	372.00	fl
253.596375	424.00	fr
253.885306	264.00	f
254.157011	290.00	ff
254.632584	372.00	fl
254.633061	424.00	fr
254.878351	264.00	f
255.167873	290.00	ff
255.597482	372.00	fl
255.597987	424.00	fr
255.886848	264.00	f
256.159509	290.00	ff
256.605899	372.00	fl
256.606345	424.00	fr
256.895358	264.00	f
257.166583	290.00	ff
257.596039	372.00	fl
257.637071	424.00	fr
257.887148	264.00	f
258.176332	290.00	ff
258.605857	372.00	fl
258.606325	424.00	fr
258.895277	264.00	f
259.166827	290.00	ff
259.605711	372.00	fl
259.606155	424.00	fr
259.885763	264.00	f
260.16646	290.00	ff
260.605237	372.00	fl
260.606287	424.00	fr
260.885715	264.00	f
261.166325	290.00	ff
261.630049	372.00	fl
261.630507	424.00	fr
261.895303	264.00	f
262.166662	290.00	ff
262.605257	372.00	fl
262.605659	424.00	fr
262.8855	264.00	f
263.203766	290.00	ff
263.606029	372.00	fl
263.606512	424.00	fr
263.895558	264.00	f
264.167312	290.00	ff
264.597235	372.00	fl
264.615003	424.00	fr
264.886874	264.00	f
265.176453	290.00	ff
265.606426	372.00	fl
265.60755	424.00	fr
265.89609	264.00	f
266.168848	290.00	ff
266.616316	372.00	fl
266.616803	424.00	fr
266.889041	264.00	f
267.178895	290.00	ff
267.608409	372.00	fl
267.608903	424.00	fr
267.89793	264.00	f
268.171723	290.00	ff
268.617888	372.00	fl
268.618378	424.00	fr
268.907776	264.00	f
269.180376	290.00	ff
269.610376	372.00	fl
269.625057	424.00	fr
269.900802	264.00	f
270.19122	290.00	ff
270.622346	372.00	fl
270.622856	424.00	fr
270.913732	264.00	f
271.202877	290.00	ff
271.641906	372.00	fl
271.642378	424.00	fr
271.896614	264.00	f
272.186268	290.00	ff
272.616092	372.00	fl
272.616592	424.00	fr
272.905791	264.00	f
273.17675	290.00	ff
273.643159	372.00	fl
273.643645	424.00	fr
273.905684	264.00	f
274.185954	290.00	ff
274.615332	372.00	fl
274.615734	424.00	fr
274.895779	264.00	f
275.185264	290.00	ff
275.638805	372.00	fl
275.639889	424.00	fr
275.905366	264.00	f
276.177194	290.00	ff
276.615785	372.00	fl
276.652638	424.00	fr
276.898422	264.00	f
277.188162	290.00	ff
277.617958	372.00	fl
277.618435	424.00	fr
277.907411	264.00	f
278.181304	290.00	ff
278.627053	372.00	fl
278.627564	424.00	fr
278.916531	264.00	f
279.188787	290.00	ff
279.617929	372.00	fl
279.618415	424.00	fr
279.907203	264.00	f
280.196278	290.00	ff
280.625681	372.00	fl
280.626138	424.00	fr
280.915197	264.00	f
281.186506	290.00	ff
281.616161	372.00	fl
281.655943	424.00	fr
281.908758	264.00	f
282.19813	290.00	ff
282.627727	372.00	fl
282.628197	424.00	fr
282.917869	264.00	f
283.19266	290.00	ff
283.638464	372.00	fl
283.638938	424.00	fr
283.913272	264.00	f
284.204941	290.00	ff
284.639003	372.00	fl
284.639513	424.00	fr
284.936154	264.00	f
285.196041	290.00	ff
285.659019	372.00	fl
285.659533	424.00	fr
285.916477	264.00	f
286.196782	290.00	ff
286.626357	372.00	fl
286.635027	424.00	fr
286.91631	264.00	f
287.196899	290.00	ff
287.635285	372.00	fl
287.635693	424.00	fr
287.91583	264.00	f
288.196334	290.00	ff
288.663973	372.00	fl
288.66445	424.00	fr
288.917405	264.00	f
289.198229	290.00	ff
289.628261	372.00	fl
289.628744	424.00	fr
289.917532	264.00	f
290.190383	290.00	ff
290.636684	372.00	fl
290.637175	424.00	fr
290.926183	264.00	f
291.198049	290.00	ff
291.627654	372.00	fl
291.628749	424.00	fr
291.917601	264.00	f
292.206845	290.00	ff
292.636232	372.00	fl
292.636716	424.00	fr
292.925819	264.00	f
293.197934	290.00	ff
293.627625	372.00	fl
293.645018	424.00	fr
293.917548	264.00	f
294.206932	290.00	ff
294.636433	372.00	fl
294.636953	424.00	fr
294.926409	264.00	f
295.199243	290.00	ff
295.6457	372.00	fl
295.646176	424.00	fr
295.918691	264.00	f
296.206679	290.00	ff
296.636127	372.00	fl
296.63724	424.00	fr
296.925966	264.00	f
297.215293	290.00	ff
297.667619	372.00	fl
297.668087	424.00	fr
297.935239	264.00	f
298.206399	290.00	ff
298.635993	372.00	fl
298.675768	424.00	fr
298.927047	264.00	f
299.216427	290.00	ff
299.645829	372.00	fl
299.646294	424.00	fr
299.935486	264.00	f
300.206915	290.00	ff
300.680533	372.00	fl
300.681028	424.00	fr
300.928688	264.00	f
301.209917	290.00	ff
301.647419	372.00	fl
301.648504	424.00	fr
