0.077575	454.00	ff
0.635277	298.00	fl
0.635737	1325.00	fr
0.791034	1629.00	f
1.082175	1646.00	ff
1.236143	1602.00	fr
1.237538	1656.00	fl
1.812276	1629.00	f
2.065105	1646.00	ff
2.223459	1405.00	fr
2.223842	1656.00	fl
2.783524	1602.00	f
3.099518	1431.00	ff
3.223542	755.00	fr
3.223941	1644.00	fl
3.793449	1596.00	f
4.06522	972.00	ff
4.223728	710.00	fr
4.224143	1639.00	fl
4.784289	1464.00	f
5.074183	972.00	ff
5.223629	470.00	fr
5.224032	1627.00	fl
5.822586	1225.00	f
6.067279	972.00	ff
6.22498	470.00	fr
6.225476	1596.00	fl
6.786319	1175.00	f
7.076216	972.00	ff
7.23425	470.00	fr
7.234736	1563.00	fl
7.794196	961.00	f
8.083655	972.00	ff
8.223671	470.00	fr
8.224094	1375.00	fl
8.819872	961.00	f
9.074933	725.00	ff
9.261	470.00	fr
9.261507	1325.00	fl
9.794902	961.00	f
10.084468	685.00	ff
10.22502	470.00	fr
10.225535	1325.00	fl
10.803911	961.00	f
11.07637	545.00	ff
11.234673	470.00	fr
11.235159	1325.00	fl
11.79545	961.00	f
12.084873	477.00	ff
12.225185	470.00	fr
12.243318	1325.00	fl
12.803628	876.00	f
13.075122	424.00	ff
13.233733	470.00	fr
13.23416	1325.00	fl
13.828094	876.00	f
14.084524	424.00	ff
14.267856	470.00	fr
14.268332	1325.00	fl
14.804857	876.00	f
15.085818	235.00	ff
15.235369	470.00	fr
15.235874	1325.00	fl
15.805076	876.00	f
16.077471	235.00	ff
16.235923	470.00	fr
16.236422	1325.00	fl
16.797271	876.00	f
17.088111	235.00	ff
17.237069	470.00	fr
17.237613	1325.00	fl
17.806611	876.00	f
18.079704	235.00	ff
18.238004	470.00	fr
18.238472	1325.00	fl
18.79943	876.00	f
19.089411	235.00	ff
19.247471	470.00	fr
19.247962	1325.00	fl
19.808986	876.00	f
20.099821	235.00	ff
20.241097	470.00	fr
20.241575	1325.00	fl
20.819561	876.00	f
21.103552	235.00	ff
21.261959	470.00	fr
21.26246	1325.00	fl
21.803942	876.00	f
22.12316	235.00	ff
22.235204	470.00	fr
22.236362	1325.00	fl
22.814076	876.00	f
23.086296	235.00	ff
23.244552	470.00	fr
23.245055	1325.00	fl
23.804735	876.00	f
24.094105	235.00	ff
24.276087	470.00	fr
24.27654	1325.00	fl
24.814697	876.00	f
25.087161	235.00	ff
25.245341	470.00	fr
25.245835	1325.00	fl
25.823618	876.00	f
26.095057	235.00	ff
26.253704	470.00	fr
26.254112	1325.00	fl
26.81397	876.00	f
27.095311	235.00	ff
27.244729	470.00	fr
27.245852	1325.00	fl
27.814599	876.00	f
28.09525	235.00	ff
28.253957	470.00	fr
28.254424	1325.00	fl
28.814463	876.00	f
29.095101	235.00	ff
29.244762	470.00	fr
29.25323	1325.00	fl
29.81411	876.00	f
30.094338	235.00	ff
30.280077	470.00	fr
30.280577	1325.00	fl
30.823994	876.00	f
31.096139	235.00	ff
31.254474	470.00	fr
31.254966	1325.00	fl
31.815319	876.00	f
32.104811	235.00	ff
32.246228	470.00	fr
32.247273	1325.00	fl
32.824977	876.00	f
33.097622	235.00	ff
33.255997	470.00	fr
33.256476	1325.00	fl
33.818253	782.00	f
34.108413	235.00	ff
34.251893	470.00	fr
34.252393	1325.00	fl
34.829347	782.00	f
35.1105	235.00	ff
35.267524	470.00	fr
35.268035	1325.00	fl
35.81348	782.00	f
36.126494	235.00	ff
36.285742	470.00	fr
36.286217	1325.00	fl
36.824293	782.00	f
37.096031	235.00	ff
37.254228	470.00	fr
37.255313	1325.00	fl
37.860503	769.00	f
38.106179	235.00	ff
38.264281	470.00	fr
38.264738	1325.00	fl
38.825217	769.00	f
39.114672	235.00	ff
39.255459	470.00	fr
39.255946	1325.00	fl
39.834369	706.00	f
40.106447	235.00	ff
40.264537	470.00	fr
40.265027	1325.00	fl
40.825011	706.00	f
41.114275	235.00	ff
41.254864	470.00	fr
41.263469	1325.00	fl
41.824385	706.00	f
42.104567	235.00	ff
42.291053	470.00	fr
42.292144	1325.00	fl
42.83412	706.00	f
43.105991	235.00	ff
43.264049	470.00	fr
43.264537	1325.00	fl
43.824945	537.00	f
44.114539	235.00	ff
44.263869	470.00	fr
44.264328	1325.00	fl
44.834914	537.00	f
45.105887	235.00	ff
45.264384	470.00	fr
45.264884	1325.00	fl
45.82508	537.00	f
46.114538	235.00	ff
46.255138	470.00	fr
46.255643	1325.00	fl
46.863267	537.00	f
47.106738	235.00	ff
47.264659	470.00	fr
47.26516	1325.00	fl
47.825505	537.00	f
48.11511	235.00	ff
48.273454	470.00	fr
48.273853	1325.00	fl
48.833672	537.00	f
49.149992	235.00	ff
49.264663	470.00	fr
49.265149	1325.00	fl
49.843454	537.00	f
50.114993	235.00	ff
50.273616	470.00	fr
50.274073	1325.00	fl
50.834397	537.00	f
51.123983	235.00	ff
51.264802	470.00	fr
51.265287	1325.00	fl
51.871389	537.00	f
52.116416	235.00	ff
52.274283	470.00	fr
52.274768	1325.00	fl
52.834837	537.00	f
53.124174	235.00	ff
53.264434	470.00	fr
53.308111	1325.00	fl
53.844998	537.00	f
54.117824	235.00	ff
54.275784	470.00	fr
54.276283	1325.00	fl
54.845633	455.00	f
55.126798	235.00	ff
55.284936	470.00	fr
55.28542	1325.00	fl
55.846234	455.00	f
56.128277	235.00	ff
56.278099	470.00	fr
56.278588	1325.00	fl
56.849136	455.00	f
57.13096	235.00	ff
57.285428	470.00	fr
57.285908	1325.00	fl
57.858679	455.00	f
58.123596	235.00	ff
58.298743	470.00	fr
58.299261	1325.00	fl
58.843573	455.00	f
59.115038	235.00	ff
59.273487	470.00	fr
59.273929	1325.00	fl
59.833896	455.00	f
60.151645	235.00	ff
60.307565	470.00	fr
60.308056	1325.00	fl
60.845016	334.00	f
61.134545	235.00	ff
61.275216	470.00	fr
61.275713	1325.00	fl
61.854218	334.00	f
62.1263	235.00	ff
62.284544	470.00	fr
62.285033	1325.00	fl
62.845616	334.00	f
63.135047	235.00	ff
63.275732	470.00	fr
63.276239	1325.00	fl
63.854036	334.00	f
64.125455	235.00	ff
64.283845	470.00	fr
64.284283	1325.00	fl
64.844126	334.00	f
65.133768	235.00	ff
65.273917	470.00	fr
65.311723	1325.00	fl
65.854451	334.00	f
66.126748	235.00	ff
66.285391	470.00	fr
66.285885	1325.00	fl
66.86399	334.00	f
67.136191	235.00	ff
67.294616	470.00	fr
67.295117	1325.00	fl
67.856029	334.00	f
68.1458	235.00	ff
68.286774	470.00	fr
68.287261	1325.00	fl
68.85678	334.00	f
69.138591	235.00	ff
69.297421	470.00	fr
69.297928	1325.00	fl
69.857455	334.00	f
70.139529	235.00	ff
70.289602	470.00	fr
70.293283	1325.00	fl
70.861155	334.00	f
71.152403	235.00	ff
71.307485	470.00	fr
71.307994	1325.00	fl
71.85388	334.00	f
72.134355	235.00	ff
72.317709	470.00	fr
72.31821	1325.00	fl
72.854918	334.00	f
73.144345	235.00	ff
73.293751	470.00	fr
73.294188	1325.00	fl
73.863615	334.00	f
74.135597	235.00	ff
74.293904	470.00	fr
74.294955	1325.00	fl
74.854459	334.00	f
75.143958	235.00	ff
75.284037	470.00	fr
75.284518	1325.00	fl
75.884562	334.00	f
76.135381	235.00	ff
76.293477	470.00	fr
76.293876	1325.00	fl
76.8537	334.00	f
77.172299	235.00	ff
77.327757	470.00	fr
77.328266	1325.00	fl
77.864852	334.00	f
78.137147	235.00	ff
78.294959	470.00	fr
78.295456	1325.00	fl
78.87381	334.00	f
79.145225	235.00	ff
79.303536	470.00	fr
79.304636	1325.00	fl
79.864363	334.00	f
80.153488	235.00	ff
80.29359	470.00	fr
80.293989	1325.00	fl
80.886932	334.00	f
81.144168	235.00	ff
81.325897	470.00	fr
81.32639	1325.00	fl
81.864266	334.00	f
82.153467	235.00	ff
82.29355	470.00	fr
82.326382	1325.00	fl
82.873599	334.00	f
83.144776	235.00	ff
83.331387	470.00	fr
83.331885	1325.00	fl
83.865615	334.00	f
84.155213	235.00	ff
84.313531	470.00	fr
84.314566	1325.00	fl
84.874479	334.00	f
85.156064	235.00	ff
85.304664	470.00	fr
85.30515	1325.00	fl
85.875271	334.00	f
86.146213	235.00	ff
86.304346	470.00	fr
86.304907	1325.00	fl
86.864675	334.00	f
87.154632	235.00	ff
87.303863	470.00	fr
87.304307	1325.00	fl
87.873548	334.00	f
88.144649	235.00	ff
88.330696	470.00	fr
88.33119	1325.00	fl
88.865169	334.00	f
89.154719	235.00	ff
89.341909	470.00	fr
89.343042	1325.00	fl
89.875877	334.00	f
90.14938	235.00	ff
90.307404	470.00	fr
90.307893	1325.00	fl
90.886452	334.00	f
91.159978	235.00	ff
91.317921	470.00	fr
91.318411	1325.00	fl
91.880112	334.00	f
92.170001	235.00	ff
92.313111	470.00	fr
92.313614	1325.00	fl
92.895638	334.00	f
93.154167	235.00	ff
93.333148	470.00	fr
93.333645	1325.00	fl
93.874694	334.00	f
94.164185	235.00	ff
94.304542	470.00	fr
94.348615	1325.00	fl
94.885887	334.00	f
95.159335	235.00	ff
95.317464	470.00	fr
95.317959	1325.00	fl
95.888493	334.00	f
96.171213	235.00	ff
96.330126	470.00	fr
96.331113	1325.00	fl
96.900469	334.00	f
97.163629	235.00	ff
97.336708	470.00	fr
97.337194	1325.00	fl
97.883638	334.00	f
98.163732	235.00	ff
98.341323	470.00	fr
98.341816	1325.00	fl
98.884389	334.00	f
99.164958	235.00	ff
99.314329	470.00	fr
99.314823	1325.00	fl
99.884025	334.00	f
100.164774	235.00	ff
100.323506	470.00	fr
100.323918	1325.00	fl
100.893597	334.00	f
101.165267	235.00	ff
101.32381	470.00	fr
101.324274	1325.00	fl
101.884764	334.00	f
102.157908	235.00	ff
102.316022	470.00	fr
102.316521	1325.00	fl
102.894306	334.00	f
103.165915	235.00	ff
103.324204	470.00	fr
103.324684	1325.00	fl
103.884968	334.00	f
104.174169	235.00	ff
104.314277	470.00	fr
104.314764	1325.00	fl
104.922845	334.00	f
105.166568	235.00	ff
105.324628	470.00	fr
105.325951	1325.00	fl
105.885778	334.00	f
106.175041	235.00	ff
106.315556	470.00	fr
106.333255	1325.00	fl
106.894956	334.00	f
107.167521	235.00	ff
107.325494	470.00	fr
107.32596	1325.00	fl
107.904387	334.00	f
108.176548	235.00	ff
108.334437	470.00	fr
108.334936	1325.00	fl
108.895083	334.00	f
109.184182	235.00	ff
109.324583	470.00	fr
109.325081	1325.00	fl
109.931514	334.00	f
110.176262	235.00	ff
110.334221	470.00	fr
110.335309	1325.00	fl
110.895447	334.00	f
111.176361	235.00	ff
111.326073	470.00	fr
111.326563	1325.00	fl
111.896309	334.00	f
112.177397	235.00	ff
112.335226	470.00	fr
112.335764	1325.00	fl
112.90535	334.00	f
113.178575	235.00	ff
113.336202	470.00	fr
113.336688	1325.00	fl
113.89882	334.00	f
114.188051	235.00	ff
114.337495	470.00	fr
114.337992	1325.00	fl
114.907249	334.00	f
115.180915	235.00	ff
115.338718	470.00	fr
115.339768	1325.00	fl
115.902599	334.00	f
116.193864	235.00	ff
116.347655	470.00	fr
116.34812	1325.00	fl
116.93263	334.00	f
117.176528	235.00	ff
117.334462	470.00	fr
117.334916	1325.00	fl
117.895473	334.00	f
118.18493	235.00	ff
118.373026	470.00	fr
118.373534	1325.00	fl
118.906372	334.00	f
119.180422	235.00	ff
119.338193	470.00	fr
119.338686	1325.00	fl
119.91631	334.00	f
120.189814	235.00	ff
120.347402	470.00	fr
120.348489	1325.00	fl
120.909488	334.00	f
121.19929	235.00	ff
121.341732	470.00	fr
121.342203	1325.00	fl
121.921281	334.00	f
122.210045	235.00	ff
122.363284	470.00	fr
122.36377	1325.00	fl
122.904622	334.00	f
123.194003	235.00	ff
123.334206	470.00	fr
123.374748	1325.00	fl
123.914747	334.00	f
124.186875	235.00	ff
124.344835	470.00	fr
124.345343	1325.00	fl
124.915019	334.00	f
125.195965	235.00	ff
125.35392	470.00	fr
125.354995	1325.00	fl
125.914411	334.00	f
126.19477	235.00	ff
126.34429	470.00	fr
126.344775	1325.00	fl
126.913849	334.00	f
127.185369	235.00	ff
127.343665	470.00	fr
127.344075	1325.00	fl
127.903869	334.00	f
128.22212	235.00	ff
128.343709	470.00	fr
128.34415	1325.00	fl
128.913561	334.00	f
129.185214	235.00	ff
129.343654	470.00	fr
129.344082	1325.00	fl
129.904401	334.00	f
130.193982	235.00	ff
130.373402	470.00	fr
130.374542	1325.00	fl
130.915396	334.00	f
131.18806	235.00	ff
131.34569	470.00	fr
131.346151	1325.00	fl
131.924077	334.00	f
132.195933	235.00	ff
132.354237	470.00	fr
132.354714	1325.00	fl
132.914799	334.00	f
133.204256	235.00	ff
133.344374	470.00	fr
133.344867	1325.00	fl
133.952907	334.00	f
134.196869	235.00	ff
134.354864	470.00	fr
134.35535	1325.00	fl
134.916763	334.00	f
135.207276	235.00	ff
135.348501	470.00	fr
135.363339	1325.00	fl
135.927594	334.00	f
136.203488	235.00	ff
136.360909	470.00	fr
136.361413	1325.00	fl
136.931769	334.00	f
137.221542	235.00	ff
137.373437	470.00	fr
137.373917	1325.00	fl
137.949703	334.00	f
138.204657	235.00	ff
138.353857	470.00	fr
138.354302	1325.00	fl
138.923523	334.00	f
139.203752	235.00	ff
139.379004	470.00	fr
139.379489	1325.00	fl
139.924625	334.00	f
140.20517	235.00	ff
140.354574	470.00	fr
140.355066	1325.00	fl
140.925081	334.00	f
141.20649	235.00	ff
141.364629	470.00	fr
141.365129	1325.00	fl
141.926641	334.00	f
142.208514	235.00	ff
142.366185	470.00	fr
142.366673	1325.00	fl
142.927831	334.00	f
143.202286	235.00	ff
143.359982	470.00	fr
143.360465	1325.00	fl
143.937942	334.00	f
144.213201	235.00	ff
144.370978	470.00	fr
144.371448	1325.00	fl
144.943827	334.00	f
145.240371	235.00	ff
145.354482	470.00	fr
145.354969	1325.00	fl
145.961961	334.00	f
146.206568	235.00	ff
146.364495	470.00	fr
146.365613	1325.00	fl
146.926265	334.00	f
147.216031	235.00	ff
147.357086	470.00	fr
147.373301	1325.00	fl
147.93555	334.00	f
148.208113	235.00	ff
148.365769	470.00	fr
148.366263	1325.00	fl
148.944219	334.00	f
149.215724	235.00	ff
149.373762	470.00	fr
149.374204	1325.00	fl
149.934284	334.00	f
150.223631	235.00	ff
150.3639	470.00	fr
150.364352	1325.00	fl
150.966246	334.00	f
151.215561	235.00	ff
151.373693	470.00	fr
151.374727	1325.00	fl
151.934514	334.00	f
152.223905	235.00	ff
152.364116	470.00	fr
152.364598	1325.00	fl
152.972688	334.00	f
153.217325	235.00	ff
153.375159	470.00	fr
153.375634	1325.00	fl
153.936079	334.00	f
154.217679	235.00	ff
154.375476	470.00	fr
154.375977	1325.00	fl
154.937029	334.00	f
155.218833	235.00	ff
155.376386	470.00	fr
155.376883	1325.00	fl
155.946446	334.00	f
156.22085	235.00	ff
156.378883	470.00	fr
156.380111	1325.00	fl
156.942368	334.00	f
157.238224	235.00	ff
157.39182	470.00	fr
157.392306	1325.00	fl
157.943441	334.00	f
158.214742	235.00	ff
158.402558	470.00	fr
158.40344	1325.00	fl
158.936421	334.00	f
159.225256	235.00	ff
159.366201	470.00	fr
159.383204	1325.00	fl
159.944522	334.00	f
160.216251	235.00	ff
160.374324	470.00	fr
160.374814	1325.00	fl
160.977956	334.00	f
161.225606	235.00	ff
161.383745	470.00	fr
161.384705	1325.00	fl
161.944097	334.00	f
162.233429	235.00	ff
162.373525	470.00	fr
162.373928	1325.00	fl
162.970002	334.00	f
163.224614	235.00	ff
163.409806	470.00	fr
163.410303	1325.00	fl
163.945054	334.00	f
164.234498	235.00	ff
164.375132	470.00	fr
164.375626	1325.00	fl
164.954216	334.00	f
165.225721	235.00	ff
165.383871	470.00	fr
165.384338	1325.00	fl
165.980566	334.00	f
166.234919	235.00	ff
166.420854	470.00	fr
166.422046	1325.00	fl
166.955227	334.00	f
167.228018	235.00	ff
167.385973	470.00	fr
167.38647	1325.00	fl
167.955645	334.00	f
168.236407	235.00	ff
168.394748	470.00	fr
168.39525	1325.00	fl
168.956427	334.00	f
169.237548	235.00	ff
169.387114	470.00	fr
169.387606	1325.00	fl
169.957109	334.00	f
170.239084	235.00	ff
170.388832	470.00	fr
170.389287	1325.00	fl
170.951195	334.00	f
171.241641	235.00	ff
171.400454	470.00	fr
171.400933	1325.00	fl
171.967778	334.00	f
172.224611	235.00	ff
172.408077	470.00	fr
172.408551	1325.00	fl
172.988338	334.00	f
173.23588	235.00	ff
173.393963	470.00	fr
173.394429	1325.00	fl
173.954459	334.00	f
174.24398	235.00	ff
174.384271	470.00	fr
174.384762	1325.00	fl
174.963286	334.00	f
175.234566	235.00	ff
175.421759	470.00	fr
175.422256	1325.00	fl
175.956102	334.00	f
176.245267	235.00	ff
176.385992	470.00	fr
176.403315	1325.00	fl
176.964512	334.00	f
177.236307	235.00	ff
177.394564	470.00	fr
177.395069	1325.00	fl
177.997745	334.00	f
178.245554	235.00	ff
178.403646	470.00	fr
178.404072	1325.00	fl
178.964142	334.00	f
179.253502	235.00	ff
179.393734	470.00	fr
179.394164	1325.00	fl
179.993714	334.00	f
180.245236	235.00	ff
180.403446	470.00	fr
180.403858	1325.00	fl
180.964445	334.00	f
181.245548	235.00	ff
181.394833	470.00	fr
181.395332	1325.00	fl
181.96456	334.00	f
182.244873	235.00	ff
182.431008	470.00	fr
182.432183	1325.00	fl
182.965413	334.00	f
183.245895	235.00	ff
183.404026	470.00	fr
183.404475	1325.00	fl
183.9646	334.00	f
184.2451	235.00	ff
184.403409	470.00	fr
184.403803	1325.00	fl
185.001365	334.00	f
185.246532	235.00	ff
185.404407	470.00	fr
185.404892	1325.00	fl
185.965434	334.00	f
186.254818	235.00	ff
186.396199	470.00	fr
186.396721	1325.00	fl
186.974995	334.00	f
187.247994	235.00	ff
187.405547	470.00	fr
187.406036	1325.00	fl
187.966724	334.00	f
188.255997	235.00	ff
188.39654	470.00	fr
188.413306	1325.00	fl
188.975032	334.00	f
189.247488	235.00	ff
189.405424	470.00	fr
189.40592	1325.00	fl
189.983881	334.00	f
190.255449	235.00	ff
190.413665	470.00	fr
190.414073	1325.00	fl
190.974005	334.00	f
191.263516	235.00	ff
191.403609	470.00	fr
191.404002	1325.00	fl
192.003526	334.00	f
192.25544	235.00	ff
192.413539	470.00	fr
192.413964	1325.00	fl
192.97421	334.00	f
193.263745	235.00	ff
193.403752	470.00	fr
193.404197	1325.00	fl
194.001386	334.00	f
194.255025	235.00	ff
194.440889	470.00	fr
194.441394	1325.00	fl
194.975078	334.00	f
195.264356	235.00	ff
195.445841	470.00	fr
195.44632	1325.00	fl
195.984582	334.00	f
196.256889	235.00	ff
196.414827	470.00	fr
196.415326	1325.00	fl
196.984581	334.00	f
197.257164	235.00	ff
197.415051	470.00	fr
197.415542	1325.00	fl
197.976202	334.00	f
198.265941	235.00	ff
198.415317	470.00	fr
198.415834	1325.00	fl
198.984787	334.00	f
199.257205	235.00	ff
199.414775	470.00	fr
199.415258	1325.00	fl
199.975342	334.00	f
200.26481	235.00	ff
200.413771	470.00	fr
200.449407	1325.00	fl
200.985136	334.00	f
201.257711	235.00	ff
201.415983	470.00	fr
201.416476	1325.00	fl
201.994428	334.00	f
202.266435	235.00	ff
202.424532	470.00	fr
202.425021	1325.00	fl
202.985483	334.00	f
203.275129	235.00	ff
203.415611	470.00	fr
203.416841	1325.00	fl
203.994576	334.00	f
204.267319	235.00	ff
204.424965	470.00	fr
204.425454	1325.00	fl
204.985834	334.00	f
205.275458	235.00	ff
205.415971	470.00	fr
205.416465	1325.00	fl
205.994598	334.00	f
206.266651	235.00	ff
206.424529	470.00	fr
206.425007	1325.00	fl
206.986521	334.00	f
207.276021	235.00	ff
207.433926	470.00	fr
207.434395	1325.00	fl
207.994681	334.00	f
208.267054	235.00	ff
208.425077	470.00	fr
208.426198	1325.00	fl
208.995016	334.00	f
209.275864	235.00	ff
209.434018	470.00	fr
209.434491	1325.00	fl
209.994666	334.00	f
210.274962	235.00	ff
210.424305	470.00	fr
210.424793	1325.00	fl
210.993782	334.00	f
211.265203	235.00	ff
211.451301	470.00	fr
211.451772	1325.00	fl
211.985299	334.00	f
212.274463	235.00	ff
212.423774	470.00	fr
212.458062	1325.00	fl
212.995545	334.00	f
213.268984	235.00	ff
213.426628	470.00	fr
213.427863	1325.00	fl
214.00497	334.00	f
214.277957	235.00	ff
214.435745	470.00	fr
214.436246	1325.00	fl
214.997978	334.00	f
215.288677	235.00	ff
215.430915	470.00	fr
215.431409	1325.00	fl
216.009634	334.00	f
216.29487	235.00	ff
216.447582	470.00	fr
216.448073	1325.00	fl
216.993641	334.00	f
217.309848	235.00	ff
217.424434	470.00	fr
217.424887	1325.00	fl
218.027042	334.00	f
218.275888	235.00	ff
218.433812	470.00	fr
218.43487	1325.00	fl
219.035202	334.00	f
219.285489	235.00	ff
219.443652	470.00	fr
219.444069	1325.00	fl
220.0042	334.00	f
220.276581	235.00	ff
220.434513	470.00	fr
220.435006	1325.00	fl
221.01371	334.00	f
221.285165	235.00	ff
221.443455	470.00	fr
221.443869	1325.00	fl
222.003524	334.00	f
222.283827	235.00	ff
222.459455	470.00	fr
222.459966	1325.00	fl
223.003904	334.00	f
223.284056	235.00	ff
223.46263	470.00	fr
223.463694	1325.00	fl
224.004315	334.00	f
224.284891	235.00	ff
224.471661	470.00	fr
224.472137	1325.00	fl
225.00591	334.00	f
225.287013	235.00	ff
225.444776	470.00	fr
225.445281	1325.00	fl
226.014336	334.00	f
226.286423	235.00	ff
226.444526	470.00	fr
226.444997	1325.00	fl
227.005417	334.00	f
227.294709	235.00	ff
227.435053	470.00	fr
227.435553	1325.00	fl
228.041263	334.00	f
228.286565	235.00	ff
228.444376	470.00	fr
228.444865	1325.00	fl
229.005027	334.00	f
229.294407	235.00	ff
229.434843	470.00	fr
229.480663	1325.00	fl
230.01523	334.00	f
230.288082	235.00	ff
230.445952	470.00	fr
230.446423	1325.00	fl
231.024386	334.00	f
231.299669	235.00	ff
231.455226	470.00	fr
231.455729	1325.00	fl
232.016592	334.00	f
232.290684	235.00	ff
232.448765	470.00	fr
232.449251	1325.00	fl
233.026447	334.00	f
233.299512	235.00	ff
233.457176	470.00	fr
233.457683	1325.00	fl
234.01886	334.00	f
234.3085	235.00	ff
234.450855	470.00	fr
234.451319	1325.00	fl
235.02915	334.00	f
235.309936	235.00	ff
235.464349	470.00	fr
235.464845	1325.00	fl
236.039595	334.00	f
236.303689	235.00	ff
236.479357	470.00	fr
236.479852	1325.00	fl
237.024341	334.00	f
237.296391	235.00	ff
237.454453	470.00	fr
237.454915	1325.00	fl
238.024586	334.00	f
238.296872	235.00	ff
238.454919	470.00	fr
238.455422	1325.00	fl
239.01558	334.00	f
239.30461	235.00	ff
239.453917	470.00	fr
239.454947	1325.00	fl
240.023509	334.00	f
240.294928	235.00	ff
240.45351	470.00	fr
240.453918	1325.00	fl
241.013844	334.00	f
241.331447	235.00	ff
241.453656	470.00	fr
241.486552	1325.00	fl
242.024812	334.00	f
242.297465	235.00	ff
242.455327	470.00	fr
242.455803	1325.00	fl
243.03406	334.00	f
243.306127	235.00	ff
243.464419	470.00	fr
243.464908	1325.00	fl
244.025496	334.00	f
244.314672	235.00	ff
244.45508	470.00	fr
244.456169	1325.00	fl
245.03366	334.00	f
245.304618	235.00	ff
245.490467	470.00	fr
245.490975	1325.00	fl
246.025668	334.00	f
246.315466	235.00	ff
246.456727	470.00	fr
246.457225	1325.00	fl
247.035547	334.00	f
247.308623	235.00	ff
247.466632	470.00	fr
247.46713	1325.00	fl
248.029037	334.00	f
248.319454	235.00	ff
248.477455	470.00	fr
248.477947	1325.00	fl
249.040799	334.00	f
249.329093	235.00	ff
249.483087	470.00	fr
249.484168	1325.00	fl
250.059155	334.00	f
250.31455	235.00	ff
250.498371	470.00	fr
250.498872	1325.00	fl
251.035015	334.00	f
251.315476	235.00	ff
251.464695	470.00	fr
251.465178	1325.00	fl
252.034628	334.00	f
252.315062	235.00	ff
252.473528	470.00	fr
252.473944	1325.00	fl
253.033893	334.00	f
253.31412	235.00	ff
253.494033	470.00	fr
253.49452	1325.00	fl
254.034595	334.00	f
254.31498	235.00	ff
254.473538	470.00	fr
254.473955	1325.00	fl
255.04358	334.00	f
255.314631	235.00	ff
255.498581	470.00	fr
255.499059	1325.00	fl
256.035061	334.00	f
256.32441	235.00	ff
256.464775	470.00	fr
256.465266	1325.00	fl
257.043663	334.00	f
257.315145	235.00	ff
257.473642	470.00	fr
257.474045	1325.00	fl
258.03394	334.00	f
258.323348	235.00	ff
258.463542	470.00	fr
258.463943	1325.00	fl
259.066492	334.00	f
259.315549	235.00	ff
259.473712	470.00	fr
259.474136	1325.00	fl
260.0341	334.00	f
260.323866	235.00	ff
260.50398	470.00	fr
260.504483	1325.00	fl
261.044412	334.00	f
261.317766	235.00	ff
261.475635	470.00	fr
261.476098	1325.00	fl
262.044818	334.00	f
262.324933	235.00	ff
262.502506	470.00	fr
262.503004	1325.00	fl
263.044977	334.00	f
263.325299	235.00	ff
263.474604	470.00	fr
263.475017	1325.00	fl
264.070896	334.00	f
264.325776	235.00	ff
264.510958	470.00	fr
264.51142	1325.00	fl
265.046086	334.00	f
265.327444	235.00	ff
265.485466	470.00	fr
265.485957	1325.00	fl
266.046635	334.00	f
266.328166	235.00	ff
266.478011	470.00	fr
266.478516	1325.00	fl
267.059601	334.00	f
267.331712	235.00	ff
267.489756	470.00	fr
267.490252	1325.00	fl
268.050102	334.00	f
268.339514	235.00	ff
268.479999	470.00	fr
268.480493	1325.00	fl
269.058392	334.00	f
269.329869	235.00	ff
269.517533	470.00	fr
269.518031	1325.00	fl
270.050312	334.00	f
270.339866	235.00	ff
270.48047	470.00	fr
270.49821	1325.00	fl
271.059553	334.00	f
271.332446	235.00	ff
271.490497	470.00	fr
271.490956	1325.00	fl
272.052039	334.00	f
272.333864	235.00	ff
272.49141	470.00	fr
272.491877	1325.00	fl
273.05249	334.00	f
273.334728	235.00	ff
273.492415	470.00	fr
273.492901	1325.00	fl
274.061972	334.00	f
274.336504	235.00	ff
274.494747	470.00	fr
274.495231	1325.00	fl
275.058473	334.00	f
275.356224	235.00	ff
275.509361	470.00	fr
275.509868	1325.00	fl
276.087993	334.00	f
276.333835	235.00	ff
276.491712	470.00	fr
276.492219	1325.00	fl
277.05386	334.00	f
277.34416	235.00	ff
277.50207	470.00	fr
277.502562	1325.00	fl
278.063174	334.00	f
278.337711	235.00	ff
278.495841	470.00	fr
278.49632	1325.00	fl
279.073795	334.00	f
279.348624	235.00	ff
279.506906	470.00	fr
279.507376	1325.00	fl
280.076375	334.00	f
280.374338	235.00	ff
280.490461	470.00	fr
280.491003	1325.00	fl
281.094658	334.00	f
281.342173	235.00	ff
281.500135	470.00	fr
281.501178	1325.00	fl
282.060909	334.00	f
282.350682	235.00	ff
282.491167	470.00	fr
282.509272	1325.00	fl
283.069842	334.00	f
283.341686	235.00	ff
283.499839	470.00	fr
283.500278	1325.00	fl
284.09498	334.00	f
284.350916	235.00	ff
284.536353	470.00	fr
284.536853	1325.00	fl
285.070798	334.00	f
285.343066	235.00	ff
285.500892	470.00	fr
285.501383	1325.00	fl
286.070581	334.00	f
286.343008	235.00	ff
286.500882	470.00	fr
286.501986	1325.00	fl
287.062041	334.00	f
287.351569	235.00	ff
287.500711	470.00	fr
287.501207	1325.00	fl
288.0702	334.00	f
288.342733	235.00	ff
288.500694	470.00	fr
288.501194	1325.00	fl
289.061834	334.00	f
289.351105	235.00	ff
289.536968	470.00	fr
289.537606	1325.00	fl
290.07088	334.00	f
290.343601	235.00	ff
290.501505	470.00	fr
290.502007	1325.00	fl
291.079775	334.00	f
291.351919	235.00	ff
291.510049	470.00	fr
291.511142	1325.00	fl
292.070674	334.00	f
292.360305	235.00	ff
292.500447	470.00	fr
292.500945	1325.00	fl
293.107855	334.00	f
293.353132	235.00	ff
293.511153	470.00	fr
293.511634	1325.00	fl
294.072876	334.00	f
294.36329	235.00	ff
294.505265	470.00	fr
294.519244	1325.00	fl
295.084256	334.00	f
295.361517	235.00	ff
295.517427	470.00	fr
295.517905	1325.00	fl
296.088748	334.00	f
296.386446	235.00	ff
296.540195	470.00	fr
296.541351	1325.00	fl
297.080515	334.00	f
297.361155	235.00	ff
297.510459	470.00	fr
297.510954	1325.00	fl
298.079956	334.00	f
298.360774	235.00	ff
298.547031	470.00	fr
298.547504	1325.00	fl
299.082097	334.00	f
299.363891	235.00	ff
299.513489	470.00	fr
299.51397	1325.00	fl
300.084717	334.00	f
300.369352	235.00	ff
300.526389	470.00	fr
300.526889	1325.00	fl
301.092503	334.00	f
301.388476	235.00	ff
301.541071	470.00	fr
301.541592	1325.00	fl
