0.072205	345.00	fr
0.073215	470.00	fl
0.651002	1648.00	f
0.924476	1648.00	ff
1.083046	1638.00	fr
1.083522	1650.00	fl
1.645014	1648.00	f
1.927568	1648.00	ff
2.081798	1621.00	fr
2.082291	1632.00	fl
2.657675	1646.00	f
2.952056	1648.00	ff
3.107791	1499.00	fr
3.108282	1600.00	fl
3.649787	1629.00	f
3.921939	1648.00	ff
4.080133	1400.00	fr
4.080625	1600.00	fl
4.640881	1563.00	f
4.930444	1634.00	ff
5.072241	1350.00	fr
5.072731	1600.00	fl
5.650846	1447.00	f
5.922947	1600.00	ff
6.081439	1350.00	fr
6.081921	1600.00	fl
6.64324	1350.00	f
6.932926	1600.00	ff
7.074279	1350.00	fr
7.074756	1600.00	fl
7.652614	1325.00	f
7.941872	1600.00	ff
8.082838	1350.00	fr
8.083324	1600.00	fl
8.661213	1325.00	f
8.933213	1600.00	ff
9.074853	1350.00	fr
9.08984	1600.00	fl
9.65319	1325.00	f
9.942776	1600.00	ff
10.084224	1350.00	fr
10.084725	1600.00	fl
10.662813	1325.00	f
10.936233	1600.00	ff
11.094464	1350.00	fr
11.094954	1600.00	fl
11.657516	1325.00	f
11.949056	1600.00	ff
12.103123	1350.00	fr
12.103632	1600.00	fl
12.681935	1325.00	f
12.931849	1600.00	ff
13.09008	1350.00	fr
13.091051	482.00	fl
13.650451	1325.00	f
13.930803	1600.00	ff
14.080207	1350.00	fr
14.11358	482.00	fl
14.6512	1325.00	f
14.940274	1600.00	ff
15.116701	1350.00	fr
15.117178	452.00	fl
15.660548	1325.00	f
15.932026	1600.00	ff
16.090552	1350.00	fr
16.09103	452.00	fl
16.651047	1325.00	f
16.940627	1600.00	ff
17.090055	1325.00	fr
17.090466	452.00	fl
17.687388	1325.00	f
17.933139	1600.00	ff
18.091242	1325.00	fr
18.092356	452.00	fl
18.652394	1325.00	f
18.941454	1600.00	ff
19.082156	1325.00	fr
19.082648	452.00	fl
19.660275	1325.00	f
19.975584	1600.00	ff
20.091208	1325.00	fr
20.091695	452.00	fl
20.670193	1325.00	f
20.94158	1600.00	ff
21.082619	1325.00	fr
21.099762	452.00	fl
21.66089	1325.00	f
21.950215	1600.00	ff
22.090652	1325.00	fr
22.091129	452.00	fl
22.669912	1325.00	f
22.941503	1600.00	ff
23.100131	1325.00	fr
23.101191	452.00	fl
23.660656	1325.00	f
23.950339	1600.00	ff
24.09072	1325.00	fr
24.091213	452.00	fl
24.692653	1325.00	f
24.942001	1600.00	ff
25.100204	1325.00	fr
25.100614	452.00	fl
25.660384	1325.00	f
25.977074	1600.00	ff
26.091265	1325.00	fr
26.135136	452.00	fl
26.6712	1325.00	f
26.951456	1600.00	ff
27.101147	1325.00	fr
27.101633	452.00	fl
27.670387	1325.00	f
27.950514	1600.00	ff
28.138039	1325.00	fr
28.139154	452.00	fl
28.672064	1325.00	f
28.953024	1600.00	ff
29.102799	1325.00	fr
29.103282	452.00	fl
29.673156	1325.00	f
29.946476	1600.00	ff
30.104959	1325.00	fr
30.105448	322.00	fl
30.667245	1325.00	f
30.957472	1600.00	ff
31.108517	1325.00	fr
31.109001	322.00	fl
31.684313	1325.00	f
31.977261	1600.00	ff
32.100375	1325.00	fr
32.10081	322.00	fl
32.698235	1325.00	f
32.951609	1600.00	ff
33.110236	1325.00	fr
33.110643	322.00	fl
33.670992	1325.00	f
33.960541	1600.00	ff
34.101227	1325.00	fr
34.101723	322.00	fl
34.680532	1325.00	f
34.952401	1600.00	ff
35.110725	1325.00	fr
35.111197	322.00	fl
35.67194	1325.00	f
35.96131	1600.00	ff
36.102028	1325.00	fr
36.102519	322.00	fl
36.680858	1325.00	f
36.952776	1600.00	ff
37.110944	1325.00	fr
37.11142	322.00	fl
37.71935	1325.00	f
37.962912	1600.00	ff
38.104441	1325.00	fr
38.119802	322.00	fl
38.683367	1325.00	f
38.972781	1600.00	ff
39.114314	1325.00	fr
39.114824	322.00	fl
39.693123	1325.00	f
39.967358	1600.00	ff
40.125725	1325.00	fr
40.126194	322.00	fl
40.691256	1325.00	f
40.986419	1600.00	ff
41.110079	1325.00	fr
41.110483	298.00	fl
41.703874	1325.00	f
41.960789	1600.00	ff
42.143153	1325.00	fr
42.143677	298.00	fl
42.681547	1325.00	f
42.961751	1600.00	ff
43.111249	1325.00	fr
43.111711	298.00	fl
43.681138	1325.00	f
43.970363	1600.00	ff
44.119946	1325.00	fr
44.120872	298.00	fl
44.713895	1325.00	f
44.962138	1600.00	ff
45.120429	1325.00	fr
45.120875	298.00	fl
45.681415	1325.00	f
45.970856	1600.00	ff
46.120406	1325.00	fr
46.120843	298.00	fl
46.690081	1325.00	f
46.961194	1600.00	ff
47.146317	1325.00	fr
47.146812	298.00	fl
47.681239	1325.00	f
47.970447	1600.00	ff
48.110703	1325.00	fr
48.11119	298.00	fl
48.7128	1325.00	f
48.96236	1600.00	ff
49.120397	1325.00	fr
49.121463	298.00	fl
49.721612	1325.00	f
49.97165	1600.00	ff
50.112338	1325.00	fr
50.129769	298.00	fl
50.691236	1325.00	f
50.980464	1600.00	ff
51.120776	1325.00	fr
51.121264	298.00	fl
51.729416	1325.00	f
51.973282	1600.00	ff
52.131345	1325.00	fr
52.131831	298.00	fl
52.69273	1325.00	f
52.981722	1600.00	ff
53.122306	1325.00	fr
53.122808	298.00	fl
53.700955	1325.00	f
53.972357	1600.00	ff
54.130591	1325.00	fr
54.131838	298.00	fl
54.69128	1325.00	f
54.980559	1600.00	ff
55.12068	1325.00	fr
55.121161	298.00	fl
55.724887	1325.00	f
55.98105	1600.00	ff
56.130305	1325.00	fr
56.130731	298.00	fl
56.700314	1325.00	f
56.980805	1600.00	ff
57.163458	1325.00	fr
57.163976	298.00	fl
57.693995	1325.00	f
57.983501	1600.00	ff
58.133112	1325.00	fr
58.133595	298.00	fl
58.702635	1325.00	f
58.976002	1600.00	ff
59.133621	1325.00	fr
59.134703	298.00	fl
59.696247	1325.00	f
59.986399	1600.00	ff
60.137025	1325.00	fr
60.137532	298.00	fl
60.708486	1325.00	f
60.970213	1600.00	ff
61.144974	1325.00	fr
61.145488	298.00	fl
61.724182	1325.00	f
61.981027	1600.00	ff
62.130366	1325.00	fr
62.166222	298.00	fl
62.702008	1325.00	f
62.991299	1300.00	ff
63.131906	1325.00	fr
63.132402	298.00	fl
63.711038	1325.00	f
63.983046	1275.00	ff
64.141068	1325.00	fr
64.142122	298.00	fl
64.702122	1325.00	f
64.991393	1050.00	ff
65.131777	1325.00	fr
65.132277	298.00	fl
65.710384	1325.00	f
65.982027	925.00	ff
66.140442	1325.00	fr
66.140912	298.00	fl
66.744037	1325.00	f
66.992483	925.00	ff
67.133342	1325.00	fr
67.149898	298.00	fl
67.712516	1325.00	f
67.993935	725.00	ff
68.143616	1325.00	fr
68.144109	298.00	fl
68.714558	1325.00	f
68.997552	545.00	ff
69.155106	1325.00	fr
69.156244	298.00	fl
69.717942	1325.00	f
70.005751	545.00	ff
70.160562	1325.00	fr
70.161051	298.00	fl
70.710312	1325.00	f
70.990611	545.00	ff
71.170378	1325.00	fr
71.170867	298.00	fl
71.711228	1325.00	f
71.991597	454.00	ff
72.141117	1325.00	fr
72.141654	298.00	fl
72.710773	1325.00	f
73.00019	454.00	ff
73.140546	1325.00	fr
73.141011	298.00	fl
73.743569	1325.00	f
73.992277	454.00	ff
74.141546	1325.00	fr
74.149832	298.00	fl
74.711295	1325.00	f
75.000754	454.00	ff
75.141025	1325.00	fr
75.141512	298.00	fl
75.742496	1325.00	f
75.991763	454.00	ff
76.179024	1325.00	fr
76.17954	298.00	fl
76.712129	1325.00	f
77.001244	454.00	ff
77.141566	1325.00	fr
77.142054	298.00	fl
77.739835	1325.00	f
77.99095	454.00	ff
78.174583	1325.00	fr
78.175079	298.00	fl
78.755704	1325.00	f
79.002658	454.00	ff
79.143581	1325.00	fr
79.159793	298.00	fl
79.722227	1325.00	f
80.011792	454.00	ff
80.152935	1325.00	fr
80.15344	298.00	fl
80.73163	1325.00	f
81.003916	454.00	ff
81.161575	1325.00	fr
81.162058	298.00	fl
81.722224	1325.00	f
82.011179	454.00	ff
82.151773	1325.00	fr
82.152274	298.00	fl
82.721624	1325.00	f
83.002075	454.00	ff
83.160249	1325.00	fr
83.160682	298.00	fl
83.720603	1325.00	f
84.001086	454.00	ff
84.150437	1325.00	fr
84.18756	298.00	fl
84.722366	1325.00	f
85.011773	454.00	ff
85.161023	1325.00	fr
85.1621	298.00	fl
85.731096	1325.00	f
86.00353	454.00	ff
86.161693	1325.00	fr
86.16227	298.00	fl
86.722791	1325.00	f
87.012058	454.00	ff
87.161228	1325.00	fr
87.161725	298.00	fl
87.730578	1325.00	f
88.002059	454.00	ff
88.160802	1325.00	fr
88.161292	298.00	fl
88.721246	1325.00	f
89.010654	454.00	ff
89.150931	1325.00	fr
89.151414	298.00	fl
89.754452	1325.00	f
90.008708	454.00	ff
90.164537	1325.00	fr
90.165995	298.00	fl
90.743136	1325.00	f
91.014299	454.00	ff
91.154821	1325.00	fr
91.172886	298.00	fl
91.733872	1325.00	f
92.014056	454.00	ff
92.163196	1325.00	fr
92.16364	298.00	fl
92.758427	1325.00	f
93.014107	454.00	ff
93.194571	1325.00	fr
93.195046	298.00	fl
93.733989	1325.00	f
94.01416	454.00	ff
94.163527	1325.00	fr
94.163987	298.00	fl
94.733192	1325.00	f
95.01325	454.00	ff
95.188242	1325.00	fr
95.18934	298.00	fl
95.733323	1325.00	f
96.013663	454.00	ff
96.162988	1325.00	fr
96.195005	298.00	fl
96.734943	1325.00	f
97.025085	454.00	ff
97.173956	1325.00	fr
97.174439	298.00	fl
97.744513	1325.00	f
98.017731	454.00	ff
98.174712	1325.00	fr
98.175204	298.00	fl
98.735428	1325.00	f
99.025732	454.00	ff
99.165233	1325.00	fr
99.165727	298.00	fl
99.743534	1325.00	f
100.014924	454.00	ff
100.173419	1325.00	fr
100.17387	298.00	fl
100.73413	1325.00	f
101.023123	454.00	ff
101.163237	1325.00	fr
101.163806	298.00	fl
101.765175	1325.00	f
102.015158	454.00	ff
102.17335	1325.00	fr
102.173775	298.00	fl
102.777416	1325.00	f
103.025484	454.00	ff
103.183655	1325.00	fr
103.184163	298.00	fl
103.744147	1325.00	f
104.03326	454.00	ff
104.173438	1325.00	fr
104.173877	298.00	fl
104.770294	1325.00	f
105.024165	454.00	ff
105.207708	1325.00	fr
105.208226	298.00	fl
105.745232	1325.00	f
106.03428	454.00	ff
106.174875	1325.00	fr
106.175356	298.00	fl
106.75349	1325.00	f
107.025535	454.00	ff
107.183434	1325.00	fr
107.183903	298.00	fl
107.744345	1325.00	f
108.025724	454.00	ff
108.174899	1325.00	fr
108.182948	298.00	fl
108.745193	1325.00	f
109.034505	454.00	ff
109.183736	1325.00	fr
109.184235	298.00	fl
109.753182	1325.00	f
110.024442	454.00	ff
110.210751	1325.00	fr
110.211237	298.00	fl
110.744464	1325.00	f
111.033396	454.00	ff
111.210455	1325.00	fr
111.210933	298.00	fl
111.754638	1325.00	f
112.026352	454.00	ff
112.184415	1325.00	fr
112.184857	298.00	fl
112.745153	1325.00	f
113.03451	454.00	ff
113.174707	1325.00	fr
113.175191	298.00	fl
113.78112	1325.00	f
114.026801	454.00	ff
114.184838	1325.00	fr
114.185324	298.00	fl
114.788044	1325.00	f
115.035863	454.00	ff
115.194071	1325.00	fr
115.194501	298.00	fl
115.754267	1325.00	f
116.071726	454.00	ff
116.185293	1325.00	fr
116.185804	298.00	fl
116.76404	1325.00	f
117.034929	454.00	ff
117.217822	1325.00	fr
117.21859	298.00	fl
117.755303	1325.00	f
118.044522	454.00	ff
118.185105	1325.00	fr
118.185592	298.00	fl
118.764072	1325.00	f
119.035055	454.00	ff
119.220455	1325.00	fr
119.220933	298.00	fl
119.755643	1325.00	f
120.045015	454.00	ff
120.185432	1325.00	fr
120.233252	298.00	fl
120.758214	1325.00	f
121.046984	454.00	ff
121.196076	1325.00	fr
121.197201	298.00	fl
121.765857	1325.00	f
122.038324	454.00	ff
122.196044	1325.00	fr
122.196532	298.00	fl
122.757712	1325.00	f
123.046933	454.00	ff
123.196244	1325.00	fr
123.19673	298.00	fl
123.765829	1325.00	f
124.03852	454.00	ff
124.196324	1325.00	fr
124.196808	298.00	fl
124.758054	1325.00	f
125.047856	454.00	ff
125.19721	1325.00	fr
125.197705	298.00	fl
125.767505	1325.00	f
126.041121	454.00	ff
126.198843	1325.00	fr
126.199975	298.00	fl
126.776356	1325.00	f
127.048871	454.00	ff
127.206437	1325.00	fr
127.206919	298.00	fl
127.768179	1325.00	f
128.05732	454.00	ff
128.198516	1325.00	fr
128.198994	298.00	fl
128.776319	1325.00	f
129.048641	454.00	ff
129.206215	1325.00	fr
129.206706	298.00	fl
129.767228	1325.00	f
130.056805	454.00	ff
130.197578	1325.00	fr
130.198052	298.00	fl
130.776854	1325.00	f
131.048683	454.00	ff
131.206626	1325.00	fr
131.207733	298.00	fl
131.776944	1325.00	f
132.057476	454.00	ff
132.198438	1325.00	fr
132.213811	298.00	fl
132.776012	1325.00	f
133.056565	454.00	ff
133.205797	1325.00	fr
133.206284	298.00	fl
133.775198	1325.00	f
134.055519	454.00	ff
134.242703	1325.00	fr
134.243189	298.00	fl
134.775894	1325.00	f
135.056423	454.00	ff
135.205832	1325.00	fr
135.206324	298.00	fl
135.775823	1325.00	f
136.057003	454.00	ff
136.21501	1325.00	fr
136.216079	298.00	fl
136.775876	1325.00	f
137.057158	454.00	ff
137.206459	1325.00	fr
137.213753	298.00	fl
137.775835	1325.00	f
138.064943	454.00	ff
138.205184	1325.00	fr
138.205649	298.00	fl
138.807989	1325.00	f
139.05612	454.00	ff
139.214203	1325.00	fr
139.214629	298.00	fl
139.774623	1325.00	f
140.064122	454.00	ff
140.204231	1325.00	fr
140.204638	298.00	fl
140.801364	1325.00	f
141.055325	454.00	ff
141.238443	1325.00	fr
141.239515	298.00	fl
141.775519	1325.00	f
142.065106	454.00	ff
142.205444	1325.00	fr
142.205916	298.00	fl
142.784666	1325.00	f
143.056516	454.00	ff
143.21445	1325.00	fr
143.214901	298.00	fl
143.813181	1325.00	f
144.065566	454.00	ff
144.25123	1325.00	fr
144.251707	298.00	fl
144.785519	1325.00	f
145.074607	454.00	ff
145.214789	1325.00	fr
145.215242	298.00	fl
145.818666	1325.00	f
146.066871	454.00	ff
146.224919	1325.00	fr
146.225391	298.00	fl
146.786114	1325.00	f
147.075795	454.00	ff
147.216459	1325.00	fr
147.21695	298.00	fl
147.786867	1325.00	f
148.069395	454.00	ff
148.227076	1325.00	fr
148.227554	298.00	fl
148.789594	1325.00	f
149.071416	454.00	ff
149.221142	1325.00	fr
149.223689	298.00	fl
149.791448	1325.00	f
150.08234	454.00	ff
150.233149	1325.00	fr
150.233649	298.00	fl
150.808658	1325.00	f
151.065026	454.00	ff
151.244934	1325.00	fr
151.245442	298.00	fl
151.785081	1325.00	f
152.074641	454.00	ff
152.223991	1325.00	fr
152.22445	298.00	fl
152.8177	1325.00	f
153.06637	454.00	ff
153.224336	1325.00	fr
153.22478	298.00	fl
153.785234	1325.00	f
154.0748	454.00	ff
154.215138	1325.00	fr
154.215634	298.00	fl
154.821482	1325.00	f
155.066901	454.00	ff
155.224708	1325.00	fr
155.225181	298.00	fl
155.824591	1325.00	f
156.075786	454.00	ff
156.261625	1325.00	fr
156.262121	298.00	fl
156.795616	1325.00	f
157.084729	454.00	ff
157.225027	1325.00	fr
157.225529	298.00	fl
157.832954	1325.00	f
158.077256	454.00	ff
158.234989	1325.00	fr
158.235466	298.00	fl
158.795529	1325.00	f
159.084956	454.00	ff
159.225137	1325.00	fr
159.225626	298.00	fl
159.803978	1325.00	f
160.07507	454.00	ff
160.257254	1325.00	fr
160.257754	298.00	fl
160.794701	1325.00	f
161.084115	454.00	ff
161.224129	1325.00	fr
161.257771	298.00	fl
161.80439	1325.00	f
162.084659	454.00	ff
162.263403	1325.00	fr
162.264507	298.00	fl
162.805207	1325.00	f
163.077548	454.00	ff
163.23541	1325.00	fr
163.235931	298.00	fl
163.796371	1325.00	f
164.085801	454.00	ff
164.234976	1325.00	fr
164.235437	298.00	fl
164.804602	1325.00	f
165.076838	454.00	ff
165.235053	1325.00	fr
165.235547	298.00	fl
165.796219	1325.00	f
166.085301	454.00	ff
166.23445	1325.00	fr
166.234901	298.00	fl
166.829728	1325.00	f
167.076293	454.00	ff
167.234271	1325.00	fr
167.234689	298.00	fl
167.831175	1325.00	f
168.085423	454.00	ff
168.269331	1325.00	fr
168.269816	298.00	fl
168.805359	1325.00	f
169.094415	454.00	ff
169.234642	1325.00	fr
169.235118	298.00	fl
169.839659	1325.00	f
170.086692	454.00	ff
170.244695	1325.00	fr
170.245171	298.00	fl
170.805469	1325.00	f
171.094725	454.00	ff
171.235185	1325.00	fr
171.23567	298.00	fl
171.839525	970.00	f
172.086543	454.00	ff
172.244535	1325.00	fr
172.244997	298.00	fl
172.805162	970.00	f
173.094388	454.00	ff
173.234647	1325.00	fr
173.273795	298.00	fl
173.814417	970.00	f
174.094764	454.00	ff
174.244159	1325.00	fr
174.244569	298.00	fl
174.813898	545.00	f
175.094114	454.00	ff
175.268683	1325.00	fr
175.269164	298.00	fl
175.814399	545.00	f
176.094827	454.00	ff
176.244442	1325.00	fr
176.244881	298.00	fl
176.814407	545.00	f
177.094556	454.00	ff
177.272477	1325.00	fr
177.272959	298.00	fl
177.805817	545.00	f
178.094779	454.00	ff
178.244273	1325.00	fr
178.27936	298.00	fl
178.815237	545.00	f
179.086973	454.00	ff
179.245085	1325.00	fr
179.245583	298.00	fl
179.847927	545.00	f
180.096238	454.00	ff
180.254383	1325.00	fr
180.254817	298.00	fl
180.814704	545.00	f
181.104082	454.00	ff
181.244249	1325.00	fr
181.244675	298.00	fl
181.84347	545.00	f
182.09587	454.00	ff
182.254159	1325.00	fr
182.254563	298.00	fl
182.814585	545.00	f
183.132653	454.00	ff
183.245209	1325.00	fr
183.288715	298.00	fl
183.824849	545.00	f
184.096312	454.00	ff
184.254601	1325.00	fr
184.255072	298.00	fl
184.815037	545.00	f
185.104226	454.00	ff
185.27915	1325.00	fr
185.279648	298.00	fl
185.824289	545.00	f
186.139737	454.00	ff
186.255143	1325.00	fr
186.255632	298.00	fl
186.862372	545.00	f
187.106917	454.00	ff
187.264927	1325.00	fr
187.265415	298.00	fl
187.825946	542.00	f
188.115461	454.00	ff
188.256135	1325.00	fr
188.256588	298.00	fl
188.825208	542.00	f
189.105358	454.00	ff
189.290975	1325.00	fr
189.291442	298.00	fl
189.826283	542.00	f
190.107119	454.00	ff
190.256451	1325.00	fr
190.263838	298.00	fl
190.825964	542.00	f
191.106598	454.00	ff
191.26493	1325.00	fr
191.265415	298.00	fl
191.834706	542.00	f
192.106527	454.00	ff
192.265704	1325.00	fr
192.266217	298.00	fl
192.825494	542.00	f
193.114982	454.00	ff
193.264364	1325.00	fr
193.264787	298.00	fl
193.834144	542.00	f
194.105628	454.00	ff
194.264008	1325.00	fr
194.264433	298.00	fl
194.824364	542.00	f
195.140008	454.00	ff
195.254913	1325.00	fr
195.255399	298.00	fl
195.862468	517.00	f
196.107237	454.00	ff
196.264933	1325.00	fr
196.265424	298.00	fl
196.870715	517.00	f
197.116878	454.00	ff
197.274761	1325.00	fr
197.275223	298.00	fl
197.8357	517.00	f
198.125177	454.00	ff
198.265673	1325.00	fr
198.266161	298.00	fl
198.844926	517.00	f
199.116892	454.00	ff
199.275136	1325.00	fr
199.275645	298.00	fl
199.836238	517.00	f
200.125451	454.00	ff
200.265776	1325.00	fr
200.266256	298.00	fl
200.844458	490.00	f
201.115791	454.00	ff
201.274133	1325.00	fr
201.274538	298.00	fl
201.834452	490.00	f
202.143731	454.00	ff
202.29516	1325.00	fr
202.295646	298.00	fl
202.844365	490.00	f
203.124879	454.00	ff
203.274118	1325.00	fr
203.274511	298.00	fl
203.843911	490.00	f
204.124125	454.00	ff
204.299135	1325.00	fr
204.300249	298.00	fl
204.845139	490.00	f
205.126271	454.00	ff
205.275572	1325.00	fr
205.276079	298.00	fl
205.845088	490.00	f
206.117605	454.00	ff
206.275182	1325.00	fr
206.27567	298.00	fl
206.836148	490.00	f
207.125146	454.00	ff
207.274469	1325.00	fr
207.311181	298.00	fl
207.845724	490.00	f
208.119943	454.00	ff
208.277488	1325.00	fr
208.277982	298.00	fl
208.855788	490.00	f
209.128617	454.00	ff
209.286514	1325.00	fr
209.287006	298.00	fl
209.848408	490.00	f
210.138722	454.00	ff
210.280833	1325.00	fr
210.2813	298.00	fl
210.859845	490.00	f
211.139814	454.00	ff
211.292939	1325.00	fr
211.293456	298.00	fl
211.869627	490.00	f
212.134347	454.00	ff
212.274466	1325.00	fr
212.274945	298.00	fl
212.879168	490.00	f
213.126513	454.00	ff
213.284426	1325.00	fr
213.28489	298.00	fl
213.844844	490.00	f
214.134214	454.00	ff
214.309065	1325.00	fr
214.309539	298.00	fl
214.854621	490.00	f
215.144328	454.00	ff
215.284523	1325.00	fr
215.284986	298.00	fl
215.890265	490.00	f
216.136806	454.00	ff
216.294741	1325.00	fr
216.295214	298.00	fl
216.855243	490.00	f
217.135823	454.00	ff
217.285007	1325.00	fr
217.285492	298.00	fl
217.854399	490.00	f
218.134707	454.00	ff
218.313619	1325.00	fr
218.314109	298.00	fl
218.8544	490.00	f
219.134919	454.00	ff
219.284164	1325.00	fr
219.317317	298.00	fl
219.85531	490.00	f
220.136073	454.00	ff
220.294362	1325.00	fr
220.295357	298.00	fl
220.864274	490.00	f
221.135933	454.00	ff
221.294283	1325.00	fr
221.29471	298.00	fl
221.855038	490.00	f
222.144869	454.00	ff
222.294282	1325.00	fr
222.2947	298.00	fl
222.889326	490.00	f
223.136512	454.00	ff
223.294493	1325.00	fr
223.294965	298.00	fl
223.854635	490.00	f
224.14423	454.00	ff
224.28441	1325.00	fr
224.284859	298.00	fl
224.884778	490.00	f
225.135926	454.00	ff
225.294112	1325.00	fr
225.295091	298.00	fl
225.854387	490.00	f
226.144199	454.00	ff
226.317404	1325.00	fr
226.317882	298.00	fl
226.864373	490.00	f
227.154189	454.00	ff
227.294433	1325.00	fr
227.294906	298.00	fl
227.900265	490.00	f
228.147065	454.00	ff
228.304935	1325.00	fr
228.30541	298.00	fl
228.865238	490.00	f
229.154817	454.00	ff
229.29498	1325.00	fr
229.295467	298.00	fl
229.900002	490.00	f
230.146805	454.00	ff
230.304686	1325.00	fr
230.305736	298.00	fl
230.865029	490.00	f
231.15462	454.00	ff
231.294819	1325.00	fr
231.335764	298.00	fl
231.875064	490.00	f
232.156325	454.00	ff
232.305655	1325.00	fr
232.306151	298.00	fl
232.875605	490.00	f
233.14944	454.00	ff
233.307298	1325.00	fr
233.307793	298.00	fl
233.869311	490.00	f
234.159583	454.00	ff
234.308953	1325.00	fr
234.309402	298.00	fl
234.878128	490.00	f
235.153368	454.00	ff
235.311365	1325.00	fr
235.31244	298.00	fl
235.879702	490.00	f
236.177415	454.00	ff
236.330222	1325.00	fr
236.330717	298.00	fl
236.902921	490.00	f
237.147903	454.00	ff
237.305763	1325.00	fr
237.306256	298.00	fl
237.884191	490.00	f
238.156233	454.00	ff
238.314394	1325.00	fr
238.314827	298.00	fl
238.874875	490.00	f
239.164749	454.00	ff
239.305116	1325.00	fr
239.305616	298.00	fl
239.905511	490.00	f
240.156389	454.00	ff
240.314295	1325.00	fr
240.315296	298.00	fl
240.874194	490.00	f
241.191296	454.00	ff
241.30504	1325.00	fr
241.30554	298.00	fl
241.90906	490.00	f
242.156779	454.00	ff
242.314849	1325.00	fr
242.315339	298.00	fl
242.875496	490.00	f
243.165022	454.00	ff
243.305598	1325.00	fr
243.323774	298.00	fl
243.884423	490.00	f
244.16502	454.00	ff
244.314452	1325.00	fr
244.314904	298.00	fl
244.884084	490.00	f
245.164292	454.00	ff
245.340431	1325.00	fr
245.341518	298.00	fl
245.884106	490.00	f
246.164276	454.00	ff
246.341486	1325.00	fr
246.341974	298.00	fl
246.884461	490.00	f
247.164979	454.00	ff
247.314702	1325.00	fr
247.315174	298.00	fl
247.875519	490.00	f
248.165423	454.00	ff
248.314619	1325.00	fr
248.315098	298.00	fl
248.884221	490.00	f
249.156015	454.00	ff
249.314481	1325.00	fr
249.314934	298.00	fl
249.916081	490.00	f
250.166402	454.00	ff
250.324728	1325.00	fr
250.325185	298.00	fl
250.885506	490.00	f
251.174963	454.00	ff
251.315329	1325.00	fr
251.315814	298.00	fl
251.921504	490.00	f
252.167537	454.00	ff
252.325549	1325.00	fr
252.326048	298.00	fl
252.886302	490.00	f
253.17579	454.00	ff
253.316755	1325.00	fr
253.317245	298.00	fl
253.894762	490.00	f
254.167283	454.00	ff
254.325527	1325.00	fr
254.326014	298.00	fl
254.887172	490.00	f
255.177136	454.00	ff
255.335321	1325.00	fr
255.33581	298.00	fl
255.896579	490.00	f
256.186842	454.00	ff
256.328512	1325.00	fr
256.328969	298.00	fl
256.905998	490.00	f
257.179279	454.00	ff
257.336994	1325.00	fr
257.337482	298.00	fl
257.897764	490.00	f
258.180427	454.00	ff
258.33043	1325.00	fr
258.330919	298.00	fl
258.901191	490.00	f
259.190807	454.00	ff
259.347052	1325.00	fr
259.347549	298.00	fl
259.922298	490.00	f
260.175945	454.00	ff
260.32534	1325.00	fr
260.333875	298.00	fl
260.895124	490.00	f
261.176064	454.00	ff
261.334465	1325.00	fr
261.334946	298.00	fl
261.904392	490.00	f
262.175817	454.00	ff
262.334106	1325.00	fr
262.334527	298.00	fl
262.894211	490.00	f
263.209797	454.00	ff
263.325155	1325.00	fr
263.325629	298.00	fl
263.92846	490.00	f
264.176665	454.00	ff
264.334468	1325.00	fr
264.334926	298.00	fl
264.894523	490.00	f
265.183878	454.00	ff
265.324133	1325.00	fr
265.324565	298.00	fl
265.922301	490.00	f
266.175715	454.00	ff
266.334	1325.00	fr
266.334968	298.00	fl
266.928801	490.00	f
267.185647	454.00	ff
267.343995	1325.00	fr
267.344413	298.00	fl
267.904535	490.00	f
268.194497	454.00	ff
268.334771	1325.00	fr
268.335244	298.00	fl
268.93496	490.00	f
269.186039	454.00	ff
269.344088	1325.00	fr
269.344487	298.00	fl
269.904253	490.00	f
270.193923	454.00	ff
270.334028	1325.00	fr
270.334423	298.00	fl
270.927544	490.00	f
271.185049	454.00	ff
271.367585	1325.00	fr
271.368987	298.00	fl
271.905537	490.00	f
272.195223	454.00	ff
272.335853	1325.00	fr
272.353912	298.00	fl
272.914657	490.00	f
273.18686	454.00	ff
273.344804	1325.00	fr
273.345278	298.00	fl
273.914223	490.00	f
274.185816	454.00	ff
274.34415	1325.00	fr
274.344563	298.00	fl
274.904423	490.00	f
275.22322	454.00	ff
275.344431	1325.00	fr
275.34489	298.00	fl
275.914103	490.00	f
276.186262	454.00	ff
276.344572	1325.00	fr
276.345042	298.00	fl
276.905446	490.00	f
277.195454	454.00	ff
277.344765	1325.00	fr
277.345251	298.00	fl
277.915016	490.00	f
278.188195	454.00	ff
278.346116	1325.00	fr
278.346572	298.00	fl
278.924646	490.00	f
279.196394	454.00	ff
279.354604	1325.00	fr
279.355086	298.00	fl
279.914751	490.00	f
280.204524	454.00	ff
280.344661	1325.00	fr
280.345138	298.00	fl
280.945809	490.00	f
281.196476	454.00	ff
281.35453	1325.00	fr
281.354968	298.00	fl
281.915014	490.00	f
282.20498	454.00	ff
282.345604	1325.00	fr
282.346092	298.00	fl
282.924097	490.00	f
283.196039	454.00	ff
283.35432	298.00	fl
283.354761	1325.00	fr
283.915238	490.00	f
284.205469	454.00	ff
284.393738	1325.00	fr
284.394222	298.00	fl
284.925843	490.00	f
285.206902	454.00	ff
285.355943	1325.00	fr
285.356431	298.00	fl
285.925373	490.00	f
286.206254	454.00	ff
286.364424	1325.00	fr
286.36485	298.00	fl
286.924417	490.00	f
287.204938	454.00	ff
287.354139	1325.00	fr
287.354557	298.00	fl
287.949971	490.00	f
288.205885	454.00	ff
288.364136	1325.00	fr
288.364557	298.00	fl
288.924801	490.00	f
289.206087	454.00	ff
289.355478	1325.00	fr
289.36392	298.00	fl
289.925374	490.00	f
290.206671	454.00	ff
290.356233	1325.00	fr
290.35674	298.00	fl
290.934059	490.00	f
291.205546	454.00	ff
291.363981	1325.00	fr
291.364366	298.00	fl
291.924226	490.00	f
292.242547	454.00	ff
292.355267	1325.00	fr
292.356397	298.00	fl
292.934258	490.00	f
293.206405	454.00	ff
293.364581	298.00	fl
293.365069	1325.00	fr
293.925427	490.00	f
294.215574	454.00	ff
294.356472	1325.00	fr
294.356956	298.00	fl
294.934825	490.00	f
295.207525	454.00	ff
295.365683	1325.00	fr
295.366142	298.00	fl
295.927475	490.00	f
296.217711	454.00	ff
296.375459	1325.00	fr
296.375956	298.00	fl
296.935575	490.00	f
297.225315	454.00	ff
297.36569	1325.00	fr
297.366983	298.00	fl
297.944203	490.00	f
298.215911	454.00	ff
298.37425	1325.00	fr
298.374675	298.00	fl
298.934424	490.00	f
299.224201	454.00	ff
299.364402	1325.00	fr
299.364851	298.00	fl
299.966747	490.00	f
300.217062	454.00	ff
300.375011	1325.00	fr
300.37552	298.00	fl
300.93587	490.00	f
