0.502381	70.00	f
1.503456	70.00	f
2.503417	1698.00	f
3.503407	1698.00	f
4.504485	720.00	f
5.503409	720.00	f
6.504342	720.00	f
7.504492	498.00	f
8.504374	70.00	f
9.504264	70.00	f
10.514528	70.00	f
11.514329	70.00	f
12.515266	70.00	f
13.514383	70.00	f
14.51432	70.00	f
15.517503	70.00	f
16.517393	70.00	f
17.517436	70.00	f
18.517345	70.00	f
19.517479	70.00	f
20.517446	70.00	f
21.517577	70.00	f
22.527498	70.00	f
23.527391	70.00	f
24.527558	70.00	f
25.527409	70.00	f
26.527259	70.00	f
27.527637	70.00	f
28.527511	70.00	f
29.527351	70.00	f
30.527361	70.00	f
31.528377	70.00	f
32.528346	70.00	f
33.528398	70.00	f
34.53835	70.00	f
35.535518	70.00	f
36.536377	70.00	f
37.539413	70.00	f
38.539465	70.00	f
39.539389	70.00	f
40.539285	70.00	f
41.539391	70.00	f
42.538578	70.00	f
43.538358	70.00	f
44.543397	70.00	f
45.543252	70.00	f
46.544446	70.00	f
47.544448	70.00	f
48.544314	70.00	f
49.544439	70.00	f
50.554496	70.00	f
51.546392	70.00	f
52.554367	70.00	f
53.554552	70.00	f
54.554385	70.00	f
55.554249	70.00	f
56.554465	70.00	f
57.55438	70.00	f
58.555866	70.00	f
59.554417	70.00	f
60.555345	70.00	f
61.564395	70.00	f
62.564513	70.00	f
63.564351	70.00	f
64.565899	70.00	f
65.565368	70.00	f
66.565283	70.00	f
67.563302	70.00	f
68.568331	70.00	f
69.568465	70.00	f
70.568347	70.00	f
71.568295	70.00	f
72.56851	70.00	f
73.568316	70.00	f
74.568399	70.00	f
75.575364	70.00	f
76.575399	70.00	f
77.578094	70.00	f
78.577486	70.00	f
79.577309	70.00	f
80.577491	70.00	f
81.577479	70.00	f
82.577383	70.00	f
83.584386	70.00	f
84.584473	70.00	f
85.583369	70.00	f
86.584314	70.00	f
87.585781	70.00	f
88.590344	70.00	f
89.592573	70.00	f
90.592495	70.00	f
91.593408	70.00	f
92.594459	70.00	f
93.595445	70.00	f
94.596431	70.00	f
95.599458	70.00	f
96.600758	70.00	f
97.599409	70.00	f
98.599502	70.00	f
99.599344	70.00	f
100.599306	70.00	f
101.599359	70.00	f
102.59937	70.00	f
103.600438	70.00	f
104.601461	70.00	f
105.601275	70.00	f
106.601492	70.00	f
107.611367	70.00	f
108.604434	70.00	f
109.605493	70.00	f
110.605335	70.00	f
111.615512	70.00	f
112.615455	70.00	f
113.615455	70.00	f
114.615456	70.00	f
115.615394	70.00	f
116.615379	70.00	f
117.61555	70.00	f
118.615405	70.00	f
119.616778	70.00	f
120.615546	70.00	f
121.625358	70.00	f
122.625547	70.00	f
123.626401	70.00	f
124.626429	70.00	f
125.626351	70.00	f
126.627526	70.00	f
127.628503	70.00	f
128.63031	70.00	f
129.630308	70.00	f
130.628228	70.00	f
131.628467	70.00	f
132.628424	70.00	f
133.62836	70.00	f
134.628425	70.00	f
135.638398	70.00	f
136.638288	70.00	f
137.63844	70.00	f
138.63947	70.00	f
139.639389	70.00	f
140.639308	70.00	f
141.641415	70.00	f
142.641454	70.00	f
143.641351	70.00	f
144.642435	70.00	f
145.641488	70.00	f
146.641465	70.00	f
147.651287	70.00	f
148.651499	70.00	f
149.651382	70.00	f
150.651276	70.00	f
151.651453	70.00	f
152.651421	70.00	f
153.6514	70.00	f
154.651427	70.00	f
155.651442	70.00	f
156.651287	70.00	f
157.661367	70.00	f
158.661674	70.00	f
159.6614	70.00	f
160.661459	70.00	f
161.662581	70.00	f
162.661473	70.00	f
163.666392	70.00	f
164.667848	70.00	f
165.666438	70.00	f
166.665531	70.00	f
167.665456	70.00	f
168.667292	70.00	f
169.66647	70.00	f
170.666439	70.00	f
171.666451	70.00	f
172.676406	70.00	f
173.676453	70.00	f
174.676436	70.00	f
175.67629	70.00	f
176.676428	70.00	f
177.676435	70.00	f
178.677145	70.00	f
179.681329	70.00	f
180.682298	70.00	f
181.68336	70.00	f
182.678416	70.00	f
183.678326	70.00	f
184.688524	70.00	f
185.688444	70.00	f
186.688433	70.00	f
187.684428	70.00	f
188.684381	70.00	f
189.684277	70.00	f
190.694478	70.00	f
191.687331	70.00	f
192.687364	70.00	f
193.697931	70.00	f
194.697393	70.00	f
195.697319	70.00	f
196.691353	70.00	f
197.701358	70.00	f
198.701449	70.00	f
199.701324	70.00	f
200.701316	70.00	f
201.704306	70.00	f
202.70529	70.00	f
203.704466	70.00	f
204.704454	70.00	f
205.704349	70.00	f
206.708455	70.00	f
207.708256	70.00	f
208.708518	70.00	f
209.708399	70.00	f
210.708281	70.00	f
211.7085	70.00	f
212.708514	70.00	f
213.708331	70.00	f
214.718515	70.00	f
215.718365	70.00	f
216.718358	70.00	f
217.719643	70.00	f
218.718414	70.00	f
219.718299	70.00	f
220.719522	70.00	f
221.718533	70.00	f
222.718471	70.00	f
223.7184	70.00	f
224.729327	70.00	f
225.728549	70.00	f
226.722394	70.00	f
227.722449	70.00	f
228.732408	70.00	f
229.729395	70.00	f
230.730362	70.00	f
231.729296	70.00	f
232.729527	70.00	f
233.733353	70.00	f
234.730396	70.00	f
235.737302	70.00	f
236.737401	70.00	f
237.737397	70.00	f
238.736665	70.00	f
239.737318	70.00	f
240.739661	70.00	f
241.740454	70.00	f
242.740377	70.00	f
243.740423	70.00	f
244.740358	70.00	f
245.740511	70.00	f
246.750342	70.00	f
248.259021	70.00	f
248.749342	70.00	f
249.752457	70.00	f
250.75238	70.00	f
251.746532	70.00	f
252.756394	70.00	f
253.756455	70.00	f
254.757462	70.00	f
255.757383	70.00	f
256.757343	70.00	f
257.761459	70.00	f
258.76245	70.00	f
259.76249	70.00	f
260.76228	70.00	f
261.758301	70.00	f
262.761406	70.00	f
263.761423	70.00	f
264.761554	70.00	f
265.761366	70.00	f
266.761353	70.00	f
267.771572	70.00	f
268.77235	70.00	f
269.773399	70.00	f
270.765469	70.00	f
271.765315	70.00	f
272.76744	70.00	f
273.777296	70.00	f
274.777412	70.00	f
275.777321	70.00	f
276.777693	70.00	f
277.780362	70.00	f
278.774345	70.00	f
279.780372	70.00	f
280.780506	70.00	f
281.780358	70.00	f
282.780386	70.00	f
283.780507	70.00	f
284.780454	70.00	f
285.780826	70.00	f
286.790415	70.00	f
287.790357	70.00	f
288.790314	70.00	f
289.790459	70.00	f
290.790349	70.00	f
291.790331	70.00	f
292.790501	70.00	f
293.78835	70.00	f
294.798379	70.00	f
295.79938	70.00	f
296.798499	70.00	f
297.798266	70.00	f
298.798434	70.00	f
299.79839	70.00	f
300.799611	70.00	f
301.798456	70.00	f
302.798387	70.00	f
